<html>
<head>
<title>TestNG:  Default test</title>
<link href="../testng.css" rel="stylesheet" type="text/css" />
<link href="../my-testng.css" rel="stylesheet" type="text/css" />

<style type="text/css">
.log { display: none;} 
.stack-trace { display: none;} 
</style>
<script type="text/javascript">
<!--
function flip(e) {
  current = e.style.display;
  if (current == 'block') {
    e.style.display = 'none';
    return 0;
  }
  else {
    e.style.display = 'block';
    return 1;
  }
}

function toggleBox(szDivId, elem, msg1, msg2)
{
  var res = -1;  if (document.getElementById) {
    res = flip(document.getElementById(szDivId));
  }
  else if (document.all) {
    // this is the way old msie versions work
    res = flip(document.all[szDivId]);
  }
  if(elem) {
    if(res == 0) elem.innerHTML = msg1; else elem.innerHTML = msg2;
  }

}

function toggleAllBoxes() {
  if (document.getElementsByTagName) {
    d = document.getElementsByTagName('div');
    for (i = 0; i < d.length; i++) {
      if (d[i].className == 'log') {
        flip(d[i]);
      }
    }
  }
}

// -->
</script>

</head>
<body>
<h2 align='center'>Default test</h2><table border='1' align="center">
<tr>
<td>Tests passed/Failed/Skipped:</td><td>77/10/0</td>
</tr><tr>
<td>Started on:</td><td>Mon Jan 24 20:09:25 IST 2022</td>
</tr>
<tr><td>Total time:</td><td>13 seconds (13933 ms)</td>
</tr><tr>
<td>Included groups:</td><td></td>
</tr><tr>
<td>Excluded groups:</td><td></td>
</tr>
</table><p/>
<small><i>(Hover the method name to see the test class name)</i></small><p/>
<table width='100%' border='1' class='invocation-failed'>
<tr><td colspan='4' align='center'><b>FAILED TESTS</b></td></tr>
<tr><td><b>Test method</b></td>
<td width="30%"><b>Exception</b></td>
<td width="10%"><b>Time (seconds)</b></td>
<td><b>Instance</b></td>
</tr>
<tr>
<td title='twc.Regression.TestCases.Criteo_Amazon_Testcases.Verify_AlertCenter_ad_call_amazon_bid_id()'><b>Verify_AlertCenter_ad_call_amazon_bid_id</b><br>Test class: twc.Regression.TestCases.Criteo_Amazon_Testcases</td>
<td><div><pre>java.lang.AssertionError: Ad Call :iu=%2F7646%2Fapp_android_us%2Fdb_display%2Fdetails%2Falerts%2Fcenter not contains the Custom Parameter: amzn_b, hence Custom Parameter: amzn_b validation failed
	at org.testng.Assert.fail(Assert.java:94)
	at twc.Regression.General.Functions.validate_aax_bid_value_with_gampad_bid_value(Functions.java:5538)
	at twc.Regression.TestCases.Criteo_Amazon_Testcases.Verify_AlertCenter_ad_call_amazon_bid_id(Criteo_Amazon_Testcases.java:268)
	at sun.reflect.NativeMethodAccessorImpl.invoke0(Native Method)
	at sun.reflect.NativeMethodAccessorImpl.invoke(NativeMethodAccessorImpl.java:62)
	at sun.reflect.DelegatingMethodAccessorImpl.invoke(DelegatingMethodAccessorImpl.java:43)
	at java.lang.reflect.Method.invoke(Method.java:498)
	at org.testng.internal.MethodInvocationHelper.invokeMethod(MethodInvocationHelper.java:85)
	at org.testng.internal.Invoker.invokeMethod(Invoker.java:659)
	at org.testng.internal.Invoker.invokeTestMethod(Invoker.java:845)
	at org.testng.internal.Invoker.invokeTestMethods(Invoker.java:1153)
	at org.testng.internal.TestMethodWorker.invokeTestMethods(TestMethodWorker.java:125)
	at org.testng.internal.TestMethodWorker.run(TestMethodWorker.java:108)
	at org.testng.TestRunner.privateRun(TestRunner.java:771)
	at org.testng.TestRunner.run(TestRunner.java:621)
	at org.testng.SuiteRunner.runTest(SuiteRunner.java:357)
	at org.testng.SuiteRunner.runSequentially(SuiteRunner.java:352)
	at org.testng.SuiteRunner.privateRun(SuiteRunner.java:310)
	at org.testng.SuiteRunner.run(SuiteRunner.java:259)
	at org.testng.SuiteRunnerWorker.runSuite(SuiteRunnerWorker.java:52)
	at org.testng.SuiteRunnerWorker.run(SuiteRunnerWorker.java:86)
	at org.testng.TestNG.runSuitesSequentially(TestNG.java:1199)
	at org.testng.TestNG.runSuitesLocally(TestNG.java:1124)
	at org.testng.TestNG.run(TestNG.java:1032)
	at org.testng.remote.AbstractRemoteTestNG.run(AbstractRemoteTestNG.java:115)
	at org.testng.remote.RemoteTestNG.initAndRun(RemoteTestNG.java:251)
	at org.testng.remote.RemoteTestNG.main(RemoteTestNG.java:77)
</pre></div><a href='#' onClick='toggleBox("stack-trace1189317672", this, "Click to show all stack frames", "Click to hide stack frames")'>Click to show all stack frames</a>
<div class='stack-trace' id='stack-trace1189317672'><pre>java.lang.AssertionError: Ad Call :iu=%2F7646%2Fapp_android_us%2Fdb_display%2Fdetails%2Falerts%2Fcenter not contains the Custom Parameter: amzn_b, hence Custom Parameter: amzn_b validation failed
	at org.testng.Assert.fail(Assert.java:94)
	at twc.Regression.General.Functions.validate_aax_bid_value_with_gampad_bid_value(Functions.java:5538)
	at twc.Regression.TestCases.Criteo_Amazon_Testcases.Verify_AlertCenter_ad_call_amazon_bid_id(Criteo_Amazon_Testcases.java:268)
	at sun.reflect.NativeMethodAccessorImpl.invoke0(Native Method)
	at sun.reflect.NativeMethodAccessorImpl.invoke(NativeMethodAccessorImpl.java:62)
	at sun.reflect.DelegatingMethodAccessorImpl.invoke(DelegatingMethodAccessorImpl.java:43)
	at java.lang.reflect.Method.invoke(Method.java:498)
	at org.testng.internal.MethodInvocationHelper.invokeMethod(MethodInvocationHelper.java:85)
	at org.testng.internal.Invoker.invokeMethod(Invoker.java:659)
	at org.testng.internal.Invoker.invokeTestMethod(Invoker.java:845)
	at org.testng.internal.Invoker.invokeTestMethods(Invoker.java:1153)
	at org.testng.internal.TestMethodWorker.invokeTestMethods(TestMethodWorker.java:125)
	at org.testng.internal.TestMethodWorker.run(TestMethodWorker.java:108)
	at org.testng.TestRunner.privateRun(TestRunner.java:771)
	at org.testng.TestRunner.run(TestRunner.java:621)
	at org.testng.SuiteRunner.runTest(SuiteRunner.java:357)
	at org.testng.SuiteRunner.runSequentially(SuiteRunner.java:352)
	at org.testng.SuiteRunner.privateRun(SuiteRunner.java:310)
	at org.testng.SuiteRunner.run(SuiteRunner.java:259)
	at org.testng.SuiteRunnerWorker.runSuite(SuiteRunnerWorker.java:52)
	at org.testng.SuiteRunnerWorker.run(SuiteRunnerWorker.java:86)
	at org.testng.TestNG.runSuitesSequentially(TestNG.java:1199)
	at org.testng.TestNG.runSuitesLocally(TestNG.java:1124)
	at org.testng.TestNG.run(TestNG.java:1032)
	at org.testng.remote.AbstractRemoteTestNG.run(AbstractRemoteTestNG.java:115)
	at org.testng.remote.RemoteTestNG.initAndRun(RemoteTestNG.java:251)
	at org.testng.remote.RemoteTestNG.main(RemoteTestNG.java:77)
</pre></div></td>
<td>0</td>
<td>twc.Regression.TestCases.Criteo_Amazon_Testcases@5871a482</td></tr>
<tr>
<td title='twc.Regression.TestCases.Criteo_Amazon_Testcases.Verify_Criteo_SDK_inapp_v2_Call_cpm_parameter_with_daily_details_gampad_call()'><b>Verify_Criteo_SDK_inapp_v2_Call_cpm_parameter_with_daily_details_gampad_call</b><br>Test class: twc.Regression.TestCases.Criteo_Amazon_Testcases</td>
<td><div><pre>java.lang.AssertionError: Ad Call :iu=%2F7646%2Fapp_android_us%2Fdb_display%2Fdetails%2F10day_ not found in charles session, hence Custom Parameter: cpm validation failed
	at org.testng.Assert.fail(Assert.java:94)
	at twc.Regression.General.Functions.validate_Criteo_SDK_inapp_v2_call_param_value_with_gampad_param_value(Functions.java:7217)
	at twc.Regression.TestCases.Criteo_Amazon_Testcases.Verify_Criteo_SDK_inapp_v2_Call_cpm_parameter_with_daily_details_gampad_call(Criteo_Amazon_Testcases.java:928)
	at sun.reflect.NativeMethodAccessorImpl.invoke0(Native Method)
	at sun.reflect.NativeMethodAccessorImpl.invoke(NativeMethodAccessorImpl.java:62)
	at sun.reflect.DelegatingMethodAccessorImpl.invoke(DelegatingMethodAccessorImpl.java:43)
	at java.lang.reflect.Method.invoke(Method.java:498)
	at org.testng.internal.MethodInvocationHelper.invokeMethod(MethodInvocationHelper.java:85)
	at org.testng.internal.Invoker.invokeMethod(Invoker.java:659)
	at org.testng.internal.Invoker.invokeTestMethod(Invoker.java:845)
	at org.testng.internal.Invoker.invokeTestMethods(Invoker.java:1153)
	at org.testng.internal.TestMethodWorker.invokeTestMethods(TestMethodWorker.java:125)
	at org.testng.internal.TestMethodWorker.run(TestMethodWorker.java:108)
	at org.testng.TestRunner.privateRun(TestRunner.java:771)
	at org.testng.TestRunner.run(TestRunner.java:621)
	at org.testng.SuiteRunner.runTest(SuiteRunner.java:357)
	at org.testng.SuiteRunner.runSequentially(SuiteRunner.java:352)
	at org.testng.SuiteRunner.privateRun(SuiteRunner.java:310)
	at org.testng.SuiteRunner.run(SuiteRunner.java:259)
	at org.testng.SuiteRunnerWorker.runSuite(SuiteRunnerWorker.java:52)
	at org.testng.SuiteRunnerWorker.run(SuiteRunnerWorker.java:86)
	at org.testng.TestNG.runSuitesSequentially(TestNG.java:1199)
	at org.testng.TestNG.runSuitesLocally(TestNG.java:1124)
	at org.testng.TestNG.run(TestNG.java:1032)
	at org.testng.remote.AbstractRemoteTestNG.run(AbstractRemoteTestNG.java:115)
	at org.testng.remote.RemoteTestNG.initAndRun(RemoteTestNG.java:251)
	at org.testng.remote.RemoteTestNG.main(RemoteTestNG.java:77)
</pre></div><a href='#' onClick='toggleBox("stack-trace1369913459", this, "Click to show all stack frames", "Click to hide stack frames")'>Click to show all stack frames</a>
<div class='stack-trace' id='stack-trace1369913459'><pre>java.lang.AssertionError: Ad Call :iu=%2F7646%2Fapp_android_us%2Fdb_display%2Fdetails%2F10day_ not found in charles session, hence Custom Parameter: cpm validation failed
	at org.testng.Assert.fail(Assert.java:94)
	at twc.Regression.General.Functions.validate_Criteo_SDK_inapp_v2_call_param_value_with_gampad_param_value(Functions.java:7217)
	at twc.Regression.TestCases.Criteo_Amazon_Testcases.Verify_Criteo_SDK_inapp_v2_Call_cpm_parameter_with_daily_details_gampad_call(Criteo_Amazon_Testcases.java:928)
	at sun.reflect.NativeMethodAccessorImpl.invoke0(Native Method)
	at sun.reflect.NativeMethodAccessorImpl.invoke(NativeMethodAccessorImpl.java:62)
	at sun.reflect.DelegatingMethodAccessorImpl.invoke(DelegatingMethodAccessorImpl.java:43)
	at java.lang.reflect.Method.invoke(Method.java:498)
	at org.testng.internal.MethodInvocationHelper.invokeMethod(MethodInvocationHelper.java:85)
	at org.testng.internal.Invoker.invokeMethod(Invoker.java:659)
	at org.testng.internal.Invoker.invokeTestMethod(Invoker.java:845)
	at org.testng.internal.Invoker.invokeTestMethods(Invoker.java:1153)
	at org.testng.internal.TestMethodWorker.invokeTestMethods(TestMethodWorker.java:125)
	at org.testng.internal.TestMethodWorker.run(TestMethodWorker.java:108)
	at org.testng.TestRunner.privateRun(TestRunner.java:771)
	at org.testng.TestRunner.run(TestRunner.java:621)
	at org.testng.SuiteRunner.runTest(SuiteRunner.java:357)
	at org.testng.SuiteRunner.runSequentially(SuiteRunner.java:352)
	at org.testng.SuiteRunner.privateRun(SuiteRunner.java:310)
	at org.testng.SuiteRunner.run(SuiteRunner.java:259)
	at org.testng.SuiteRunnerWorker.runSuite(SuiteRunnerWorker.java:52)
	at org.testng.SuiteRunnerWorker.run(SuiteRunnerWorker.java:86)
	at org.testng.TestNG.runSuitesSequentially(TestNG.java:1199)
	at org.testng.TestNG.runSuitesLocally(TestNG.java:1124)
	at org.testng.TestNG.run(TestNG.java:1032)
	at org.testng.remote.AbstractRemoteTestNG.run(AbstractRemoteTestNG.java:115)
	at org.testng.remote.RemoteTestNG.initAndRun(RemoteTestNG.java:251)
	at org.testng.remote.RemoteTestNG.main(RemoteTestNG.java:77)
</pre></div></td>
<td>0</td>
<td>twc.Regression.TestCases.Criteo_Amazon_Testcases@5871a482</td></tr>
<tr>
<td title='twc.Regression.TestCases.Criteo_Amazon_Testcases.Verify_Criteo_SDK_inapp_v2_Call_displayUrl_parameter_with_daily_details_gampad_call()'><b>Verify_Criteo_SDK_inapp_v2_Call_displayUrl_parameter_with_daily_details_gampad_call</b><br>Test class: twc.Regression.TestCases.Criteo_Amazon_Testcases</td>
<td><div><pre>java.lang.AssertionError: Ad Call :iu=%2F7646%2Fapp_android_us%2Fdb_display%2Fdetails%2F10day_ not found in charles session, hence Custom Parameter: displayurl validation failed
	at org.testng.Assert.fail(Assert.java:94)
	at twc.Regression.General.Functions.validate_Criteo_SDK_inapp_v2_call_param_value_with_gampad_param_value(Functions.java:7217)
	at twc.Regression.TestCases.Criteo_Amazon_Testcases.Verify_Criteo_SDK_inapp_v2_Call_displayUrl_parameter_with_daily_details_gampad_call(Criteo_Amazon_Testcases.java:954)
	at sun.reflect.NativeMethodAccessorImpl.invoke0(Native Method)
	at sun.reflect.NativeMethodAccessorImpl.invoke(NativeMethodAccessorImpl.java:62)
	at sun.reflect.DelegatingMethodAccessorImpl.invoke(DelegatingMethodAccessorImpl.java:43)
	at java.lang.reflect.Method.invoke(Method.java:498)
	at org.testng.internal.MethodInvocationHelper.invokeMethod(MethodInvocationHelper.java:85)
	at org.testng.internal.Invoker.invokeMethod(Invoker.java:659)
	at org.testng.internal.Invoker.invokeTestMethod(Invoker.java:845)
	at org.testng.internal.Invoker.invokeTestMethods(Invoker.java:1153)
	at org.testng.internal.TestMethodWorker.invokeTestMethods(TestMethodWorker.java:125)
	at org.testng.internal.TestMethodWorker.run(TestMethodWorker.java:108)
	at org.testng.TestRunner.privateRun(TestRunner.java:771)
	at org.testng.TestRunner.run(TestRunner.java:621)
	at org.testng.SuiteRunner.runTest(SuiteRunner.java:357)
	at org.testng.SuiteRunner.runSequentially(SuiteRunner.java:352)
	at org.testng.SuiteRunner.privateRun(SuiteRunner.java:310)
	at org.testng.SuiteRunner.run(SuiteRunner.java:259)
	at org.testng.SuiteRunnerWorker.runSuite(SuiteRunnerWorker.java:52)
	at org.testng.SuiteRunnerWorker.run(SuiteRunnerWorker.java:86)
	at org.testng.TestNG.runSuitesSequentially(TestNG.java:1199)
	at org.testng.TestNG.runSuitesLocally(TestNG.java:1124)
	at org.testng.TestNG.run(TestNG.java:1032)
	at org.testng.remote.AbstractRemoteTestNG.run(AbstractRemoteTestNG.java:115)
	at org.testng.remote.RemoteTestNG.initAndRun(RemoteTestNG.java:251)
	at org.testng.remote.RemoteTestNG.main(RemoteTestNG.java:77)
</pre></div><a href='#' onClick='toggleBox("stack-trace984363447", this, "Click to show all stack frames", "Click to hide stack frames")'>Click to show all stack frames</a>
<div class='stack-trace' id='stack-trace984363447'><pre>java.lang.AssertionError: Ad Call :iu=%2F7646%2Fapp_android_us%2Fdb_display%2Fdetails%2F10day_ not found in charles session, hence Custom Parameter: displayurl validation failed
	at org.testng.Assert.fail(Assert.java:94)
	at twc.Regression.General.Functions.validate_Criteo_SDK_inapp_v2_call_param_value_with_gampad_param_value(Functions.java:7217)
	at twc.Regression.TestCases.Criteo_Amazon_Testcases.Verify_Criteo_SDK_inapp_v2_Call_displayUrl_parameter_with_daily_details_gampad_call(Criteo_Amazon_Testcases.java:954)
	at sun.reflect.NativeMethodAccessorImpl.invoke0(Native Method)
	at sun.reflect.NativeMethodAccessorImpl.invoke(NativeMethodAccessorImpl.java:62)
	at sun.reflect.DelegatingMethodAccessorImpl.invoke(DelegatingMethodAccessorImpl.java:43)
	at java.lang.reflect.Method.invoke(Method.java:498)
	at org.testng.internal.MethodInvocationHelper.invokeMethod(MethodInvocationHelper.java:85)
	at org.testng.internal.Invoker.invokeMethod(Invoker.java:659)
	at org.testng.internal.Invoker.invokeTestMethod(Invoker.java:845)
	at org.testng.internal.Invoker.invokeTestMethods(Invoker.java:1153)
	at org.testng.internal.TestMethodWorker.invokeTestMethods(TestMethodWorker.java:125)
	at org.testng.internal.TestMethodWorker.run(TestMethodWorker.java:108)
	at org.testng.TestRunner.privateRun(TestRunner.java:771)
	at org.testng.TestRunner.run(TestRunner.java:621)
	at org.testng.SuiteRunner.runTest(SuiteRunner.java:357)
	at org.testng.SuiteRunner.runSequentially(SuiteRunner.java:352)
	at org.testng.SuiteRunner.privateRun(SuiteRunner.java:310)
	at org.testng.SuiteRunner.run(SuiteRunner.java:259)
	at org.testng.SuiteRunnerWorker.runSuite(SuiteRunnerWorker.java:52)
	at org.testng.SuiteRunnerWorker.run(SuiteRunnerWorker.java:86)
	at org.testng.TestNG.runSuitesSequentially(TestNG.java:1199)
	at org.testng.TestNG.runSuitesLocally(TestNG.java:1124)
	at org.testng.TestNG.run(TestNG.java:1032)
	at org.testng.remote.AbstractRemoteTestNG.run(AbstractRemoteTestNG.java:115)
	at org.testng.remote.RemoteTestNG.initAndRun(RemoteTestNG.java:251)
	at org.testng.remote.RemoteTestNG.main(RemoteTestNG.java:77)
</pre></div></td>
<td>0</td>
<td>twc.Regression.TestCases.Criteo_Amazon_Testcases@5871a482</td></tr>
<tr>
<td title='twc.Regression.TestCases.Criteo_Amazon_Testcases.Verify_Criteo_SDK_inapp_v2_Call_size_parameter_with_daily_details_gampad_call()'><b>Verify_Criteo_SDK_inapp_v2_Call_size_parameter_with_daily_details_gampad_call</b><br>Test class: twc.Regression.TestCases.Criteo_Amazon_Testcases</td>
<td><div><pre>java.lang.AssertionError: Ad Call :iu=%2F7646%2Fapp_android_us%2Fdb_display%2Fdetails%2F10day_ not found in charles session, hence Custom Parameter: size validation failed
	at org.testng.Assert.fail(Assert.java:94)
	at twc.Regression.General.Functions.validate_Criteo_SDK_inapp_v2_call_param_value_with_gampad_param_value(Functions.java:7217)
	at twc.Regression.TestCases.Criteo_Amazon_Testcases.Verify_Criteo_SDK_inapp_v2_Call_size_parameter_with_daily_details_gampad_call(Criteo_Amazon_Testcases.java:941)
	at sun.reflect.NativeMethodAccessorImpl.invoke0(Native Method)
	at sun.reflect.NativeMethodAccessorImpl.invoke(NativeMethodAccessorImpl.java:62)
	at sun.reflect.DelegatingMethodAccessorImpl.invoke(DelegatingMethodAccessorImpl.java:43)
	at java.lang.reflect.Method.invoke(Method.java:498)
	at org.testng.internal.MethodInvocationHelper.invokeMethod(MethodInvocationHelper.java:85)
	at org.testng.internal.Invoker.invokeMethod(Invoker.java:659)
	at org.testng.internal.Invoker.invokeTestMethod(Invoker.java:845)
	at org.testng.internal.Invoker.invokeTestMethods(Invoker.java:1153)
	at org.testng.internal.TestMethodWorker.invokeTestMethods(TestMethodWorker.java:125)
	at org.testng.internal.TestMethodWorker.run(TestMethodWorker.java:108)
	at org.testng.TestRunner.privateRun(TestRunner.java:771)
	at org.testng.TestRunner.run(TestRunner.java:621)
	at org.testng.SuiteRunner.runTest(SuiteRunner.java:357)
	at org.testng.SuiteRunner.runSequentially(SuiteRunner.java:352)
	at org.testng.SuiteRunner.privateRun(SuiteRunner.java:310)
	at org.testng.SuiteRunner.run(SuiteRunner.java:259)
	at org.testng.SuiteRunnerWorker.runSuite(SuiteRunnerWorker.java:52)
	at org.testng.SuiteRunnerWorker.run(SuiteRunnerWorker.java:86)
	at org.testng.TestNG.runSuitesSequentially(TestNG.java:1199)
	at org.testng.TestNG.runSuitesLocally(TestNG.java:1124)
	at org.testng.TestNG.run(TestNG.java:1032)
	at org.testng.remote.AbstractRemoteTestNG.run(AbstractRemoteTestNG.java:115)
	at org.testng.remote.RemoteTestNG.initAndRun(RemoteTestNG.java:251)
	at org.testng.remote.RemoteTestNG.main(RemoteTestNG.java:77)
</pre></div><a href='#' onClick='toggleBox("stack-trace2101881246", this, "Click to show all stack frames", "Click to hide stack frames")'>Click to show all stack frames</a>
<div class='stack-trace' id='stack-trace2101881246'><pre>java.lang.AssertionError: Ad Call :iu=%2F7646%2Fapp_android_us%2Fdb_display%2Fdetails%2F10day_ not found in charles session, hence Custom Parameter: size validation failed
	at org.testng.Assert.fail(Assert.java:94)
	at twc.Regression.General.Functions.validate_Criteo_SDK_inapp_v2_call_param_value_with_gampad_param_value(Functions.java:7217)
	at twc.Regression.TestCases.Criteo_Amazon_Testcases.Verify_Criteo_SDK_inapp_v2_Call_size_parameter_with_daily_details_gampad_call(Criteo_Amazon_Testcases.java:941)
	at sun.reflect.NativeMethodAccessorImpl.invoke0(Native Method)
	at sun.reflect.NativeMethodAccessorImpl.invoke(NativeMethodAccessorImpl.java:62)
	at sun.reflect.DelegatingMethodAccessorImpl.invoke(DelegatingMethodAccessorImpl.java:43)
	at java.lang.reflect.Method.invoke(Method.java:498)
	at org.testng.internal.MethodInvocationHelper.invokeMethod(MethodInvocationHelper.java:85)
	at org.testng.internal.Invoker.invokeMethod(Invoker.java:659)
	at org.testng.internal.Invoker.invokeTestMethod(Invoker.java:845)
	at org.testng.internal.Invoker.invokeTestMethods(Invoker.java:1153)
	at org.testng.internal.TestMethodWorker.invokeTestMethods(TestMethodWorker.java:125)
	at org.testng.internal.TestMethodWorker.run(TestMethodWorker.java:108)
	at org.testng.TestRunner.privateRun(TestRunner.java:771)
	at org.testng.TestRunner.run(TestRunner.java:621)
	at org.testng.SuiteRunner.runTest(SuiteRunner.java:357)
	at org.testng.SuiteRunner.runSequentially(SuiteRunner.java:352)
	at org.testng.SuiteRunner.privateRun(SuiteRunner.java:310)
	at org.testng.SuiteRunner.run(SuiteRunner.java:259)
	at org.testng.SuiteRunnerWorker.runSuite(SuiteRunnerWorker.java:52)
	at org.testng.SuiteRunnerWorker.run(SuiteRunnerWorker.java:86)
	at org.testng.TestNG.runSuitesSequentially(TestNG.java:1199)
	at org.testng.TestNG.runSuitesLocally(TestNG.java:1124)
	at org.testng.TestNG.run(TestNG.java:1032)
	at org.testng.remote.AbstractRemoteTestNG.run(AbstractRemoteTestNG.java:115)
	at org.testng.remote.RemoteTestNG.initAndRun(RemoteTestNG.java:251)
	at org.testng.remote.RemoteTestNG.main(RemoteTestNG.java:77)
</pre></div></td>
<td>0</td>
<td>twc.Regression.TestCases.Criteo_Amazon_Testcases@5871a482</td></tr>
<tr>
<td title='twc.Regression.TestCases.Criteo_Amazon_Testcases.Verify_Daily_Details_ad_call_amazon_bid_id()'><b>Verify_Daily_Details_ad_call_amazon_bid_id</b><br>Test class: twc.Regression.TestCases.Criteo_Amazon_Testcases</td>
<td><div><pre>java.lang.AssertionError: Ad Call :iu=%2F7646%2Fapp_android_us%2Fdb_display%2Fdetails%2F10day_ not found in charles session, hence Custom Parameter: amzn_b validation failed
	at org.testng.Assert.fail(Assert.java:94)
	at twc.Regression.General.Functions.validate_aax_bid_value_with_gampad_bid_value(Functions.java:5531)
	at twc.Regression.TestCases.Criteo_Amazon_Testcases.Verify_Daily_Details_ad_call_amazon_bid_id(Criteo_Amazon_Testcases.java:445)
	at sun.reflect.NativeMethodAccessorImpl.invoke0(Native Method)
	at sun.reflect.NativeMethodAccessorImpl.invoke(NativeMethodAccessorImpl.java:62)
	at sun.reflect.DelegatingMethodAccessorImpl.invoke(DelegatingMethodAccessorImpl.java:43)
	at java.lang.reflect.Method.invoke(Method.java:498)
	at org.testng.internal.MethodInvocationHelper.invokeMethod(MethodInvocationHelper.java:85)
	at org.testng.internal.Invoker.invokeMethod(Invoker.java:659)
	at org.testng.internal.Invoker.invokeTestMethod(Invoker.java:845)
	at org.testng.internal.Invoker.invokeTestMethods(Invoker.java:1153)
	at org.testng.internal.TestMethodWorker.invokeTestMethods(TestMethodWorker.java:125)
	at org.testng.internal.TestMethodWorker.run(TestMethodWorker.java:108)
	at org.testng.TestRunner.privateRun(TestRunner.java:771)
	at org.testng.TestRunner.run(TestRunner.java:621)
	at org.testng.SuiteRunner.runTest(SuiteRunner.java:357)
	at org.testng.SuiteRunner.runSequentially(SuiteRunner.java:352)
	at org.testng.SuiteRunner.privateRun(SuiteRunner.java:310)
	at org.testng.SuiteRunner.run(SuiteRunner.java:259)
	at org.testng.SuiteRunnerWorker.runSuite(SuiteRunnerWorker.java:52)
	at org.testng.SuiteRunnerWorker.run(SuiteRunnerWorker.java:86)
	at org.testng.TestNG.runSuitesSequentially(TestNG.java:1199)
	at org.testng.TestNG.runSuitesLocally(TestNG.java:1124)
	at org.testng.TestNG.run(TestNG.java:1032)
	at org.testng.remote.AbstractRemoteTestNG.run(AbstractRemoteTestNG.java:115)
	at org.testng.remote.RemoteTestNG.initAndRun(RemoteTestNG.java:251)
	at org.testng.remote.RemoteTestNG.main(RemoteTestNG.java:77)
</pre></div><a href='#' onClick='toggleBox("stack-trace305638003", this, "Click to show all stack frames", "Click to hide stack frames")'>Click to show all stack frames</a>
<div class='stack-trace' id='stack-trace305638003'><pre>java.lang.AssertionError: Ad Call :iu=%2F7646%2Fapp_android_us%2Fdb_display%2Fdetails%2F10day_ not found in charles session, hence Custom Parameter: amzn_b validation failed
	at org.testng.Assert.fail(Assert.java:94)
	at twc.Regression.General.Functions.validate_aax_bid_value_with_gampad_bid_value(Functions.java:5531)
	at twc.Regression.TestCases.Criteo_Amazon_Testcases.Verify_Daily_Details_ad_call_amazon_bid_id(Criteo_Amazon_Testcases.java:445)
	at sun.reflect.NativeMethodAccessorImpl.invoke0(Native Method)
	at sun.reflect.NativeMethodAccessorImpl.invoke(NativeMethodAccessorImpl.java:62)
	at sun.reflect.DelegatingMethodAccessorImpl.invoke(DelegatingMethodAccessorImpl.java:43)
	at java.lang.reflect.Method.invoke(Method.java:498)
	at org.testng.internal.MethodInvocationHelper.invokeMethod(MethodInvocationHelper.java:85)
	at org.testng.internal.Invoker.invokeMethod(Invoker.java:659)
	at org.testng.internal.Invoker.invokeTestMethod(Invoker.java:845)
	at org.testng.internal.Invoker.invokeTestMethods(Invoker.java:1153)
	at org.testng.internal.TestMethodWorker.invokeTestMethods(TestMethodWorker.java:125)
	at org.testng.internal.TestMethodWorker.run(TestMethodWorker.java:108)
	at org.testng.TestRunner.privateRun(TestRunner.java:771)
	at org.testng.TestRunner.run(TestRunner.java:621)
	at org.testng.SuiteRunner.runTest(SuiteRunner.java:357)
	at org.testng.SuiteRunner.runSequentially(SuiteRunner.java:352)
	at org.testng.SuiteRunner.privateRun(SuiteRunner.java:310)
	at org.testng.SuiteRunner.run(SuiteRunner.java:259)
	at org.testng.SuiteRunnerWorker.runSuite(SuiteRunnerWorker.java:52)
	at org.testng.SuiteRunnerWorker.run(SuiteRunnerWorker.java:86)
	at org.testng.TestNG.runSuitesSequentially(TestNG.java:1199)
	at org.testng.TestNG.runSuitesLocally(TestNG.java:1124)
	at org.testng.TestNG.run(TestNG.java:1032)
	at org.testng.remote.AbstractRemoteTestNG.run(AbstractRemoteTestNG.java:115)
	at org.testng.remote.RemoteTestNG.initAndRun(RemoteTestNG.java:251)
	at org.testng.remote.RemoteTestNG.main(RemoteTestNG.java:77)
</pre></div></td>
<td>0</td>
<td>twc.Regression.TestCases.Criteo_Amazon_Testcases@5871a482</td></tr>
<tr>
<td title='twc.Regression.TestCases.Criteo_Amazon_Testcases.Verify_Feed1_ad_call_amazon_bid_id()'><b>Verify_Feed1_ad_call_amazon_bid_id</b><br>Test class: twc.Regression.TestCases.Criteo_Amazon_Testcases</td>
<td><div><pre>java.lang.AssertionError: Ad Call :iu=%2F7646%2Fapp_android_us%2Fdb_display%2Ffeed%2Ffeed_1 not contains the Custom Parameter: amzn_b, hence Custom Parameter: amzn_b validation failed
	at org.testng.Assert.fail(Assert.java:94)
	at twc.Regression.General.Functions.validate_aax_bid_value_with_gampad_bid_value(Functions.java:5538)
	at twc.Regression.TestCases.Criteo_Amazon_Testcases.Verify_Feed1_ad_call_amazon_bid_id(Criteo_Amazon_Testcases.java:289)
	at sun.reflect.NativeMethodAccessorImpl.invoke0(Native Method)
	at sun.reflect.NativeMethodAccessorImpl.invoke(NativeMethodAccessorImpl.java:62)
	at sun.reflect.DelegatingMethodAccessorImpl.invoke(DelegatingMethodAccessorImpl.java:43)
	at java.lang.reflect.Method.invoke(Method.java:498)
	at org.testng.internal.MethodInvocationHelper.invokeMethod(MethodInvocationHelper.java:85)
	at org.testng.internal.Invoker.invokeMethod(Invoker.java:659)
	at org.testng.internal.Invoker.invokeTestMethod(Invoker.java:845)
	at org.testng.internal.Invoker.invokeTestMethods(Invoker.java:1153)
	at org.testng.internal.TestMethodWorker.invokeTestMethods(TestMethodWorker.java:125)
	at org.testng.internal.TestMethodWorker.run(TestMethodWorker.java:108)
	at org.testng.TestRunner.privateRun(TestRunner.java:771)
	at org.testng.TestRunner.run(TestRunner.java:621)
	at org.testng.SuiteRunner.runTest(SuiteRunner.java:357)
	at org.testng.SuiteRunner.runSequentially(SuiteRunner.java:352)
	at org.testng.SuiteRunner.privateRun(SuiteRunner.java:310)
	at org.testng.SuiteRunner.run(SuiteRunner.java:259)
	at org.testng.SuiteRunnerWorker.runSuite(SuiteRunnerWorker.java:52)
	at org.testng.SuiteRunnerWorker.run(SuiteRunnerWorker.java:86)
	at org.testng.TestNG.runSuitesSequentially(TestNG.java:1199)
	at org.testng.TestNG.runSuitesLocally(TestNG.java:1124)
	at org.testng.TestNG.run(TestNG.java:1032)
	at org.testng.remote.AbstractRemoteTestNG.run(AbstractRemoteTestNG.java:115)
	at org.testng.remote.RemoteTestNG.initAndRun(RemoteTestNG.java:251)
	at org.testng.remote.RemoteTestNG.main(RemoteTestNG.java:77)
</pre></div><a href='#' onClick='toggleBox("stack-trace1363963040", this, "Click to show all stack frames", "Click to hide stack frames")'>Click to show all stack frames</a>
<div class='stack-trace' id='stack-trace1363963040'><pre>java.lang.AssertionError: Ad Call :iu=%2F7646%2Fapp_android_us%2Fdb_display%2Ffeed%2Ffeed_1 not contains the Custom Parameter: amzn_b, hence Custom Parameter: amzn_b validation failed
	at org.testng.Assert.fail(Assert.java:94)
	at twc.Regression.General.Functions.validate_aax_bid_value_with_gampad_bid_value(Functions.java:5538)
	at twc.Regression.TestCases.Criteo_Amazon_Testcases.Verify_Feed1_ad_call_amazon_bid_id(Criteo_Amazon_Testcases.java:289)
	at sun.reflect.NativeMethodAccessorImpl.invoke0(Native Method)
	at sun.reflect.NativeMethodAccessorImpl.invoke(NativeMethodAccessorImpl.java:62)
	at sun.reflect.DelegatingMethodAccessorImpl.invoke(DelegatingMethodAccessorImpl.java:43)
	at java.lang.reflect.Method.invoke(Method.java:498)
	at org.testng.internal.MethodInvocationHelper.invokeMethod(MethodInvocationHelper.java:85)
	at org.testng.internal.Invoker.invokeMethod(Invoker.java:659)
	at org.testng.internal.Invoker.invokeTestMethod(Invoker.java:845)
	at org.testng.internal.Invoker.invokeTestMethods(Invoker.java:1153)
	at org.testng.internal.TestMethodWorker.invokeTestMethods(TestMethodWorker.java:125)
	at org.testng.internal.TestMethodWorker.run(TestMethodWorker.java:108)
	at org.testng.TestRunner.privateRun(TestRunner.java:771)
	at org.testng.TestRunner.run(TestRunner.java:621)
	at org.testng.SuiteRunner.runTest(SuiteRunner.java:357)
	at org.testng.SuiteRunner.runSequentially(SuiteRunner.java:352)
	at org.testng.SuiteRunner.privateRun(SuiteRunner.java:310)
	at org.testng.SuiteRunner.run(SuiteRunner.java:259)
	at org.testng.SuiteRunnerWorker.runSuite(SuiteRunnerWorker.java:52)
	at org.testng.SuiteRunnerWorker.run(SuiteRunnerWorker.java:86)
	at org.testng.TestNG.runSuitesSequentially(TestNG.java:1199)
	at org.testng.TestNG.runSuitesLocally(TestNG.java:1124)
	at org.testng.TestNG.run(TestNG.java:1032)
	at org.testng.remote.AbstractRemoteTestNG.run(AbstractRemoteTestNG.java:115)
	at org.testng.remote.RemoteTestNG.initAndRun(RemoteTestNG.java:251)
	at org.testng.remote.RemoteTestNG.main(RemoteTestNG.java:77)
</pre></div></td>
<td>0</td>
<td>twc.Regression.TestCases.Criteo_Amazon_Testcases@5871a482</td></tr>
<tr>
<td title='twc.Regression.TestCases.Criteo_Amazon_Testcases.Verify_Feed3_ad_call_amazon_bid_id()'><b>Verify_Feed3_ad_call_amazon_bid_id</b><br>Test class: twc.Regression.TestCases.Criteo_Amazon_Testcases</td>
<td><div><pre>java.lang.AssertionError: Ad Call :iu=%2F7646%2Fapp_android_us%2Fdb_display%2Ffeed%2Ffeed_3 not contains the Custom Parameter: amzn_b, hence Custom Parameter: amzn_b validation failed
	at org.testng.Assert.fail(Assert.java:94)
	at twc.Regression.General.Functions.validate_aax_bid_value_with_gampad_bid_value(Functions.java:5538)
	at twc.Regression.TestCases.Criteo_Amazon_Testcases.Verify_Feed3_ad_call_amazon_bid_id(Criteo_Amazon_Testcases.java:310)
	at sun.reflect.NativeMethodAccessorImpl.invoke0(Native Method)
	at sun.reflect.NativeMethodAccessorImpl.invoke(NativeMethodAccessorImpl.java:62)
	at sun.reflect.DelegatingMethodAccessorImpl.invoke(DelegatingMethodAccessorImpl.java:43)
	at java.lang.reflect.Method.invoke(Method.java:498)
	at org.testng.internal.MethodInvocationHelper.invokeMethod(MethodInvocationHelper.java:85)
	at org.testng.internal.Invoker.invokeMethod(Invoker.java:659)
	at org.testng.internal.Invoker.invokeTestMethod(Invoker.java:845)
	at org.testng.internal.Invoker.invokeTestMethods(Invoker.java:1153)
	at org.testng.internal.TestMethodWorker.invokeTestMethods(TestMethodWorker.java:125)
	at org.testng.internal.TestMethodWorker.run(TestMethodWorker.java:108)
	at org.testng.TestRunner.privateRun(TestRunner.java:771)
	at org.testng.TestRunner.run(TestRunner.java:621)
	at org.testng.SuiteRunner.runTest(SuiteRunner.java:357)
	at org.testng.SuiteRunner.runSequentially(SuiteRunner.java:352)
	at org.testng.SuiteRunner.privateRun(SuiteRunner.java:310)
	at org.testng.SuiteRunner.run(SuiteRunner.java:259)
	at org.testng.SuiteRunnerWorker.runSuite(SuiteRunnerWorker.java:52)
	at org.testng.SuiteRunnerWorker.run(SuiteRunnerWorker.java:86)
	at org.testng.TestNG.runSuitesSequentially(TestNG.java:1199)
	at org.testng.TestNG.runSuitesLocally(TestNG.java:1124)
	at org.testng.TestNG.run(TestNG.java:1032)
	at org.testng.remote.AbstractRemoteTestNG.run(AbstractRemoteTestNG.java:115)
	at org.testng.remote.RemoteTestNG.initAndRun(RemoteTestNG.java:251)
	at org.testng.remote.RemoteTestNG.main(RemoteTestNG.java:77)
</pre></div><a href='#' onClick='toggleBox("stack-trace1532904892", this, "Click to show all stack frames", "Click to hide stack frames")'>Click to show all stack frames</a>
<div class='stack-trace' id='stack-trace1532904892'><pre>java.lang.AssertionError: Ad Call :iu=%2F7646%2Fapp_android_us%2Fdb_display%2Ffeed%2Ffeed_3 not contains the Custom Parameter: amzn_b, hence Custom Parameter: amzn_b validation failed
	at org.testng.Assert.fail(Assert.java:94)
	at twc.Regression.General.Functions.validate_aax_bid_value_with_gampad_bid_value(Functions.java:5538)
	at twc.Regression.TestCases.Criteo_Amazon_Testcases.Verify_Feed3_ad_call_amazon_bid_id(Criteo_Amazon_Testcases.java:310)
	at sun.reflect.NativeMethodAccessorImpl.invoke0(Native Method)
	at sun.reflect.NativeMethodAccessorImpl.invoke(NativeMethodAccessorImpl.java:62)
	at sun.reflect.DelegatingMethodAccessorImpl.invoke(DelegatingMethodAccessorImpl.java:43)
	at java.lang.reflect.Method.invoke(Method.java:498)
	at org.testng.internal.MethodInvocationHelper.invokeMethod(MethodInvocationHelper.java:85)
	at org.testng.internal.Invoker.invokeMethod(Invoker.java:659)
	at org.testng.internal.Invoker.invokeTestMethod(Invoker.java:845)
	at org.testng.internal.Invoker.invokeTestMethods(Invoker.java:1153)
	at org.testng.internal.TestMethodWorker.invokeTestMethods(TestMethodWorker.java:125)
	at org.testng.internal.TestMethodWorker.run(TestMethodWorker.java:108)
	at org.testng.TestRunner.privateRun(TestRunner.java:771)
	at org.testng.TestRunner.run(TestRunner.java:621)
	at org.testng.SuiteRunner.runTest(SuiteRunner.java:357)
	at org.testng.SuiteRunner.runSequentially(SuiteRunner.java:352)
	at org.testng.SuiteRunner.privateRun(SuiteRunner.java:310)
	at org.testng.SuiteRunner.run(SuiteRunner.java:259)
	at org.testng.SuiteRunnerWorker.runSuite(SuiteRunnerWorker.java:52)
	at org.testng.SuiteRunnerWorker.run(SuiteRunnerWorker.java:86)
	at org.testng.TestNG.runSuitesSequentially(TestNG.java:1199)
	at org.testng.TestNG.runSuitesLocally(TestNG.java:1124)
	at org.testng.TestNG.run(TestNG.java:1032)
	at org.testng.remote.AbstractRemoteTestNG.run(AbstractRemoteTestNG.java:115)
	at org.testng.remote.RemoteTestNG.initAndRun(RemoteTestNG.java:251)
	at org.testng.remote.RemoteTestNG.main(RemoteTestNG.java:77)
</pre></div></td>
<td>0</td>
<td>twc.Regression.TestCases.Criteo_Amazon_Testcases@5871a482</td></tr>
<tr>
<td title='twc.Regression.TestCases.Criteo_Amazon_Testcases.Verify_Health_BoatAndBeach_Details_ad_call_amazon_bid_id()'><b>Verify_Health_BoatAndBeach_Details_ad_call_amazon_bid_id</b><br>Test class: twc.Regression.TestCases.Criteo_Amazon_Testcases</td>
<td><div><pre>java.lang.AssertionError: Ad Call :iu=%2F7646%2Fapp_android_us%2Fdb_display%2Fcontent%2Fboat_beach not contains the Custom Parameter: amzn_b, hence Custom Parameter: amzn_b validation failed
	at org.testng.Assert.fail(Assert.java:94)
	at twc.Regression.General.Functions.validate_aax_bid_value_with_gampad_bid_value(Functions.java:5538)
	at twc.Regression.TestCases.Criteo_Amazon_Testcases.Verify_Health_BoatAndBeach_Details_ad_call_amazon_bid_id(Criteo_Amazon_Testcases.java:376)
	at sun.reflect.NativeMethodAccessorImpl.invoke0(Native Method)
	at sun.reflect.NativeMethodAccessorImpl.invoke(NativeMethodAccessorImpl.java:62)
	at sun.reflect.DelegatingMethodAccessorImpl.invoke(DelegatingMethodAccessorImpl.java:43)
	at java.lang.reflect.Method.invoke(Method.java:498)
	at org.testng.internal.MethodInvocationHelper.invokeMethod(MethodInvocationHelper.java:85)
	at org.testng.internal.Invoker.invokeMethod(Invoker.java:659)
	at org.testng.internal.Invoker.invokeTestMethod(Invoker.java:845)
	at org.testng.internal.Invoker.invokeTestMethods(Invoker.java:1153)
	at org.testng.internal.TestMethodWorker.invokeTestMethods(TestMethodWorker.java:125)
	at org.testng.internal.TestMethodWorker.run(TestMethodWorker.java:108)
	at org.testng.TestRunner.privateRun(TestRunner.java:771)
	at org.testng.TestRunner.run(TestRunner.java:621)
	at org.testng.SuiteRunner.runTest(SuiteRunner.java:357)
	at org.testng.SuiteRunner.runSequentially(SuiteRunner.java:352)
	at org.testng.SuiteRunner.privateRun(SuiteRunner.java:310)
	at org.testng.SuiteRunner.run(SuiteRunner.java:259)
	at org.testng.SuiteRunnerWorker.runSuite(SuiteRunnerWorker.java:52)
	at org.testng.SuiteRunnerWorker.run(SuiteRunnerWorker.java:86)
	at org.testng.TestNG.runSuitesSequentially(TestNG.java:1199)
	at org.testng.TestNG.runSuitesLocally(TestNG.java:1124)
	at org.testng.TestNG.run(TestNG.java:1032)
	at org.testng.remote.AbstractRemoteTestNG.run(AbstractRemoteTestNG.java:115)
	at org.testng.remote.RemoteTestNG.initAndRun(RemoteTestNG.java:251)
	at org.testng.remote.RemoteTestNG.main(RemoteTestNG.java:77)
</pre></div><a href='#' onClick='toggleBox("stack-trace1515201771", this, "Click to show all stack frames", "Click to hide stack frames")'>Click to show all stack frames</a>
<div class='stack-trace' id='stack-trace1515201771'><pre>java.lang.AssertionError: Ad Call :iu=%2F7646%2Fapp_android_us%2Fdb_display%2Fcontent%2Fboat_beach not contains the Custom Parameter: amzn_b, hence Custom Parameter: amzn_b validation failed
	at org.testng.Assert.fail(Assert.java:94)
	at twc.Regression.General.Functions.validate_aax_bid_value_with_gampad_bid_value(Functions.java:5538)
	at twc.Regression.TestCases.Criteo_Amazon_Testcases.Verify_Health_BoatAndBeach_Details_ad_call_amazon_bid_id(Criteo_Amazon_Testcases.java:376)
	at sun.reflect.NativeMethodAccessorImpl.invoke0(Native Method)
	at sun.reflect.NativeMethodAccessorImpl.invoke(NativeMethodAccessorImpl.java:62)
	at sun.reflect.DelegatingMethodAccessorImpl.invoke(DelegatingMethodAccessorImpl.java:43)
	at java.lang.reflect.Method.invoke(Method.java:498)
	at org.testng.internal.MethodInvocationHelper.invokeMethod(MethodInvocationHelper.java:85)
	at org.testng.internal.Invoker.invokeMethod(Invoker.java:659)
	at org.testng.internal.Invoker.invokeTestMethod(Invoker.java:845)
	at org.testng.internal.Invoker.invokeTestMethods(Invoker.java:1153)
	at org.testng.internal.TestMethodWorker.invokeTestMethods(TestMethodWorker.java:125)
	at org.testng.internal.TestMethodWorker.run(TestMethodWorker.java:108)
	at org.testng.TestRunner.privateRun(TestRunner.java:771)
	at org.testng.TestRunner.run(TestRunner.java:621)
	at org.testng.SuiteRunner.runTest(SuiteRunner.java:357)
	at org.testng.SuiteRunner.runSequentially(SuiteRunner.java:352)
	at org.testng.SuiteRunner.privateRun(SuiteRunner.java:310)
	at org.testng.SuiteRunner.run(SuiteRunner.java:259)
	at org.testng.SuiteRunnerWorker.runSuite(SuiteRunnerWorker.java:52)
	at org.testng.SuiteRunnerWorker.run(SuiteRunnerWorker.java:86)
	at org.testng.TestNG.runSuitesSequentially(TestNG.java:1199)
	at org.testng.TestNG.runSuitesLocally(TestNG.java:1124)
	at org.testng.TestNG.run(TestNG.java:1032)
	at org.testng.remote.AbstractRemoteTestNG.run(AbstractRemoteTestNG.java:115)
	at org.testng.remote.RemoteTestNG.initAndRun(RemoteTestNG.java:251)
	at org.testng.remote.RemoteTestNG.main(RemoteTestNG.java:77)
</pre></div></td>
<td>0</td>
<td>twc.Regression.TestCases.Criteo_Amazon_Testcases@5871a482</td></tr>
<tr>
<td title='twc.Regression.TestCases.Criteo_Amazon_Testcases.Verify_Health_Running_Details_ad_call_amazon_bid_id()'><b>Verify_Health_Running_Details_ad_call_amazon_bid_id</b><br>Test class: twc.Regression.TestCases.Criteo_Amazon_Testcases</td>
<td><div><pre>java.lang.AssertionError: Ad Call :iu=%2F7646%2Fapp_android_us%2Fdb_display%2Fcontent%2Frunning not contains the Custom Parameter: amzn_b, hence Custom Parameter: amzn_b validation failed
	at org.testng.Assert.fail(Assert.java:94)
	at twc.Regression.General.Functions.validate_aax_bid_value_with_gampad_bid_value(Functions.java:5538)
	at twc.Regression.TestCases.Criteo_Amazon_Testcases.Verify_Health_Running_Details_ad_call_amazon_bid_id(Criteo_Amazon_Testcases.java:388)
	at sun.reflect.NativeMethodAccessorImpl.invoke0(Native Method)
	at sun.reflect.NativeMethodAccessorImpl.invoke(NativeMethodAccessorImpl.java:62)
	at sun.reflect.DelegatingMethodAccessorImpl.invoke(DelegatingMethodAccessorImpl.java:43)
	at java.lang.reflect.Method.invoke(Method.java:498)
	at org.testng.internal.MethodInvocationHelper.invokeMethod(MethodInvocationHelper.java:85)
	at org.testng.internal.Invoker.invokeMethod(Invoker.java:659)
	at org.testng.internal.Invoker.invokeTestMethod(Invoker.java:845)
	at org.testng.internal.Invoker.invokeTestMethods(Invoker.java:1153)
	at org.testng.internal.TestMethodWorker.invokeTestMethods(TestMethodWorker.java:125)
	at org.testng.internal.TestMethodWorker.run(TestMethodWorker.java:108)
	at org.testng.TestRunner.privateRun(TestRunner.java:771)
	at org.testng.TestRunner.run(TestRunner.java:621)
	at org.testng.SuiteRunner.runTest(SuiteRunner.java:357)
	at org.testng.SuiteRunner.runSequentially(SuiteRunner.java:352)
	at org.testng.SuiteRunner.privateRun(SuiteRunner.java:310)
	at org.testng.SuiteRunner.run(SuiteRunner.java:259)
	at org.testng.SuiteRunnerWorker.runSuite(SuiteRunnerWorker.java:52)
	at org.testng.SuiteRunnerWorker.run(SuiteRunnerWorker.java:86)
	at org.testng.TestNG.runSuitesSequentially(TestNG.java:1199)
	at org.testng.TestNG.runSuitesLocally(TestNG.java:1124)
	at org.testng.TestNG.run(TestNG.java:1032)
	at org.testng.remote.AbstractRemoteTestNG.run(AbstractRemoteTestNG.java:115)
	at org.testng.remote.RemoteTestNG.initAndRun(RemoteTestNG.java:251)
	at org.testng.remote.RemoteTestNG.main(RemoteTestNG.java:77)
</pre></div><a href='#' onClick='toggleBox("stack-trace1354501053", this, "Click to show all stack frames", "Click to hide stack frames")'>Click to show all stack frames</a>
<div class='stack-trace' id='stack-trace1354501053'><pre>java.lang.AssertionError: Ad Call :iu=%2F7646%2Fapp_android_us%2Fdb_display%2Fcontent%2Frunning not contains the Custom Parameter: amzn_b, hence Custom Parameter: amzn_b validation failed
	at org.testng.Assert.fail(Assert.java:94)
	at twc.Regression.General.Functions.validate_aax_bid_value_with_gampad_bid_value(Functions.java:5538)
	at twc.Regression.TestCases.Criteo_Amazon_Testcases.Verify_Health_Running_Details_ad_call_amazon_bid_id(Criteo_Amazon_Testcases.java:388)
	at sun.reflect.NativeMethodAccessorImpl.invoke0(Native Method)
	at sun.reflect.NativeMethodAccessorImpl.invoke(NativeMethodAccessorImpl.java:62)
	at sun.reflect.DelegatingMethodAccessorImpl.invoke(DelegatingMethodAccessorImpl.java:43)
	at java.lang.reflect.Method.invoke(Method.java:498)
	at org.testng.internal.MethodInvocationHelper.invokeMethod(MethodInvocationHelper.java:85)
	at org.testng.internal.Invoker.invokeMethod(Invoker.java:659)
	at org.testng.internal.Invoker.invokeTestMethod(Invoker.java:845)
	at org.testng.internal.Invoker.invokeTestMethods(Invoker.java:1153)
	at org.testng.internal.TestMethodWorker.invokeTestMethods(TestMethodWorker.java:125)
	at org.testng.internal.TestMethodWorker.run(TestMethodWorker.java:108)
	at org.testng.TestRunner.privateRun(TestRunner.java:771)
	at org.testng.TestRunner.run(TestRunner.java:621)
	at org.testng.SuiteRunner.runTest(SuiteRunner.java:357)
	at org.testng.SuiteRunner.runSequentially(SuiteRunner.java:352)
	at org.testng.SuiteRunner.privateRun(SuiteRunner.java:310)
	at org.testng.SuiteRunner.run(SuiteRunner.java:259)
	at org.testng.SuiteRunnerWorker.runSuite(SuiteRunnerWorker.java:52)
	at org.testng.SuiteRunnerWorker.run(SuiteRunnerWorker.java:86)
	at org.testng.TestNG.runSuitesSequentially(TestNG.java:1199)
	at org.testng.TestNG.runSuitesLocally(TestNG.java:1124)
	at org.testng.TestNG.run(TestNG.java:1032)
	at org.testng.remote.AbstractRemoteTestNG.run(AbstractRemoteTestNG.java:115)
	at org.testng.remote.RemoteTestNG.initAndRun(RemoteTestNG.java:251)
	at org.testng.remote.RemoteTestNG.main(RemoteTestNG.java:77)
</pre></div></td>
<td>0</td>
<td>twc.Regression.TestCases.Criteo_Amazon_Testcases@5871a482</td></tr>
<tr>
<td title='twc.Regression.TestCases.Criteo_Amazon_Testcases.Verify_Today_Details_ad_call_amazon_bid_id()'><b>Verify_Today_Details_ad_call_amazon_bid_id</b><br>Test class: twc.Regression.TestCases.Criteo_Amazon_Testcases</td>
<td><div><pre>java.lang.AssertionError: Ad Call :iu=%2F7646%2Fapp_android_us%2Fdb_display%2Fdetails%2Ftoday not contains the Custom Parameter: amzn_b, hence Custom Parameter: amzn_b validation failed
	at org.testng.Assert.fail(Assert.java:94)
	at twc.Regression.General.Functions.validate_aax_bid_value_with_gampad_bid_value(Functions.java:5538)
	at twc.Regression.TestCases.Criteo_Amazon_Testcases.Verify_Today_Details_ad_call_amazon_bid_id(Criteo_Amazon_Testcases.java:354)
	at sun.reflect.NativeMethodAccessorImpl.invoke0(Native Method)
	at sun.reflect.NativeMethodAccessorImpl.invoke(NativeMethodAccessorImpl.java:62)
	at sun.reflect.DelegatingMethodAccessorImpl.invoke(DelegatingMethodAccessorImpl.java:43)
	at java.lang.reflect.Method.invoke(Method.java:498)
	at org.testng.internal.MethodInvocationHelper.invokeMethod(MethodInvocationHelper.java:85)
	at org.testng.internal.Invoker.invokeMethod(Invoker.java:659)
	at org.testng.internal.Invoker.invokeTestMethod(Invoker.java:845)
	at org.testng.internal.Invoker.invokeTestMethods(Invoker.java:1153)
	at org.testng.internal.TestMethodWorker.invokeTestMethods(TestMethodWorker.java:125)
	at org.testng.internal.TestMethodWorker.run(TestMethodWorker.java:108)
	at org.testng.TestRunner.privateRun(TestRunner.java:771)
	at org.testng.TestRunner.run(TestRunner.java:621)
	at org.testng.SuiteRunner.runTest(SuiteRunner.java:357)
	at org.testng.SuiteRunner.runSequentially(SuiteRunner.java:352)
	at org.testng.SuiteRunner.privateRun(SuiteRunner.java:310)
	at org.testng.SuiteRunner.run(SuiteRunner.java:259)
	at org.testng.SuiteRunnerWorker.runSuite(SuiteRunnerWorker.java:52)
	at org.testng.SuiteRunnerWorker.run(SuiteRunnerWorker.java:86)
	at org.testng.TestNG.runSuitesSequentially(TestNG.java:1199)
	at org.testng.TestNG.runSuitesLocally(TestNG.java:1124)
	at org.testng.TestNG.run(TestNG.java:1032)
	at org.testng.remote.AbstractRemoteTestNG.run(AbstractRemoteTestNG.java:115)
	at org.testng.remote.RemoteTestNG.initAndRun(RemoteTestNG.java:251)
	at org.testng.remote.RemoteTestNG.main(RemoteTestNG.java:77)
</pre></div><a href='#' onClick='toggleBox("stack-trace1203180886", this, "Click to show all stack frames", "Click to hide stack frames")'>Click to show all stack frames</a>
<div class='stack-trace' id='stack-trace1203180886'><pre>java.lang.AssertionError: Ad Call :iu=%2F7646%2Fapp_android_us%2Fdb_display%2Fdetails%2Ftoday not contains the Custom Parameter: amzn_b, hence Custom Parameter: amzn_b validation failed
	at org.testng.Assert.fail(Assert.java:94)
	at twc.Regression.General.Functions.validate_aax_bid_value_with_gampad_bid_value(Functions.java:5538)
	at twc.Regression.TestCases.Criteo_Amazon_Testcases.Verify_Today_Details_ad_call_amazon_bid_id(Criteo_Amazon_Testcases.java:354)
	at sun.reflect.NativeMethodAccessorImpl.invoke0(Native Method)
	at sun.reflect.NativeMethodAccessorImpl.invoke(NativeMethodAccessorImpl.java:62)
	at sun.reflect.DelegatingMethodAccessorImpl.invoke(DelegatingMethodAccessorImpl.java:43)
	at java.lang.reflect.Method.invoke(Method.java:498)
	at org.testng.internal.MethodInvocationHelper.invokeMethod(MethodInvocationHelper.java:85)
	at org.testng.internal.Invoker.invokeMethod(Invoker.java:659)
	at org.testng.internal.Invoker.invokeTestMethod(Invoker.java:845)
	at org.testng.internal.Invoker.invokeTestMethods(Invoker.java:1153)
	at org.testng.internal.TestMethodWorker.invokeTestMethods(TestMethodWorker.java:125)
	at org.testng.internal.TestMethodWorker.run(TestMethodWorker.java:108)
	at org.testng.TestRunner.privateRun(TestRunner.java:771)
	at org.testng.TestRunner.run(TestRunner.java:621)
	at org.testng.SuiteRunner.runTest(SuiteRunner.java:357)
	at org.testng.SuiteRunner.runSequentially(SuiteRunner.java:352)
	at org.testng.SuiteRunner.privateRun(SuiteRunner.java:310)
	at org.testng.SuiteRunner.run(SuiteRunner.java:259)
	at org.testng.SuiteRunnerWorker.runSuite(SuiteRunnerWorker.java:52)
	at org.testng.SuiteRunnerWorker.run(SuiteRunnerWorker.java:86)
	at org.testng.TestNG.runSuitesSequentially(TestNG.java:1199)
	at org.testng.TestNG.runSuitesLocally(TestNG.java:1124)
	at org.testng.TestNG.run(TestNG.java:1032)
	at org.testng.remote.AbstractRemoteTestNG.run(AbstractRemoteTestNG.java:115)
	at org.testng.remote.RemoteTestNG.initAndRun(RemoteTestNG.java:251)
	at org.testng.remote.RemoteTestNG.main(RemoteTestNG.java:77)
</pre></div></td>
<td>0</td>
<td>twc.Regression.TestCases.Criteo_Amazon_Testcases@5871a482</td></tr>
</table><p>
<table width='100%' border='1' class='invocation-passed'>
<tr><td colspan='4' align='center'><b>PASSED TESTS</b></td></tr>
<tr><td><b>Test method</b></td>
<td width="30%"><b>Exception</b></td>
<td width="10%"><b>Time (seconds)</b></td>
<td><b>Instance</b></td>
</tr>
<tr>
<td title='twc.Regression.TestCases.Criteo_Amazon_Testcases.Smoke_Test_Verify_amazon_SlotId_Running_Bigbanner_ad()'><b>Smoke_Test_Verify_amazon_SlotId_Running_Bigbanner_ad</b><br>Test class: twc.Regression.TestCases.Criteo_Amazon_Testcases</td>
<td></td>
<td>0</td>
<td>twc.Regression.TestCases.Criteo_Amazon_Testcases@5871a482</td></tr>
<tr>
<td title='twc.Regression.TestCases.Criteo_Amazon_Testcases.Smoke_Test_amazon_aaxSlot_feed3_adcall()'><b>Smoke_Test_amazon_aaxSlot_feed3_adcall</b><br>Test class: twc.Regression.TestCases.Criteo_Amazon_Testcases</td>
<td></td>
<td>0</td>
<td>twc.Regression.TestCases.Criteo_Amazon_Testcases@5871a482</td></tr>
<tr>
<td title='twc.Regression.TestCases.Criteo_Amazon_Testcases.Smoke_Test_amazon_aax_Airquality_deatailcard()'><b>Smoke_Test_amazon_aax_Airquality_deatailcard</b><br>Test class: twc.Regression.TestCases.Criteo_Amazon_Testcases</td>
<td></td>
<td>0</td>
<td>twc.Regression.TestCases.Criteo_Amazon_Testcases@5871a482</td></tr>
<tr>
<td title='twc.Regression.TestCases.Criteo_Amazon_Testcases.Smoke_Test_amazon_aax_Daily_details_Day1_adcall()'><b>Smoke_Test_amazon_aax_Daily_details_Day1_adcall</b><br>Test class: twc.Regression.TestCases.Criteo_Amazon_Testcases</td>
<td></td>
<td>0</td>
<td>twc.Regression.TestCases.Criteo_Amazon_Testcases@5871a482</td></tr>
<tr>
<td title='twc.Regression.TestCases.Criteo_Amazon_Testcases.Smoke_Test_amazon_aax_today_deatailcard()'><b>Smoke_Test_amazon_aax_today_deatailcard</b><br>Test class: twc.Regression.TestCases.Criteo_Amazon_Testcases</td>
<td></td>
<td>0</td>
<td>twc.Regression.TestCases.Criteo_Amazon_Testcases@5871a482</td></tr>
<tr>
<td title='twc.Regression.TestCases.Criteo_Amazon_Testcases.Validate_Amazon_SDK_adsdk_parameter()'><b>Validate_Amazon_SDK_adsdk_parameter</b><br>Test class: twc.Regression.TestCases.Criteo_Amazon_Testcases</td>
<td></td>
<td>1</td>
<td>twc.Regression.TestCases.Criteo_Amazon_Testcases@5871a482</td></tr>
<tr>
<td title='twc.Regression.TestCases.Criteo_Amazon_Testcases.Validate_Criteo_SDK_config_app_Call_bundleId_parameter()'><b>Validate_Criteo_SDK_config_app_Call_bundleId_parameter</b><br>Test class: twc.Regression.TestCases.Criteo_Amazon_Testcases</td>
<td></td>
<td>0</td>
<td>twc.Regression.TestCases.Criteo_Amazon_Testcases@5871a482</td></tr>
<tr>
<td title='twc.Regression.TestCases.Criteo_Amazon_Testcases.Validate_Criteo_SDK_config_app_Call_cpId_parameter()'><b>Validate_Criteo_SDK_config_app_Call_cpId_parameter</b><br>Test class: twc.Regression.TestCases.Criteo_Amazon_Testcases</td>
<td></td>
<td>0</td>
<td>twc.Regression.TestCases.Criteo_Amazon_Testcases@5871a482</td></tr>
<tr>
<td title='twc.Regression.TestCases.Criteo_Amazon_Testcases.Validate_Criteo_SDK_config_app_Call_sdkVersion_parameter()'><b>Validate_Criteo_SDK_config_app_Call_sdkVersion_parameter</b><br>Test class: twc.Regression.TestCases.Criteo_Amazon_Testcases</td>
<td></td>
<td>0</td>
<td>twc.Regression.TestCases.Criteo_Amazon_Testcases@5871a482</td></tr>
<tr>
<td title='twc.Regression.TestCases.Criteo_Amazon_Testcases.Verify_AQ_Details_ad_call_amazon_bid_id()'><b>Verify_AQ_Details_ad_call_amazon_bid_id</b><br>Test class: twc.Regression.TestCases.Criteo_Amazon_Testcases</td>
<td></td>
<td>0</td>
<td>twc.Regression.TestCases.Criteo_Amazon_Testcases@5871a482</td></tr>
<tr>
<td title='twc.Regression.TestCases.Criteo_Amazon_Testcases.Verify_Criteo_SDK_config_app_Call()'><b>Verify_Criteo_SDK_config_app_Call</b><br>Test class: twc.Regression.TestCases.Criteo_Amazon_Testcases</td>
<td></td>
<td>0</td>
<td>twc.Regression.TestCases.Criteo_Amazon_Testcases@5871a482</td></tr>
<tr>
<td title='twc.Regression.TestCases.Criteo_Amazon_Testcases.Verify_Criteo_SDK_inapp_v2_Call()'><b>Verify_Criteo_SDK_inapp_v2_Call</b><br>Test class: twc.Regression.TestCases.Criteo_Amazon_Testcases</td>
<td></td>
<td>0</td>
<td>twc.Regression.TestCases.Criteo_Amazon_Testcases@5871a482</td></tr>
<tr>
<td title='twc.Regression.TestCases.Criteo_Amazon_Testcases.Verify_Criteo_SDK_inapp_v2_Call_cpm_parameter_with_Feed1_gampad_call()'><b>Verify_Criteo_SDK_inapp_v2_Call_cpm_parameter_with_Feed1_gampad_call</b><br>Test class: twc.Regression.TestCases.Criteo_Amazon_Testcases</td>
<td></td>
<td>0</td>
<td>twc.Regression.TestCases.Criteo_Amazon_Testcases@5871a482</td></tr>
<tr>
<td title='twc.Regression.TestCases.Criteo_Amazon_Testcases.Verify_Criteo_SDK_inapp_v2_Call_cpm_parameter_with_Feed2_gampad_call()'><b>Verify_Criteo_SDK_inapp_v2_Call_cpm_parameter_with_Feed2_gampad_call</b><br>Test class: twc.Regression.TestCases.Criteo_Amazon_Testcases</td>
<td></td>
<td>0</td>
<td>twc.Regression.TestCases.Criteo_Amazon_Testcases@5871a482</td></tr>
<tr>
<td title='twc.Regression.TestCases.Criteo_Amazon_Testcases.Verify_Criteo_SDK_inapp_v2_Call_cpm_parameter_with_Feed3_gampad_call()'><b>Verify_Criteo_SDK_inapp_v2_Call_cpm_parameter_with_Feed3_gampad_call</b><br>Test class: twc.Regression.TestCases.Criteo_Amazon_Testcases</td>
<td></td>
<td>0</td>
<td>twc.Regression.TestCases.Criteo_Amazon_Testcases@5871a482</td></tr>
<tr>
<td title='twc.Regression.TestCases.Criteo_Amazon_Testcases.Verify_Criteo_SDK_inapp_v2_Call_cpm_parameter_with_Feed4_gampad_call()'><b>Verify_Criteo_SDK_inapp_v2_Call_cpm_parameter_with_Feed4_gampad_call</b><br>Test class: twc.Regression.TestCases.Criteo_Amazon_Testcases</td>
<td></td>
<td>0</td>
<td>twc.Regression.TestCases.Criteo_Amazon_Testcases@5871a482</td></tr>
<tr>
<td title='twc.Regression.TestCases.Criteo_Amazon_Testcases.Verify_Criteo_SDK_inapp_v2_Call_cpm_parameter_with_Feed5_gampad_call()'><b>Verify_Criteo_SDK_inapp_v2_Call_cpm_parameter_with_Feed5_gampad_call</b><br>Test class: twc.Regression.TestCases.Criteo_Amazon_Testcases</td>
<td></td>
<td>0</td>
<td>twc.Regression.TestCases.Criteo_Amazon_Testcases@5871a482</td></tr>
<tr>
<td title='twc.Regression.TestCases.Criteo_Amazon_Testcases.Verify_Criteo_SDK_inapp_v2_Call_cpm_parameter_with_Running_details_gampad_call()'><b>Verify_Criteo_SDK_inapp_v2_Call_cpm_parameter_with_Running_details_gampad_call</b><br>Test class: twc.Regression.TestCases.Criteo_Amazon_Testcases</td>
<td></td>
<td>0</td>
<td>twc.Regression.TestCases.Criteo_Amazon_Testcases@5871a482</td></tr>
<tr>
<td title='twc.Regression.TestCases.Criteo_Amazon_Testcases.Verify_Criteo_SDK_inapp_v2_Call_cpm_parameter_with_SeasonalHub_details_gampad_call()'><b>Verify_Criteo_SDK_inapp_v2_Call_cpm_parameter_with_SeasonalHub_details_gampad_call</b><br>Test class: twc.Regression.TestCases.Criteo_Amazon_Testcases</td>
<td></td>
<td>0</td>
<td>twc.Regression.TestCases.Criteo_Amazon_Testcases@5871a482</td></tr>
<tr>
<td title='twc.Regression.TestCases.Criteo_Amazon_Testcases.Verify_Criteo_SDK_inapp_v2_Call_cpm_parameter_with_aq_details_gampad_call()'><b>Verify_Criteo_SDK_inapp_v2_Call_cpm_parameter_with_aq_details_gampad_call</b><br>Test class: twc.Regression.TestCases.Criteo_Amazon_Testcases</td>
<td></td>
<td>0</td>
<td>twc.Regression.TestCases.Criteo_Amazon_Testcases@5871a482</td></tr>
<tr>
<td title='twc.Regression.TestCases.Criteo_Amazon_Testcases.Verify_Criteo_SDK_inapp_v2_Call_cpm_parameter_with_boatAndBeach_details_gampad_call()'><b>Verify_Criteo_SDK_inapp_v2_Call_cpm_parameter_with_boatAndBeach_details_gampad_call</b><br>Test class: twc.Regression.TestCases.Criteo_Amazon_Testcases</td>
<td></td>
<td>0</td>
<td>twc.Regression.TestCases.Criteo_Amazon_Testcases@5871a482</td></tr>
<tr>
<td title='twc.Regression.TestCases.Criteo_Amazon_Testcases.Verify_Criteo_SDK_inapp_v2_Call_cpm_parameter_with_hourly1_details_gampad_call()'><b>Verify_Criteo_SDK_inapp_v2_Call_cpm_parameter_with_hourly1_details_gampad_call</b><br>Test class: twc.Regression.TestCases.Criteo_Amazon_Testcases</td>
<td></td>
<td>0</td>
<td>twc.Regression.TestCases.Criteo_Amazon_Testcases@5871a482</td></tr>
<tr>
<td title='twc.Regression.TestCases.Criteo_Amazon_Testcases.Verify_Criteo_SDK_inapp_v2_Call_cpm_parameter_with_hourly2_details_gampad_call()'><b>Verify_Criteo_SDK_inapp_v2_Call_cpm_parameter_with_hourly2_details_gampad_call</b><br>Test class: twc.Regression.TestCases.Criteo_Amazon_Testcases</td>
<td></td>
<td>0</td>
<td>twc.Regression.TestCases.Criteo_Amazon_Testcases@5871a482</td></tr>
<tr>
<td title='twc.Regression.TestCases.Criteo_Amazon_Testcases.Verify_Criteo_SDK_inapp_v2_Call_cpm_parameter_with_hourly3_details_gampad_call()'><b>Verify_Criteo_SDK_inapp_v2_Call_cpm_parameter_with_hourly3_details_gampad_call</b><br>Test class: twc.Regression.TestCases.Criteo_Amazon_Testcases</td>
<td></td>
<td>0</td>
<td>twc.Regression.TestCases.Criteo_Amazon_Testcases@5871a482</td></tr>
<tr>
<td title='twc.Regression.TestCases.Criteo_Amazon_Testcases.Verify_Criteo_SDK_inapp_v2_Call_cpm_parameter_with_hourly_details_gampad_call()'><b>Verify_Criteo_SDK_inapp_v2_Call_cpm_parameter_with_hourly_details_gampad_call</b><br>Test class: twc.Regression.TestCases.Criteo_Amazon_Testcases</td>
<td></td>
<td>0</td>
<td>twc.Regression.TestCases.Criteo_Amazon_Testcases@5871a482</td></tr>
<tr>
<td title='twc.Regression.TestCases.Criteo_Amazon_Testcases.Verify_Criteo_SDK_inapp_v2_Call_cpm_parameter_with_map_details_gampad_call()'><b>Verify_Criteo_SDK_inapp_v2_Call_cpm_parameter_with_map_details_gampad_call</b><br>Test class: twc.Regression.TestCases.Criteo_Amazon_Testcases</td>
<td></td>
<td>0</td>
<td>twc.Regression.TestCases.Criteo_Amazon_Testcases@5871a482</td></tr>
<tr>
<td title='twc.Regression.TestCases.Criteo_Amazon_Testcases.Verify_Criteo_SDK_inapp_v2_Call_cpm_parameter_with_today_details_gampad_call()'><b>Verify_Criteo_SDK_inapp_v2_Call_cpm_parameter_with_today_details_gampad_call</b><br>Test class: twc.Regression.TestCases.Criteo_Amazon_Testcases</td>
<td></td>
<td>0</td>
<td>twc.Regression.TestCases.Criteo_Amazon_Testcases@5871a482</td></tr>
<tr>
<td title='twc.Regression.TestCases.Criteo_Amazon_Testcases.Verify_Criteo_SDK_inapp_v2_Call_displayUrl_parameter_with_Feed1_gampad_call()'><b>Verify_Criteo_SDK_inapp_v2_Call_displayUrl_parameter_with_Feed1_gampad_call</b><br>Test class: twc.Regression.TestCases.Criteo_Amazon_Testcases</td>
<td></td>
<td>0</td>
<td>twc.Regression.TestCases.Criteo_Amazon_Testcases@5871a482</td></tr>
<tr>
<td title='twc.Regression.TestCases.Criteo_Amazon_Testcases.Verify_Criteo_SDK_inapp_v2_Call_displayUrl_parameter_with_Feed2_gampad_call()'><b>Verify_Criteo_SDK_inapp_v2_Call_displayUrl_parameter_with_Feed2_gampad_call</b><br>Test class: twc.Regression.TestCases.Criteo_Amazon_Testcases</td>
<td></td>
<td>0</td>
<td>twc.Regression.TestCases.Criteo_Amazon_Testcases@5871a482</td></tr>
<tr>
<td title='twc.Regression.TestCases.Criteo_Amazon_Testcases.Verify_Criteo_SDK_inapp_v2_Call_displayUrl_parameter_with_Feed3_gampad_call()'><b>Verify_Criteo_SDK_inapp_v2_Call_displayUrl_parameter_with_Feed3_gampad_call</b><br>Test class: twc.Regression.TestCases.Criteo_Amazon_Testcases</td>
<td></td>
<td>0</td>
<td>twc.Regression.TestCases.Criteo_Amazon_Testcases@5871a482</td></tr>
<tr>
<td title='twc.Regression.TestCases.Criteo_Amazon_Testcases.Verify_Criteo_SDK_inapp_v2_Call_displayUrl_parameter_with_Feed4_gampad_call()'><b>Verify_Criteo_SDK_inapp_v2_Call_displayUrl_parameter_with_Feed4_gampad_call</b><br>Test class: twc.Regression.TestCases.Criteo_Amazon_Testcases</td>
<td></td>
<td>0</td>
<td>twc.Regression.TestCases.Criteo_Amazon_Testcases@5871a482</td></tr>
<tr>
<td title='twc.Regression.TestCases.Criteo_Amazon_Testcases.Verify_Criteo_SDK_inapp_v2_Call_displayUrl_parameter_with_Feed5_gampad_call()'><b>Verify_Criteo_SDK_inapp_v2_Call_displayUrl_parameter_with_Feed5_gampad_call</b><br>Test class: twc.Regression.TestCases.Criteo_Amazon_Testcases</td>
<td></td>
<td>0</td>
<td>twc.Regression.TestCases.Criteo_Amazon_Testcases@5871a482</td></tr>
<tr>
<td title='twc.Regression.TestCases.Criteo_Amazon_Testcases.Verify_Criteo_SDK_inapp_v2_Call_displayUrl_parameter_with_Running_details_gampad_call()'><b>Verify_Criteo_SDK_inapp_v2_Call_displayUrl_parameter_with_Running_details_gampad_call</b><br>Test class: twc.Regression.TestCases.Criteo_Amazon_Testcases</td>
<td></td>
<td>0</td>
<td>twc.Regression.TestCases.Criteo_Amazon_Testcases@5871a482</td></tr>
<tr>
<td title='twc.Regression.TestCases.Criteo_Amazon_Testcases.Verify_Criteo_SDK_inapp_v2_Call_displayUrl_parameter_with_SeasonalHub_details_gampad_call()'><b>Verify_Criteo_SDK_inapp_v2_Call_displayUrl_parameter_with_SeasonalHub_details_gampad_call</b><br>Test class: twc.Regression.TestCases.Criteo_Amazon_Testcases</td>
<td></td>
<td>0</td>
<td>twc.Regression.TestCases.Criteo_Amazon_Testcases@5871a482</td></tr>
<tr>
<td title='twc.Regression.TestCases.Criteo_Amazon_Testcases.Verify_Criteo_SDK_inapp_v2_Call_displayUrl_parameter_with_aq_details_gampad_call()'><b>Verify_Criteo_SDK_inapp_v2_Call_displayUrl_parameter_with_aq_details_gampad_call</b><br>Test class: twc.Regression.TestCases.Criteo_Amazon_Testcases</td>
<td></td>
<td>0</td>
<td>twc.Regression.TestCases.Criteo_Amazon_Testcases@5871a482</td></tr>
<tr>
<td title='twc.Regression.TestCases.Criteo_Amazon_Testcases.Verify_Criteo_SDK_inapp_v2_Call_displayUrl_parameter_with_boatAndBeach_details_gampad_call()'><b>Verify_Criteo_SDK_inapp_v2_Call_displayUrl_parameter_with_boatAndBeach_details_gampad_call</b><br>Test class: twc.Regression.TestCases.Criteo_Amazon_Testcases</td>
<td></td>
<td>0</td>
<td>twc.Regression.TestCases.Criteo_Amazon_Testcases@5871a482</td></tr>
<tr>
<td title='twc.Regression.TestCases.Criteo_Amazon_Testcases.Verify_Criteo_SDK_inapp_v2_Call_displayUrl_parameter_with_hourly1_details_gampad_call()'><b>Verify_Criteo_SDK_inapp_v2_Call_displayUrl_parameter_with_hourly1_details_gampad_call</b><br>Test class: twc.Regression.TestCases.Criteo_Amazon_Testcases</td>
<td></td>
<td>0</td>
<td>twc.Regression.TestCases.Criteo_Amazon_Testcases@5871a482</td></tr>
<tr>
<td title='twc.Regression.TestCases.Criteo_Amazon_Testcases.Verify_Criteo_SDK_inapp_v2_Call_displayUrl_parameter_with_hourly2_details_gampad_call()'><b>Verify_Criteo_SDK_inapp_v2_Call_displayUrl_parameter_with_hourly2_details_gampad_call</b><br>Test class: twc.Regression.TestCases.Criteo_Amazon_Testcases</td>
<td></td>
<td>0</td>
<td>twc.Regression.TestCases.Criteo_Amazon_Testcases@5871a482</td></tr>
<tr>
<td title='twc.Regression.TestCases.Criteo_Amazon_Testcases.Verify_Criteo_SDK_inapp_v2_Call_displayUrl_parameter_with_hourly3_details_gampad_call()'><b>Verify_Criteo_SDK_inapp_v2_Call_displayUrl_parameter_with_hourly3_details_gampad_call</b><br>Test class: twc.Regression.TestCases.Criteo_Amazon_Testcases</td>
<td></td>
<td>0</td>
<td>twc.Regression.TestCases.Criteo_Amazon_Testcases@5871a482</td></tr>
<tr>
<td title='twc.Regression.TestCases.Criteo_Amazon_Testcases.Verify_Criteo_SDK_inapp_v2_Call_displayUrl_parameter_with_hourly_details_gampad_call()'><b>Verify_Criteo_SDK_inapp_v2_Call_displayUrl_parameter_with_hourly_details_gampad_call</b><br>Test class: twc.Regression.TestCases.Criteo_Amazon_Testcases</td>
<td></td>
<td>0</td>
<td>twc.Regression.TestCases.Criteo_Amazon_Testcases@5871a482</td></tr>
<tr>
<td title='twc.Regression.TestCases.Criteo_Amazon_Testcases.Verify_Criteo_SDK_inapp_v2_Call_displayUrl_parameter_with_map_details_gampad_call()'><b>Verify_Criteo_SDK_inapp_v2_Call_displayUrl_parameter_with_map_details_gampad_call</b><br>Test class: twc.Regression.TestCases.Criteo_Amazon_Testcases</td>
<td></td>
<td>0</td>
<td>twc.Regression.TestCases.Criteo_Amazon_Testcases@5871a482</td></tr>
<tr>
<td title='twc.Regression.TestCases.Criteo_Amazon_Testcases.Verify_Criteo_SDK_inapp_v2_Call_displayUrl_parameter_with_today_details_gampad_call()'><b>Verify_Criteo_SDK_inapp_v2_Call_displayUrl_parameter_with_today_details_gampad_call</b><br>Test class: twc.Regression.TestCases.Criteo_Amazon_Testcases</td>
<td></td>
<td>0</td>
<td>twc.Regression.TestCases.Criteo_Amazon_Testcases@5871a482</td></tr>
<tr>
<td title='twc.Regression.TestCases.Criteo_Amazon_Testcases.Verify_Criteo_SDK_inapp_v2_Call_size_parameter_with_Feed1_gampad_call()'><b>Verify_Criteo_SDK_inapp_v2_Call_size_parameter_with_Feed1_gampad_call</b><br>Test class: twc.Regression.TestCases.Criteo_Amazon_Testcases</td>
<td></td>
<td>0</td>
<td>twc.Regression.TestCases.Criteo_Amazon_Testcases@5871a482</td></tr>
<tr>
<td title='twc.Regression.TestCases.Criteo_Amazon_Testcases.Verify_Criteo_SDK_inapp_v2_Call_size_parameter_with_Feed2_gampad_call()'><b>Verify_Criteo_SDK_inapp_v2_Call_size_parameter_with_Feed2_gampad_call</b><br>Test class: twc.Regression.TestCases.Criteo_Amazon_Testcases</td>
<td></td>
<td>0</td>
<td>twc.Regression.TestCases.Criteo_Amazon_Testcases@5871a482</td></tr>
<tr>
<td title='twc.Regression.TestCases.Criteo_Amazon_Testcases.Verify_Criteo_SDK_inapp_v2_Call_size_parameter_with_Feed3_gampad_call()'><b>Verify_Criteo_SDK_inapp_v2_Call_size_parameter_with_Feed3_gampad_call</b><br>Test class: twc.Regression.TestCases.Criteo_Amazon_Testcases</td>
<td></td>
<td>0</td>
<td>twc.Regression.TestCases.Criteo_Amazon_Testcases@5871a482</td></tr>
<tr>
<td title='twc.Regression.TestCases.Criteo_Amazon_Testcases.Verify_Criteo_SDK_inapp_v2_Call_size_parameter_with_Feed4_gampad_call()'><b>Verify_Criteo_SDK_inapp_v2_Call_size_parameter_with_Feed4_gampad_call</b><br>Test class: twc.Regression.TestCases.Criteo_Amazon_Testcases</td>
<td></td>
<td>0</td>
<td>twc.Regression.TestCases.Criteo_Amazon_Testcases@5871a482</td></tr>
<tr>
<td title='twc.Regression.TestCases.Criteo_Amazon_Testcases.Verify_Criteo_SDK_inapp_v2_Call_size_parameter_with_Feed5_gampad_call()'><b>Verify_Criteo_SDK_inapp_v2_Call_size_parameter_with_Feed5_gampad_call</b><br>Test class: twc.Regression.TestCases.Criteo_Amazon_Testcases</td>
<td></td>
<td>0</td>
<td>twc.Regression.TestCases.Criteo_Amazon_Testcases@5871a482</td></tr>
<tr>
<td title='twc.Regression.TestCases.Criteo_Amazon_Testcases.Verify_Criteo_SDK_inapp_v2_Call_size_parameter_with_Running_details_gampad_call()'><b>Verify_Criteo_SDK_inapp_v2_Call_size_parameter_with_Running_details_gampad_call</b><br>Test class: twc.Regression.TestCases.Criteo_Amazon_Testcases</td>
<td></td>
<td>0</td>
<td>twc.Regression.TestCases.Criteo_Amazon_Testcases@5871a482</td></tr>
<tr>
<td title='twc.Regression.TestCases.Criteo_Amazon_Testcases.Verify_Criteo_SDK_inapp_v2_Call_size_parameter_with_SeasonalHub_details_gampad_call()'><b>Verify_Criteo_SDK_inapp_v2_Call_size_parameter_with_SeasonalHub_details_gampad_call</b><br>Test class: twc.Regression.TestCases.Criteo_Amazon_Testcases</td>
<td></td>
<td>0</td>
<td>twc.Regression.TestCases.Criteo_Amazon_Testcases@5871a482</td></tr>
<tr>
<td title='twc.Regression.TestCases.Criteo_Amazon_Testcases.Verify_Criteo_SDK_inapp_v2_Call_size_parameter_with_aq_details_gampad_call()'><b>Verify_Criteo_SDK_inapp_v2_Call_size_parameter_with_aq_details_gampad_call</b><br>Test class: twc.Regression.TestCases.Criteo_Amazon_Testcases</td>
<td></td>
<td>0</td>
<td>twc.Regression.TestCases.Criteo_Amazon_Testcases@5871a482</td></tr>
<tr>
<td title='twc.Regression.TestCases.Criteo_Amazon_Testcases.Verify_Criteo_SDK_inapp_v2_Call_size_parameter_with_boatAndBeach_details_gampad_call()'><b>Verify_Criteo_SDK_inapp_v2_Call_size_parameter_with_boatAndBeach_details_gampad_call</b><br>Test class: twc.Regression.TestCases.Criteo_Amazon_Testcases</td>
<td></td>
<td>0</td>
<td>twc.Regression.TestCases.Criteo_Amazon_Testcases@5871a482</td></tr>
<tr>
<td title='twc.Regression.TestCases.Criteo_Amazon_Testcases.Verify_Criteo_SDK_inapp_v2_Call_size_parameter_with_hourly1_details_gampad_call()'><b>Verify_Criteo_SDK_inapp_v2_Call_size_parameter_with_hourly1_details_gampad_call</b><br>Test class: twc.Regression.TestCases.Criteo_Amazon_Testcases</td>
<td></td>
<td>0</td>
<td>twc.Regression.TestCases.Criteo_Amazon_Testcases@5871a482</td></tr>
<tr>
<td title='twc.Regression.TestCases.Criteo_Amazon_Testcases.Verify_Criteo_SDK_inapp_v2_Call_size_parameter_with_hourly2_details_gampad_call()'><b>Verify_Criteo_SDK_inapp_v2_Call_size_parameter_with_hourly2_details_gampad_call</b><br>Test class: twc.Regression.TestCases.Criteo_Amazon_Testcases</td>
<td></td>
<td>0</td>
<td>twc.Regression.TestCases.Criteo_Amazon_Testcases@5871a482</td></tr>
<tr>
<td title='twc.Regression.TestCases.Criteo_Amazon_Testcases.Verify_Criteo_SDK_inapp_v2_Call_size_parameter_with_hourly3_details_gampad_call()'><b>Verify_Criteo_SDK_inapp_v2_Call_size_parameter_with_hourly3_details_gampad_call</b><br>Test class: twc.Regression.TestCases.Criteo_Amazon_Testcases</td>
<td></td>
<td>0</td>
<td>twc.Regression.TestCases.Criteo_Amazon_Testcases@5871a482</td></tr>
<tr>
<td title='twc.Regression.TestCases.Criteo_Amazon_Testcases.Verify_Criteo_SDK_inapp_v2_Call_size_parameter_with_hourly_details_gampad_call()'><b>Verify_Criteo_SDK_inapp_v2_Call_size_parameter_with_hourly_details_gampad_call</b><br>Test class: twc.Regression.TestCases.Criteo_Amazon_Testcases</td>
<td></td>
<td>0</td>
<td>twc.Regression.TestCases.Criteo_Amazon_Testcases@5871a482</td></tr>
<tr>
<td title='twc.Regression.TestCases.Criteo_Amazon_Testcases.Verify_Criteo_SDK_inapp_v2_Call_size_parameter_with_map_details_gampad_call()'><b>Verify_Criteo_SDK_inapp_v2_Call_size_parameter_with_map_details_gampad_call</b><br>Test class: twc.Regression.TestCases.Criteo_Amazon_Testcases</td>
<td></td>
<td>0</td>
<td>twc.Regression.TestCases.Criteo_Amazon_Testcases@5871a482</td></tr>
<tr>
<td title='twc.Regression.TestCases.Criteo_Amazon_Testcases.Verify_Criteo_SDK_inapp_v2_Call_size_parameter_with_today_details_gampad_call()'><b>Verify_Criteo_SDK_inapp_v2_Call_size_parameter_with_today_details_gampad_call</b><br>Test class: twc.Regression.TestCases.Criteo_Amazon_Testcases</td>
<td></td>
<td>0</td>
<td>twc.Regression.TestCases.Criteo_Amazon_Testcases@5871a482</td></tr>
<tr>
<td title='twc.Regression.TestCases.Criteo_Amazon_Testcases.Verify_Feed2_ad_call_amazon_bid_id()'><b>Verify_Feed2_ad_call_amazon_bid_id</b><br>Test class: twc.Regression.TestCases.Criteo_Amazon_Testcases</td>
<td></td>
<td>0</td>
<td>twc.Regression.TestCases.Criteo_Amazon_Testcases@5871a482</td></tr>
<tr>
<td title='twc.Regression.TestCases.Criteo_Amazon_Testcases.Verify_Feed4_ad_call_amazon_bid_id()'><b>Verify_Feed4_ad_call_amazon_bid_id</b><br>Test class: twc.Regression.TestCases.Criteo_Amazon_Testcases</td>
<td></td>
<td>0</td>
<td>twc.Regression.TestCases.Criteo_Amazon_Testcases@5871a482</td></tr>
<tr>
<td title='twc.Regression.TestCases.Criteo_Amazon_Testcases.Verify_Feed5_ad_call_amazon_bid_id()'><b>Verify_Feed5_ad_call_amazon_bid_id</b><br>Test class: twc.Regression.TestCases.Criteo_Amazon_Testcases</td>
<td></td>
<td>0</td>
<td>twc.Regression.TestCases.Criteo_Amazon_Testcases@5871a482</td></tr>
<tr>
<td title='twc.Regression.TestCases.Criteo_Amazon_Testcases.Verify_Hourly1_Details_ad_call_amazon_bid_id()'><b>Verify_Hourly1_Details_ad_call_amazon_bid_id</b><br>Test class: twc.Regression.TestCases.Criteo_Amazon_Testcases</td>
<td></td>
<td>0</td>
<td>twc.Regression.TestCases.Criteo_Amazon_Testcases@5871a482</td></tr>
<tr>
<td title='twc.Regression.TestCases.Criteo_Amazon_Testcases.Verify_Hourly2_Details_ad_call_amazon_bid_id()'><b>Verify_Hourly2_Details_ad_call_amazon_bid_id</b><br>Test class: twc.Regression.TestCases.Criteo_Amazon_Testcases</td>
<td></td>
<td>0</td>
<td>twc.Regression.TestCases.Criteo_Amazon_Testcases@5871a482</td></tr>
<tr>
<td title='twc.Regression.TestCases.Criteo_Amazon_Testcases.Verify_Hourly3_Details_ad_call_amazon_bid_id()'><b>Verify_Hourly3_Details_ad_call_amazon_bid_id</b><br>Test class: twc.Regression.TestCases.Criteo_Amazon_Testcases</td>
<td></td>
<td>0</td>
<td>twc.Regression.TestCases.Criteo_Amazon_Testcases@5871a482</td></tr>
<tr>
<td title='twc.Regression.TestCases.Criteo_Amazon_Testcases.Verify_Map_Details_ad_call_amazon_bid_id()'><b>Verify_Map_Details_ad_call_amazon_bid_id</b><br>Test class: twc.Regression.TestCases.Criteo_Amazon_Testcases</td>
<td></td>
<td>0</td>
<td>twc.Regression.TestCases.Criteo_Amazon_Testcases@5871a482</td></tr>
<tr>
<td title='twc.Regression.TestCases.Criteo_Amazon_Testcases.Verify_amazon_SlotId_Boat_Beach_Bigbanner_ad()'><b>Verify_amazon_SlotId_Boat_Beach_Bigbanner_ad</b><br>Test class: twc.Regression.TestCases.Criteo_Amazon_Testcases</td>
<td></td>
<td>0</td>
<td>twc.Regression.TestCases.Criteo_Amazon_Testcases@5871a482</td></tr>
<tr>
<td title='twc.Regression.TestCases.Criteo_Amazon_Testcases.Verify_amazon_SlotId_outdoor_details()'><b>Verify_amazon_SlotId_outdoor_details</b><br>Test class: twc.Regression.TestCases.Criteo_Amazon_Testcases</td>
<td></td>
<td>0</td>
<td>twc.Regression.TestCases.Criteo_Amazon_Testcases@5871a482</td></tr>
<tr>
<td title='twc.Regression.TestCases.Criteo_Amazon_Testcases.Verify_amazon_aaxSlot_feed1_adCall()'><b>Verify_amazon_aaxSlot_feed1_adCall</b><br>Test class: twc.Regression.TestCases.Criteo_Amazon_Testcases</td>
<td></td>
<td>0</td>
<td>twc.Regression.TestCases.Criteo_Amazon_Testcases@5871a482</td></tr>
<tr>
<td title='twc.Regression.TestCases.Criteo_Amazon_Testcases.Verify_amazon_aaxSlot_feed2_adcall()'><b>Verify_amazon_aaxSlot_feed2_adcall</b><br>Test class: twc.Regression.TestCases.Criteo_Amazon_Testcases</td>
<td></td>
<td>0</td>
<td>twc.Regression.TestCases.Criteo_Amazon_Testcases@5871a482</td></tr>
<tr>
<td title='twc.Regression.TestCases.Criteo_Amazon_Testcases.Verify_amazon_aaxSlot_feed4_adcall()'><b>Verify_amazon_aaxSlot_feed4_adcall</b><br>Test class: twc.Regression.TestCases.Criteo_Amazon_Testcases</td>
<td></td>
<td>0</td>
<td>twc.Regression.TestCases.Criteo_Amazon_Testcases@5871a482</td></tr>
<tr>
<td title='twc.Regression.TestCases.Criteo_Amazon_Testcases.Verify_amazon_aaxSlot_feed5_adcall()'><b>Verify_amazon_aaxSlot_feed5_adcall</b><br>Test class: twc.Regression.TestCases.Criteo_Amazon_Testcases</td>
<td></td>
<td>0</td>
<td>twc.Regression.TestCases.Criteo_Amazon_Testcases@5871a482</td></tr>
<tr>
<td title='twc.Regression.TestCases.Criteo_Amazon_Testcases.Verify_amazon_aax_SeasonalHub_details_adcall()'><b>Verify_amazon_aax_SeasonalHub_details_adcall</b><br>Test class: twc.Regression.TestCases.Criteo_Amazon_Testcases</td>
<td></td>
<td>0</td>
<td>twc.Regression.TestCases.Criteo_Amazon_Testcases@5871a482</td></tr>
<tr>
<td title='twc.Regression.TestCases.Criteo_Amazon_Testcases.Verify_amazon_aax_mapsdetails_adcall()'><b>Verify_amazon_aax_mapsdetails_adcall</b><br>Test class: twc.Regression.TestCases.Criteo_Amazon_Testcases</td>
<td></td>
<td>0</td>
<td>twc.Regression.TestCases.Criteo_Amazon_Testcases@5871a482</td></tr>
<tr>
<td title='twc.Regression.TestCases.Criteo_Amazon_Testcases.Verify_amazon_aax_preload_Hourly1_details_adcall()'><b>Verify_amazon_aax_preload_Hourly1_details_adcall</b><br>Test class: twc.Regression.TestCases.Criteo_Amazon_Testcases</td>
<td></td>
<td>0</td>
<td>twc.Regression.TestCases.Criteo_Amazon_Testcases@5871a482</td></tr>
<tr>
<td title='twc.Regression.TestCases.Criteo_Amazon_Testcases.Verify_amazon_aax_preload_Hourly2_details_adcall()'><b>Verify_amazon_aax_preload_Hourly2_details_adcall</b><br>Test class: twc.Regression.TestCases.Criteo_Amazon_Testcases</td>
<td></td>
<td>0</td>
<td>twc.Regression.TestCases.Criteo_Amazon_Testcases@5871a482</td></tr>
<tr>
<td title='twc.Regression.TestCases.Criteo_Amazon_Testcases.Verify_amazon_aax_preload_Hourly3_details_adcall()'><b>Verify_amazon_aax_preload_Hourly3_details_adcall</b><br>Test class: twc.Regression.TestCases.Criteo_Amazon_Testcases</td>
<td></td>
<td>0</td>
<td>twc.Regression.TestCases.Criteo_Amazon_Testcases@5871a482</td></tr>
<tr>
<td title='twc.Regression.TestCases.Criteo_Amazon_Testcases.Verify_amazon_aax_preload_Hourly_details_adcall()'><b>Verify_amazon_aax_preload_Hourly_details_adcall</b><br>Test class: twc.Regression.TestCases.Criteo_Amazon_Testcases</td>
<td></td>
<td>0</td>
<td>twc.Regression.TestCases.Criteo_Amazon_Testcases@5871a482</td></tr>
<tr>
<td title='twc.Regression.TestCases.Criteo_Amazon_Testcases.Verifying_amazon_slotId_for_AlertsCenter()'><b>Verifying_amazon_slotId_for_AlertsCenter</b><br>Test class: twc.Regression.TestCases.Criteo_Amazon_Testcases</td>
<td></td>
<td>0</td>
<td>twc.Regression.TestCases.Criteo_Amazon_Testcases@5871a482</td></tr>
</table><p>
</body>
</html>