<?xml version="1.0" encoding="UTF-8"?>
<!-- Generated by org.testng.reporters.JUnitXMLReporter -->
<testsuite hostname="Aswinikumars-MacBook-Pro.local" name="Default test" tests="87" failures="10" timestamp="24 Jan 2022 14:39:39 GMT" time="13.933" errors="0">
  <testcase name="Validate_Amazon_SDK_adsdk_parameter" time="1.204" classname="twc.Regression.TestCases.Criteo_Amazon_Testcases"/>
  <testcase name="Verifying_amazon_slotId_for_AlertsCenter" time="0.106" classname="twc.Regression.TestCases.Criteo_Amazon_Testcases"/>
  <testcase name="Verify_amazon_aaxSlot_feed1_adCall" time="0.116" classname="twc.Regression.TestCases.Criteo_Amazon_Testcases"/>
  <testcase name="Verify_amazon_aaxSlot_feed2_adcall" time="0.118" classname="twc.Regression.TestCases.Criteo_Amazon_Testcases"/>
  <testcase name="Smoke_Test_amazon_aaxSlot_feed3_adcall" time="0.121" classname="twc.Regression.TestCases.Criteo_Amazon_Testcases"/>
  <testcase name="Verify_amazon_aaxSlot_feed4_adcall" time="0.09" classname="twc.Regression.TestCases.Criteo_Amazon_Testcases"/>
  <testcase name="Verify_amazon_aaxSlot_feed5_adcall" time="0.078" classname="twc.Regression.TestCases.Criteo_Amazon_Testcases"/>
  <testcase name="Verify_amazon_aax_mapsdetails_adcall" time="0.083" classname="twc.Regression.TestCases.Criteo_Amazon_Testcases"/>
  <testcase name="Smoke_Test_amazon_aax_today_deatailcard" time="0.077" classname="twc.Regression.TestCases.Criteo_Amazon_Testcases"/>
  <testcase name="Smoke_Test_amazon_aax_Airquality_deatailcard" time="0.091" classname="twc.Regression.TestCases.Criteo_Amazon_Testcases"/>
  <testcase name="Smoke_Test_Verify_amazon_SlotId_Running_Bigbanner_ad" time="0.075" classname="twc.Regression.TestCases.Criteo_Amazon_Testcases"/>
  <testcase name="Verify_amazon_SlotId_Boat_Beach_Bigbanner_ad" time="0.095" classname="twc.Regression.TestCases.Criteo_Amazon_Testcases"/>
  <testcase name="Verify_amazon_SlotId_outdoor_details" time="0.069" classname="twc.Regression.TestCases.Criteo_Amazon_Testcases"/>
  <testcase name="Verify_amazon_aax_preload_Hourly_details_adcall" time="0.067" classname="twc.Regression.TestCases.Criteo_Amazon_Testcases"/>
  <testcase name="Verify_amazon_aax_preload_Hourly1_details_adcall" time="0.069" classname="twc.Regression.TestCases.Criteo_Amazon_Testcases"/>
  <testcase name="Verify_amazon_aax_preload_Hourly2_details_adcall" time="0.069" classname="twc.Regression.TestCases.Criteo_Amazon_Testcases"/>
  <testcase name="Verify_amazon_aax_preload_Hourly3_details_adcall" time="0.066" classname="twc.Regression.TestCases.Criteo_Amazon_Testcases"/>
  <testcase name="Verify_AlertCenter_ad_call_amazon_bid_id" time="0.224" classname="twc.Regression.TestCases.Criteo_Amazon_Testcases">
    <failure type="java.lang.AssertionError" message="Ad Call :iu=%2F7646%2Fapp_android_us%2Fdb_display%2Fdetails%2Falerts%2Fcenter not contains the Custom Parameter: amzn_b, hence Custom Parameter: amzn_b validation failed">
      <![CDATA[java.lang.AssertionError: Ad Call :iu=%2F7646%2Fapp_android_us%2Fdb_display%2Fdetails%2Falerts%2Fcenter not contains the Custom Parameter: amzn_b, hence Custom Parameter: amzn_b validation failed
	at org.testng.Assert.fail(Assert.java:94)
	at twc.Regression.General.Functions.validate_aax_bid_value_with_gampad_bid_value(Functions.java:5538)
	at twc.Regression.TestCases.Criteo_Amazon_Testcases.Verify_AlertCenter_ad_call_amazon_bid_id(Criteo_Amazon_Testcases.java:268)
	at sun.reflect.NativeMethodAccessorImpl.invoke0(Native Method)
	at sun.reflect.NativeMethodAccessorImpl.invoke(NativeMethodAccessorImpl.java:62)
	at sun.reflect.DelegatingMethodAccessorImpl.invoke(DelegatingMethodAccessorImpl.java:43)
	at java.lang.reflect.Method.invoke(Method.java:498)
	at org.testng.internal.MethodInvocationHelper.invokeMethod(MethodInvocationHelper.java:85)
	at org.testng.internal.Invoker.invokeMethod(Invoker.java:659)
	at org.testng.internal.Invoker.invokeTestMethod(Invoker.java:845)
	at org.testng.internal.Invoker.invokeTestMethods(Invoker.java:1153)
	at org.testng.internal.TestMethodWorker.invokeTestMethods(TestMethodWorker.java:125)
	at org.testng.internal.TestMethodWorker.run(TestMethodWorker.java:108)
	at org.testng.TestRunner.privateRun(TestRunner.java:771)
	at org.testng.TestRunner.run(TestRunner.java:621)
	at org.testng.SuiteRunner.runTest(SuiteRunner.java:357)
	at org.testng.SuiteRunner.runSequentially(SuiteRunner.java:352)
	at org.testng.SuiteRunner.privateRun(SuiteRunner.java:310)
	at org.testng.SuiteRunner.run(SuiteRunner.java:259)
	at org.testng.SuiteRunnerWorker.runSuite(SuiteRunnerWorker.java:52)
	at org.testng.SuiteRunnerWorker.run(SuiteRunnerWorker.java:86)
	at org.testng.TestNG.runSuitesSequentially(TestNG.java:1199)
	at org.testng.TestNG.runSuitesLocally(TestNG.java:1124)
	at org.testng.TestNG.run(TestNG.java:1032)
	at org.testng.remote.AbstractRemoteTestNG.run(AbstractRemoteTestNG.java:115)
	at org.testng.remote.RemoteTestNG.initAndRun(RemoteTestNG.java:251)
	at org.testng.remote.RemoteTestNG.main(RemoteTestNG.java:77)
]]>
    </failure>
  </testcase> <!-- Verify_AlertCenter_ad_call_amazon_bid_id -->
  <testcase name="Smoke_Test_amazon_aax_Daily_details_Day1_adcall" time="0.073" classname="twc.Regression.TestCases.Criteo_Amazon_Testcases"/>
  <testcase name="Verify_Feed1_ad_call_amazon_bid_id" time="0.237" classname="twc.Regression.TestCases.Criteo_Amazon_Testcases">
    <failure type="java.lang.AssertionError" message="Ad Call :iu=%2F7646%2Fapp_android_us%2Fdb_display%2Ffeed%2Ffeed_1 not contains the Custom Parameter: amzn_b, hence Custom Parameter: amzn_b validation failed">
      <![CDATA[java.lang.AssertionError: Ad Call :iu=%2F7646%2Fapp_android_us%2Fdb_display%2Ffeed%2Ffeed_1 not contains the Custom Parameter: amzn_b, hence Custom Parameter: amzn_b validation failed
	at org.testng.Assert.fail(Assert.java:94)
	at twc.Regression.General.Functions.validate_aax_bid_value_with_gampad_bid_value(Functions.java:5538)
	at twc.Regression.TestCases.Criteo_Amazon_Testcases.Verify_Feed1_ad_call_amazon_bid_id(Criteo_Amazon_Testcases.java:289)
	at sun.reflect.NativeMethodAccessorImpl.invoke0(Native Method)
	at sun.reflect.NativeMethodAccessorImpl.invoke(NativeMethodAccessorImpl.java:62)
	at sun.reflect.DelegatingMethodAccessorImpl.invoke(DelegatingMethodAccessorImpl.java:43)
	at java.lang.reflect.Method.invoke(Method.java:498)
	at org.testng.internal.MethodInvocationHelper.invokeMethod(MethodInvocationHelper.java:85)
	at org.testng.internal.Invoker.invokeMethod(Invoker.java:659)
	at org.testng.internal.Invoker.invokeTestMethod(Invoker.java:845)
	at org.testng.internal.Invoker.invokeTestMethods(Invoker.java:1153)
	at org.testng.internal.TestMethodWorker.invokeTestMethods(TestMethodWorker.java:125)
	at org.testng.internal.TestMethodWorker.run(TestMethodWorker.java:108)
	at org.testng.TestRunner.privateRun(TestRunner.java:771)
	at org.testng.TestRunner.run(TestRunner.java:621)
	at org.testng.SuiteRunner.runTest(SuiteRunner.java:357)
	at org.testng.SuiteRunner.runSequentially(SuiteRunner.java:352)
	at org.testng.SuiteRunner.privateRun(SuiteRunner.java:310)
	at org.testng.SuiteRunner.run(SuiteRunner.java:259)
	at org.testng.SuiteRunnerWorker.runSuite(SuiteRunnerWorker.java:52)
	at org.testng.SuiteRunnerWorker.run(SuiteRunnerWorker.java:86)
	at org.testng.TestNG.runSuitesSequentially(TestNG.java:1199)
	at org.testng.TestNG.runSuitesLocally(TestNG.java:1124)
	at org.testng.TestNG.run(TestNG.java:1032)
	at org.testng.remote.AbstractRemoteTestNG.run(AbstractRemoteTestNG.java:115)
	at org.testng.remote.RemoteTestNG.initAndRun(RemoteTestNG.java:251)
	at org.testng.remote.RemoteTestNG.main(RemoteTestNG.java:77)
]]>
    </failure>
  </testcase> <!-- Verify_Feed1_ad_call_amazon_bid_id -->
  <testcase name="Verify_Feed2_ad_call_amazon_bid_id" time="0.214" classname="twc.Regression.TestCases.Criteo_Amazon_Testcases"/>
  <testcase name="Verify_Feed3_ad_call_amazon_bid_id" time="0.142" classname="twc.Regression.TestCases.Criteo_Amazon_Testcases">
    <failure type="java.lang.AssertionError" message="Ad Call :iu=%2F7646%2Fapp_android_us%2Fdb_display%2Ffeed%2Ffeed_3 not contains the Custom Parameter: amzn_b, hence Custom Parameter: amzn_b validation failed">
      <![CDATA[java.lang.AssertionError: Ad Call :iu=%2F7646%2Fapp_android_us%2Fdb_display%2Ffeed%2Ffeed_3 not contains the Custom Parameter: amzn_b, hence Custom Parameter: amzn_b validation failed
	at org.testng.Assert.fail(Assert.java:94)
	at twc.Regression.General.Functions.validate_aax_bid_value_with_gampad_bid_value(Functions.java:5538)
	at twc.Regression.TestCases.Criteo_Amazon_Testcases.Verify_Feed3_ad_call_amazon_bid_id(Criteo_Amazon_Testcases.java:310)
	at sun.reflect.NativeMethodAccessorImpl.invoke0(Native Method)
	at sun.reflect.NativeMethodAccessorImpl.invoke(NativeMethodAccessorImpl.java:62)
	at sun.reflect.DelegatingMethodAccessorImpl.invoke(DelegatingMethodAccessorImpl.java:43)
	at java.lang.reflect.Method.invoke(Method.java:498)
	at org.testng.internal.MethodInvocationHelper.invokeMethod(MethodInvocationHelper.java:85)
	at org.testng.internal.Invoker.invokeMethod(Invoker.java:659)
	at org.testng.internal.Invoker.invokeTestMethod(Invoker.java:845)
	at org.testng.internal.Invoker.invokeTestMethods(Invoker.java:1153)
	at org.testng.internal.TestMethodWorker.invokeTestMethods(TestMethodWorker.java:125)
	at org.testng.internal.TestMethodWorker.run(TestMethodWorker.java:108)
	at org.testng.TestRunner.privateRun(TestRunner.java:771)
	at org.testng.TestRunner.run(TestRunner.java:621)
	at org.testng.SuiteRunner.runTest(SuiteRunner.java:357)
	at org.testng.SuiteRunner.runSequentially(SuiteRunner.java:352)
	at org.testng.SuiteRunner.privateRun(SuiteRunner.java:310)
	at org.testng.SuiteRunner.run(SuiteRunner.java:259)
	at org.testng.SuiteRunnerWorker.runSuite(SuiteRunnerWorker.java:52)
	at org.testng.SuiteRunnerWorker.run(SuiteRunnerWorker.java:86)
	at org.testng.TestNG.runSuitesSequentially(TestNG.java:1199)
	at org.testng.TestNG.runSuitesLocally(TestNG.java:1124)
	at org.testng.TestNG.run(TestNG.java:1032)
	at org.testng.remote.AbstractRemoteTestNG.run(AbstractRemoteTestNG.java:115)
	at org.testng.remote.RemoteTestNG.initAndRun(RemoteTestNG.java:251)
	at org.testng.remote.RemoteTestNG.main(RemoteTestNG.java:77)
]]>
    </failure>
  </testcase> <!-- Verify_Feed3_ad_call_amazon_bid_id -->
  <testcase name="Verify_Feed4_ad_call_amazon_bid_id" time="0.074" classname="twc.Regression.TestCases.Criteo_Amazon_Testcases"/>
  <testcase name="Verify_Feed5_ad_call_amazon_bid_id" time="0.073" classname="twc.Regression.TestCases.Criteo_Amazon_Testcases"/>
  <testcase name="Verify_Map_Details_ad_call_amazon_bid_id" time="0.155" classname="twc.Regression.TestCases.Criteo_Amazon_Testcases"/>
  <testcase name="Verify_Today_Details_ad_call_amazon_bid_id" time="0.151" classname="twc.Regression.TestCases.Criteo_Amazon_Testcases">
    <failure type="java.lang.AssertionError" message="Ad Call :iu=%2F7646%2Fapp_android_us%2Fdb_display%2Fdetails%2Ftoday not contains the Custom Parameter: amzn_b, hence Custom Parameter: amzn_b validation failed">
      <![CDATA[java.lang.AssertionError: Ad Call :iu=%2F7646%2Fapp_android_us%2Fdb_display%2Fdetails%2Ftoday not contains the Custom Parameter: amzn_b, hence Custom Parameter: amzn_b validation failed
	at org.testng.Assert.fail(Assert.java:94)
	at twc.Regression.General.Functions.validate_aax_bid_value_with_gampad_bid_value(Functions.java:5538)
	at twc.Regression.TestCases.Criteo_Amazon_Testcases.Verify_Today_Details_ad_call_amazon_bid_id(Criteo_Amazon_Testcases.java:354)
	at sun.reflect.NativeMethodAccessorImpl.invoke0(Native Method)
	at sun.reflect.NativeMethodAccessorImpl.invoke(NativeMethodAccessorImpl.java:62)
	at sun.reflect.DelegatingMethodAccessorImpl.invoke(DelegatingMethodAccessorImpl.java:43)
	at java.lang.reflect.Method.invoke(Method.java:498)
	at org.testng.internal.MethodInvocationHelper.invokeMethod(MethodInvocationHelper.java:85)
	at org.testng.internal.Invoker.invokeMethod(Invoker.java:659)
	at org.testng.internal.Invoker.invokeTestMethod(Invoker.java:845)
	at org.testng.internal.Invoker.invokeTestMethods(Invoker.java:1153)
	at org.testng.internal.TestMethodWorker.invokeTestMethods(TestMethodWorker.java:125)
	at org.testng.internal.TestMethodWorker.run(TestMethodWorker.java:108)
	at org.testng.TestRunner.privateRun(TestRunner.java:771)
	at org.testng.TestRunner.run(TestRunner.java:621)
	at org.testng.SuiteRunner.runTest(SuiteRunner.java:357)
	at org.testng.SuiteRunner.runSequentially(SuiteRunner.java:352)
	at org.testng.SuiteRunner.privateRun(SuiteRunner.java:310)
	at org.testng.SuiteRunner.run(SuiteRunner.java:259)
	at org.testng.SuiteRunnerWorker.runSuite(SuiteRunnerWorker.java:52)
	at org.testng.SuiteRunnerWorker.run(SuiteRunnerWorker.java:86)
	at org.testng.TestNG.runSuitesSequentially(TestNG.java:1199)
	at org.testng.TestNG.runSuitesLocally(TestNG.java:1124)
	at org.testng.TestNG.run(TestNG.java:1032)
	at org.testng.remote.AbstractRemoteTestNG.run(AbstractRemoteTestNG.java:115)
	at org.testng.remote.RemoteTestNG.initAndRun(RemoteTestNG.java:251)
	at org.testng.remote.RemoteTestNG.main(RemoteTestNG.java:77)
]]>
    </failure>
  </testcase> <!-- Verify_Today_Details_ad_call_amazon_bid_id -->
  <testcase name="Verify_AQ_Details_ad_call_amazon_bid_id" time="0.07" classname="twc.Regression.TestCases.Criteo_Amazon_Testcases"/>
  <testcase name="Verify_Health_BoatAndBeach_Details_ad_call_amazon_bid_id" time="0.155" classname="twc.Regression.TestCases.Criteo_Amazon_Testcases">
    <failure type="java.lang.AssertionError" message="Ad Call :iu=%2F7646%2Fapp_android_us%2Fdb_display%2Fcontent%2Fboat_beach not contains the Custom Parameter: amzn_b, hence Custom Parameter: amzn_b validation failed">
      <![CDATA[java.lang.AssertionError: Ad Call :iu=%2F7646%2Fapp_android_us%2Fdb_display%2Fcontent%2Fboat_beach not contains the Custom Parameter: amzn_b, hence Custom Parameter: amzn_b validation failed
	at org.testng.Assert.fail(Assert.java:94)
	at twc.Regression.General.Functions.validate_aax_bid_value_with_gampad_bid_value(Functions.java:5538)
	at twc.Regression.TestCases.Criteo_Amazon_Testcases.Verify_Health_BoatAndBeach_Details_ad_call_amazon_bid_id(Criteo_Amazon_Testcases.java:376)
	at sun.reflect.NativeMethodAccessorImpl.invoke0(Native Method)
	at sun.reflect.NativeMethodAccessorImpl.invoke(NativeMethodAccessorImpl.java:62)
	at sun.reflect.DelegatingMethodAccessorImpl.invoke(DelegatingMethodAccessorImpl.java:43)
	at java.lang.reflect.Method.invoke(Method.java:498)
	at org.testng.internal.MethodInvocationHelper.invokeMethod(MethodInvocationHelper.java:85)
	at org.testng.internal.Invoker.invokeMethod(Invoker.java:659)
	at org.testng.internal.Invoker.invokeTestMethod(Invoker.java:845)
	at org.testng.internal.Invoker.invokeTestMethods(Invoker.java:1153)
	at org.testng.internal.TestMethodWorker.invokeTestMethods(TestMethodWorker.java:125)
	at org.testng.internal.TestMethodWorker.run(TestMethodWorker.java:108)
	at org.testng.TestRunner.privateRun(TestRunner.java:771)
	at org.testng.TestRunner.run(TestRunner.java:621)
	at org.testng.SuiteRunner.runTest(SuiteRunner.java:357)
	at org.testng.SuiteRunner.runSequentially(SuiteRunner.java:352)
	at org.testng.SuiteRunner.privateRun(SuiteRunner.java:310)
	at org.testng.SuiteRunner.run(SuiteRunner.java:259)
	at org.testng.SuiteRunnerWorker.runSuite(SuiteRunnerWorker.java:52)
	at org.testng.SuiteRunnerWorker.run(SuiteRunnerWorker.java:86)
	at org.testng.TestNG.runSuitesSequentially(TestNG.java:1199)
	at org.testng.TestNG.runSuitesLocally(TestNG.java:1124)
	at org.testng.TestNG.run(TestNG.java:1032)
	at org.testng.remote.AbstractRemoteTestNG.run(AbstractRemoteTestNG.java:115)
	at org.testng.remote.RemoteTestNG.initAndRun(RemoteTestNG.java:251)
	at org.testng.remote.RemoteTestNG.main(RemoteTestNG.java:77)
]]>
    </failure>
  </testcase> <!-- Verify_Health_BoatAndBeach_Details_ad_call_amazon_bid_id -->
  <testcase name="Verify_Health_Running_Details_ad_call_amazon_bid_id" time="0.137" classname="twc.Regression.TestCases.Criteo_Amazon_Testcases">
    <failure type="java.lang.AssertionError" message="Ad Call :iu=%2F7646%2Fapp_android_us%2Fdb_display%2Fcontent%2Frunning not contains the Custom Parameter: amzn_b, hence Custom Parameter: amzn_b validation failed">
      <![CDATA[java.lang.AssertionError: Ad Call :iu=%2F7646%2Fapp_android_us%2Fdb_display%2Fcontent%2Frunning not contains the Custom Parameter: amzn_b, hence Custom Parameter: amzn_b validation failed
	at org.testng.Assert.fail(Assert.java:94)
	at twc.Regression.General.Functions.validate_aax_bid_value_with_gampad_bid_value(Functions.java:5538)
	at twc.Regression.TestCases.Criteo_Amazon_Testcases.Verify_Health_Running_Details_ad_call_amazon_bid_id(Criteo_Amazon_Testcases.java:388)
	at sun.reflect.NativeMethodAccessorImpl.invoke0(Native Method)
	at sun.reflect.NativeMethodAccessorImpl.invoke(NativeMethodAccessorImpl.java:62)
	at sun.reflect.DelegatingMethodAccessorImpl.invoke(DelegatingMethodAccessorImpl.java:43)
	at java.lang.reflect.Method.invoke(Method.java:498)
	at org.testng.internal.MethodInvocationHelper.invokeMethod(MethodInvocationHelper.java:85)
	at org.testng.internal.Invoker.invokeMethod(Invoker.java:659)
	at org.testng.internal.Invoker.invokeTestMethod(Invoker.java:845)
	at org.testng.internal.Invoker.invokeTestMethods(Invoker.java:1153)
	at org.testng.internal.TestMethodWorker.invokeTestMethods(TestMethodWorker.java:125)
	at org.testng.internal.TestMethodWorker.run(TestMethodWorker.java:108)
	at org.testng.TestRunner.privateRun(TestRunner.java:771)
	at org.testng.TestRunner.run(TestRunner.java:621)
	at org.testng.SuiteRunner.runTest(SuiteRunner.java:357)
	at org.testng.SuiteRunner.runSequentially(SuiteRunner.java:352)
	at org.testng.SuiteRunner.privateRun(SuiteRunner.java:310)
	at org.testng.SuiteRunner.run(SuiteRunner.java:259)
	at org.testng.SuiteRunnerWorker.runSuite(SuiteRunnerWorker.java:52)
	at org.testng.SuiteRunnerWorker.run(SuiteRunnerWorker.java:86)
	at org.testng.TestNG.runSuitesSequentially(TestNG.java:1199)
	at org.testng.TestNG.runSuitesLocally(TestNG.java:1124)
	at org.testng.TestNG.run(TestNG.java:1032)
	at org.testng.remote.AbstractRemoteTestNG.run(AbstractRemoteTestNG.java:115)
	at org.testng.remote.RemoteTestNG.initAndRun(RemoteTestNG.java:251)
	at org.testng.remote.RemoteTestNG.main(RemoteTestNG.java:77)
]]>
    </failure>
  </testcase> <!-- Verify_Health_Running_Details_ad_call_amazon_bid_id -->
  <testcase name="Verify_amazon_aax_SeasonalHub_details_adcall" time="0.062" classname="twc.Regression.TestCases.Criteo_Amazon_Testcases"/>
  <testcase name="Verify_Hourly1_Details_ad_call_amazon_bid_id" time="0.137" classname="twc.Regression.TestCases.Criteo_Amazon_Testcases"/>
  <testcase name="Verify_Hourly2_Details_ad_call_amazon_bid_id" time="0.138" classname="twc.Regression.TestCases.Criteo_Amazon_Testcases"/>
  <testcase name="Verify_Hourly3_Details_ad_call_amazon_bid_id" time="0.142" classname="twc.Regression.TestCases.Criteo_Amazon_Testcases"/>
  <testcase name="Verify_Daily_Details_ad_call_amazon_bid_id" time="0.159" classname="twc.Regression.TestCases.Criteo_Amazon_Testcases">
    <failure type="java.lang.AssertionError" message="Ad Call :iu=%2F7646%2Fapp_android_us%2Fdb_display%2Fdetails%2F10day_ not found in charles session, hence Custom Parameter: amzn_b validation failed">
      <![CDATA[java.lang.AssertionError: Ad Call :iu=%2F7646%2Fapp_android_us%2Fdb_display%2Fdetails%2F10day_ not found in charles session, hence Custom Parameter: amzn_b validation failed
	at org.testng.Assert.fail(Assert.java:94)
	at twc.Regression.General.Functions.validate_aax_bid_value_with_gampad_bid_value(Functions.java:5531)
	at twc.Regression.TestCases.Criteo_Amazon_Testcases.Verify_Daily_Details_ad_call_amazon_bid_id(Criteo_Amazon_Testcases.java:445)
	at sun.reflect.NativeMethodAccessorImpl.invoke0(Native Method)
	at sun.reflect.NativeMethodAccessorImpl.invoke(NativeMethodAccessorImpl.java:62)
	at sun.reflect.DelegatingMethodAccessorImpl.invoke(DelegatingMethodAccessorImpl.java:43)
	at java.lang.reflect.Method.invoke(Method.java:498)
	at org.testng.internal.MethodInvocationHelper.invokeMethod(MethodInvocationHelper.java:85)
	at org.testng.internal.Invoker.invokeMethod(Invoker.java:659)
	at org.testng.internal.Invoker.invokeTestMethod(Invoker.java:845)
	at org.testng.internal.Invoker.invokeTestMethods(Invoker.java:1153)
	at org.testng.internal.TestMethodWorker.invokeTestMethods(TestMethodWorker.java:125)
	at org.testng.internal.TestMethodWorker.run(TestMethodWorker.java:108)
	at org.testng.TestRunner.privateRun(TestRunner.java:771)
	at org.testng.TestRunner.run(TestRunner.java:621)
	at org.testng.SuiteRunner.runTest(SuiteRunner.java:357)
	at org.testng.SuiteRunner.runSequentially(SuiteRunner.java:352)
	at org.testng.SuiteRunner.privateRun(SuiteRunner.java:310)
	at org.testng.SuiteRunner.run(SuiteRunner.java:259)
	at org.testng.SuiteRunnerWorker.runSuite(SuiteRunnerWorker.java:52)
	at org.testng.SuiteRunnerWorker.run(SuiteRunnerWorker.java:86)
	at org.testng.TestNG.runSuitesSequentially(TestNG.java:1199)
	at org.testng.TestNG.runSuitesLocally(TestNG.java:1124)
	at org.testng.TestNG.run(TestNG.java:1032)
	at org.testng.remote.AbstractRemoteTestNG.run(AbstractRemoteTestNG.java:115)
	at org.testng.remote.RemoteTestNG.initAndRun(RemoteTestNG.java:251)
	at org.testng.remote.RemoteTestNG.main(RemoteTestNG.java:77)
]]>
    </failure>
  </testcase> <!-- Verify_Daily_Details_ad_call_amazon_bid_id -->
  <testcase name="Verify_Criteo_SDK_config_app_Call" time="0.124" classname="twc.Regression.TestCases.Criteo_Amazon_Testcases"/>
  <testcase name="Verify_Criteo_SDK_inapp_v2_Call" time="0.126" classname="twc.Regression.TestCases.Criteo_Amazon_Testcases"/>
  <testcase name="Validate_Criteo_SDK_config_app_Call_cpId_parameter" time="0.241" classname="twc.Regression.TestCases.Criteo_Amazon_Testcases"/>
  <testcase name="Validate_Criteo_SDK_config_app_Call_bundleId_parameter" time="0.153" classname="twc.Regression.TestCases.Criteo_Amazon_Testcases"/>
  <testcase name="Validate_Criteo_SDK_config_app_Call_sdkVersion_parameter" time="0.163" classname="twc.Regression.TestCases.Criteo_Amazon_Testcases"/>
  <testcase name="Verify_Criteo_SDK_inapp_v2_Call_cpm_parameter_with_Feed1_gampad_call" time="0.153" classname="twc.Regression.TestCases.Criteo_Amazon_Testcases"/>
  <testcase name="Verify_Criteo_SDK_inapp_v2_Call_size_parameter_with_Feed1_gampad_call" time="0.155" classname="twc.Regression.TestCases.Criteo_Amazon_Testcases"/>
  <testcase name="Verify_Criteo_SDK_inapp_v2_Call_displayUrl_parameter_with_Feed1_gampad_call" time="0.15" classname="twc.Regression.TestCases.Criteo_Amazon_Testcases"/>
  <testcase name="Verify_Criteo_SDK_inapp_v2_Call_cpm_parameter_with_Feed2_gampad_call" time="0.161" classname="twc.Regression.TestCases.Criteo_Amazon_Testcases"/>
  <testcase name="Verify_Criteo_SDK_inapp_v2_Call_size_parameter_with_Feed2_gampad_call" time="0.2" classname="twc.Regression.TestCases.Criteo_Amazon_Testcases"/>
  <testcase name="Verify_Criteo_SDK_inapp_v2_Call_displayUrl_parameter_with_Feed2_gampad_call" time="0.154" classname="twc.Regression.TestCases.Criteo_Amazon_Testcases"/>
  <testcase name="Verify_Criteo_SDK_inapp_v2_Call_cpm_parameter_with_Feed3_gampad_call" time="0.15" classname="twc.Regression.TestCases.Criteo_Amazon_Testcases"/>
  <testcase name="Verify_Criteo_SDK_inapp_v2_Call_size_parameter_with_Feed3_gampad_call" time="0.161" classname="twc.Regression.TestCases.Criteo_Amazon_Testcases"/>
  <testcase name="Verify_Criteo_SDK_inapp_v2_Call_displayUrl_parameter_with_Feed3_gampad_call" time="0.151" classname="twc.Regression.TestCases.Criteo_Amazon_Testcases"/>
  <testcase name="Verify_Criteo_SDK_inapp_v2_Call_cpm_parameter_with_Feed4_gampad_call" time="0.158" classname="twc.Regression.TestCases.Criteo_Amazon_Testcases"/>
  <testcase name="Verify_Criteo_SDK_inapp_v2_Call_size_parameter_with_Feed4_gampad_call" time="0.155" classname="twc.Regression.TestCases.Criteo_Amazon_Testcases"/>
  <testcase name="Verify_Criteo_SDK_inapp_v2_Call_displayUrl_parameter_with_Feed4_gampad_call" time="0.158" classname="twc.Regression.TestCases.Criteo_Amazon_Testcases"/>
  <testcase name="Verify_Criteo_SDK_inapp_v2_Call_cpm_parameter_with_Feed5_gampad_call" time="0.2" classname="twc.Regression.TestCases.Criteo_Amazon_Testcases"/>
  <testcase name="Verify_Criteo_SDK_inapp_v2_Call_size_parameter_with_Feed5_gampad_call" time="0.246" classname="twc.Regression.TestCases.Criteo_Amazon_Testcases"/>
  <testcase name="Verify_Criteo_SDK_inapp_v2_Call_displayUrl_parameter_with_Feed5_gampad_call" time="0.255" classname="twc.Regression.TestCases.Criteo_Amazon_Testcases"/>
  <testcase name="Verify_Criteo_SDK_inapp_v2_Call_cpm_parameter_with_map_details_gampad_call" time="0.241" classname="twc.Regression.TestCases.Criteo_Amazon_Testcases"/>
  <testcase name="Verify_Criteo_SDK_inapp_v2_Call_size_parameter_with_map_details_gampad_call" time="0.334" classname="twc.Regression.TestCases.Criteo_Amazon_Testcases"/>
  <testcase name="Verify_Criteo_SDK_inapp_v2_Call_displayUrl_parameter_with_map_details_gampad_call" time="0.149" classname="twc.Regression.TestCases.Criteo_Amazon_Testcases"/>
  <testcase name="Verify_Criteo_SDK_inapp_v2_Call_cpm_parameter_with_today_details_gampad_call" time="0.156" classname="twc.Regression.TestCases.Criteo_Amazon_Testcases"/>
  <testcase name="Verify_Criteo_SDK_inapp_v2_Call_size_parameter_with_today_details_gampad_call" time="0.205" classname="twc.Regression.TestCases.Criteo_Amazon_Testcases"/>
  <testcase name="Verify_Criteo_SDK_inapp_v2_Call_displayUrl_parameter_with_today_details_gampad_call" time="0.145" classname="twc.Regression.TestCases.Criteo_Amazon_Testcases"/>
  <testcase name="Verify_Criteo_SDK_inapp_v2_Call_cpm_parameter_with_aq_details_gampad_call" time="0.149" classname="twc.Regression.TestCases.Criteo_Amazon_Testcases"/>
  <testcase name="Verify_Criteo_SDK_inapp_v2_Call_size_parameter_with_aq_details_gampad_call" time="0.14" classname="twc.Regression.TestCases.Criteo_Amazon_Testcases"/>
  <testcase name="Verify_Criteo_SDK_inapp_v2_Call_displayUrl_parameter_with_aq_details_gampad_call" time="0.279" classname="twc.Regression.TestCases.Criteo_Amazon_Testcases"/>
  <testcase name="Verify_Criteo_SDK_inapp_v2_Call_cpm_parameter_with_boatAndBeach_details_gampad_call" time="0.153" classname="twc.Regression.TestCases.Criteo_Amazon_Testcases"/>
  <testcase name="Verify_Criteo_SDK_inapp_v2_Call_size_parameter_with_boatAndBeach_details_gampad_call" time="0.148" classname="twc.Regression.TestCases.Criteo_Amazon_Testcases"/>
  <testcase name="Verify_Criteo_SDK_inapp_v2_Call_displayUrl_parameter_with_boatAndBeach_details_gampad_call" time="0.148" classname="twc.Regression.TestCases.Criteo_Amazon_Testcases"/>
  <testcase name="Verify_Criteo_SDK_inapp_v2_Call_cpm_parameter_with_Running_details_gampad_call" time="0.142" classname="twc.Regression.TestCases.Criteo_Amazon_Testcases"/>
  <testcase name="Verify_Criteo_SDK_inapp_v2_Call_size_parameter_with_Running_details_gampad_call" time="0.166" classname="twc.Regression.TestCases.Criteo_Amazon_Testcases"/>
  <testcase name="Verify_Criteo_SDK_inapp_v2_Call_displayUrl_parameter_with_Running_details_gampad_call" time="0.187" classname="twc.Regression.TestCases.Criteo_Amazon_Testcases"/>
  <testcase name="Verify_Criteo_SDK_inapp_v2_Call_cpm_parameter_with_SeasonalHub_details_gampad_call" time="0.163" classname="twc.Regression.TestCases.Criteo_Amazon_Testcases"/>
  <testcase name="Verify_Criteo_SDK_inapp_v2_Call_size_parameter_with_SeasonalHub_details_gampad_call" time="0.181" classname="twc.Regression.TestCases.Criteo_Amazon_Testcases"/>
  <testcase name="Verify_Criteo_SDK_inapp_v2_Call_displayUrl_parameter_with_SeasonalHub_details_gampad_call" time="0.163" classname="twc.Regression.TestCases.Criteo_Amazon_Testcases"/>
  <testcase name="Verify_Criteo_SDK_inapp_v2_Call_cpm_parameter_with_daily_details_gampad_call" time="0.155" classname="twc.Regression.TestCases.Criteo_Amazon_Testcases">
    <failure type="java.lang.AssertionError" message="Ad Call :iu=%2F7646%2Fapp_android_us%2Fdb_display%2Fdetails%2F10day_ not found in charles session, hence Custom Parameter: cpm validation failed">
      <![CDATA[java.lang.AssertionError: Ad Call :iu=%2F7646%2Fapp_android_us%2Fdb_display%2Fdetails%2F10day_ not found in charles session, hence Custom Parameter: cpm validation failed
	at org.testng.Assert.fail(Assert.java:94)
	at twc.Regression.General.Functions.validate_Criteo_SDK_inapp_v2_call_param_value_with_gampad_param_value(Functions.java:7217)
	at twc.Regression.TestCases.Criteo_Amazon_Testcases.Verify_Criteo_SDK_inapp_v2_Call_cpm_parameter_with_daily_details_gampad_call(Criteo_Amazon_Testcases.java:928)
	at sun.reflect.NativeMethodAccessorImpl.invoke0(Native Method)
	at sun.reflect.NativeMethodAccessorImpl.invoke(NativeMethodAccessorImpl.java:62)
	at sun.reflect.DelegatingMethodAccessorImpl.invoke(DelegatingMethodAccessorImpl.java:43)
	at java.lang.reflect.Method.invoke(Method.java:498)
	at org.testng.internal.MethodInvocationHelper.invokeMethod(MethodInvocationHelper.java:85)
	at org.testng.internal.Invoker.invokeMethod(Invoker.java:659)
	at org.testng.internal.Invoker.invokeTestMethod(Invoker.java:845)
	at org.testng.internal.Invoker.invokeTestMethods(Invoker.java:1153)
	at org.testng.internal.TestMethodWorker.invokeTestMethods(TestMethodWorker.java:125)
	at org.testng.internal.TestMethodWorker.run(TestMethodWorker.java:108)
	at org.testng.TestRunner.privateRun(TestRunner.java:771)
	at org.testng.TestRunner.run(TestRunner.java:621)
	at org.testng.SuiteRunner.runTest(SuiteRunner.java:357)
	at org.testng.SuiteRunner.runSequentially(SuiteRunner.java:352)
	at org.testng.SuiteRunner.privateRun(SuiteRunner.java:310)
	at org.testng.SuiteRunner.run(SuiteRunner.java:259)
	at org.testng.SuiteRunnerWorker.runSuite(SuiteRunnerWorker.java:52)
	at org.testng.SuiteRunnerWorker.run(SuiteRunnerWorker.java:86)
	at org.testng.TestNG.runSuitesSequentially(TestNG.java:1199)
	at org.testng.TestNG.runSuitesLocally(TestNG.java:1124)
	at org.testng.TestNG.run(TestNG.java:1032)
	at org.testng.remote.AbstractRemoteTestNG.run(AbstractRemoteTestNG.java:115)
	at org.testng.remote.RemoteTestNG.initAndRun(RemoteTestNG.java:251)
	at org.testng.remote.RemoteTestNG.main(RemoteTestNG.java:77)
]]>
    </failure>
  </testcase> <!-- Verify_Criteo_SDK_inapp_v2_Call_cpm_parameter_with_daily_details_gampad_call -->
  <testcase name="Verify_Criteo_SDK_inapp_v2_Call_size_parameter_with_daily_details_gampad_call" time="0.158" classname="twc.Regression.TestCases.Criteo_Amazon_Testcases">
    <failure type="java.lang.AssertionError" message="Ad Call :iu=%2F7646%2Fapp_android_us%2Fdb_display%2Fdetails%2F10day_ not found in charles session, hence Custom Parameter: size validation failed">
      <![CDATA[java.lang.AssertionError: Ad Call :iu=%2F7646%2Fapp_android_us%2Fdb_display%2Fdetails%2F10day_ not found in charles session, hence Custom Parameter: size validation failed
	at org.testng.Assert.fail(Assert.java:94)
	at twc.Regression.General.Functions.validate_Criteo_SDK_inapp_v2_call_param_value_with_gampad_param_value(Functions.java:7217)
	at twc.Regression.TestCases.Criteo_Amazon_Testcases.Verify_Criteo_SDK_inapp_v2_Call_size_parameter_with_daily_details_gampad_call(Criteo_Amazon_Testcases.java:941)
	at sun.reflect.NativeMethodAccessorImpl.invoke0(Native Method)
	at sun.reflect.NativeMethodAccessorImpl.invoke(NativeMethodAccessorImpl.java:62)
	at sun.reflect.DelegatingMethodAccessorImpl.invoke(DelegatingMethodAccessorImpl.java:43)
	at java.lang.reflect.Method.invoke(Method.java:498)
	at org.testng.internal.MethodInvocationHelper.invokeMethod(MethodInvocationHelper.java:85)
	at org.testng.internal.Invoker.invokeMethod(Invoker.java:659)
	at org.testng.internal.Invoker.invokeTestMethod(Invoker.java:845)
	at org.testng.internal.Invoker.invokeTestMethods(Invoker.java:1153)
	at org.testng.internal.TestMethodWorker.invokeTestMethods(TestMethodWorker.java:125)
	at org.testng.internal.TestMethodWorker.run(TestMethodWorker.java:108)
	at org.testng.TestRunner.privateRun(TestRunner.java:771)
	at org.testng.TestRunner.run(TestRunner.java:621)
	at org.testng.SuiteRunner.runTest(SuiteRunner.java:357)
	at org.testng.SuiteRunner.runSequentially(SuiteRunner.java:352)
	at org.testng.SuiteRunner.privateRun(SuiteRunner.java:310)
	at org.testng.SuiteRunner.run(SuiteRunner.java:259)
	at org.testng.SuiteRunnerWorker.runSuite(SuiteRunnerWorker.java:52)
	at org.testng.SuiteRunnerWorker.run(SuiteRunnerWorker.java:86)
	at org.testng.TestNG.runSuitesSequentially(TestNG.java:1199)
	at org.testng.TestNG.runSuitesLocally(TestNG.java:1124)
	at org.testng.TestNG.run(TestNG.java:1032)
	at org.testng.remote.AbstractRemoteTestNG.run(AbstractRemoteTestNG.java:115)
	at org.testng.remote.RemoteTestNG.initAndRun(RemoteTestNG.java:251)
	at org.testng.remote.RemoteTestNG.main(RemoteTestNG.java:77)
]]>
    </failure>
  </testcase> <!-- Verify_Criteo_SDK_inapp_v2_Call_size_parameter_with_daily_details_gampad_call -->
  <testcase name="Verify_Criteo_SDK_inapp_v2_Call_displayUrl_parameter_with_daily_details_gampad_call" time="0.156" classname="twc.Regression.TestCases.Criteo_Amazon_Testcases">
    <failure type="java.lang.AssertionError" message="Ad Call :iu=%2F7646%2Fapp_android_us%2Fdb_display%2Fdetails%2F10day_ not found in charles session, hence Custom Parameter: displayurl validation failed">
      <![CDATA[java.lang.AssertionError: Ad Call :iu=%2F7646%2Fapp_android_us%2Fdb_display%2Fdetails%2F10day_ not found in charles session, hence Custom Parameter: displayurl validation failed
	at org.testng.Assert.fail(Assert.java:94)
	at twc.Regression.General.Functions.validate_Criteo_SDK_inapp_v2_call_param_value_with_gampad_param_value(Functions.java:7217)
	at twc.Regression.TestCases.Criteo_Amazon_Testcases.Verify_Criteo_SDK_inapp_v2_Call_displayUrl_parameter_with_daily_details_gampad_call(Criteo_Amazon_Testcases.java:954)
	at sun.reflect.NativeMethodAccessorImpl.invoke0(Native Method)
	at sun.reflect.NativeMethodAccessorImpl.invoke(NativeMethodAccessorImpl.java:62)
	at sun.reflect.DelegatingMethodAccessorImpl.invoke(DelegatingMethodAccessorImpl.java:43)
	at java.lang.reflect.Method.invoke(Method.java:498)
	at org.testng.internal.MethodInvocationHelper.invokeMethod(MethodInvocationHelper.java:85)
	at org.testng.internal.Invoker.invokeMethod(Invoker.java:659)
	at org.testng.internal.Invoker.invokeTestMethod(Invoker.java:845)
	at org.testng.internal.Invoker.invokeTestMethods(Invoker.java:1153)
	at org.testng.internal.TestMethodWorker.invokeTestMethods(TestMethodWorker.java:125)
	at org.testng.internal.TestMethodWorker.run(TestMethodWorker.java:108)
	at org.testng.TestRunner.privateRun(TestRunner.java:771)
	at org.testng.TestRunner.run(TestRunner.java:621)
	at org.testng.SuiteRunner.runTest(SuiteRunner.java:357)
	at org.testng.SuiteRunner.runSequentially(SuiteRunner.java:352)
	at org.testng.SuiteRunner.privateRun(SuiteRunner.java:310)
	at org.testng.SuiteRunner.run(SuiteRunner.java:259)
	at org.testng.SuiteRunnerWorker.runSuite(SuiteRunnerWorker.java:52)
	at org.testng.SuiteRunnerWorker.run(SuiteRunnerWorker.java:86)
	at org.testng.TestNG.runSuitesSequentially(TestNG.java:1199)
	at org.testng.TestNG.runSuitesLocally(TestNG.java:1124)
	at org.testng.TestNG.run(TestNG.java:1032)
	at org.testng.remote.AbstractRemoteTestNG.run(AbstractRemoteTestNG.java:115)
	at org.testng.remote.RemoteTestNG.initAndRun(RemoteTestNG.java:251)
	at org.testng.remote.RemoteTestNG.main(RemoteTestNG.java:77)
]]>
    </failure>
  </testcase> <!-- Verify_Criteo_SDK_inapp_v2_Call_displayUrl_parameter_with_daily_details_gampad_call -->
  <testcase name="Verify_Criteo_SDK_inapp_v2_Call_cpm_parameter_with_hourly_details_gampad_call" time="0.144" classname="twc.Regression.TestCases.Criteo_Amazon_Testcases"/>
  <testcase name="Verify_Criteo_SDK_inapp_v2_Call_size_parameter_with_hourly_details_gampad_call" time="0.147" classname="twc.Regression.TestCases.Criteo_Amazon_Testcases"/>
  <testcase name="Verify_Criteo_SDK_inapp_v2_Call_displayUrl_parameter_with_hourly_details_gampad_call" time="0.147" classname="twc.Regression.TestCases.Criteo_Amazon_Testcases"/>
  <testcase name="Verify_Criteo_SDK_inapp_v2_Call_cpm_parameter_with_hourly1_details_gampad_call" time="0.134" classname="twc.Regression.TestCases.Criteo_Amazon_Testcases"/>
  <testcase name="Verify_Criteo_SDK_inapp_v2_Call_size_parameter_with_hourly1_details_gampad_call" time="0.137" classname="twc.Regression.TestCases.Criteo_Amazon_Testcases"/>
  <testcase name="Verify_Criteo_SDK_inapp_v2_Call_displayUrl_parameter_with_hourly1_details_gampad_call" time="0.141" classname="twc.Regression.TestCases.Criteo_Amazon_Testcases"/>
  <testcase name="Verify_Criteo_SDK_inapp_v2_Call_cpm_parameter_with_hourly2_details_gampad_call" time="0.156" classname="twc.Regression.TestCases.Criteo_Amazon_Testcases"/>
  <testcase name="Verify_Criteo_SDK_inapp_v2_Call_size_parameter_with_hourly2_details_gampad_call" time="0.139" classname="twc.Regression.TestCases.Criteo_Amazon_Testcases"/>
  <testcase name="Verify_Criteo_SDK_inapp_v2_Call_displayUrl_parameter_with_hourly2_details_gampad_call" time="0.162" classname="twc.Regression.TestCases.Criteo_Amazon_Testcases"/>
  <testcase name="Verify_Criteo_SDK_inapp_v2_Call_cpm_parameter_with_hourly3_details_gampad_call" time="0.143" classname="twc.Regression.TestCases.Criteo_Amazon_Testcases"/>
  <testcase name="Verify_Criteo_SDK_inapp_v2_Call_size_parameter_with_hourly3_details_gampad_call" time="0.147" classname="twc.Regression.TestCases.Criteo_Amazon_Testcases"/>
  <testcase name="Verify_Criteo_SDK_inapp_v2_Call_displayUrl_parameter_with_hourly3_details_gampad_call" time="0.151" classname="twc.Regression.TestCases.Criteo_Amazon_Testcases"/>
</testsuite> <!-- Default test -->
