<?xml version="1.0" encoding="UTF-8" standalone="yes"?>
<ns2:test-suite start="1641477065277" stop="1641477068270" version="1.5.4" xmlns:ns2="urn:model.allure.qatools.yandex.ru">
    <name>Default suite : Default test</name>
    <title>Default suite : Default test</title>
    <test-cases>
        <test-case start="1641477065538" stop="1641477066585" status="broken">
            <name>Validate_Amazon_SDK_adsdk_parameter</name>
            <description type="text">Validating 'adsdk' parameter of Amazon aax call </description>
            <failure>
                <message>NullPointerException: null</message>
                <stack-trace>java.lang.NullPointerException
	at twc.Regression.General.Functions.validate_Amazon_aax_call_parameter(Functions.java:8122)
	at twc.Regression.TestCases.regressionTestCases.Validate_Amazon_SDK_adsdk_parameter(regressionTestCases.java:53)
	at sun.reflect.NativeMethodAccessorImpl.invoke0(Native Method)
	at sun.reflect.NativeMethodAccessorImpl.invoke(NativeMethodAccessorImpl.java:62)
	at sun.reflect.DelegatingMethodAccessorImpl.invoke(DelegatingMethodAccessorImpl.java:43)
	at java.lang.reflect.Method.invoke(Method.java:498)
	at org.testng.internal.MethodInvocationHelper.invokeMethod(MethodInvocationHelper.java:85)
	at org.testng.internal.Invoker.invokeMethod(Invoker.java:659)
	at org.testng.internal.Invoker.invokeTestMethod(Invoker.java:845)
	at org.testng.internal.Invoker.invokeTestMethods(Invoker.java:1153)
	at org.testng.internal.TestMethodWorker.invokeTestMethods(TestMethodWorker.java:125)
	at org.testng.internal.TestMethodWorker.run(TestMethodWorker.java:108)
	at org.testng.TestRunner.privateRun(TestRunner.java:771)
	at org.testng.TestRunner.run(TestRunner.java:621)
	at org.testng.SuiteRunner.runTest(SuiteRunner.java:357)
	at org.testng.SuiteRunner.runSequentially(SuiteRunner.java:352)
	at org.testng.SuiteRunner.privateRun(SuiteRunner.java:310)
	at org.testng.SuiteRunner.run(SuiteRunner.java:259)
	at org.testng.SuiteRunnerWorker.runSuite(SuiteRunnerWorker.java:52)
	at org.testng.SuiteRunnerWorker.run(SuiteRunnerWorker.java:86)
	at org.testng.TestNG.runSuitesSequentially(TestNG.java:1199)
	at org.testng.TestNG.runSuitesLocally(TestNG.java:1124)
	at org.testng.TestNG.run(TestNG.java:1032)
	at org.testng.remote.AbstractRemoteTestNG.run(AbstractRemoteTestNG.java:115)
	at org.testng.remote.RemoteTestNG.initAndRun(RemoteTestNG.java:251)
	at org.testng.remote.RemoteTestNG.main(RemoteTestNG.java:77)
</stack-trace>
            </failure>
            <steps>
                <step start="1641477065558" stop="1641477065560" status="passed">
                    <name>logStep[****** Validating Amazon SDK version i.e. 'adsdk' parameter of Amazon aax call]</name>
                    <title>****** Validating Amazon SDK version i.e. 'adsdk' parameter of Amazon aax call</title>
                </step>
                <step start="1641477065592" stop="1641477065592" status="passed">
                    <name>logStep[File Name is : amazonslotstodaysdev.chlsx]</name>
                    <title>File Name is : amazonslotstodaysdev.chlsx</title>
                </step>
                <step start="1641477065633" stop="1641477065633" status="passed">
                    <name>logStep[Successfully Generated XML file from Charles session file!!]</name>
                    <title>Successfully Generated XML file from Charles session file!!</title>
                </step>
                <step start="1641477066335" stop="1641477066335" status="passed">
                    <name>logStep[aax-us-east.amazon-adsystem.com  call is present]</name>
                    <title>aax-us-east.amazon-adsystem.com  call is present</title>
                </step>
                <step start="1641477066350" stop="1641477066350" status="passed">
                    <name>logStep[aax-us-east.amazon-adsystem.com/e/msdk/ads  call is present in Charles session]</name>
                    <title>aax-us-east.amazon-adsystem.com/e/msdk/ads  call is present in Charles session</title>
                </step>
                <step start="1641477066557" stop="1641477066557" status="passed">
                    <name>logStep[aax-us-east.amazon-adsystem.com  call is present]</name>
                    <title>aax-us-east.amazon-adsystem.com  call is present</title>
                </step>
            </steps>
            <attachments/>
            <labels>
                <label name="testSuite" value="Default suite"/>
                <label name="testGroup" value="Default test"/>
                <label name="testClass" value="twc.Regression.TestCases.regressionTestCases"/>
                <label name="testMethod" value="Validate_Amazon_SDK_adsdk_parameter"/>
                <label name="host" value="Aswinikumars-MacBook-Pro.local"/>
                <label name="thread" value="19063@Aswinikumars-MacBook-Pro.local.main(1)"/>
            </labels>
        </test-case>
        <test-case start="1641477065538" stop="1641477066585" status="broken">
            <name>Validate_Amazon_SDK_adsdk_parameter</name>
            <description type="text">Validating 'adsdk' parameter of Amazon aax call </description>
            <failure>
                <message>NullPointerException: null</message>
                <stack-trace>java.lang.NullPointerException
	at twc.Regression.General.Functions.validate_Amazon_aax_call_parameter(Functions.java:8122)
	at twc.Regression.TestCases.regressionTestCases.Validate_Amazon_SDK_adsdk_parameter(regressionTestCases.java:53)
	at sun.reflect.NativeMethodAccessorImpl.invoke0(Native Method)
	at sun.reflect.NativeMethodAccessorImpl.invoke(NativeMethodAccessorImpl.java:62)
	at sun.reflect.DelegatingMethodAccessorImpl.invoke(DelegatingMethodAccessorImpl.java:43)
	at java.lang.reflect.Method.invoke(Method.java:498)
	at org.testng.internal.MethodInvocationHelper.invokeMethod(MethodInvocationHelper.java:85)
	at org.testng.internal.Invoker.invokeMethod(Invoker.java:659)
	at org.testng.internal.Invoker.invokeTestMethod(Invoker.java:845)
	at org.testng.internal.Invoker.invokeTestMethods(Invoker.java:1153)
	at org.testng.internal.TestMethodWorker.invokeTestMethods(TestMethodWorker.java:125)
	at org.testng.internal.TestMethodWorker.run(TestMethodWorker.java:108)
	at org.testng.TestRunner.privateRun(TestRunner.java:771)
	at org.testng.TestRunner.run(TestRunner.java:621)
	at org.testng.SuiteRunner.runTest(SuiteRunner.java:357)
	at org.testng.SuiteRunner.runSequentially(SuiteRunner.java:352)
	at org.testng.SuiteRunner.privateRun(SuiteRunner.java:310)
	at org.testng.SuiteRunner.run(SuiteRunner.java:259)
	at org.testng.SuiteRunnerWorker.runSuite(SuiteRunnerWorker.java:52)
	at org.testng.SuiteRunnerWorker.run(SuiteRunnerWorker.java:86)
	at org.testng.TestNG.runSuitesSequentially(TestNG.java:1199)
	at org.testng.TestNG.runSuitesLocally(TestNG.java:1124)
	at org.testng.TestNG.run(TestNG.java:1032)
	at org.testng.remote.AbstractRemoteTestNG.run(AbstractRemoteTestNG.java:115)
	at org.testng.remote.RemoteTestNG.initAndRun(RemoteTestNG.java:251)
	at org.testng.remote.RemoteTestNG.main(RemoteTestNG.java:77)
</stack-trace>
            </failure>
            <steps>
                <step start="1641477065558" stop="1641477065560" status="passed">
                    <name>logStep[****** Validating Amazon SDK version i.e. 'adsdk' parameter of Amazon aax call]</name>
                    <title>****** Validating Amazon SDK version i.e. 'adsdk' parameter of Amazon aax call</title>
                </step>
                <step start="1641477065592" stop="1641477065592" status="passed">
                    <name>logStep[File Name is : amazonslotstodaysdev.chlsx]</name>
                    <title>File Name is : amazonslotstodaysdev.chlsx</title>
                </step>
                <step start="1641477065633" stop="1641477065633" status="passed">
                    <name>logStep[Successfully Generated XML file from Charles session file!!]</name>
                    <title>Successfully Generated XML file from Charles session file!!</title>
                </step>
                <step start="1641477066335" stop="1641477066335" status="passed">
                    <name>logStep[aax-us-east.amazon-adsystem.com  call is present]</name>
                    <title>aax-us-east.amazon-adsystem.com  call is present</title>
                </step>
                <step start="1641477066350" stop="1641477066350" status="passed">
                    <name>logStep[aax-us-east.amazon-adsystem.com/e/msdk/ads  call is present in Charles session]</name>
                    <title>aax-us-east.amazon-adsystem.com/e/msdk/ads  call is present in Charles session</title>
                </step>
                <step start="1641477066557" stop="1641477066557" status="passed">
                    <name>logStep[aax-us-east.amazon-adsystem.com  call is present]</name>
                    <title>aax-us-east.amazon-adsystem.com  call is present</title>
                </step>
            </steps>
            <attachments/>
            <labels>
                <label name="testSuite" value="Default suite"/>
                <label name="testGroup" value="Default test"/>
                <label name="testClass" value="twc.Regression.TestCases.regressionTestCases"/>
                <label name="testMethod" value="Validate_Amazon_SDK_adsdk_parameter"/>
                <label name="host" value="Aswinikumars-MacBook-Pro.local"/>
                <label name="thread" value="19063@Aswinikumars-MacBook-Pro.local.main(1)"/>
            </labels>
        </test-case>
        <test-case start="1641477066589" stop="1641477066722" status="failed">
            <name>Verifying_amazon_slotId_for_AlertsCenter</name>
            <description type="text">Verifying amazon slot Id for alerts center Page</description>
            <failure>
                <message>AssertionError: slot id: a2d9bda4-e2e2-4ae7-a285-5bc61c45eaf2 is not present</message>
                <stack-trace>java.lang.AssertionError: slot id: a2d9bda4-e2e2-4ae7-a285-5bc61c45eaf2 is not present
	at org.testng.Assert.fail(Assert.java:94)
	at twc.Regression.General.Functions.verifyAAX_SlotId(Functions.java:5656)
	at twc.Regression.TestCases.regressionTestCases.Verifying_amazon_slotId_for_AlertsCenter(regressionTestCases.java:64)
	at sun.reflect.NativeMethodAccessorImpl.invoke0(Native Method)
	at sun.reflect.NativeMethodAccessorImpl.invoke(NativeMethodAccessorImpl.java:62)
	at sun.reflect.DelegatingMethodAccessorImpl.invoke(DelegatingMethodAccessorImpl.java:43)
	at java.lang.reflect.Method.invoke(Method.java:498)
	at org.testng.internal.MethodInvocationHelper.invokeMethod(MethodInvocationHelper.java:85)
	at org.testng.internal.Invoker.invokeMethod(Invoker.java:659)
	at org.testng.internal.Invoker.invokeTestMethod(Invoker.java:845)
	at org.testng.internal.Invoker.invokeTestMethods(Invoker.java:1153)
	at org.testng.internal.TestMethodWorker.invokeTestMethods(TestMethodWorker.java:125)
	at org.testng.internal.TestMethodWorker.run(TestMethodWorker.java:108)
	at org.testng.TestRunner.privateRun(TestRunner.java:771)
	at org.testng.TestRunner.run(TestRunner.java:621)
	at org.testng.SuiteRunner.runTest(SuiteRunner.java:357)
	at org.testng.SuiteRunner.runSequentially(SuiteRunner.java:352)
	at org.testng.SuiteRunner.privateRun(SuiteRunner.java:310)
	at org.testng.SuiteRunner.run(SuiteRunner.java:259)
	at org.testng.SuiteRunnerWorker.runSuite(SuiteRunnerWorker.java:52)
	at org.testng.SuiteRunnerWorker.run(SuiteRunnerWorker.java:86)
	at org.testng.TestNG.runSuitesSequentially(TestNG.java:1199)
	at org.testng.TestNG.runSuitesLocally(TestNG.java:1124)
	at org.testng.TestNG.run(TestNG.java:1032)
	at org.testng.remote.AbstractRemoteTestNG.run(AbstractRemoteTestNG.java:115)
	at org.testng.remote.RemoteTestNG.initAndRun(RemoteTestNG.java:251)
	at org.testng.remote.RemoteTestNG.main(RemoteTestNG.java:77)
</stack-trace>
            </failure>
            <steps>
                <step start="1641477066590" stop="1641477066590" status="passed">
                    <name>logStep[****** Alert Center ad test case Started]</name>
                    <title>****** Alert Center ad test case Started</title>
                </step>
                <step start="1641477066718" stop="1641477066718" status="passed">
                    <name>logStep[slot id: a2d9bda4-e2e2-4ae7-a285-5bc61c45eaf2 is not present]</name>
                    <title>slot id: a2d9bda4-e2e2-4ae7-a285-5bc61c45eaf2 is not present</title>
                </step>
                <step start="1641477066719" stop="1641477066719" status="passed">
                    <name>logStep[MyAlerts :AAX slot id Verification is failed]</name>
                    <title>MyAlerts :AAX slot id Verification is failed</title>
                </step>
            </steps>
            <attachments/>
            <labels>
                <label name="testSuite" value="Default suite"/>
                <label name="testGroup" value="Default test"/>
                <label name="testClass" value="twc.Regression.TestCases.regressionTestCases"/>
                <label name="testMethod" value="Verifying_amazon_slotId_for_AlertsCenter"/>
                <label name="host" value="Aswinikumars-MacBook-Pro.local"/>
                <label name="thread" value="19063@Aswinikumars-MacBook-Pro.local.main(1)"/>
            </labels>
        </test-case>
        <test-case start="1641477066589" stop="1641477066722" status="failed">
            <name>Verifying_amazon_slotId_for_AlertsCenter</name>
            <description type="text">Verifying amazon slot Id for alerts center Page</description>
            <failure>
                <message>AssertionError: slot id: a2d9bda4-e2e2-4ae7-a285-5bc61c45eaf2 is not present</message>
                <stack-trace>java.lang.AssertionError: slot id: a2d9bda4-e2e2-4ae7-a285-5bc61c45eaf2 is not present
	at org.testng.Assert.fail(Assert.java:94)
	at twc.Regression.General.Functions.verifyAAX_SlotId(Functions.java:5656)
	at twc.Regression.TestCases.regressionTestCases.Verifying_amazon_slotId_for_AlertsCenter(regressionTestCases.java:64)
	at sun.reflect.NativeMethodAccessorImpl.invoke0(Native Method)
	at sun.reflect.NativeMethodAccessorImpl.invoke(NativeMethodAccessorImpl.java:62)
	at sun.reflect.DelegatingMethodAccessorImpl.invoke(DelegatingMethodAccessorImpl.java:43)
	at java.lang.reflect.Method.invoke(Method.java:498)
	at org.testng.internal.MethodInvocationHelper.invokeMethod(MethodInvocationHelper.java:85)
	at org.testng.internal.Invoker.invokeMethod(Invoker.java:659)
	at org.testng.internal.Invoker.invokeTestMethod(Invoker.java:845)
	at org.testng.internal.Invoker.invokeTestMethods(Invoker.java:1153)
	at org.testng.internal.TestMethodWorker.invokeTestMethods(TestMethodWorker.java:125)
	at org.testng.internal.TestMethodWorker.run(TestMethodWorker.java:108)
	at org.testng.TestRunner.privateRun(TestRunner.java:771)
	at org.testng.TestRunner.run(TestRunner.java:621)
	at org.testng.SuiteRunner.runTest(SuiteRunner.java:357)
	at org.testng.SuiteRunner.runSequentially(SuiteRunner.java:352)
	at org.testng.SuiteRunner.privateRun(SuiteRunner.java:310)
	at org.testng.SuiteRunner.run(SuiteRunner.java:259)
	at org.testng.SuiteRunnerWorker.runSuite(SuiteRunnerWorker.java:52)
	at org.testng.SuiteRunnerWorker.run(SuiteRunnerWorker.java:86)
	at org.testng.TestNG.runSuitesSequentially(TestNG.java:1199)
	at org.testng.TestNG.runSuitesLocally(TestNG.java:1124)
	at org.testng.TestNG.run(TestNG.java:1032)
	at org.testng.remote.AbstractRemoteTestNG.run(AbstractRemoteTestNG.java:115)
	at org.testng.remote.RemoteTestNG.initAndRun(RemoteTestNG.java:251)
	at org.testng.remote.RemoteTestNG.main(RemoteTestNG.java:77)
</stack-trace>
            </failure>
            <steps>
                <step start="1641477066590" stop="1641477066590" status="passed">
                    <name>logStep[****** Alert Center ad test case Started]</name>
                    <title>****** Alert Center ad test case Started</title>
                </step>
                <step start="1641477066718" stop="1641477066718" status="passed">
                    <name>logStep[slot id: a2d9bda4-e2e2-4ae7-a285-5bc61c45eaf2 is not present]</name>
                    <title>slot id: a2d9bda4-e2e2-4ae7-a285-5bc61c45eaf2 is not present</title>
                </step>
                <step start="1641477066719" stop="1641477066719" status="passed">
                    <name>logStep[MyAlerts :AAX slot id Verification is failed]</name>
                    <title>MyAlerts :AAX slot id Verification is failed</title>
                </step>
            </steps>
            <attachments/>
            <labels>
                <label name="testSuite" value="Default suite"/>
                <label name="testGroup" value="Default test"/>
                <label name="testClass" value="twc.Regression.TestCases.regressionTestCases"/>
                <label name="testMethod" value="Verifying_amazon_slotId_for_AlertsCenter"/>
                <label name="host" value="Aswinikumars-MacBook-Pro.local"/>
                <label name="thread" value="19063@Aswinikumars-MacBook-Pro.local.main(1)"/>
            </labels>
        </test-case>
        <test-case start="1641477066726" stop="1641477066839" status="failed">
            <name>Verify_amazon_aaxSlot_feed1_adCall</name>
            <description type="text">Verifying amazon Slot Id for feed1 prerol ad call</description>
            <failure>
                <message>AssertionError: slot id: f4b66249-b6eb-4155-9d90-1e2b04487c99 is not present</message>
                <stack-trace>java.lang.AssertionError: slot id: f4b66249-b6eb-4155-9d90-1e2b04487c99 is not present
	at org.testng.Assert.fail(Assert.java:94)
	at twc.Regression.General.Functions.verifyAAX_SlotId(Functions.java:5656)
	at twc.Regression.TestCases.regressionTestCases.Verify_amazon_aaxSlot_feed1_adCall(regressionTestCases.java:74)
	at sun.reflect.NativeMethodAccessorImpl.invoke0(Native Method)
	at sun.reflect.NativeMethodAccessorImpl.invoke(NativeMethodAccessorImpl.java:62)
	at sun.reflect.DelegatingMethodAccessorImpl.invoke(DelegatingMethodAccessorImpl.java:43)
	at java.lang.reflect.Method.invoke(Method.java:498)
	at org.testng.internal.MethodInvocationHelper.invokeMethod(MethodInvocationHelper.java:85)
	at org.testng.internal.Invoker.invokeMethod(Invoker.java:659)
	at org.testng.internal.Invoker.invokeTestMethod(Invoker.java:845)
	at org.testng.internal.Invoker.invokeTestMethods(Invoker.java:1153)
	at org.testng.internal.TestMethodWorker.invokeTestMethods(TestMethodWorker.java:125)
	at org.testng.internal.TestMethodWorker.run(TestMethodWorker.java:108)
	at org.testng.TestRunner.privateRun(TestRunner.java:771)
	at org.testng.TestRunner.run(TestRunner.java:621)
	at org.testng.SuiteRunner.runTest(SuiteRunner.java:357)
	at org.testng.SuiteRunner.runSequentially(SuiteRunner.java:352)
	at org.testng.SuiteRunner.privateRun(SuiteRunner.java:310)
	at org.testng.SuiteRunner.run(SuiteRunner.java:259)
	at org.testng.SuiteRunnerWorker.runSuite(SuiteRunnerWorker.java:52)
	at org.testng.SuiteRunnerWorker.run(SuiteRunnerWorker.java:86)
	at org.testng.TestNG.runSuitesSequentially(TestNG.java:1199)
	at org.testng.TestNG.runSuitesLocally(TestNG.java:1124)
	at org.testng.TestNG.run(TestNG.java:1032)
	at org.testng.remote.AbstractRemoteTestNG.run(AbstractRemoteTestNG.java:115)
	at org.testng.remote.RemoteTestNG.initAndRun(RemoteTestNG.java:251)
	at org.testng.remote.RemoteTestNG.main(RemoteTestNG.java:77)
</stack-trace>
            </failure>
            <steps>
                <step start="1641477066727" stop="1641477066727" status="passed">
                    <name>logStep[****** amazon aax feed1 preload ad call validation Started]</name>
                    <title>****** amazon aax feed1 preload ad call validation Started</title>
                </step>
                <step start="1641477066838" stop="1641477066838" status="passed">
                    <name>logStep[slot id: f4b66249-b6eb-4155-9d90-1e2b04487c99 is not present]</name>
                    <title>slot id: f4b66249-b6eb-4155-9d90-1e2b04487c99 is not present</title>
                </step>
                <step start="1641477066839" stop="1641477066839" status="passed">
                    <name>logStep[Feed1 :AAX slot id Verification is failed]</name>
                    <title>Feed1 :AAX slot id Verification is failed</title>
                </step>
            </steps>
            <attachments/>
            <labels>
                <label name="testSuite" value="Default suite"/>
                <label name="testGroup" value="Default test"/>
                <label name="testClass" value="twc.Regression.TestCases.regressionTestCases"/>
                <label name="testMethod" value="Verify_amazon_aaxSlot_feed1_adCall"/>
                <label name="host" value="Aswinikumars-MacBook-Pro.local"/>
                <label name="thread" value="19063@Aswinikumars-MacBook-Pro.local.main(1)"/>
            </labels>
        </test-case>
        <test-case start="1641477066726" stop="1641477066839" status="failed">
            <name>Verify_amazon_aaxSlot_feed1_adCall</name>
            <description type="text">Verifying amazon Slot Id for feed1 prerol ad call</description>
            <failure>
                <message>AssertionError: slot id: f4b66249-b6eb-4155-9d90-1e2b04487c99 is not present</message>
                <stack-trace>java.lang.AssertionError: slot id: f4b66249-b6eb-4155-9d90-1e2b04487c99 is not present
	at org.testng.Assert.fail(Assert.java:94)
	at twc.Regression.General.Functions.verifyAAX_SlotId(Functions.java:5656)
	at twc.Regression.TestCases.regressionTestCases.Verify_amazon_aaxSlot_feed1_adCall(regressionTestCases.java:74)
	at sun.reflect.NativeMethodAccessorImpl.invoke0(Native Method)
	at sun.reflect.NativeMethodAccessorImpl.invoke(NativeMethodAccessorImpl.java:62)
	at sun.reflect.DelegatingMethodAccessorImpl.invoke(DelegatingMethodAccessorImpl.java:43)
	at java.lang.reflect.Method.invoke(Method.java:498)
	at org.testng.internal.MethodInvocationHelper.invokeMethod(MethodInvocationHelper.java:85)
	at org.testng.internal.Invoker.invokeMethod(Invoker.java:659)
	at org.testng.internal.Invoker.invokeTestMethod(Invoker.java:845)
	at org.testng.internal.Invoker.invokeTestMethods(Invoker.java:1153)
	at org.testng.internal.TestMethodWorker.invokeTestMethods(TestMethodWorker.java:125)
	at org.testng.internal.TestMethodWorker.run(TestMethodWorker.java:108)
	at org.testng.TestRunner.privateRun(TestRunner.java:771)
	at org.testng.TestRunner.run(TestRunner.java:621)
	at org.testng.SuiteRunner.runTest(SuiteRunner.java:357)
	at org.testng.SuiteRunner.runSequentially(SuiteRunner.java:352)
	at org.testng.SuiteRunner.privateRun(SuiteRunner.java:310)
	at org.testng.SuiteRunner.run(SuiteRunner.java:259)
	at org.testng.SuiteRunnerWorker.runSuite(SuiteRunnerWorker.java:52)
	at org.testng.SuiteRunnerWorker.run(SuiteRunnerWorker.java:86)
	at org.testng.TestNG.runSuitesSequentially(TestNG.java:1199)
	at org.testng.TestNG.runSuitesLocally(TestNG.java:1124)
	at org.testng.TestNG.run(TestNG.java:1032)
	at org.testng.remote.AbstractRemoteTestNG.run(AbstractRemoteTestNG.java:115)
	at org.testng.remote.RemoteTestNG.initAndRun(RemoteTestNG.java:251)
	at org.testng.remote.RemoteTestNG.main(RemoteTestNG.java:77)
</stack-trace>
            </failure>
            <steps>
                <step start="1641477066727" stop="1641477066727" status="passed">
                    <name>logStep[****** amazon aax feed1 preload ad call validation Started]</name>
                    <title>****** amazon aax feed1 preload ad call validation Started</title>
                </step>
                <step start="1641477066838" stop="1641477066838" status="passed">
                    <name>logStep[slot id: f4b66249-b6eb-4155-9d90-1e2b04487c99 is not present]</name>
                    <title>slot id: f4b66249-b6eb-4155-9d90-1e2b04487c99 is not present</title>
                </step>
                <step start="1641477066839" stop="1641477066839" status="passed">
                    <name>logStep[Feed1 :AAX slot id Verification is failed]</name>
                    <title>Feed1 :AAX slot id Verification is failed</title>
                </step>
            </steps>
            <attachments/>
            <labels>
                <label name="testSuite" value="Default suite"/>
                <label name="testGroup" value="Default test"/>
                <label name="testClass" value="twc.Regression.TestCases.regressionTestCases"/>
                <label name="testMethod" value="Verify_amazon_aaxSlot_feed1_adCall"/>
                <label name="host" value="Aswinikumars-MacBook-Pro.local"/>
                <label name="thread" value="19063@Aswinikumars-MacBook-Pro.local.main(1)"/>
            </labels>
        </test-case>
        <test-case start="1641477066843" stop="1641477066944" status="failed">
            <name>Verify_amazon_aaxSlot_feed2_adcall</name>
            <description type="text">Verifying amazon  Slot Id for feed2 ad call</description>
            <failure>
                <message>AssertionError: slot id: 752a96eb-3198-4991-b572-17ec04883b6c is not present</message>
                <stack-trace>java.lang.AssertionError: slot id: 752a96eb-3198-4991-b572-17ec04883b6c is not present
	at org.testng.Assert.fail(Assert.java:94)
	at twc.Regression.General.Functions.verifyAAX_SlotId(Functions.java:5656)
	at twc.Regression.TestCases.regressionTestCases.Verify_amazon_aaxSlot_feed2_adcall(regressionTestCases.java:86)
	at sun.reflect.NativeMethodAccessorImpl.invoke0(Native Method)
	at sun.reflect.NativeMethodAccessorImpl.invoke(NativeMethodAccessorImpl.java:62)
	at sun.reflect.DelegatingMethodAccessorImpl.invoke(DelegatingMethodAccessorImpl.java:43)
	at java.lang.reflect.Method.invoke(Method.java:498)
	at org.testng.internal.MethodInvocationHelper.invokeMethod(MethodInvocationHelper.java:85)
	at org.testng.internal.Invoker.invokeMethod(Invoker.java:659)
	at org.testng.internal.Invoker.invokeTestMethod(Invoker.java:845)
	at org.testng.internal.Invoker.invokeTestMethods(Invoker.java:1153)
	at org.testng.internal.TestMethodWorker.invokeTestMethods(TestMethodWorker.java:125)
	at org.testng.internal.TestMethodWorker.run(TestMethodWorker.java:108)
	at org.testng.TestRunner.privateRun(TestRunner.java:771)
	at org.testng.TestRunner.run(TestRunner.java:621)
	at org.testng.SuiteRunner.runTest(SuiteRunner.java:357)
	at org.testng.SuiteRunner.runSequentially(SuiteRunner.java:352)
	at org.testng.SuiteRunner.privateRun(SuiteRunner.java:310)
	at org.testng.SuiteRunner.run(SuiteRunner.java:259)
	at org.testng.SuiteRunnerWorker.runSuite(SuiteRunnerWorker.java:52)
	at org.testng.SuiteRunnerWorker.run(SuiteRunnerWorker.java:86)
	at org.testng.TestNG.runSuitesSequentially(TestNG.java:1199)
	at org.testng.TestNG.runSuitesLocally(TestNG.java:1124)
	at org.testng.TestNG.run(TestNG.java:1032)
	at org.testng.remote.AbstractRemoteTestNG.run(AbstractRemoteTestNG.java:115)
	at org.testng.remote.RemoteTestNG.initAndRun(RemoteTestNG.java:251)
	at org.testng.remote.RemoteTestNG.main(RemoteTestNG.java:77)
</stack-trace>
            </failure>
            <steps>
                <step start="1641477066844" stop="1641477066844" status="passed">
                    <name>logStep[ Verifying amazon aax slot Id for feed2]</name>
                    <title> Verifying amazon aax slot Id for feed2</title>
                </step>
                <step start="1641477066943" stop="1641477066943" status="passed">
                    <name>logStep[slot id: 752a96eb-3198-4991-b572-17ec04883b6c is not present]</name>
                    <title>slot id: 752a96eb-3198-4991-b572-17ec04883b6c is not present</title>
                </step>
                <step start="1641477066943" stop="1641477066943" status="passed">
                    <name>logStep[Feed2 :AAX slot id Verification is failed]</name>
                    <title>Feed2 :AAX slot id Verification is failed</title>
                </step>
            </steps>
            <attachments/>
            <labels>
                <label name="testSuite" value="Default suite"/>
                <label name="testGroup" value="Default test"/>
                <label name="testClass" value="twc.Regression.TestCases.regressionTestCases"/>
                <label name="testMethod" value="Verify_amazon_aaxSlot_feed2_adcall"/>
                <label name="host" value="Aswinikumars-MacBook-Pro.local"/>
                <label name="thread" value="19063@Aswinikumars-MacBook-Pro.local.main(1)"/>
            </labels>
        </test-case>
        <test-case start="1641477066843" stop="1641477066944" status="failed">
            <name>Verify_amazon_aaxSlot_feed2_adcall</name>
            <description type="text">Verifying amazon  Slot Id for feed2 ad call</description>
            <failure>
                <message>AssertionError: slot id: 752a96eb-3198-4991-b572-17ec04883b6c is not present</message>
                <stack-trace>java.lang.AssertionError: slot id: 752a96eb-3198-4991-b572-17ec04883b6c is not present
	at org.testng.Assert.fail(Assert.java:94)
	at twc.Regression.General.Functions.verifyAAX_SlotId(Functions.java:5656)
	at twc.Regression.TestCases.regressionTestCases.Verify_amazon_aaxSlot_feed2_adcall(regressionTestCases.java:86)
	at sun.reflect.NativeMethodAccessorImpl.invoke0(Native Method)
	at sun.reflect.NativeMethodAccessorImpl.invoke(NativeMethodAccessorImpl.java:62)
	at sun.reflect.DelegatingMethodAccessorImpl.invoke(DelegatingMethodAccessorImpl.java:43)
	at java.lang.reflect.Method.invoke(Method.java:498)
	at org.testng.internal.MethodInvocationHelper.invokeMethod(MethodInvocationHelper.java:85)
	at org.testng.internal.Invoker.invokeMethod(Invoker.java:659)
	at org.testng.internal.Invoker.invokeTestMethod(Invoker.java:845)
	at org.testng.internal.Invoker.invokeTestMethods(Invoker.java:1153)
	at org.testng.internal.TestMethodWorker.invokeTestMethods(TestMethodWorker.java:125)
	at org.testng.internal.TestMethodWorker.run(TestMethodWorker.java:108)
	at org.testng.TestRunner.privateRun(TestRunner.java:771)
	at org.testng.TestRunner.run(TestRunner.java:621)
	at org.testng.SuiteRunner.runTest(SuiteRunner.java:357)
	at org.testng.SuiteRunner.runSequentially(SuiteRunner.java:352)
	at org.testng.SuiteRunner.privateRun(SuiteRunner.java:310)
	at org.testng.SuiteRunner.run(SuiteRunner.java:259)
	at org.testng.SuiteRunnerWorker.runSuite(SuiteRunnerWorker.java:52)
	at org.testng.SuiteRunnerWorker.run(SuiteRunnerWorker.java:86)
	at org.testng.TestNG.runSuitesSequentially(TestNG.java:1199)
	at org.testng.TestNG.runSuitesLocally(TestNG.java:1124)
	at org.testng.TestNG.run(TestNG.java:1032)
	at org.testng.remote.AbstractRemoteTestNG.run(AbstractRemoteTestNG.java:115)
	at org.testng.remote.RemoteTestNG.initAndRun(RemoteTestNG.java:251)
	at org.testng.remote.RemoteTestNG.main(RemoteTestNG.java:77)
</stack-trace>
            </failure>
            <steps>
                <step start="1641477066844" stop="1641477066844" status="passed">
                    <name>logStep[ Verifying amazon aax slot Id for feed2]</name>
                    <title> Verifying amazon aax slot Id for feed2</title>
                </step>
                <step start="1641477066943" stop="1641477066943" status="passed">
                    <name>logStep[slot id: 752a96eb-3198-4991-b572-17ec04883b6c is not present]</name>
                    <title>slot id: 752a96eb-3198-4991-b572-17ec04883b6c is not present</title>
                </step>
                <step start="1641477066943" stop="1641477066943" status="passed">
                    <name>logStep[Feed2 :AAX slot id Verification is failed]</name>
                    <title>Feed2 :AAX slot id Verification is failed</title>
                </step>
            </steps>
            <attachments/>
            <labels>
                <label name="testSuite" value="Default suite"/>
                <label name="testGroup" value="Default test"/>
                <label name="testClass" value="twc.Regression.TestCases.regressionTestCases"/>
                <label name="testMethod" value="Verify_amazon_aaxSlot_feed2_adcall"/>
                <label name="host" value="Aswinikumars-MacBook-Pro.local"/>
                <label name="thread" value="19063@Aswinikumars-MacBook-Pro.local.main(1)"/>
            </labels>
        </test-case>
        <test-case start="1641477066949" stop="1641477067065" status="failed">
            <name>Smoke_Test_amazon_aaxSlot_feed3_adcall</name>
            <description type="text">Verifying amazon  Slot Id for feed3 ad call</description>
            <failure>
                <message>AssertionError: slot id: 9384272f-b27f-4686-935f-02e6c5763abd is not present</message>
                <stack-trace>java.lang.AssertionError: slot id: 9384272f-b27f-4686-935f-02e6c5763abd is not present
	at org.testng.Assert.fail(Assert.java:94)
	at twc.Regression.General.Functions.verifyAAX_SlotId(Functions.java:5656)
	at twc.Regression.TestCases.regressionTestCases.Smoke_Test_amazon_aaxSlot_feed3_adcall(regressionTestCases.java:98)
	at sun.reflect.NativeMethodAccessorImpl.invoke0(Native Method)
	at sun.reflect.NativeMethodAccessorImpl.invoke(NativeMethodAccessorImpl.java:62)
	at sun.reflect.DelegatingMethodAccessorImpl.invoke(DelegatingMethodAccessorImpl.java:43)
	at java.lang.reflect.Method.invoke(Method.java:498)
	at org.testng.internal.MethodInvocationHelper.invokeMethod(MethodInvocationHelper.java:85)
	at org.testng.internal.Invoker.invokeMethod(Invoker.java:659)
	at org.testng.internal.Invoker.invokeTestMethod(Invoker.java:845)
	at org.testng.internal.Invoker.invokeTestMethods(Invoker.java:1153)
	at org.testng.internal.TestMethodWorker.invokeTestMethods(TestMethodWorker.java:125)
	at org.testng.internal.TestMethodWorker.run(TestMethodWorker.java:108)
	at org.testng.TestRunner.privateRun(TestRunner.java:771)
	at org.testng.TestRunner.run(TestRunner.java:621)
	at org.testng.SuiteRunner.runTest(SuiteRunner.java:357)
	at org.testng.SuiteRunner.runSequentially(SuiteRunner.java:352)
	at org.testng.SuiteRunner.privateRun(SuiteRunner.java:310)
	at org.testng.SuiteRunner.run(SuiteRunner.java:259)
	at org.testng.SuiteRunnerWorker.runSuite(SuiteRunnerWorker.java:52)
	at org.testng.SuiteRunnerWorker.run(SuiteRunnerWorker.java:86)
	at org.testng.TestNG.runSuitesSequentially(TestNG.java:1199)
	at org.testng.TestNG.runSuitesLocally(TestNG.java:1124)
	at org.testng.TestNG.run(TestNG.java:1032)
	at org.testng.remote.AbstractRemoteTestNG.run(AbstractRemoteTestNG.java:115)
	at org.testng.remote.RemoteTestNG.initAndRun(RemoteTestNG.java:251)
	at org.testng.remote.RemoteTestNG.main(RemoteTestNG.java:77)
</stack-trace>
            </failure>
            <steps>
                <step start="1641477066950" stop="1641477066950" status="passed">
                    <name>logStep[ Verifying amazon aax slot Id for feed3]</name>
                    <title> Verifying amazon aax slot Id for feed3</title>
                </step>
                <step start="1641477067064" stop="1641477067064" status="passed">
                    <name>logStep[slot id: 9384272f-b27f-4686-935f-02e6c5763abd is not present]</name>
                    <title>slot id: 9384272f-b27f-4686-935f-02e6c5763abd is not present</title>
                </step>
                <step start="1641477067064" stop="1641477067064" status="passed">
                    <name>logStep[Feed3 :AAX slot id Verification is failed]</name>
                    <title>Feed3 :AAX slot id Verification is failed</title>
                </step>
            </steps>
            <attachments/>
            <labels>
                <label name="testSuite" value="Default suite"/>
                <label name="testGroup" value="Default test"/>
                <label name="testClass" value="twc.Regression.TestCases.regressionTestCases"/>
                <label name="testMethod" value="Smoke_Test_amazon_aaxSlot_feed3_adcall"/>
                <label name="host" value="Aswinikumars-MacBook-Pro.local"/>
                <label name="thread" value="19063@Aswinikumars-MacBook-Pro.local.main(1)"/>
            </labels>
        </test-case>
        <test-case start="1641477066949" stop="1641477067065" status="failed">
            <name>Smoke_Test_amazon_aaxSlot_feed3_adcall</name>
            <description type="text">Verifying amazon  Slot Id for feed3 ad call</description>
            <failure>
                <message>AssertionError: slot id: 9384272f-b27f-4686-935f-02e6c5763abd is not present</message>
                <stack-trace>java.lang.AssertionError: slot id: 9384272f-b27f-4686-935f-02e6c5763abd is not present
	at org.testng.Assert.fail(Assert.java:94)
	at twc.Regression.General.Functions.verifyAAX_SlotId(Functions.java:5656)
	at twc.Regression.TestCases.regressionTestCases.Smoke_Test_amazon_aaxSlot_feed3_adcall(regressionTestCases.java:98)
	at sun.reflect.NativeMethodAccessorImpl.invoke0(Native Method)
	at sun.reflect.NativeMethodAccessorImpl.invoke(NativeMethodAccessorImpl.java:62)
	at sun.reflect.DelegatingMethodAccessorImpl.invoke(DelegatingMethodAccessorImpl.java:43)
	at java.lang.reflect.Method.invoke(Method.java:498)
	at org.testng.internal.MethodInvocationHelper.invokeMethod(MethodInvocationHelper.java:85)
	at org.testng.internal.Invoker.invokeMethod(Invoker.java:659)
	at org.testng.internal.Invoker.invokeTestMethod(Invoker.java:845)
	at org.testng.internal.Invoker.invokeTestMethods(Invoker.java:1153)
	at org.testng.internal.TestMethodWorker.invokeTestMethods(TestMethodWorker.java:125)
	at org.testng.internal.TestMethodWorker.run(TestMethodWorker.java:108)
	at org.testng.TestRunner.privateRun(TestRunner.java:771)
	at org.testng.TestRunner.run(TestRunner.java:621)
	at org.testng.SuiteRunner.runTest(SuiteRunner.java:357)
	at org.testng.SuiteRunner.runSequentially(SuiteRunner.java:352)
	at org.testng.SuiteRunner.privateRun(SuiteRunner.java:310)
	at org.testng.SuiteRunner.run(SuiteRunner.java:259)
	at org.testng.SuiteRunnerWorker.runSuite(SuiteRunnerWorker.java:52)
	at org.testng.SuiteRunnerWorker.run(SuiteRunnerWorker.java:86)
	at org.testng.TestNG.runSuitesSequentially(TestNG.java:1199)
	at org.testng.TestNG.runSuitesLocally(TestNG.java:1124)
	at org.testng.TestNG.run(TestNG.java:1032)
	at org.testng.remote.AbstractRemoteTestNG.run(AbstractRemoteTestNG.java:115)
	at org.testng.remote.RemoteTestNG.initAndRun(RemoteTestNG.java:251)
	at org.testng.remote.RemoteTestNG.main(RemoteTestNG.java:77)
</stack-trace>
            </failure>
            <steps>
                <step start="1641477066950" stop="1641477066950" status="passed">
                    <name>logStep[ Verifying amazon aax slot Id for feed3]</name>
                    <title> Verifying amazon aax slot Id for feed3</title>
                </step>
                <step start="1641477067064" stop="1641477067064" status="passed">
                    <name>logStep[slot id: 9384272f-b27f-4686-935f-02e6c5763abd is not present]</name>
                    <title>slot id: 9384272f-b27f-4686-935f-02e6c5763abd is not present</title>
                </step>
                <step start="1641477067064" stop="1641477067064" status="passed">
                    <name>logStep[Feed3 :AAX slot id Verification is failed]</name>
                    <title>Feed3 :AAX slot id Verification is failed</title>
                </step>
            </steps>
            <attachments/>
            <labels>
                <label name="testSuite" value="Default suite"/>
                <label name="testGroup" value="Default test"/>
                <label name="testClass" value="twc.Regression.TestCases.regressionTestCases"/>
                <label name="testMethod" value="Smoke_Test_amazon_aaxSlot_feed3_adcall"/>
                <label name="host" value="Aswinikumars-MacBook-Pro.local"/>
                <label name="thread" value="19063@Aswinikumars-MacBook-Pro.local.main(1)"/>
            </labels>
        </test-case>
        <test-case start="1641477067069" stop="1641477067207" status="failed">
            <name>Verify_amazon_aaxSlot_feed4_adcall</name>
            <description type="text">Verifying amazon  Slot Id for feed4 ad call</description>
            <failure>
                <message>AssertionError: slot id: 90251553-fb54-47a1-bbe2-dce4e1c27758 is not present</message>
                <stack-trace>java.lang.AssertionError: slot id: 90251553-fb54-47a1-bbe2-dce4e1c27758 is not present
	at org.testng.Assert.fail(Assert.java:94)
	at twc.Regression.General.Functions.verifyAAX_SlotId(Functions.java:5656)
	at twc.Regression.TestCases.regressionTestCases.Verify_amazon_aaxSlot_feed4_adcall(regressionTestCases.java:110)
	at sun.reflect.NativeMethodAccessorImpl.invoke0(Native Method)
	at sun.reflect.NativeMethodAccessorImpl.invoke(NativeMethodAccessorImpl.java:62)
	at sun.reflect.DelegatingMethodAccessorImpl.invoke(DelegatingMethodAccessorImpl.java:43)
	at java.lang.reflect.Method.invoke(Method.java:498)
	at org.testng.internal.MethodInvocationHelper.invokeMethod(MethodInvocationHelper.java:85)
	at org.testng.internal.Invoker.invokeMethod(Invoker.java:659)
	at org.testng.internal.Invoker.invokeTestMethod(Invoker.java:845)
	at org.testng.internal.Invoker.invokeTestMethods(Invoker.java:1153)
	at org.testng.internal.TestMethodWorker.invokeTestMethods(TestMethodWorker.java:125)
	at org.testng.internal.TestMethodWorker.run(TestMethodWorker.java:108)
	at org.testng.TestRunner.privateRun(TestRunner.java:771)
	at org.testng.TestRunner.run(TestRunner.java:621)
	at org.testng.SuiteRunner.runTest(SuiteRunner.java:357)
	at org.testng.SuiteRunner.runSequentially(SuiteRunner.java:352)
	at org.testng.SuiteRunner.privateRun(SuiteRunner.java:310)
	at org.testng.SuiteRunner.run(SuiteRunner.java:259)
	at org.testng.SuiteRunnerWorker.runSuite(SuiteRunnerWorker.java:52)
	at org.testng.SuiteRunnerWorker.run(SuiteRunnerWorker.java:86)
	at org.testng.TestNG.runSuitesSequentially(TestNG.java:1199)
	at org.testng.TestNG.runSuitesLocally(TestNG.java:1124)
	at org.testng.TestNG.run(TestNG.java:1032)
	at org.testng.remote.AbstractRemoteTestNG.run(AbstractRemoteTestNG.java:115)
	at org.testng.remote.RemoteTestNG.initAndRun(RemoteTestNG.java:251)
	at org.testng.remote.RemoteTestNG.main(RemoteTestNG.java:77)
</stack-trace>
            </failure>
            <steps>
                <step start="1641477067070" stop="1641477067070" status="passed">
                    <name>logStep[ Verifying amazon aax slot Id for feed4]</name>
                    <title> Verifying amazon aax slot Id for feed4</title>
                </step>
                <step start="1641477067207" stop="1641477067207" status="passed">
                    <name>logStep[slot id: 90251553-fb54-47a1-bbe2-dce4e1c27758 is not present]</name>
                    <title>slot id: 90251553-fb54-47a1-bbe2-dce4e1c27758 is not present</title>
                </step>
                <step start="1641477067207" stop="1641477067207" status="passed">
                    <name>logStep[Feed4 :AAX slot id Verification is failed]</name>
                    <title>Feed4 :AAX slot id Verification is failed</title>
                </step>
            </steps>
            <attachments/>
            <labels>
                <label name="testSuite" value="Default suite"/>
                <label name="testGroup" value="Default test"/>
                <label name="testClass" value="twc.Regression.TestCases.regressionTestCases"/>
                <label name="testMethod" value="Verify_amazon_aaxSlot_feed4_adcall"/>
                <label name="host" value="Aswinikumars-MacBook-Pro.local"/>
                <label name="thread" value="19063@Aswinikumars-MacBook-Pro.local.main(1)"/>
            </labels>
        </test-case>
        <test-case start="1641477067069" stop="1641477067207" status="failed">
            <name>Verify_amazon_aaxSlot_feed4_adcall</name>
            <description type="text">Verifying amazon  Slot Id for feed4 ad call</description>
            <failure>
                <message>AssertionError: slot id: 90251553-fb54-47a1-bbe2-dce4e1c27758 is not present</message>
                <stack-trace>java.lang.AssertionError: slot id: 90251553-fb54-47a1-bbe2-dce4e1c27758 is not present
	at org.testng.Assert.fail(Assert.java:94)
	at twc.Regression.General.Functions.verifyAAX_SlotId(Functions.java:5656)
	at twc.Regression.TestCases.regressionTestCases.Verify_amazon_aaxSlot_feed4_adcall(regressionTestCases.java:110)
	at sun.reflect.NativeMethodAccessorImpl.invoke0(Native Method)
	at sun.reflect.NativeMethodAccessorImpl.invoke(NativeMethodAccessorImpl.java:62)
	at sun.reflect.DelegatingMethodAccessorImpl.invoke(DelegatingMethodAccessorImpl.java:43)
	at java.lang.reflect.Method.invoke(Method.java:498)
	at org.testng.internal.MethodInvocationHelper.invokeMethod(MethodInvocationHelper.java:85)
	at org.testng.internal.Invoker.invokeMethod(Invoker.java:659)
	at org.testng.internal.Invoker.invokeTestMethod(Invoker.java:845)
	at org.testng.internal.Invoker.invokeTestMethods(Invoker.java:1153)
	at org.testng.internal.TestMethodWorker.invokeTestMethods(TestMethodWorker.java:125)
	at org.testng.internal.TestMethodWorker.run(TestMethodWorker.java:108)
	at org.testng.TestRunner.privateRun(TestRunner.java:771)
	at org.testng.TestRunner.run(TestRunner.java:621)
	at org.testng.SuiteRunner.runTest(SuiteRunner.java:357)
	at org.testng.SuiteRunner.runSequentially(SuiteRunner.java:352)
	at org.testng.SuiteRunner.privateRun(SuiteRunner.java:310)
	at org.testng.SuiteRunner.run(SuiteRunner.java:259)
	at org.testng.SuiteRunnerWorker.runSuite(SuiteRunnerWorker.java:52)
	at org.testng.SuiteRunnerWorker.run(SuiteRunnerWorker.java:86)
	at org.testng.TestNG.runSuitesSequentially(TestNG.java:1199)
	at org.testng.TestNG.runSuitesLocally(TestNG.java:1124)
	at org.testng.TestNG.run(TestNG.java:1032)
	at org.testng.remote.AbstractRemoteTestNG.run(AbstractRemoteTestNG.java:115)
	at org.testng.remote.RemoteTestNG.initAndRun(RemoteTestNG.java:251)
	at org.testng.remote.RemoteTestNG.main(RemoteTestNG.java:77)
</stack-trace>
            </failure>
            <steps>
                <step start="1641477067070" stop="1641477067070" status="passed">
                    <name>logStep[ Verifying amazon aax slot Id for feed4]</name>
                    <title> Verifying amazon aax slot Id for feed4</title>
                </step>
                <step start="1641477067207" stop="1641477067207" status="passed">
                    <name>logStep[slot id: 90251553-fb54-47a1-bbe2-dce4e1c27758 is not present]</name>
                    <title>slot id: 90251553-fb54-47a1-bbe2-dce4e1c27758 is not present</title>
                </step>
                <step start="1641477067207" stop="1641477067207" status="passed">
                    <name>logStep[Feed4 :AAX slot id Verification is failed]</name>
                    <title>Feed4 :AAX slot id Verification is failed</title>
                </step>
            </steps>
            <attachments/>
            <labels>
                <label name="testSuite" value="Default suite"/>
                <label name="testGroup" value="Default test"/>
                <label name="testClass" value="twc.Regression.TestCases.regressionTestCases"/>
                <label name="testMethod" value="Verify_amazon_aaxSlot_feed4_adcall"/>
                <label name="host" value="Aswinikumars-MacBook-Pro.local"/>
                <label name="thread" value="19063@Aswinikumars-MacBook-Pro.local.main(1)"/>
            </labels>
        </test-case>
        <test-case start="1641477067210" stop="1641477067301" status="failed">
            <name>Verify_amazon_aaxSlot_feed5_adcall</name>
            <description type="text">Verifying amazon  Slot Id for feed4 ad call</description>
            <failure>
                <message>AssertionError: slot id: 2bf017a1-7b30-4a93-b455-5227c8b01940 is not present</message>
                <stack-trace>java.lang.AssertionError: slot id: 2bf017a1-7b30-4a93-b455-5227c8b01940 is not present
	at org.testng.Assert.fail(Assert.java:94)
	at twc.Regression.General.Functions.verifyAAX_SlotId(Functions.java:5656)
	at twc.Regression.TestCases.regressionTestCases.Verify_amazon_aaxSlot_feed5_adcall(regressionTestCases.java:121)
	at sun.reflect.NativeMethodAccessorImpl.invoke0(Native Method)
	at sun.reflect.NativeMethodAccessorImpl.invoke(NativeMethodAccessorImpl.java:62)
	at sun.reflect.DelegatingMethodAccessorImpl.invoke(DelegatingMethodAccessorImpl.java:43)
	at java.lang.reflect.Method.invoke(Method.java:498)
	at org.testng.internal.MethodInvocationHelper.invokeMethod(MethodInvocationHelper.java:85)
	at org.testng.internal.Invoker.invokeMethod(Invoker.java:659)
	at org.testng.internal.Invoker.invokeTestMethod(Invoker.java:845)
	at org.testng.internal.Invoker.invokeTestMethods(Invoker.java:1153)
	at org.testng.internal.TestMethodWorker.invokeTestMethods(TestMethodWorker.java:125)
	at org.testng.internal.TestMethodWorker.run(TestMethodWorker.java:108)
	at org.testng.TestRunner.privateRun(TestRunner.java:771)
	at org.testng.TestRunner.run(TestRunner.java:621)
	at org.testng.SuiteRunner.runTest(SuiteRunner.java:357)
	at org.testng.SuiteRunner.runSequentially(SuiteRunner.java:352)
	at org.testng.SuiteRunner.privateRun(SuiteRunner.java:310)
	at org.testng.SuiteRunner.run(SuiteRunner.java:259)
	at org.testng.SuiteRunnerWorker.runSuite(SuiteRunnerWorker.java:52)
	at org.testng.SuiteRunnerWorker.run(SuiteRunnerWorker.java:86)
	at org.testng.TestNG.runSuitesSequentially(TestNG.java:1199)
	at org.testng.TestNG.runSuitesLocally(TestNG.java:1124)
	at org.testng.TestNG.run(TestNG.java:1032)
	at org.testng.remote.AbstractRemoteTestNG.run(AbstractRemoteTestNG.java:115)
	at org.testng.remote.RemoteTestNG.initAndRun(RemoteTestNG.java:251)
	at org.testng.remote.RemoteTestNG.main(RemoteTestNG.java:77)
</stack-trace>
            </failure>
            <steps>
                <step start="1641477067211" stop="1641477067211" status="passed">
                    <name>logStep[ Verifying amazon aax slot Id for feed4]</name>
                    <title> Verifying amazon aax slot Id for feed4</title>
                </step>
                <step start="1641477067300" stop="1641477067300" status="passed">
                    <name>logStep[slot id: 2bf017a1-7b30-4a93-b455-5227c8b01940 is not present]</name>
                    <title>slot id: 2bf017a1-7b30-4a93-b455-5227c8b01940 is not present</title>
                </step>
                <step start="1641477067301" stop="1641477067301" status="passed">
                    <name>logStep[Feed5 :AAX slot id Verification is failed]</name>
                    <title>Feed5 :AAX slot id Verification is failed</title>
                </step>
            </steps>
            <attachments/>
            <labels>
                <label name="testSuite" value="Default suite"/>
                <label name="testGroup" value="Default test"/>
                <label name="testClass" value="twc.Regression.TestCases.regressionTestCases"/>
                <label name="testMethod" value="Verify_amazon_aaxSlot_feed5_adcall"/>
                <label name="host" value="Aswinikumars-MacBook-Pro.local"/>
                <label name="thread" value="19063@Aswinikumars-MacBook-Pro.local.main(1)"/>
            </labels>
        </test-case>
        <test-case start="1641477067210" stop="1641477067301" status="failed">
            <name>Verify_amazon_aaxSlot_feed5_adcall</name>
            <description type="text">Verifying amazon  Slot Id for feed4 ad call</description>
            <failure>
                <message>AssertionError: slot id: 2bf017a1-7b30-4a93-b455-5227c8b01940 is not present</message>
                <stack-trace>java.lang.AssertionError: slot id: 2bf017a1-7b30-4a93-b455-5227c8b01940 is not present
	at org.testng.Assert.fail(Assert.java:94)
	at twc.Regression.General.Functions.verifyAAX_SlotId(Functions.java:5656)
	at twc.Regression.TestCases.regressionTestCases.Verify_amazon_aaxSlot_feed5_adcall(regressionTestCases.java:121)
	at sun.reflect.NativeMethodAccessorImpl.invoke0(Native Method)
	at sun.reflect.NativeMethodAccessorImpl.invoke(NativeMethodAccessorImpl.java:62)
	at sun.reflect.DelegatingMethodAccessorImpl.invoke(DelegatingMethodAccessorImpl.java:43)
	at java.lang.reflect.Method.invoke(Method.java:498)
	at org.testng.internal.MethodInvocationHelper.invokeMethod(MethodInvocationHelper.java:85)
	at org.testng.internal.Invoker.invokeMethod(Invoker.java:659)
	at org.testng.internal.Invoker.invokeTestMethod(Invoker.java:845)
	at org.testng.internal.Invoker.invokeTestMethods(Invoker.java:1153)
	at org.testng.internal.TestMethodWorker.invokeTestMethods(TestMethodWorker.java:125)
	at org.testng.internal.TestMethodWorker.run(TestMethodWorker.java:108)
	at org.testng.TestRunner.privateRun(TestRunner.java:771)
	at org.testng.TestRunner.run(TestRunner.java:621)
	at org.testng.SuiteRunner.runTest(SuiteRunner.java:357)
	at org.testng.SuiteRunner.runSequentially(SuiteRunner.java:352)
	at org.testng.SuiteRunner.privateRun(SuiteRunner.java:310)
	at org.testng.SuiteRunner.run(SuiteRunner.java:259)
	at org.testng.SuiteRunnerWorker.runSuite(SuiteRunnerWorker.java:52)
	at org.testng.SuiteRunnerWorker.run(SuiteRunnerWorker.java:86)
	at org.testng.TestNG.runSuitesSequentially(TestNG.java:1199)
	at org.testng.TestNG.runSuitesLocally(TestNG.java:1124)
	at org.testng.TestNG.run(TestNG.java:1032)
	at org.testng.remote.AbstractRemoteTestNG.run(AbstractRemoteTestNG.java:115)
	at org.testng.remote.RemoteTestNG.initAndRun(RemoteTestNG.java:251)
	at org.testng.remote.RemoteTestNG.main(RemoteTestNG.java:77)
</stack-trace>
            </failure>
            <steps>
                <step start="1641477067211" stop="1641477067211" status="passed">
                    <name>logStep[ Verifying amazon aax slot Id for feed4]</name>
                    <title> Verifying amazon aax slot Id for feed4</title>
                </step>
                <step start="1641477067300" stop="1641477067300" status="passed">
                    <name>logStep[slot id: 2bf017a1-7b30-4a93-b455-5227c8b01940 is not present]</name>
                    <title>slot id: 2bf017a1-7b30-4a93-b455-5227c8b01940 is not present</title>
                </step>
                <step start="1641477067301" stop="1641477067301" status="passed">
                    <name>logStep[Feed5 :AAX slot id Verification is failed]</name>
                    <title>Feed5 :AAX slot id Verification is failed</title>
                </step>
            </steps>
            <attachments/>
            <labels>
                <label name="testSuite" value="Default suite"/>
                <label name="testGroup" value="Default test"/>
                <label name="testClass" value="twc.Regression.TestCases.regressionTestCases"/>
                <label name="testMethod" value="Verify_amazon_aaxSlot_feed5_adcall"/>
                <label name="host" value="Aswinikumars-MacBook-Pro.local"/>
                <label name="thread" value="19063@Aswinikumars-MacBook-Pro.local.main(1)"/>
            </labels>
        </test-case>
        <test-case start="1641477067304" stop="1641477067388" status="failed">
            <name>Verify_amazon_aax_mapsdetails_adcall</name>
            <description type="text">Verifying amazon Slot Id for maps details preroll ad cal</description>
            <failure>
                <message>AssertionError: slot id: 5db1161b-b504-4640-9496-dfe6284f84ab is not present</message>
                <stack-trace>java.lang.AssertionError: slot id: 5db1161b-b504-4640-9496-dfe6284f84ab is not present
	at org.testng.Assert.fail(Assert.java:94)
	at twc.Regression.General.Functions.verifyAAX_SlotId(Functions.java:5656)
	at twc.Regression.TestCases.regressionTestCases.Verify_amazon_aax_mapsdetails_adcall(regressionTestCases.java:135)
	at sun.reflect.NativeMethodAccessorImpl.invoke0(Native Method)
	at sun.reflect.NativeMethodAccessorImpl.invoke(NativeMethodAccessorImpl.java:62)
	at sun.reflect.DelegatingMethodAccessorImpl.invoke(DelegatingMethodAccessorImpl.java:43)
	at java.lang.reflect.Method.invoke(Method.java:498)
	at org.testng.internal.MethodInvocationHelper.invokeMethod(MethodInvocationHelper.java:85)
	at org.testng.internal.Invoker.invokeMethod(Invoker.java:659)
	at org.testng.internal.Invoker.invokeTestMethod(Invoker.java:845)
	at org.testng.internal.Invoker.invokeTestMethods(Invoker.java:1153)
	at org.testng.internal.TestMethodWorker.invokeTestMethods(TestMethodWorker.java:125)
	at org.testng.internal.TestMethodWorker.run(TestMethodWorker.java:108)
	at org.testng.TestRunner.privateRun(TestRunner.java:771)
	at org.testng.TestRunner.run(TestRunner.java:621)
	at org.testng.SuiteRunner.runTest(SuiteRunner.java:357)
	at org.testng.SuiteRunner.runSequentially(SuiteRunner.java:352)
	at org.testng.SuiteRunner.privateRun(SuiteRunner.java:310)
	at org.testng.SuiteRunner.run(SuiteRunner.java:259)
	at org.testng.SuiteRunnerWorker.runSuite(SuiteRunnerWorker.java:52)
	at org.testng.SuiteRunnerWorker.run(SuiteRunnerWorker.java:86)
	at org.testng.TestNG.runSuitesSequentially(TestNG.java:1199)
	at org.testng.TestNG.runSuitesLocally(TestNG.java:1124)
	at org.testng.TestNG.run(TestNG.java:1032)
	at org.testng.remote.AbstractRemoteTestNG.run(AbstractRemoteTestNG.java:115)
	at org.testng.remote.RemoteTestNG.initAndRun(RemoteTestNG.java:251)
	at org.testng.remote.RemoteTestNG.main(RemoteTestNG.java:77)
</stack-trace>
            </failure>
            <steps>
                <step start="1641477067304" stop="1641477067304" status="passed">
                    <name>logStep[ Verifying preload amazon aax for  map details]</name>
                    <title> Verifying preload amazon aax for  map details</title>
                </step>
                <step start="1641477067387" stop="1641477067387" status="passed">
                    <name>logStep[slot id: 5db1161b-b504-4640-9496-dfe6284f84ab is not present]</name>
                    <title>slot id: 5db1161b-b504-4640-9496-dfe6284f84ab is not present</title>
                </step>
                <step start="1641477067388" stop="1641477067388" status="passed">
                    <name>logStep[Map :AAX slot id Verification is failed]</name>
                    <title>Map :AAX slot id Verification is failed</title>
                </step>
            </steps>
            <attachments/>
            <labels>
                <label name="testSuite" value="Default suite"/>
                <label name="testGroup" value="Default test"/>
                <label name="testClass" value="twc.Regression.TestCases.regressionTestCases"/>
                <label name="testMethod" value="Verify_amazon_aax_mapsdetails_adcall"/>
                <label name="host" value="Aswinikumars-MacBook-Pro.local"/>
                <label name="thread" value="19063@Aswinikumars-MacBook-Pro.local.main(1)"/>
            </labels>
        </test-case>
        <test-case start="1641477067304" stop="1641477067388" status="failed">
            <name>Verify_amazon_aax_mapsdetails_adcall</name>
            <description type="text">Verifying amazon Slot Id for maps details preroll ad cal</description>
            <failure>
                <message>AssertionError: slot id: 5db1161b-b504-4640-9496-dfe6284f84ab is not present</message>
                <stack-trace>java.lang.AssertionError: slot id: 5db1161b-b504-4640-9496-dfe6284f84ab is not present
	at org.testng.Assert.fail(Assert.java:94)
	at twc.Regression.General.Functions.verifyAAX_SlotId(Functions.java:5656)
	at twc.Regression.TestCases.regressionTestCases.Verify_amazon_aax_mapsdetails_adcall(regressionTestCases.java:135)
	at sun.reflect.NativeMethodAccessorImpl.invoke0(Native Method)
	at sun.reflect.NativeMethodAccessorImpl.invoke(NativeMethodAccessorImpl.java:62)
	at sun.reflect.DelegatingMethodAccessorImpl.invoke(DelegatingMethodAccessorImpl.java:43)
	at java.lang.reflect.Method.invoke(Method.java:498)
	at org.testng.internal.MethodInvocationHelper.invokeMethod(MethodInvocationHelper.java:85)
	at org.testng.internal.Invoker.invokeMethod(Invoker.java:659)
	at org.testng.internal.Invoker.invokeTestMethod(Invoker.java:845)
	at org.testng.internal.Invoker.invokeTestMethods(Invoker.java:1153)
	at org.testng.internal.TestMethodWorker.invokeTestMethods(TestMethodWorker.java:125)
	at org.testng.internal.TestMethodWorker.run(TestMethodWorker.java:108)
	at org.testng.TestRunner.privateRun(TestRunner.java:771)
	at org.testng.TestRunner.run(TestRunner.java:621)
	at org.testng.SuiteRunner.runTest(SuiteRunner.java:357)
	at org.testng.SuiteRunner.runSequentially(SuiteRunner.java:352)
	at org.testng.SuiteRunner.privateRun(SuiteRunner.java:310)
	at org.testng.SuiteRunner.run(SuiteRunner.java:259)
	at org.testng.SuiteRunnerWorker.runSuite(SuiteRunnerWorker.java:52)
	at org.testng.SuiteRunnerWorker.run(SuiteRunnerWorker.java:86)
	at org.testng.TestNG.runSuitesSequentially(TestNG.java:1199)
	at org.testng.TestNG.runSuitesLocally(TestNG.java:1124)
	at org.testng.TestNG.run(TestNG.java:1032)
	at org.testng.remote.AbstractRemoteTestNG.run(AbstractRemoteTestNG.java:115)
	at org.testng.remote.RemoteTestNG.initAndRun(RemoteTestNG.java:251)
	at org.testng.remote.RemoteTestNG.main(RemoteTestNG.java:77)
</stack-trace>
            </failure>
            <steps>
                <step start="1641477067304" stop="1641477067304" status="passed">
                    <name>logStep[ Verifying preload amazon aax for  map details]</name>
                    <title> Verifying preload amazon aax for  map details</title>
                </step>
                <step start="1641477067387" stop="1641477067387" status="passed">
                    <name>logStep[slot id: 5db1161b-b504-4640-9496-dfe6284f84ab is not present]</name>
                    <title>slot id: 5db1161b-b504-4640-9496-dfe6284f84ab is not present</title>
                </step>
                <step start="1641477067388" stop="1641477067388" status="passed">
                    <name>logStep[Map :AAX slot id Verification is failed]</name>
                    <title>Map :AAX slot id Verification is failed</title>
                </step>
            </steps>
            <attachments/>
            <labels>
                <label name="testSuite" value="Default suite"/>
                <label name="testGroup" value="Default test"/>
                <label name="testClass" value="twc.Regression.TestCases.regressionTestCases"/>
                <label name="testMethod" value="Verify_amazon_aax_mapsdetails_adcall"/>
                <label name="host" value="Aswinikumars-MacBook-Pro.local"/>
                <label name="thread" value="19063@Aswinikumars-MacBook-Pro.local.main(1)"/>
            </labels>
        </test-case>
        <test-case start="1641477067392" stop="1641477067474" status="failed">
            <name>Smoke_Test_amazon_aax_today_deatailcard</name>
            <description type="text">Verifying amazon aax for today details card</description>
            <failure>
                <message>AssertionError: slot id: 8d4e513d-9ae1-4b32-9468-9be0f434262f is not present</message>
                <stack-trace>java.lang.AssertionError: slot id: 8d4e513d-9ae1-4b32-9468-9be0f434262f is not present
	at org.testng.Assert.fail(Assert.java:94)
	at twc.Regression.General.Functions.verifyAAX_SlotId(Functions.java:5656)
	at twc.Regression.TestCases.regressionTestCases.Smoke_Test_amazon_aax_today_deatailcard(regressionTestCases.java:145)
	at sun.reflect.NativeMethodAccessorImpl.invoke0(Native Method)
	at sun.reflect.NativeMethodAccessorImpl.invoke(NativeMethodAccessorImpl.java:62)
	at sun.reflect.DelegatingMethodAccessorImpl.invoke(DelegatingMethodAccessorImpl.java:43)
	at java.lang.reflect.Method.invoke(Method.java:498)
	at org.testng.internal.MethodInvocationHelper.invokeMethod(MethodInvocationHelper.java:85)
	at org.testng.internal.Invoker.invokeMethod(Invoker.java:659)
	at org.testng.internal.Invoker.invokeTestMethod(Invoker.java:845)
	at org.testng.internal.Invoker.invokeTestMethods(Invoker.java:1153)
	at org.testng.internal.TestMethodWorker.invokeTestMethods(TestMethodWorker.java:125)
	at org.testng.internal.TestMethodWorker.run(TestMethodWorker.java:108)
	at org.testng.TestRunner.privateRun(TestRunner.java:771)
	at org.testng.TestRunner.run(TestRunner.java:621)
	at org.testng.SuiteRunner.runTest(SuiteRunner.java:357)
	at org.testng.SuiteRunner.runSequentially(SuiteRunner.java:352)
	at org.testng.SuiteRunner.privateRun(SuiteRunner.java:310)
	at org.testng.SuiteRunner.run(SuiteRunner.java:259)
	at org.testng.SuiteRunnerWorker.runSuite(SuiteRunnerWorker.java:52)
	at org.testng.SuiteRunnerWorker.run(SuiteRunnerWorker.java:86)
	at org.testng.TestNG.runSuitesSequentially(TestNG.java:1199)
	at org.testng.TestNG.runSuitesLocally(TestNG.java:1124)
	at org.testng.TestNG.run(TestNG.java:1032)
	at org.testng.remote.AbstractRemoteTestNG.run(AbstractRemoteTestNG.java:115)
	at org.testng.remote.RemoteTestNG.initAndRun(RemoteTestNG.java:251)
	at org.testng.remote.RemoteTestNG.main(RemoteTestNG.java:77)
</stack-trace>
            </failure>
            <steps>
                <step start="1641477067474" stop="1641477067474" status="passed">
                    <name>logStep[slot id: 8d4e513d-9ae1-4b32-9468-9be0f434262f is not present]</name>
                    <title>slot id: 8d4e513d-9ae1-4b32-9468-9be0f434262f is not present</title>
                </step>
                <step start="1641477067474" stop="1641477067474" status="passed">
                    <name>logStep[Today :AAX slot id Verification is failed]</name>
                    <title>Today :AAX slot id Verification is failed</title>
                </step>
            </steps>
            <attachments/>
            <labels>
                <label name="testSuite" value="Default suite"/>
                <label name="testGroup" value="Default test"/>
                <label name="testClass" value="twc.Regression.TestCases.regressionTestCases"/>
                <label name="testMethod" value="Smoke_Test_amazon_aax_today_deatailcard"/>
                <label name="host" value="Aswinikumars-MacBook-Pro.local"/>
                <label name="thread" value="19063@Aswinikumars-MacBook-Pro.local.main(1)"/>
            </labels>
        </test-case>
        <test-case start="1641477067392" stop="1641477067474" status="failed">
            <name>Smoke_Test_amazon_aax_today_deatailcard</name>
            <description type="text">Verifying amazon aax for today details card</description>
            <failure>
                <message>AssertionError: slot id: 8d4e513d-9ae1-4b32-9468-9be0f434262f is not present</message>
                <stack-trace>java.lang.AssertionError: slot id: 8d4e513d-9ae1-4b32-9468-9be0f434262f is not present
	at org.testng.Assert.fail(Assert.java:94)
	at twc.Regression.General.Functions.verifyAAX_SlotId(Functions.java:5656)
	at twc.Regression.TestCases.regressionTestCases.Smoke_Test_amazon_aax_today_deatailcard(regressionTestCases.java:145)
	at sun.reflect.NativeMethodAccessorImpl.invoke0(Native Method)
	at sun.reflect.NativeMethodAccessorImpl.invoke(NativeMethodAccessorImpl.java:62)
	at sun.reflect.DelegatingMethodAccessorImpl.invoke(DelegatingMethodAccessorImpl.java:43)
	at java.lang.reflect.Method.invoke(Method.java:498)
	at org.testng.internal.MethodInvocationHelper.invokeMethod(MethodInvocationHelper.java:85)
	at org.testng.internal.Invoker.invokeMethod(Invoker.java:659)
	at org.testng.internal.Invoker.invokeTestMethod(Invoker.java:845)
	at org.testng.internal.Invoker.invokeTestMethods(Invoker.java:1153)
	at org.testng.internal.TestMethodWorker.invokeTestMethods(TestMethodWorker.java:125)
	at org.testng.internal.TestMethodWorker.run(TestMethodWorker.java:108)
	at org.testng.TestRunner.privateRun(TestRunner.java:771)
	at org.testng.TestRunner.run(TestRunner.java:621)
	at org.testng.SuiteRunner.runTest(SuiteRunner.java:357)
	at org.testng.SuiteRunner.runSequentially(SuiteRunner.java:352)
	at org.testng.SuiteRunner.privateRun(SuiteRunner.java:310)
	at org.testng.SuiteRunner.run(SuiteRunner.java:259)
	at org.testng.SuiteRunnerWorker.runSuite(SuiteRunnerWorker.java:52)
	at org.testng.SuiteRunnerWorker.run(SuiteRunnerWorker.java:86)
	at org.testng.TestNG.runSuitesSequentially(TestNG.java:1199)
	at org.testng.TestNG.runSuitesLocally(TestNG.java:1124)
	at org.testng.TestNG.run(TestNG.java:1032)
	at org.testng.remote.AbstractRemoteTestNG.run(AbstractRemoteTestNG.java:115)
	at org.testng.remote.RemoteTestNG.initAndRun(RemoteTestNG.java:251)
	at org.testng.remote.RemoteTestNG.main(RemoteTestNG.java:77)
</stack-trace>
            </failure>
            <steps>
                <step start="1641477067474" stop="1641477067474" status="passed">
                    <name>logStep[slot id: 8d4e513d-9ae1-4b32-9468-9be0f434262f is not present]</name>
                    <title>slot id: 8d4e513d-9ae1-4b32-9468-9be0f434262f is not present</title>
                </step>
                <step start="1641477067474" stop="1641477067474" status="passed">
                    <name>logStep[Today :AAX slot id Verification is failed]</name>
                    <title>Today :AAX slot id Verification is failed</title>
                </step>
            </steps>
            <attachments/>
            <labels>
                <label name="testSuite" value="Default suite"/>
                <label name="testGroup" value="Default test"/>
                <label name="testClass" value="twc.Regression.TestCases.regressionTestCases"/>
                <label name="testMethod" value="Smoke_Test_amazon_aax_today_deatailcard"/>
                <label name="host" value="Aswinikumars-MacBook-Pro.local"/>
                <label name="thread" value="19063@Aswinikumars-MacBook-Pro.local.main(1)"/>
            </labels>
        </test-case>
        <test-case start="1641477067480" stop="1641477067580" status="failed">
            <name>Smoke_Test_amazon_aax_Airquality_deatailcard</name>
            <description type="text">Verifying amazon aax for AQ details page</description>
            <failure>
                <message>AssertionError: slot id: 9aec4232-00c6-476b-8bbf-e66ecbd57edb is not present</message>
                <stack-trace>java.lang.AssertionError: slot id: 9aec4232-00c6-476b-8bbf-e66ecbd57edb is not present
	at org.testng.Assert.fail(Assert.java:94)
	at twc.Regression.General.Functions.verifyAAX_SlotId(Functions.java:5656)
	at twc.Regression.TestCases.regressionTestCases.Smoke_Test_amazon_aax_Airquality_deatailcard(regressionTestCases.java:155)
	at sun.reflect.NativeMethodAccessorImpl.invoke0(Native Method)
	at sun.reflect.NativeMethodAccessorImpl.invoke(NativeMethodAccessorImpl.java:62)
	at sun.reflect.DelegatingMethodAccessorImpl.invoke(DelegatingMethodAccessorImpl.java:43)
	at java.lang.reflect.Method.invoke(Method.java:498)
	at org.testng.internal.MethodInvocationHelper.invokeMethod(MethodInvocationHelper.java:85)
	at org.testng.internal.Invoker.invokeMethod(Invoker.java:659)
	at org.testng.internal.Invoker.invokeTestMethod(Invoker.java:845)
	at org.testng.internal.Invoker.invokeTestMethods(Invoker.java:1153)
	at org.testng.internal.TestMethodWorker.invokeTestMethods(TestMethodWorker.java:125)
	at org.testng.internal.TestMethodWorker.run(TestMethodWorker.java:108)
	at org.testng.TestRunner.privateRun(TestRunner.java:771)
	at org.testng.TestRunner.run(TestRunner.java:621)
	at org.testng.SuiteRunner.runTest(SuiteRunner.java:357)
	at org.testng.SuiteRunner.runSequentially(SuiteRunner.java:352)
	at org.testng.SuiteRunner.privateRun(SuiteRunner.java:310)
	at org.testng.SuiteRunner.run(SuiteRunner.java:259)
	at org.testng.SuiteRunnerWorker.runSuite(SuiteRunnerWorker.java:52)
	at org.testng.SuiteRunnerWorker.run(SuiteRunnerWorker.java:86)
	at org.testng.TestNG.runSuitesSequentially(TestNG.java:1199)
	at org.testng.TestNG.runSuitesLocally(TestNG.java:1124)
	at org.testng.TestNG.run(TestNG.java:1032)
	at org.testng.remote.AbstractRemoteTestNG.run(AbstractRemoteTestNG.java:115)
	at org.testng.remote.RemoteTestNG.initAndRun(RemoteTestNG.java:251)
	at org.testng.remote.RemoteTestNG.main(RemoteTestNG.java:77)
</stack-trace>
            </failure>
            <steps>
                <step start="1641477067579" stop="1641477067579" status="passed">
                    <name>logStep[slot id: 9aec4232-00c6-476b-8bbf-e66ecbd57edb is not present]</name>
                    <title>slot id: 9aec4232-00c6-476b-8bbf-e66ecbd57edb is not present</title>
                </step>
                <step start="1641477067580" stop="1641477067580" status="passed">
                    <name>logStep[Air Quality(Content) :AAX slot id Verification is failed]</name>
                    <title>Air Quality(Content) :AAX slot id Verification is failed</title>
                </step>
            </steps>
            <attachments/>
            <labels>
                <label name="testSuite" value="Default suite"/>
                <label name="testGroup" value="Default test"/>
                <label name="testClass" value="twc.Regression.TestCases.regressionTestCases"/>
                <label name="testMethod" value="Smoke_Test_amazon_aax_Airquality_deatailcard"/>
                <label name="host" value="Aswinikumars-MacBook-Pro.local"/>
                <label name="thread" value="19063@Aswinikumars-MacBook-Pro.local.main(1)"/>
            </labels>
        </test-case>
        <test-case start="1641477067480" stop="1641477067580" status="failed">
            <name>Smoke_Test_amazon_aax_Airquality_deatailcard</name>
            <description type="text">Verifying amazon aax for AQ details page</description>
            <failure>
                <message>AssertionError: slot id: 9aec4232-00c6-476b-8bbf-e66ecbd57edb is not present</message>
                <stack-trace>java.lang.AssertionError: slot id: 9aec4232-00c6-476b-8bbf-e66ecbd57edb is not present
	at org.testng.Assert.fail(Assert.java:94)
	at twc.Regression.General.Functions.verifyAAX_SlotId(Functions.java:5656)
	at twc.Regression.TestCases.regressionTestCases.Smoke_Test_amazon_aax_Airquality_deatailcard(regressionTestCases.java:155)
	at sun.reflect.NativeMethodAccessorImpl.invoke0(Native Method)
	at sun.reflect.NativeMethodAccessorImpl.invoke(NativeMethodAccessorImpl.java:62)
	at sun.reflect.DelegatingMethodAccessorImpl.invoke(DelegatingMethodAccessorImpl.java:43)
	at java.lang.reflect.Method.invoke(Method.java:498)
	at org.testng.internal.MethodInvocationHelper.invokeMethod(MethodInvocationHelper.java:85)
	at org.testng.internal.Invoker.invokeMethod(Invoker.java:659)
	at org.testng.internal.Invoker.invokeTestMethod(Invoker.java:845)
	at org.testng.internal.Invoker.invokeTestMethods(Invoker.java:1153)
	at org.testng.internal.TestMethodWorker.invokeTestMethods(TestMethodWorker.java:125)
	at org.testng.internal.TestMethodWorker.run(TestMethodWorker.java:108)
	at org.testng.TestRunner.privateRun(TestRunner.java:771)
	at org.testng.TestRunner.run(TestRunner.java:621)
	at org.testng.SuiteRunner.runTest(SuiteRunner.java:357)
	at org.testng.SuiteRunner.runSequentially(SuiteRunner.java:352)
	at org.testng.SuiteRunner.privateRun(SuiteRunner.java:310)
	at org.testng.SuiteRunner.run(SuiteRunner.java:259)
	at org.testng.SuiteRunnerWorker.runSuite(SuiteRunnerWorker.java:52)
	at org.testng.SuiteRunnerWorker.run(SuiteRunnerWorker.java:86)
	at org.testng.TestNG.runSuitesSequentially(TestNG.java:1199)
	at org.testng.TestNG.runSuitesLocally(TestNG.java:1124)
	at org.testng.TestNG.run(TestNG.java:1032)
	at org.testng.remote.AbstractRemoteTestNG.run(AbstractRemoteTestNG.java:115)
	at org.testng.remote.RemoteTestNG.initAndRun(RemoteTestNG.java:251)
	at org.testng.remote.RemoteTestNG.main(RemoteTestNG.java:77)
</stack-trace>
            </failure>
            <steps>
                <step start="1641477067579" stop="1641477067579" status="passed">
                    <name>logStep[slot id: 9aec4232-00c6-476b-8bbf-e66ecbd57edb is not present]</name>
                    <title>slot id: 9aec4232-00c6-476b-8bbf-e66ecbd57edb is not present</title>
                </step>
                <step start="1641477067580" stop="1641477067580" status="passed">
                    <name>logStep[Air Quality(Content) :AAX slot id Verification is failed]</name>
                    <title>Air Quality(Content) :AAX slot id Verification is failed</title>
                </step>
            </steps>
            <attachments/>
            <labels>
                <label name="testSuite" value="Default suite"/>
                <label name="testGroup" value="Default test"/>
                <label name="testClass" value="twc.Regression.TestCases.regressionTestCases"/>
                <label name="testMethod" value="Smoke_Test_amazon_aax_Airquality_deatailcard"/>
                <label name="host" value="Aswinikumars-MacBook-Pro.local"/>
                <label name="thread" value="19063@Aswinikumars-MacBook-Pro.local.main(1)"/>
            </labels>
        </test-case>
        <test-case start="1641477067584" stop="1641477067667" status="failed">
            <name>Smoke_Test_Verify_amazon_SlotId_Running_Bigbanner_ad</name>
            <description type="text">Verifying amazon slot Id for Running Bigbanner ad</description>
            <failure>
                <message>AssertionError: slot id: 27a25b19-0b5c-44c6-9051-bb859a7e0f66 is not present</message>
                <stack-trace>java.lang.AssertionError: slot id: 27a25b19-0b5c-44c6-9051-bb859a7e0f66 is not present
	at org.testng.Assert.fail(Assert.java:94)
	at twc.Regression.General.Functions.verifyAAX_SlotId(Functions.java:5656)
	at twc.Regression.TestCases.regressionTestCases.Smoke_Test_Verify_amazon_SlotId_Running_Bigbanner_ad(regressionTestCases.java:164)
	at sun.reflect.NativeMethodAccessorImpl.invoke0(Native Method)
	at sun.reflect.NativeMethodAccessorImpl.invoke(NativeMethodAccessorImpl.java:62)
	at sun.reflect.DelegatingMethodAccessorImpl.invoke(DelegatingMethodAccessorImpl.java:43)
	at java.lang.reflect.Method.invoke(Method.java:498)
	at org.testng.internal.MethodInvocationHelper.invokeMethod(MethodInvocationHelper.java:85)
	at org.testng.internal.Invoker.invokeMethod(Invoker.java:659)
	at org.testng.internal.Invoker.invokeTestMethod(Invoker.java:845)
	at org.testng.internal.Invoker.invokeTestMethods(Invoker.java:1153)
	at org.testng.internal.TestMethodWorker.invokeTestMethods(TestMethodWorker.java:125)
	at org.testng.internal.TestMethodWorker.run(TestMethodWorker.java:108)
	at org.testng.TestRunner.privateRun(TestRunner.java:771)
	at org.testng.TestRunner.run(TestRunner.java:621)
	at org.testng.SuiteRunner.runTest(SuiteRunner.java:357)
	at org.testng.SuiteRunner.runSequentially(SuiteRunner.java:352)
	at org.testng.SuiteRunner.privateRun(SuiteRunner.java:310)
	at org.testng.SuiteRunner.run(SuiteRunner.java:259)
	at org.testng.SuiteRunnerWorker.runSuite(SuiteRunnerWorker.java:52)
	at org.testng.SuiteRunnerWorker.run(SuiteRunnerWorker.java:86)
	at org.testng.TestNG.runSuitesSequentially(TestNG.java:1199)
	at org.testng.TestNG.runSuitesLocally(TestNG.java:1124)
	at org.testng.TestNG.run(TestNG.java:1032)
	at org.testng.remote.AbstractRemoteTestNG.run(AbstractRemoteTestNG.java:115)
	at org.testng.remote.RemoteTestNG.initAndRun(RemoteTestNG.java:251)
	at org.testng.remote.RemoteTestNG.main(RemoteTestNG.java:77)
</stack-trace>
            </failure>
            <steps>
                <step start="1641477067666" stop="1641477067666" status="passed">
                    <name>logStep[slot id: 27a25b19-0b5c-44c6-9051-bb859a7e0f66 is not present]</name>
                    <title>slot id: 27a25b19-0b5c-44c6-9051-bb859a7e0f66 is not present</title>
                </step>
                <step start="1641477067666" stop="1641477067666" status="passed">
                    <name>logStep[Health(goRun) :AAX slot id Verification is failed]</name>
                    <title>Health(goRun) :AAX slot id Verification is failed</title>
                </step>
            </steps>
            <attachments/>
            <labels>
                <label name="testSuite" value="Default suite"/>
                <label name="testGroup" value="Default test"/>
                <label name="testClass" value="twc.Regression.TestCases.regressionTestCases"/>
                <label name="testMethod" value="Smoke_Test_Verify_amazon_SlotId_Running_Bigbanner_ad"/>
                <label name="host" value="Aswinikumars-MacBook-Pro.local"/>
                <label name="thread" value="19063@Aswinikumars-MacBook-Pro.local.main(1)"/>
            </labels>
        </test-case>
        <test-case start="1641477067584" stop="1641477067667" status="failed">
            <name>Smoke_Test_Verify_amazon_SlotId_Running_Bigbanner_ad</name>
            <description type="text">Verifying amazon slot Id for Running Bigbanner ad</description>
            <failure>
                <message>AssertionError: slot id: 27a25b19-0b5c-44c6-9051-bb859a7e0f66 is not present</message>
                <stack-trace>java.lang.AssertionError: slot id: 27a25b19-0b5c-44c6-9051-bb859a7e0f66 is not present
	at org.testng.Assert.fail(Assert.java:94)
	at twc.Regression.General.Functions.verifyAAX_SlotId(Functions.java:5656)
	at twc.Regression.TestCases.regressionTestCases.Smoke_Test_Verify_amazon_SlotId_Running_Bigbanner_ad(regressionTestCases.java:164)
	at sun.reflect.NativeMethodAccessorImpl.invoke0(Native Method)
	at sun.reflect.NativeMethodAccessorImpl.invoke(NativeMethodAccessorImpl.java:62)
	at sun.reflect.DelegatingMethodAccessorImpl.invoke(DelegatingMethodAccessorImpl.java:43)
	at java.lang.reflect.Method.invoke(Method.java:498)
	at org.testng.internal.MethodInvocationHelper.invokeMethod(MethodInvocationHelper.java:85)
	at org.testng.internal.Invoker.invokeMethod(Invoker.java:659)
	at org.testng.internal.Invoker.invokeTestMethod(Invoker.java:845)
	at org.testng.internal.Invoker.invokeTestMethods(Invoker.java:1153)
	at org.testng.internal.TestMethodWorker.invokeTestMethods(TestMethodWorker.java:125)
	at org.testng.internal.TestMethodWorker.run(TestMethodWorker.java:108)
	at org.testng.TestRunner.privateRun(TestRunner.java:771)
	at org.testng.TestRunner.run(TestRunner.java:621)
	at org.testng.SuiteRunner.runTest(SuiteRunner.java:357)
	at org.testng.SuiteRunner.runSequentially(SuiteRunner.java:352)
	at org.testng.SuiteRunner.privateRun(SuiteRunner.java:310)
	at org.testng.SuiteRunner.run(SuiteRunner.java:259)
	at org.testng.SuiteRunnerWorker.runSuite(SuiteRunnerWorker.java:52)
	at org.testng.SuiteRunnerWorker.run(SuiteRunnerWorker.java:86)
	at org.testng.TestNG.runSuitesSequentially(TestNG.java:1199)
	at org.testng.TestNG.runSuitesLocally(TestNG.java:1124)
	at org.testng.TestNG.run(TestNG.java:1032)
	at org.testng.remote.AbstractRemoteTestNG.run(AbstractRemoteTestNG.java:115)
	at org.testng.remote.RemoteTestNG.initAndRun(RemoteTestNG.java:251)
	at org.testng.remote.RemoteTestNG.main(RemoteTestNG.java:77)
</stack-trace>
            </failure>
            <steps>
                <step start="1641477067666" stop="1641477067666" status="passed">
                    <name>logStep[slot id: 27a25b19-0b5c-44c6-9051-bb859a7e0f66 is not present]</name>
                    <title>slot id: 27a25b19-0b5c-44c6-9051-bb859a7e0f66 is not present</title>
                </step>
                <step start="1641477067666" stop="1641477067666" status="passed">
                    <name>logStep[Health(goRun) :AAX slot id Verification is failed]</name>
                    <title>Health(goRun) :AAX slot id Verification is failed</title>
                </step>
            </steps>
            <attachments/>
            <labels>
                <label name="testSuite" value="Default suite"/>
                <label name="testGroup" value="Default test"/>
                <label name="testClass" value="twc.Regression.TestCases.regressionTestCases"/>
                <label name="testMethod" value="Smoke_Test_Verify_amazon_SlotId_Running_Bigbanner_ad"/>
                <label name="host" value="Aswinikumars-MacBook-Pro.local"/>
                <label name="thread" value="19063@Aswinikumars-MacBook-Pro.local.main(1)"/>
            </labels>
        </test-case>
        <test-case start="1641477067669" stop="1641477067747" status="failed">
            <name>Verify_amazon_SlotId_Boat_Beach_Bigbanner_ad</name>
            <description type="text">Verifying amazon slot Id  for Boat&amp;Beach Bigbanner ad</description>
            <failure>
                <message>AssertionError: slot id: 58b652be-94ba-494d-8ac8-ac5e9ec00433 is not present</message>
                <stack-trace>java.lang.AssertionError: slot id: 58b652be-94ba-494d-8ac8-ac5e9ec00433 is not present
	at org.testng.Assert.fail(Assert.java:94)
	at twc.Regression.General.Functions.verifyAAX_SlotId(Functions.java:5656)
	at twc.Regression.TestCases.regressionTestCases.Verify_amazon_SlotId_Boat_Beach_Bigbanner_ad(regressionTestCases.java:174)
	at sun.reflect.NativeMethodAccessorImpl.invoke0(Native Method)
	at sun.reflect.NativeMethodAccessorImpl.invoke(NativeMethodAccessorImpl.java:62)
	at sun.reflect.DelegatingMethodAccessorImpl.invoke(DelegatingMethodAccessorImpl.java:43)
	at java.lang.reflect.Method.invoke(Method.java:498)
	at org.testng.internal.MethodInvocationHelper.invokeMethod(MethodInvocationHelper.java:85)
	at org.testng.internal.Invoker.invokeMethod(Invoker.java:659)
	at org.testng.internal.Invoker.invokeTestMethod(Invoker.java:845)
	at org.testng.internal.Invoker.invokeTestMethods(Invoker.java:1153)
	at org.testng.internal.TestMethodWorker.invokeTestMethods(TestMethodWorker.java:125)
	at org.testng.internal.TestMethodWorker.run(TestMethodWorker.java:108)
	at org.testng.TestRunner.privateRun(TestRunner.java:771)
	at org.testng.TestRunner.run(TestRunner.java:621)
	at org.testng.SuiteRunner.runTest(SuiteRunner.java:357)
	at org.testng.SuiteRunner.runSequentially(SuiteRunner.java:352)
	at org.testng.SuiteRunner.privateRun(SuiteRunner.java:310)
	at org.testng.SuiteRunner.run(SuiteRunner.java:259)
	at org.testng.SuiteRunnerWorker.runSuite(SuiteRunnerWorker.java:52)
	at org.testng.SuiteRunnerWorker.run(SuiteRunnerWorker.java:86)
	at org.testng.TestNG.runSuitesSequentially(TestNG.java:1199)
	at org.testng.TestNG.runSuitesLocally(TestNG.java:1124)
	at org.testng.TestNG.run(TestNG.java:1032)
	at org.testng.remote.AbstractRemoteTestNG.run(AbstractRemoteTestNG.java:115)
	at org.testng.remote.RemoteTestNG.initAndRun(RemoteTestNG.java:251)
	at org.testng.remote.RemoteTestNG.main(RemoteTestNG.java:77)
</stack-trace>
            </failure>
            <steps>
                <step start="1641477067746" stop="1641477067746" status="passed">
                    <name>logStep[slot id: 58b652be-94ba-494d-8ac8-ac5e9ec00433 is not present]</name>
                    <title>slot id: 58b652be-94ba-494d-8ac8-ac5e9ec00433 is not present</title>
                </step>
                <step start="1641477067747" stop="1641477067747" status="passed">
                    <name>logStep[Health(boatAndBeach) :AAX slot id Verification is failed]</name>
                    <title>Health(boatAndBeach) :AAX slot id Verification is failed</title>
                </step>
            </steps>
            <attachments/>
            <labels>
                <label name="testSuite" value="Default suite"/>
                <label name="testGroup" value="Default test"/>
                <label name="testClass" value="twc.Regression.TestCases.regressionTestCases"/>
                <label name="testMethod" value="Verify_amazon_SlotId_Boat_Beach_Bigbanner_ad"/>
                <label name="host" value="Aswinikumars-MacBook-Pro.local"/>
                <label name="thread" value="19063@Aswinikumars-MacBook-Pro.local.main(1)"/>
            </labels>
        </test-case>
        <test-case start="1641477067669" stop="1641477067747" status="failed">
            <name>Verify_amazon_SlotId_Boat_Beach_Bigbanner_ad</name>
            <description type="text">Verifying amazon slot Id  for Boat&amp;Beach Bigbanner ad</description>
            <failure>
                <message>AssertionError: slot id: 58b652be-94ba-494d-8ac8-ac5e9ec00433 is not present</message>
                <stack-trace>java.lang.AssertionError: slot id: 58b652be-94ba-494d-8ac8-ac5e9ec00433 is not present
	at org.testng.Assert.fail(Assert.java:94)
	at twc.Regression.General.Functions.verifyAAX_SlotId(Functions.java:5656)
	at twc.Regression.TestCases.regressionTestCases.Verify_amazon_SlotId_Boat_Beach_Bigbanner_ad(regressionTestCases.java:174)
	at sun.reflect.NativeMethodAccessorImpl.invoke0(Native Method)
	at sun.reflect.NativeMethodAccessorImpl.invoke(NativeMethodAccessorImpl.java:62)
	at sun.reflect.DelegatingMethodAccessorImpl.invoke(DelegatingMethodAccessorImpl.java:43)
	at java.lang.reflect.Method.invoke(Method.java:498)
	at org.testng.internal.MethodInvocationHelper.invokeMethod(MethodInvocationHelper.java:85)
	at org.testng.internal.Invoker.invokeMethod(Invoker.java:659)
	at org.testng.internal.Invoker.invokeTestMethod(Invoker.java:845)
	at org.testng.internal.Invoker.invokeTestMethods(Invoker.java:1153)
	at org.testng.internal.TestMethodWorker.invokeTestMethods(TestMethodWorker.java:125)
	at org.testng.internal.TestMethodWorker.run(TestMethodWorker.java:108)
	at org.testng.TestRunner.privateRun(TestRunner.java:771)
	at org.testng.TestRunner.run(TestRunner.java:621)
	at org.testng.SuiteRunner.runTest(SuiteRunner.java:357)
	at org.testng.SuiteRunner.runSequentially(SuiteRunner.java:352)
	at org.testng.SuiteRunner.privateRun(SuiteRunner.java:310)
	at org.testng.SuiteRunner.run(SuiteRunner.java:259)
	at org.testng.SuiteRunnerWorker.runSuite(SuiteRunnerWorker.java:52)
	at org.testng.SuiteRunnerWorker.run(SuiteRunnerWorker.java:86)
	at org.testng.TestNG.runSuitesSequentially(TestNG.java:1199)
	at org.testng.TestNG.runSuitesLocally(TestNG.java:1124)
	at org.testng.TestNG.run(TestNG.java:1032)
	at org.testng.remote.AbstractRemoteTestNG.run(AbstractRemoteTestNG.java:115)
	at org.testng.remote.RemoteTestNG.initAndRun(RemoteTestNG.java:251)
	at org.testng.remote.RemoteTestNG.main(RemoteTestNG.java:77)
</stack-trace>
            </failure>
            <steps>
                <step start="1641477067746" stop="1641477067746" status="passed">
                    <name>logStep[slot id: 58b652be-94ba-494d-8ac8-ac5e9ec00433 is not present]</name>
                    <title>slot id: 58b652be-94ba-494d-8ac8-ac5e9ec00433 is not present</title>
                </step>
                <step start="1641477067747" stop="1641477067747" status="passed">
                    <name>logStep[Health(boatAndBeach) :AAX slot id Verification is failed]</name>
                    <title>Health(boatAndBeach) :AAX slot id Verification is failed</title>
                </step>
            </steps>
            <attachments/>
            <labels>
                <label name="testSuite" value="Default suite"/>
                <label name="testGroup" value="Default test"/>
                <label name="testClass" value="twc.Regression.TestCases.regressionTestCases"/>
                <label name="testMethod" value="Verify_amazon_SlotId_Boat_Beach_Bigbanner_ad"/>
                <label name="host" value="Aswinikumars-MacBook-Pro.local"/>
                <label name="thread" value="19063@Aswinikumars-MacBook-Pro.local.main(1)"/>
            </labels>
        </test-case>
        <test-case start="1641477067749" stop="1641477067834" status="failed">
            <name>Verify_amazon_SlotId_outdoor_details</name>
            <description type="text">Verifying amazon slot Id for Outdoor details page</description>
            <failure>
                <message>AssertionError: slot id: 2bf017a1-7b30-4a93-b455-5227c8b01940 is not present</message>
                <stack-trace>java.lang.AssertionError: slot id: 2bf017a1-7b30-4a93-b455-5227c8b01940 is not present
	at org.testng.Assert.fail(Assert.java:94)
	at twc.Regression.General.Functions.verifyAAX_SlotId(Functions.java:5656)
	at twc.Regression.TestCases.regressionTestCases.Verify_amazon_SlotId_outdoor_details(regressionTestCases.java:184)
	at sun.reflect.NativeMethodAccessorImpl.invoke0(Native Method)
	at sun.reflect.NativeMethodAccessorImpl.invoke(NativeMethodAccessorImpl.java:62)
	at sun.reflect.DelegatingMethodAccessorImpl.invoke(DelegatingMethodAccessorImpl.java:43)
	at java.lang.reflect.Method.invoke(Method.java:498)
	at org.testng.internal.MethodInvocationHelper.invokeMethod(MethodInvocationHelper.java:85)
	at org.testng.internal.Invoker.invokeMethod(Invoker.java:659)
	at org.testng.internal.Invoker.invokeTestMethod(Invoker.java:845)
	at org.testng.internal.Invoker.invokeTestMethods(Invoker.java:1153)
	at org.testng.internal.TestMethodWorker.invokeTestMethods(TestMethodWorker.java:125)
	at org.testng.internal.TestMethodWorker.run(TestMethodWorker.java:108)
	at org.testng.TestRunner.privateRun(TestRunner.java:771)
	at org.testng.TestRunner.run(TestRunner.java:621)
	at org.testng.SuiteRunner.runTest(SuiteRunner.java:357)
	at org.testng.SuiteRunner.runSequentially(SuiteRunner.java:352)
	at org.testng.SuiteRunner.privateRun(SuiteRunner.java:310)
	at org.testng.SuiteRunner.run(SuiteRunner.java:259)
	at org.testng.SuiteRunnerWorker.runSuite(SuiteRunnerWorker.java:52)
	at org.testng.SuiteRunnerWorker.run(SuiteRunnerWorker.java:86)
	at org.testng.TestNG.runSuitesSequentially(TestNG.java:1199)
	at org.testng.TestNG.runSuitesLocally(TestNG.java:1124)
	at org.testng.TestNG.run(TestNG.java:1032)
	at org.testng.remote.AbstractRemoteTestNG.run(AbstractRemoteTestNG.java:115)
	at org.testng.remote.RemoteTestNG.initAndRun(RemoteTestNG.java:251)
	at org.testng.remote.RemoteTestNG.main(RemoteTestNG.java:77)
</stack-trace>
            </failure>
            <steps>
                <step start="1641477067833" stop="1641477067833" status="passed">
                    <name>logStep[slot id: 2bf017a1-7b30-4a93-b455-5227c8b01940 is not present]</name>
                    <title>slot id: 2bf017a1-7b30-4a93-b455-5227c8b01940 is not present</title>
                </step>
                <step start="1641477067834" stop="1641477067834" status="passed">
                    <name>logStep[SeasonalHub(Details) :AAX slot id Verification is failed]</name>
                    <title>SeasonalHub(Details) :AAX slot id Verification is failed</title>
                </step>
            </steps>
            <attachments/>
            <labels>
                <label name="testSuite" value="Default suite"/>
                <label name="testGroup" value="Default test"/>
                <label name="testClass" value="twc.Regression.TestCases.regressionTestCases"/>
                <label name="testMethod" value="Verify_amazon_SlotId_outdoor_details"/>
                <label name="host" value="Aswinikumars-MacBook-Pro.local"/>
                <label name="thread" value="19063@Aswinikumars-MacBook-Pro.local.main(1)"/>
            </labels>
        </test-case>
        <test-case start="1641477067749" stop="1641477067834" status="failed">
            <name>Verify_amazon_SlotId_outdoor_details</name>
            <description type="text">Verifying amazon slot Id for Outdoor details page</description>
            <failure>
                <message>AssertionError: slot id: 2bf017a1-7b30-4a93-b455-5227c8b01940 is not present</message>
                <stack-trace>java.lang.AssertionError: slot id: 2bf017a1-7b30-4a93-b455-5227c8b01940 is not present
	at org.testng.Assert.fail(Assert.java:94)
	at twc.Regression.General.Functions.verifyAAX_SlotId(Functions.java:5656)
	at twc.Regression.TestCases.regressionTestCases.Verify_amazon_SlotId_outdoor_details(regressionTestCases.java:184)
	at sun.reflect.NativeMethodAccessorImpl.invoke0(Native Method)
	at sun.reflect.NativeMethodAccessorImpl.invoke(NativeMethodAccessorImpl.java:62)
	at sun.reflect.DelegatingMethodAccessorImpl.invoke(DelegatingMethodAccessorImpl.java:43)
	at java.lang.reflect.Method.invoke(Method.java:498)
	at org.testng.internal.MethodInvocationHelper.invokeMethod(MethodInvocationHelper.java:85)
	at org.testng.internal.Invoker.invokeMethod(Invoker.java:659)
	at org.testng.internal.Invoker.invokeTestMethod(Invoker.java:845)
	at org.testng.internal.Invoker.invokeTestMethods(Invoker.java:1153)
	at org.testng.internal.TestMethodWorker.invokeTestMethods(TestMethodWorker.java:125)
	at org.testng.internal.TestMethodWorker.run(TestMethodWorker.java:108)
	at org.testng.TestRunner.privateRun(TestRunner.java:771)
	at org.testng.TestRunner.run(TestRunner.java:621)
	at org.testng.SuiteRunner.runTest(SuiteRunner.java:357)
	at org.testng.SuiteRunner.runSequentially(SuiteRunner.java:352)
	at org.testng.SuiteRunner.privateRun(SuiteRunner.java:310)
	at org.testng.SuiteRunner.run(SuiteRunner.java:259)
	at org.testng.SuiteRunnerWorker.runSuite(SuiteRunnerWorker.java:52)
	at org.testng.SuiteRunnerWorker.run(SuiteRunnerWorker.java:86)
	at org.testng.TestNG.runSuitesSequentially(TestNG.java:1199)
	at org.testng.TestNG.runSuitesLocally(TestNG.java:1124)
	at org.testng.TestNG.run(TestNG.java:1032)
	at org.testng.remote.AbstractRemoteTestNG.run(AbstractRemoteTestNG.java:115)
	at org.testng.remote.RemoteTestNG.initAndRun(RemoteTestNG.java:251)
	at org.testng.remote.RemoteTestNG.main(RemoteTestNG.java:77)
</stack-trace>
            </failure>
            <steps>
                <step start="1641477067833" stop="1641477067833" status="passed">
                    <name>logStep[slot id: 2bf017a1-7b30-4a93-b455-5227c8b01940 is not present]</name>
                    <title>slot id: 2bf017a1-7b30-4a93-b455-5227c8b01940 is not present</title>
                </step>
                <step start="1641477067834" stop="1641477067834" status="passed">
                    <name>logStep[SeasonalHub(Details) :AAX slot id Verification is failed]</name>
                    <title>SeasonalHub(Details) :AAX slot id Verification is failed</title>
                </step>
            </steps>
            <attachments/>
            <labels>
                <label name="testSuite" value="Default suite"/>
                <label name="testGroup" value="Default test"/>
                <label name="testClass" value="twc.Regression.TestCases.regressionTestCases"/>
                <label name="testMethod" value="Verify_amazon_SlotId_outdoor_details"/>
                <label name="host" value="Aswinikumars-MacBook-Pro.local"/>
                <label name="thread" value="19063@Aswinikumars-MacBook-Pro.local.main(1)"/>
            </labels>
        </test-case>
        <test-case start="1641477067838" stop="1641477067907" status="failed">
            <name>Verify_amazon_aax_preload_Hourly_details_adcall</name>
            <description type="text">Verify amazon aax Hourly Details preload ad call</description>
            <failure>
                <message>AssertionError: slot id: 9be28769-4207-4d51-8063-dc8e645383b2 is not present</message>
                <stack-trace>java.lang.AssertionError: slot id: 9be28769-4207-4d51-8063-dc8e645383b2 is not present
	at org.testng.Assert.fail(Assert.java:94)
	at twc.Regression.General.Functions.verifyAAX_SlotId(Functions.java:5656)
	at twc.Regression.TestCases.regressionTestCases.Verify_amazon_aax_preload_Hourly_details_adcall(regressionTestCases.java:207)
	at sun.reflect.NativeMethodAccessorImpl.invoke0(Native Method)
	at sun.reflect.NativeMethodAccessorImpl.invoke(NativeMethodAccessorImpl.java:62)
	at sun.reflect.DelegatingMethodAccessorImpl.invoke(DelegatingMethodAccessorImpl.java:43)
	at java.lang.reflect.Method.invoke(Method.java:498)
	at org.testng.internal.MethodInvocationHelper.invokeMethod(MethodInvocationHelper.java:85)
	at org.testng.internal.Invoker.invokeMethod(Invoker.java:659)
	at org.testng.internal.Invoker.invokeTestMethod(Invoker.java:845)
	at org.testng.internal.Invoker.invokeTestMethods(Invoker.java:1153)
	at org.testng.internal.TestMethodWorker.invokeTestMethods(TestMethodWorker.java:125)
	at org.testng.internal.TestMethodWorker.run(TestMethodWorker.java:108)
	at org.testng.TestRunner.privateRun(TestRunner.java:771)
	at org.testng.TestRunner.run(TestRunner.java:621)
	at org.testng.SuiteRunner.runTest(SuiteRunner.java:357)
	at org.testng.SuiteRunner.runSequentially(SuiteRunner.java:352)
	at org.testng.SuiteRunner.privateRun(SuiteRunner.java:310)
	at org.testng.SuiteRunner.run(SuiteRunner.java:259)
	at org.testng.SuiteRunnerWorker.runSuite(SuiteRunnerWorker.java:52)
	at org.testng.SuiteRunnerWorker.run(SuiteRunnerWorker.java:86)
	at org.testng.TestNG.runSuitesSequentially(TestNG.java:1199)
	at org.testng.TestNG.runSuitesLocally(TestNG.java:1124)
	at org.testng.TestNG.run(TestNG.java:1032)
	at org.testng.remote.AbstractRemoteTestNG.run(AbstractRemoteTestNG.java:115)
	at org.testng.remote.RemoteTestNG.initAndRun(RemoteTestNG.java:251)
	at org.testng.remote.RemoteTestNG.main(RemoteTestNG.java:77)
</stack-trace>
            </failure>
            <steps>
                <step start="1641477067838" stop="1641477067838" status="passed">
                    <name>logStep[****** amazon aax Hourly Details preload ad call validation Started]</name>
                    <title>****** amazon aax Hourly Details preload ad call validation Started</title>
                </step>
                <step start="1641477067906" stop="1641477067906" status="passed">
                    <name>logStep[slot id: 9be28769-4207-4d51-8063-dc8e645383b2 is not present]</name>
                    <title>slot id: 9be28769-4207-4d51-8063-dc8e645383b2 is not present</title>
                </step>
                <step start="1641477067907" stop="1641477067907" status="passed">
                    <name>logStep[Hourly :AAX slot id Verification is failed]</name>
                    <title>Hourly :AAX slot id Verification is failed</title>
                </step>
            </steps>
            <attachments/>
            <labels>
                <label name="testSuite" value="Default suite"/>
                <label name="testGroup" value="Default test"/>
                <label name="testClass" value="twc.Regression.TestCases.regressionTestCases"/>
                <label name="testMethod" value="Verify_amazon_aax_preload_Hourly_details_adcall"/>
                <label name="host" value="Aswinikumars-MacBook-Pro.local"/>
                <label name="thread" value="19063@Aswinikumars-MacBook-Pro.local.main(1)"/>
            </labels>
        </test-case>
        <test-case start="1641477067838" stop="1641477067907" status="failed">
            <name>Verify_amazon_aax_preload_Hourly_details_adcall</name>
            <description type="text">Verify amazon aax Hourly Details preload ad call</description>
            <failure>
                <message>AssertionError: slot id: 9be28769-4207-4d51-8063-dc8e645383b2 is not present</message>
                <stack-trace>java.lang.AssertionError: slot id: 9be28769-4207-4d51-8063-dc8e645383b2 is not present
	at org.testng.Assert.fail(Assert.java:94)
	at twc.Regression.General.Functions.verifyAAX_SlotId(Functions.java:5656)
	at twc.Regression.TestCases.regressionTestCases.Verify_amazon_aax_preload_Hourly_details_adcall(regressionTestCases.java:207)
	at sun.reflect.NativeMethodAccessorImpl.invoke0(Native Method)
	at sun.reflect.NativeMethodAccessorImpl.invoke(NativeMethodAccessorImpl.java:62)
	at sun.reflect.DelegatingMethodAccessorImpl.invoke(DelegatingMethodAccessorImpl.java:43)
	at java.lang.reflect.Method.invoke(Method.java:498)
	at org.testng.internal.MethodInvocationHelper.invokeMethod(MethodInvocationHelper.java:85)
	at org.testng.internal.Invoker.invokeMethod(Invoker.java:659)
	at org.testng.internal.Invoker.invokeTestMethod(Invoker.java:845)
	at org.testng.internal.Invoker.invokeTestMethods(Invoker.java:1153)
	at org.testng.internal.TestMethodWorker.invokeTestMethods(TestMethodWorker.java:125)
	at org.testng.internal.TestMethodWorker.run(TestMethodWorker.java:108)
	at org.testng.TestRunner.privateRun(TestRunner.java:771)
	at org.testng.TestRunner.run(TestRunner.java:621)
	at org.testng.SuiteRunner.runTest(SuiteRunner.java:357)
	at org.testng.SuiteRunner.runSequentially(SuiteRunner.java:352)
	at org.testng.SuiteRunner.privateRun(SuiteRunner.java:310)
	at org.testng.SuiteRunner.run(SuiteRunner.java:259)
	at org.testng.SuiteRunnerWorker.runSuite(SuiteRunnerWorker.java:52)
	at org.testng.SuiteRunnerWorker.run(SuiteRunnerWorker.java:86)
	at org.testng.TestNG.runSuitesSequentially(TestNG.java:1199)
	at org.testng.TestNG.runSuitesLocally(TestNG.java:1124)
	at org.testng.TestNG.run(TestNG.java:1032)
	at org.testng.remote.AbstractRemoteTestNG.run(AbstractRemoteTestNG.java:115)
	at org.testng.remote.RemoteTestNG.initAndRun(RemoteTestNG.java:251)
	at org.testng.remote.RemoteTestNG.main(RemoteTestNG.java:77)
</stack-trace>
            </failure>
            <steps>
                <step start="1641477067838" stop="1641477067838" status="passed">
                    <name>logStep[****** amazon aax Hourly Details preload ad call validation Started]</name>
                    <title>****** amazon aax Hourly Details preload ad call validation Started</title>
                </step>
                <step start="1641477067906" stop="1641477067906" status="passed">
                    <name>logStep[slot id: 9be28769-4207-4d51-8063-dc8e645383b2 is not present]</name>
                    <title>slot id: 9be28769-4207-4d51-8063-dc8e645383b2 is not present</title>
                </step>
                <step start="1641477067907" stop="1641477067907" status="passed">
                    <name>logStep[Hourly :AAX slot id Verification is failed]</name>
                    <title>Hourly :AAX slot id Verification is failed</title>
                </step>
            </steps>
            <attachments/>
            <labels>
                <label name="testSuite" value="Default suite"/>
                <label name="testGroup" value="Default test"/>
                <label name="testClass" value="twc.Regression.TestCases.regressionTestCases"/>
                <label name="testMethod" value="Verify_amazon_aax_preload_Hourly_details_adcall"/>
                <label name="host" value="Aswinikumars-MacBook-Pro.local"/>
                <label name="thread" value="19063@Aswinikumars-MacBook-Pro.local.main(1)"/>
            </labels>
        </test-case>
        <test-case start="1641477067910" stop="1641477067987" status="failed">
            <name>Verify_amazon_aax_preload_Hourly1_details_adcall</name>
            <description type="text">Verify amazon aax Hourly1 Details preload ad call</description>
            <failure>
                <message>AssertionError: slot id: 08f0ccea-cab5-449c-963d-dc57ed9ee87d is not present</message>
                <stack-trace>java.lang.AssertionError: slot id: 08f0ccea-cab5-449c-963d-dc57ed9ee87d is not present
	at org.testng.Assert.fail(Assert.java:94)
	at twc.Regression.General.Functions.verifyAAX_SlotId(Functions.java:5656)
	at twc.Regression.TestCases.regressionTestCases.Verify_amazon_aax_preload_Hourly1_details_adcall(regressionTestCases.java:218)
	at sun.reflect.NativeMethodAccessorImpl.invoke0(Native Method)
	at sun.reflect.NativeMethodAccessorImpl.invoke(NativeMethodAccessorImpl.java:62)
	at sun.reflect.DelegatingMethodAccessorImpl.invoke(DelegatingMethodAccessorImpl.java:43)
	at java.lang.reflect.Method.invoke(Method.java:498)
	at org.testng.internal.MethodInvocationHelper.invokeMethod(MethodInvocationHelper.java:85)
	at org.testng.internal.Invoker.invokeMethod(Invoker.java:659)
	at org.testng.internal.Invoker.invokeTestMethod(Invoker.java:845)
	at org.testng.internal.Invoker.invokeTestMethods(Invoker.java:1153)
	at org.testng.internal.TestMethodWorker.invokeTestMethods(TestMethodWorker.java:125)
	at org.testng.internal.TestMethodWorker.run(TestMethodWorker.java:108)
	at org.testng.TestRunner.privateRun(TestRunner.java:771)
	at org.testng.TestRunner.run(TestRunner.java:621)
	at org.testng.SuiteRunner.runTest(SuiteRunner.java:357)
	at org.testng.SuiteRunner.runSequentially(SuiteRunner.java:352)
	at org.testng.SuiteRunner.privateRun(SuiteRunner.java:310)
	at org.testng.SuiteRunner.run(SuiteRunner.java:259)
	at org.testng.SuiteRunnerWorker.runSuite(SuiteRunnerWorker.java:52)
	at org.testng.SuiteRunnerWorker.run(SuiteRunnerWorker.java:86)
	at org.testng.TestNG.runSuitesSequentially(TestNG.java:1199)
	at org.testng.TestNG.runSuitesLocally(TestNG.java:1124)
	at org.testng.TestNG.run(TestNG.java:1032)
	at org.testng.remote.AbstractRemoteTestNG.run(AbstractRemoteTestNG.java:115)
	at org.testng.remote.RemoteTestNG.initAndRun(RemoteTestNG.java:251)
	at org.testng.remote.RemoteTestNG.main(RemoteTestNG.java:77)
</stack-trace>
            </failure>
            <steps>
                <step start="1641477067911" stop="1641477067911" status="passed">
                    <name>logStep[****** amazon aax Hourly1 Details preload ad call validation Started]</name>
                    <title>****** amazon aax Hourly1 Details preload ad call validation Started</title>
                </step>
                <step start="1641477067987" stop="1641477067987" status="passed">
                    <name>logStep[slot id: 08f0ccea-cab5-449c-963d-dc57ed9ee87d is not present]</name>
                    <title>slot id: 08f0ccea-cab5-449c-963d-dc57ed9ee87d is not present</title>
                </step>
                <step start="1641477067987" stop="1641477067987" status="passed">
                    <name>logStep[Hourly1 :AAX slot id Verification is failed]</name>
                    <title>Hourly1 :AAX slot id Verification is failed</title>
                </step>
            </steps>
            <attachments/>
            <labels>
                <label name="testSuite" value="Default suite"/>
                <label name="testGroup" value="Default test"/>
                <label name="testClass" value="twc.Regression.TestCases.regressionTestCases"/>
                <label name="testMethod" value="Verify_amazon_aax_preload_Hourly1_details_adcall"/>
                <label name="host" value="Aswinikumars-MacBook-Pro.local"/>
                <label name="thread" value="19063@Aswinikumars-MacBook-Pro.local.main(1)"/>
            </labels>
        </test-case>
        <test-case start="1641477067910" stop="1641477067987" status="failed">
            <name>Verify_amazon_aax_preload_Hourly1_details_adcall</name>
            <description type="text">Verify amazon aax Hourly1 Details preload ad call</description>
            <failure>
                <message>AssertionError: slot id: 08f0ccea-cab5-449c-963d-dc57ed9ee87d is not present</message>
                <stack-trace>java.lang.AssertionError: slot id: 08f0ccea-cab5-449c-963d-dc57ed9ee87d is not present
	at org.testng.Assert.fail(Assert.java:94)
	at twc.Regression.General.Functions.verifyAAX_SlotId(Functions.java:5656)
	at twc.Regression.TestCases.regressionTestCases.Verify_amazon_aax_preload_Hourly1_details_adcall(regressionTestCases.java:218)
	at sun.reflect.NativeMethodAccessorImpl.invoke0(Native Method)
	at sun.reflect.NativeMethodAccessorImpl.invoke(NativeMethodAccessorImpl.java:62)
	at sun.reflect.DelegatingMethodAccessorImpl.invoke(DelegatingMethodAccessorImpl.java:43)
	at java.lang.reflect.Method.invoke(Method.java:498)
	at org.testng.internal.MethodInvocationHelper.invokeMethod(MethodInvocationHelper.java:85)
	at org.testng.internal.Invoker.invokeMethod(Invoker.java:659)
	at org.testng.internal.Invoker.invokeTestMethod(Invoker.java:845)
	at org.testng.internal.Invoker.invokeTestMethods(Invoker.java:1153)
	at org.testng.internal.TestMethodWorker.invokeTestMethods(TestMethodWorker.java:125)
	at org.testng.internal.TestMethodWorker.run(TestMethodWorker.java:108)
	at org.testng.TestRunner.privateRun(TestRunner.java:771)
	at org.testng.TestRunner.run(TestRunner.java:621)
	at org.testng.SuiteRunner.runTest(SuiteRunner.java:357)
	at org.testng.SuiteRunner.runSequentially(SuiteRunner.java:352)
	at org.testng.SuiteRunner.privateRun(SuiteRunner.java:310)
	at org.testng.SuiteRunner.run(SuiteRunner.java:259)
	at org.testng.SuiteRunnerWorker.runSuite(SuiteRunnerWorker.java:52)
	at org.testng.SuiteRunnerWorker.run(SuiteRunnerWorker.java:86)
	at org.testng.TestNG.runSuitesSequentially(TestNG.java:1199)
	at org.testng.TestNG.runSuitesLocally(TestNG.java:1124)
	at org.testng.TestNG.run(TestNG.java:1032)
	at org.testng.remote.AbstractRemoteTestNG.run(AbstractRemoteTestNG.java:115)
	at org.testng.remote.RemoteTestNG.initAndRun(RemoteTestNG.java:251)
	at org.testng.remote.RemoteTestNG.main(RemoteTestNG.java:77)
</stack-trace>
            </failure>
            <steps>
                <step start="1641477067911" stop="1641477067911" status="passed">
                    <name>logStep[****** amazon aax Hourly1 Details preload ad call validation Started]</name>
                    <title>****** amazon aax Hourly1 Details preload ad call validation Started</title>
                </step>
                <step start="1641477067987" stop="1641477067987" status="passed">
                    <name>logStep[slot id: 08f0ccea-cab5-449c-963d-dc57ed9ee87d is not present]</name>
                    <title>slot id: 08f0ccea-cab5-449c-963d-dc57ed9ee87d is not present</title>
                </step>
                <step start="1641477067987" stop="1641477067987" status="passed">
                    <name>logStep[Hourly1 :AAX slot id Verification is failed]</name>
                    <title>Hourly1 :AAX slot id Verification is failed</title>
                </step>
            </steps>
            <attachments/>
            <labels>
                <label name="testSuite" value="Default suite"/>
                <label name="testGroup" value="Default test"/>
                <label name="testClass" value="twc.Regression.TestCases.regressionTestCases"/>
                <label name="testMethod" value="Verify_amazon_aax_preload_Hourly1_details_adcall"/>
                <label name="host" value="Aswinikumars-MacBook-Pro.local"/>
                <label name="thread" value="19063@Aswinikumars-MacBook-Pro.local.main(1)"/>
            </labels>
        </test-case>
        <test-case start="1641477067990" stop="1641477068062" status="failed">
            <name>Verify_amazon_aax_preload_Hourly2_details_adcall</name>
            <description type="text">Verify amazon aax Hourly2 Details preload ad call</description>
            <failure>
                <message>AssertionError: slot id: 4fbed16a-cc6f-4cb1-94f7-81465acbd47e is not present</message>
                <stack-trace>java.lang.AssertionError: slot id: 4fbed16a-cc6f-4cb1-94f7-81465acbd47e is not present
	at org.testng.Assert.fail(Assert.java:94)
	at twc.Regression.General.Functions.verifyAAX_SlotId(Functions.java:5656)
	at twc.Regression.TestCases.regressionTestCases.Verify_amazon_aax_preload_Hourly2_details_adcall(regressionTestCases.java:229)
	at sun.reflect.NativeMethodAccessorImpl.invoke0(Native Method)
	at sun.reflect.NativeMethodAccessorImpl.invoke(NativeMethodAccessorImpl.java:62)
	at sun.reflect.DelegatingMethodAccessorImpl.invoke(DelegatingMethodAccessorImpl.java:43)
	at java.lang.reflect.Method.invoke(Method.java:498)
	at org.testng.internal.MethodInvocationHelper.invokeMethod(MethodInvocationHelper.java:85)
	at org.testng.internal.Invoker.invokeMethod(Invoker.java:659)
	at org.testng.internal.Invoker.invokeTestMethod(Invoker.java:845)
	at org.testng.internal.Invoker.invokeTestMethods(Invoker.java:1153)
	at org.testng.internal.TestMethodWorker.invokeTestMethods(TestMethodWorker.java:125)
	at org.testng.internal.TestMethodWorker.run(TestMethodWorker.java:108)
	at org.testng.TestRunner.privateRun(TestRunner.java:771)
	at org.testng.TestRunner.run(TestRunner.java:621)
	at org.testng.SuiteRunner.runTest(SuiteRunner.java:357)
	at org.testng.SuiteRunner.runSequentially(SuiteRunner.java:352)
	at org.testng.SuiteRunner.privateRun(SuiteRunner.java:310)
	at org.testng.SuiteRunner.run(SuiteRunner.java:259)
	at org.testng.SuiteRunnerWorker.runSuite(SuiteRunnerWorker.java:52)
	at org.testng.SuiteRunnerWorker.run(SuiteRunnerWorker.java:86)
	at org.testng.TestNG.runSuitesSequentially(TestNG.java:1199)
	at org.testng.TestNG.runSuitesLocally(TestNG.java:1124)
	at org.testng.TestNG.run(TestNG.java:1032)
	at org.testng.remote.AbstractRemoteTestNG.run(AbstractRemoteTestNG.java:115)
	at org.testng.remote.RemoteTestNG.initAndRun(RemoteTestNG.java:251)
	at org.testng.remote.RemoteTestNG.main(RemoteTestNG.java:77)
</stack-trace>
            </failure>
            <steps>
                <step start="1641477067990" stop="1641477067990" status="passed">
                    <name>logStep[****** amazon aax Hourly2 Details preload ad call validation Started]</name>
                    <title>****** amazon aax Hourly2 Details preload ad call validation Started</title>
                </step>
                <step start="1641477068062" stop="1641477068062" status="passed">
                    <name>logStep[slot id: 4fbed16a-cc6f-4cb1-94f7-81465acbd47e is not present]</name>
                    <title>slot id: 4fbed16a-cc6f-4cb1-94f7-81465acbd47e is not present</title>
                </step>
                <step start="1641477068062" stop="1641477068062" status="passed">
                    <name>logStep[Hourly2 :AAX slot id Verification is failed]</name>
                    <title>Hourly2 :AAX slot id Verification is failed</title>
                </step>
            </steps>
            <attachments/>
            <labels>
                <label name="testSuite" value="Default suite"/>
                <label name="testGroup" value="Default test"/>
                <label name="testClass" value="twc.Regression.TestCases.regressionTestCases"/>
                <label name="testMethod" value="Verify_amazon_aax_preload_Hourly2_details_adcall"/>
                <label name="host" value="Aswinikumars-MacBook-Pro.local"/>
                <label name="thread" value="19063@Aswinikumars-MacBook-Pro.local.main(1)"/>
            </labels>
        </test-case>
        <test-case start="1641477067990" stop="1641477068062" status="failed">
            <name>Verify_amazon_aax_preload_Hourly2_details_adcall</name>
            <description type="text">Verify amazon aax Hourly2 Details preload ad call</description>
            <failure>
                <message>AssertionError: slot id: 4fbed16a-cc6f-4cb1-94f7-81465acbd47e is not present</message>
                <stack-trace>java.lang.AssertionError: slot id: 4fbed16a-cc6f-4cb1-94f7-81465acbd47e is not present
	at org.testng.Assert.fail(Assert.java:94)
	at twc.Regression.General.Functions.verifyAAX_SlotId(Functions.java:5656)
	at twc.Regression.TestCases.regressionTestCases.Verify_amazon_aax_preload_Hourly2_details_adcall(regressionTestCases.java:229)
	at sun.reflect.NativeMethodAccessorImpl.invoke0(Native Method)
	at sun.reflect.NativeMethodAccessorImpl.invoke(NativeMethodAccessorImpl.java:62)
	at sun.reflect.DelegatingMethodAccessorImpl.invoke(DelegatingMethodAccessorImpl.java:43)
	at java.lang.reflect.Method.invoke(Method.java:498)
	at org.testng.internal.MethodInvocationHelper.invokeMethod(MethodInvocationHelper.java:85)
	at org.testng.internal.Invoker.invokeMethod(Invoker.java:659)
	at org.testng.internal.Invoker.invokeTestMethod(Invoker.java:845)
	at org.testng.internal.Invoker.invokeTestMethods(Invoker.java:1153)
	at org.testng.internal.TestMethodWorker.invokeTestMethods(TestMethodWorker.java:125)
	at org.testng.internal.TestMethodWorker.run(TestMethodWorker.java:108)
	at org.testng.TestRunner.privateRun(TestRunner.java:771)
	at org.testng.TestRunner.run(TestRunner.java:621)
	at org.testng.SuiteRunner.runTest(SuiteRunner.java:357)
	at org.testng.SuiteRunner.runSequentially(SuiteRunner.java:352)
	at org.testng.SuiteRunner.privateRun(SuiteRunner.java:310)
	at org.testng.SuiteRunner.run(SuiteRunner.java:259)
	at org.testng.SuiteRunnerWorker.runSuite(SuiteRunnerWorker.java:52)
	at org.testng.SuiteRunnerWorker.run(SuiteRunnerWorker.java:86)
	at org.testng.TestNG.runSuitesSequentially(TestNG.java:1199)
	at org.testng.TestNG.runSuitesLocally(TestNG.java:1124)
	at org.testng.TestNG.run(TestNG.java:1032)
	at org.testng.remote.AbstractRemoteTestNG.run(AbstractRemoteTestNG.java:115)
	at org.testng.remote.RemoteTestNG.initAndRun(RemoteTestNG.java:251)
	at org.testng.remote.RemoteTestNG.main(RemoteTestNG.java:77)
</stack-trace>
            </failure>
            <steps>
                <step start="1641477067990" stop="1641477067990" status="passed">
                    <name>logStep[****** amazon aax Hourly2 Details preload ad call validation Started]</name>
                    <title>****** amazon aax Hourly2 Details preload ad call validation Started</title>
                </step>
                <step start="1641477068062" stop="1641477068062" status="passed">
                    <name>logStep[slot id: 4fbed16a-cc6f-4cb1-94f7-81465acbd47e is not present]</name>
                    <title>slot id: 4fbed16a-cc6f-4cb1-94f7-81465acbd47e is not present</title>
                </step>
                <step start="1641477068062" stop="1641477068062" status="passed">
                    <name>logStep[Hourly2 :AAX slot id Verification is failed]</name>
                    <title>Hourly2 :AAX slot id Verification is failed</title>
                </step>
            </steps>
            <attachments/>
            <labels>
                <label name="testSuite" value="Default suite"/>
                <label name="testGroup" value="Default test"/>
                <label name="testClass" value="twc.Regression.TestCases.regressionTestCases"/>
                <label name="testMethod" value="Verify_amazon_aax_preload_Hourly2_details_adcall"/>
                <label name="host" value="Aswinikumars-MacBook-Pro.local"/>
                <label name="thread" value="19063@Aswinikumars-MacBook-Pro.local.main(1)"/>
            </labels>
        </test-case>
        <test-case start="1641477068065" stop="1641477068147" status="failed">
            <name>Verify_amazon_aax_preload_Hourly3_details_adcall</name>
            <description type="text">Verify amazon aax Hourly3 Details preload ad call</description>
            <failure>
                <message>AssertionError: slot id: 72634dc9-b59f-4b2c-b281-bb3be291b7b6 is not present</message>
                <stack-trace>java.lang.AssertionError: slot id: 72634dc9-b59f-4b2c-b281-bb3be291b7b6 is not present
	at org.testng.Assert.fail(Assert.java:94)
	at twc.Regression.General.Functions.verifyAAX_SlotId(Functions.java:5656)
	at twc.Regression.TestCases.regressionTestCases.Verify_amazon_aax_preload_Hourly3_details_adcall(regressionTestCases.java:240)
	at sun.reflect.NativeMethodAccessorImpl.invoke0(Native Method)
	at sun.reflect.NativeMethodAccessorImpl.invoke(NativeMethodAccessorImpl.java:62)
	at sun.reflect.DelegatingMethodAccessorImpl.invoke(DelegatingMethodAccessorImpl.java:43)
	at java.lang.reflect.Method.invoke(Method.java:498)
	at org.testng.internal.MethodInvocationHelper.invokeMethod(MethodInvocationHelper.java:85)
	at org.testng.internal.Invoker.invokeMethod(Invoker.java:659)
	at org.testng.internal.Invoker.invokeTestMethod(Invoker.java:845)
	at org.testng.internal.Invoker.invokeTestMethods(Invoker.java:1153)
	at org.testng.internal.TestMethodWorker.invokeTestMethods(TestMethodWorker.java:125)
	at org.testng.internal.TestMethodWorker.run(TestMethodWorker.java:108)
	at org.testng.TestRunner.privateRun(TestRunner.java:771)
	at org.testng.TestRunner.run(TestRunner.java:621)
	at org.testng.SuiteRunner.runTest(SuiteRunner.java:357)
	at org.testng.SuiteRunner.runSequentially(SuiteRunner.java:352)
	at org.testng.SuiteRunner.privateRun(SuiteRunner.java:310)
	at org.testng.SuiteRunner.run(SuiteRunner.java:259)
	at org.testng.SuiteRunnerWorker.runSuite(SuiteRunnerWorker.java:52)
	at org.testng.SuiteRunnerWorker.run(SuiteRunnerWorker.java:86)
	at org.testng.TestNG.runSuitesSequentially(TestNG.java:1199)
	at org.testng.TestNG.runSuitesLocally(TestNG.java:1124)
	at org.testng.TestNG.run(TestNG.java:1032)
	at org.testng.remote.AbstractRemoteTestNG.run(AbstractRemoteTestNG.java:115)
	at org.testng.remote.RemoteTestNG.initAndRun(RemoteTestNG.java:251)
	at org.testng.remote.RemoteTestNG.main(RemoteTestNG.java:77)
</stack-trace>
            </failure>
            <steps>
                <step start="1641477068066" stop="1641477068066" status="passed">
                    <name>logStep[****** amazon aax Hourly3 Details preload ad call validation Started]</name>
                    <title>****** amazon aax Hourly3 Details preload ad call validation Started</title>
                </step>
                <step start="1641477068147" stop="1641477068147" status="passed">
                    <name>logStep[slot id: 72634dc9-b59f-4b2c-b281-bb3be291b7b6 is not present]</name>
                    <title>slot id: 72634dc9-b59f-4b2c-b281-bb3be291b7b6 is not present</title>
                </step>
                <step start="1641477068147" stop="1641477068147" status="passed">
                    <name>logStep[Hourly3 :AAX slot id Verification is failed]</name>
                    <title>Hourly3 :AAX slot id Verification is failed</title>
                </step>
            </steps>
            <attachments/>
            <labels>
                <label name="testSuite" value="Default suite"/>
                <label name="testGroup" value="Default test"/>
                <label name="testClass" value="twc.Regression.TestCases.regressionTestCases"/>
                <label name="testMethod" value="Verify_amazon_aax_preload_Hourly3_details_adcall"/>
                <label name="host" value="Aswinikumars-MacBook-Pro.local"/>
                <label name="thread" value="19063@Aswinikumars-MacBook-Pro.local.main(1)"/>
            </labels>
        </test-case>
        <test-case start="1641477068065" stop="1641477068147" status="failed">
            <name>Verify_amazon_aax_preload_Hourly3_details_adcall</name>
            <description type="text">Verify amazon aax Hourly3 Details preload ad call</description>
            <failure>
                <message>AssertionError: slot id: 72634dc9-b59f-4b2c-b281-bb3be291b7b6 is not present</message>
                <stack-trace>java.lang.AssertionError: slot id: 72634dc9-b59f-4b2c-b281-bb3be291b7b6 is not present
	at org.testng.Assert.fail(Assert.java:94)
	at twc.Regression.General.Functions.verifyAAX_SlotId(Functions.java:5656)
	at twc.Regression.TestCases.regressionTestCases.Verify_amazon_aax_preload_Hourly3_details_adcall(regressionTestCases.java:240)
	at sun.reflect.NativeMethodAccessorImpl.invoke0(Native Method)
	at sun.reflect.NativeMethodAccessorImpl.invoke(NativeMethodAccessorImpl.java:62)
	at sun.reflect.DelegatingMethodAccessorImpl.invoke(DelegatingMethodAccessorImpl.java:43)
	at java.lang.reflect.Method.invoke(Method.java:498)
	at org.testng.internal.MethodInvocationHelper.invokeMethod(MethodInvocationHelper.java:85)
	at org.testng.internal.Invoker.invokeMethod(Invoker.java:659)
	at org.testng.internal.Invoker.invokeTestMethod(Invoker.java:845)
	at org.testng.internal.Invoker.invokeTestMethods(Invoker.java:1153)
	at org.testng.internal.TestMethodWorker.invokeTestMethods(TestMethodWorker.java:125)
	at org.testng.internal.TestMethodWorker.run(TestMethodWorker.java:108)
	at org.testng.TestRunner.privateRun(TestRunner.java:771)
	at org.testng.TestRunner.run(TestRunner.java:621)
	at org.testng.SuiteRunner.runTest(SuiteRunner.java:357)
	at org.testng.SuiteRunner.runSequentially(SuiteRunner.java:352)
	at org.testng.SuiteRunner.privateRun(SuiteRunner.java:310)
	at org.testng.SuiteRunner.run(SuiteRunner.java:259)
	at org.testng.SuiteRunnerWorker.runSuite(SuiteRunnerWorker.java:52)
	at org.testng.SuiteRunnerWorker.run(SuiteRunnerWorker.java:86)
	at org.testng.TestNG.runSuitesSequentially(TestNG.java:1199)
	at org.testng.TestNG.runSuitesLocally(TestNG.java:1124)
	at org.testng.TestNG.run(TestNG.java:1032)
	at org.testng.remote.AbstractRemoteTestNG.run(AbstractRemoteTestNG.java:115)
	at org.testng.remote.RemoteTestNG.initAndRun(RemoteTestNG.java:251)
	at org.testng.remote.RemoteTestNG.main(RemoteTestNG.java:77)
</stack-trace>
            </failure>
            <steps>
                <step start="1641477068066" stop="1641477068066" status="passed">
                    <name>logStep[****** amazon aax Hourly3 Details preload ad call validation Started]</name>
                    <title>****** amazon aax Hourly3 Details preload ad call validation Started</title>
                </step>
                <step start="1641477068147" stop="1641477068147" status="passed">
                    <name>logStep[slot id: 72634dc9-b59f-4b2c-b281-bb3be291b7b6 is not present]</name>
                    <title>slot id: 72634dc9-b59f-4b2c-b281-bb3be291b7b6 is not present</title>
                </step>
                <step start="1641477068147" stop="1641477068147" status="passed">
                    <name>logStep[Hourly3 :AAX slot id Verification is failed]</name>
                    <title>Hourly3 :AAX slot id Verification is failed</title>
                </step>
            </steps>
            <attachments/>
            <labels>
                <label name="testSuite" value="Default suite"/>
                <label name="testGroup" value="Default test"/>
                <label name="testClass" value="twc.Regression.TestCases.regressionTestCases"/>
                <label name="testMethod" value="Verify_amazon_aax_preload_Hourly3_details_adcall"/>
                <label name="host" value="Aswinikumars-MacBook-Pro.local"/>
                <label name="thread" value="19063@Aswinikumars-MacBook-Pro.local.main(1)"/>
            </labels>
        </test-case>
        <test-case start="1641477068150" stop="1641477068230" status="failed">
            <name>Smoke_Test_amazon_aax_Daily_details_Day1_adcall</name>
            <title>Verifying amazon Slot Id for daily details day1 ad calll</title>
            <failure>
                <message>AssertionError: slot id: 6c5a145d-9198-48f4-adfd-08f05557eace is not present</message>
                <stack-trace>java.lang.AssertionError: slot id: 6c5a145d-9198-48f4-adfd-08f05557eace is not present
	at org.testng.Assert.fail(Assert.java:94)
	at twc.Regression.General.Functions.verifyAAX_SlotId(Functions.java:5656)
	at twc.Regression.TestCases.regressionTestCases.Smoke_Test_amazon_aax_Daily_details_Day1_adcall(regressionTestCases.java:250)
	at sun.reflect.NativeMethodAccessorImpl.invoke0(Native Method)
	at sun.reflect.NativeMethodAccessorImpl.invoke(NativeMethodAccessorImpl.java:62)
	at sun.reflect.DelegatingMethodAccessorImpl.invoke(DelegatingMethodAccessorImpl.java:43)
	at java.lang.reflect.Method.invoke(Method.java:498)
	at org.testng.internal.MethodInvocationHelper.invokeMethod(MethodInvocationHelper.java:85)
	at org.testng.internal.Invoker.invokeMethod(Invoker.java:659)
	at org.testng.internal.Invoker.invokeTestMethod(Invoker.java:845)
	at org.testng.internal.Invoker.invokeTestMethods(Invoker.java:1153)
	at org.testng.internal.TestMethodWorker.invokeTestMethods(TestMethodWorker.java:125)
	at org.testng.internal.TestMethodWorker.run(TestMethodWorker.java:108)
	at org.testng.TestRunner.privateRun(TestRunner.java:771)
	at org.testng.TestRunner.run(TestRunner.java:621)
	at org.testng.SuiteRunner.runTest(SuiteRunner.java:357)
	at org.testng.SuiteRunner.runSequentially(SuiteRunner.java:352)
	at org.testng.SuiteRunner.privateRun(SuiteRunner.java:310)
	at org.testng.SuiteRunner.run(SuiteRunner.java:259)
	at org.testng.SuiteRunnerWorker.runSuite(SuiteRunnerWorker.java:52)
	at org.testng.SuiteRunnerWorker.run(SuiteRunnerWorker.java:86)
	at org.testng.TestNG.runSuitesSequentially(TestNG.java:1199)
	at org.testng.TestNG.runSuitesLocally(TestNG.java:1124)
	at org.testng.TestNG.run(TestNG.java:1032)
	at org.testng.remote.AbstractRemoteTestNG.run(AbstractRemoteTestNG.java:115)
	at org.testng.remote.RemoteTestNG.initAndRun(RemoteTestNG.java:251)
	at org.testng.remote.RemoteTestNG.main(RemoteTestNG.java:77)
</stack-trace>
            </failure>
            <steps>
                <step start="1641477068230" stop="1641477068230" status="passed">
                    <name>logStep[slot id: 6c5a145d-9198-48f4-adfd-08f05557eace is not present]</name>
                    <title>slot id: 6c5a145d-9198-48f4-adfd-08f05557eace is not present</title>
                </step>
                <step start="1641477068230" stop="1641477068230" status="passed">
                    <name>logStep[Daily(10day) :AAX slot id Verification is failed]</name>
                    <title>Daily(10day) :AAX slot id Verification is failed</title>
                </step>
            </steps>
            <attachments/>
            <labels>
                <label name="testSuite" value="Default suite"/>
                <label name="testGroup" value="Default test"/>
                <label name="testClass" value="twc.Regression.TestCases.regressionTestCases"/>
                <label name="testMethod" value="Smoke_Test_amazon_aax_Daily_details_Day1_adcall"/>
                <label name="host" value="Aswinikumars-MacBook-Pro.local"/>
                <label name="thread" value="19063@Aswinikumars-MacBook-Pro.local.main(1)"/>
            </labels>
        </test-case>
        <test-case start="1641477068150" stop="1641477068230" status="failed">
            <name>Smoke_Test_amazon_aax_Daily_details_Day1_adcall</name>
            <title>Verifying amazon Slot Id for daily details day1 ad calll</title>
            <failure>
                <message>AssertionError: slot id: 6c5a145d-9198-48f4-adfd-08f05557eace is not present</message>
                <stack-trace>java.lang.AssertionError: slot id: 6c5a145d-9198-48f4-adfd-08f05557eace is not present
	at org.testng.Assert.fail(Assert.java:94)
	at twc.Regression.General.Functions.verifyAAX_SlotId(Functions.java:5656)
	at twc.Regression.TestCases.regressionTestCases.Smoke_Test_amazon_aax_Daily_details_Day1_adcall(regressionTestCases.java:250)
	at sun.reflect.NativeMethodAccessorImpl.invoke0(Native Method)
	at sun.reflect.NativeMethodAccessorImpl.invoke(NativeMethodAccessorImpl.java:62)
	at sun.reflect.DelegatingMethodAccessorImpl.invoke(DelegatingMethodAccessorImpl.java:43)
	at java.lang.reflect.Method.invoke(Method.java:498)
	at org.testng.internal.MethodInvocationHelper.invokeMethod(MethodInvocationHelper.java:85)
	at org.testng.internal.Invoker.invokeMethod(Invoker.java:659)
	at org.testng.internal.Invoker.invokeTestMethod(Invoker.java:845)
	at org.testng.internal.Invoker.invokeTestMethods(Invoker.java:1153)
	at org.testng.internal.TestMethodWorker.invokeTestMethods(TestMethodWorker.java:125)
	at org.testng.internal.TestMethodWorker.run(TestMethodWorker.java:108)
	at org.testng.TestRunner.privateRun(TestRunner.java:771)
	at org.testng.TestRunner.run(TestRunner.java:621)
	at org.testng.SuiteRunner.runTest(SuiteRunner.java:357)
	at org.testng.SuiteRunner.runSequentially(SuiteRunner.java:352)
	at org.testng.SuiteRunner.privateRun(SuiteRunner.java:310)
	at org.testng.SuiteRunner.run(SuiteRunner.java:259)
	at org.testng.SuiteRunnerWorker.runSuite(SuiteRunnerWorker.java:52)
	at org.testng.SuiteRunnerWorker.run(SuiteRunnerWorker.java:86)
	at org.testng.TestNG.runSuitesSequentially(TestNG.java:1199)
	at org.testng.TestNG.runSuitesLocally(TestNG.java:1124)
	at org.testng.TestNG.run(TestNG.java:1032)
	at org.testng.remote.AbstractRemoteTestNG.run(AbstractRemoteTestNG.java:115)
	at org.testng.remote.RemoteTestNG.initAndRun(RemoteTestNG.java:251)
	at org.testng.remote.RemoteTestNG.main(RemoteTestNG.java:77)
</stack-trace>
            </failure>
            <steps>
                <step start="1641477068230" stop="1641477068230" status="passed">
                    <name>logStep[slot id: 6c5a145d-9198-48f4-adfd-08f05557eace is not present]</name>
                    <title>slot id: 6c5a145d-9198-48f4-adfd-08f05557eace is not present</title>
                </step>
                <step start="1641477068230" stop="1641477068230" status="passed">
                    <name>logStep[Daily(10day) :AAX slot id Verification is failed]</name>
                    <title>Daily(10day) :AAX slot id Verification is failed</title>
                </step>
            </steps>
            <attachments/>
            <labels>
                <label name="testSuite" value="Default suite"/>
                <label name="testGroup" value="Default test"/>
                <label name="testClass" value="twc.Regression.TestCases.regressionTestCases"/>
                <label name="testMethod" value="Smoke_Test_amazon_aax_Daily_details_Day1_adcall"/>
                <label name="host" value="Aswinikumars-MacBook-Pro.local"/>
                <label name="thread" value="19063@Aswinikumars-MacBook-Pro.local.main(1)"/>
            </labels>
        </test-case>
    </test-cases>
    <labels>
        <label name="framework" value="TestNG"/>
        <label name="language" value="JAVA"/>
    </labels>
</ns2:test-suite>
