<?xml version="1.0" encoding="UTF-8" standalone="yes"?>
<ns2:test-suite start="1632980396751" stop="1632980400963" version="1.5.4" xmlns:ns2="urn:model.allure.qatools.yandex.ru">
    <name>Default suite : Default test</name>
    <title>Default suite : Default test</title>
    <test-cases>
        <test-case start="1632980396879" stop="1632980397873" status="passed">
            <name>Verify_Criteo_SDK_config_app_Call</name>
            <description type="text">Verify Criteo SDK config app call</description>
            <steps>
                <step start="1632980396904" stop="1632980396905" status="passed">
                    <name>logStep[****** Criteo SDK config/app call validation Started]</name>
                    <title>****** Criteo SDK config/app call validation Started</title>
                    <attachments/>
                    <steps/>
                </step>
                <step start="1632980396940" stop="1632980396940" status="passed">
                    <name>logStep[File Name is : todaycriteoRC.chlsx]</name>
                    <title>File Name is : todaycriteoRC.chlsx</title>
                    <attachments/>
                    <steps/>
                </step>
                <step start="1632980397108" stop="1632980397108" status="passed">
                    <name>logStep[Successfully Generated XML file from Charles session file!!]</name>
                    <title>Successfully Generated XML file from Charles session file!!</title>
                    <attachments/>
                    <steps/>
                </step>
                <step start="1632980397859" stop="1632980397859" status="passed">
                    <name>logStep[bidder.criteo.com  call is present]</name>
                    <title>bidder.criteo.com  call is present</title>
                    <attachments/>
                    <steps/>
                </step>
                <step start="1632980397872" stop="1632980397872" status="passed">
                    <name>logStep[bidder.criteo.com/config/app call is present in Charles session]</name>
                    <title>bidder.criteo.com/config/app call is present in Charles session</title>
                    <attachments/>
                    <steps/>
                </step>
            </steps>
            <attachments/>
            <labels>
                <label name="testSuite" value="Default suite"/>
                <label name="testGroup" value="Default test"/>
                <label name="testClass" value="twc.Regression.TestCases.regressionTestCases"/>
                <label name="testMethod" value="Verify_Criteo_SDK_config_app_Call"/>
                <label name="host" value="AswinikumarsMBP.lan"/>
                <label name="thread" value="2280@AswinikumarsMBP.lan.main(1)"/>
            </labels>
        </test-case>
        <test-case start="1632980396879" stop="1632980397873" status="passed">
            <name>Verify_Criteo_SDK_config_app_Call</name>
            <description type="text">Verify Criteo SDK config app call</description>
            <steps>
                <step start="1632980396904" stop="1632980396905" status="passed">
                    <name>logStep[****** Criteo SDK config/app call validation Started]</name>
                    <title>****** Criteo SDK config/app call validation Started</title>
                    <attachments/>
                    <steps/>
                </step>
                <step start="1632980396940" stop="1632980396940" status="passed">
                    <name>logStep[File Name is : todaycriteoRC.chlsx]</name>
                    <title>File Name is : todaycriteoRC.chlsx</title>
                    <attachments/>
                    <steps/>
                </step>
                <step start="1632980397108" stop="1632980397108" status="passed">
                    <name>logStep[Successfully Generated XML file from Charles session file!!]</name>
                    <title>Successfully Generated XML file from Charles session file!!</title>
                    <attachments/>
                    <steps/>
                </step>
                <step start="1632980397859" stop="1632980397859" status="passed">
                    <name>logStep[bidder.criteo.com  call is present]</name>
                    <title>bidder.criteo.com  call is present</title>
                    <attachments/>
                    <steps/>
                </step>
                <step start="1632980397872" stop="1632980397872" status="passed">
                    <name>logStep[bidder.criteo.com/config/app call is present in Charles session]</name>
                    <title>bidder.criteo.com/config/app call is present in Charles session</title>
                    <attachments/>
                    <steps/>
                </step>
            </steps>
            <attachments/>
            <labels>
                <label name="testSuite" value="Default suite"/>
                <label name="testGroup" value="Default test"/>
                <label name="testClass" value="twc.Regression.TestCases.regressionTestCases"/>
                <label name="testMethod" value="Verify_Criteo_SDK_config_app_Call"/>
                <label name="host" value="AswinikumarsMBP.lan"/>
                <label name="thread" value="2280@AswinikumarsMBP.lan.main(1)"/>
            </labels>
        </test-case>
        <test-case start="1632980397879" stop="1632980398146" status="passed">
            <name>Verify_Criteo_SDK_inapp_v2_Call</name>
            <description type="text">Verify Criteo SDK inapp v2 call</description>
            <steps>
                <step start="1632980397880" stop="1632980397880" status="passed">
                    <name>logStep[****** Criteo SDK inapp/v2 call validation Started]</name>
                    <title>****** Criteo SDK inapp/v2 call validation Started</title>
                    <attachments/>
                    <steps/>
                </step>
                <step start="1632980398137" stop="1632980398137" status="passed">
                    <name>logStep[bidder.criteo.com  call is present]</name>
                    <title>bidder.criteo.com  call is present</title>
                    <attachments/>
                    <steps/>
                </step>
                <step start="1632980398146" stop="1632980398146" status="passed">
                    <name>logStep[bidder.criteo.com/inapp/v2 call is present in Charles session]</name>
                    <title>bidder.criteo.com/inapp/v2 call is present in Charles session</title>
                    <attachments/>
                    <steps/>
                </step>
            </steps>
            <attachments/>
            <labels>
                <label name="testSuite" value="Default suite"/>
                <label name="testGroup" value="Default test"/>
                <label name="testClass" value="twc.Regression.TestCases.regressionTestCases"/>
                <label name="testMethod" value="Verify_Criteo_SDK_inapp_v2_Call"/>
                <label name="host" value="AswinikumarsMBP.lan"/>
                <label name="thread" value="2280@AswinikumarsMBP.lan.main(1)"/>
            </labels>
        </test-case>
        <test-case start="1632980397879" stop="1632980398146" status="passed">
            <name>Verify_Criteo_SDK_inapp_v2_Call</name>
            <description type="text">Verify Criteo SDK inapp v2 call</description>
            <steps>
                <step start="1632980397880" stop="1632980397880" status="passed">
                    <name>logStep[****** Criteo SDK inapp/v2 call validation Started]</name>
                    <title>****** Criteo SDK inapp/v2 call validation Started</title>
                    <attachments/>
                    <steps/>
                </step>
                <step start="1632980398137" stop="1632980398137" status="passed">
                    <name>logStep[bidder.criteo.com  call is present]</name>
                    <title>bidder.criteo.com  call is present</title>
                    <attachments/>
                    <steps/>
                </step>
                <step start="1632980398146" stop="1632980398146" status="passed">
                    <name>logStep[bidder.criteo.com/inapp/v2 call is present in Charles session]</name>
                    <title>bidder.criteo.com/inapp/v2 call is present in Charles session</title>
                    <attachments/>
                    <steps/>
                </step>
            </steps>
            <attachments/>
            <labels>
                <label name="testSuite" value="Default suite"/>
                <label name="testGroup" value="Default test"/>
                <label name="testClass" value="twc.Regression.TestCases.regressionTestCases"/>
                <label name="testMethod" value="Verify_Criteo_SDK_inapp_v2_Call"/>
                <label name="host" value="AswinikumarsMBP.lan"/>
                <label name="thread" value="2280@AswinikumarsMBP.lan.main(1)"/>
            </labels>
        </test-case>
        <test-case start="1632980398150" stop="1632980398662" status="passed">
            <name>Validate_Criteo_SDK_config_app_Call_cpId_parameter</name>
            <description type="text">Validating 'cpId' parameter of Criteo SDK config app call</description>
            <steps>
                <step start="1632980398150" stop="1632980398150" status="passed">
                    <name>logStep[****** Validating 'cpId' parameter of Criteo SDK config app call]</name>
                    <title>****** Validating 'cpId' parameter of Criteo SDK config app call</title>
                    <attachments/>
                    <steps/>
                </step>
                <step start="1632980398466" stop="1632980398466" status="passed">
                    <name>logStep[bidder.criteo.com  call is present]</name>
                    <title>bidder.criteo.com  call is present</title>
                    <attachments/>
                    <steps/>
                </step>
                <step start="1632980398474" stop="1632980398474" status="passed">
                    <name>logStep[bidder.criteo.com/config/app call is present in Charles session]</name>
                    <title>bidder.criteo.com/config/app call is present in Charles session</title>
                    <attachments/>
                    <steps/>
                </step>
                <step start="1632980398648" stop="1632980398648" status="passed">
                    <name>logStep[bidder.criteo.com  call is present]</name>
                    <title>bidder.criteo.com  call is present</title>
                    <attachments/>
                    <steps/>
                </step>
                <step start="1632980398661" stop="1632980398661" status="passed">
                    <name>logStep[Custom Parameter :cpId value: B-051673 is matched with the expected value B-051673]</name>
                    <title>Custom Parameter :cpId value: B-051673 is matched with the expected value B-051673</title>
                    <attachments/>
                    <steps/>
                </step>
            </steps>
            <attachments/>
            <labels>
                <label name="testSuite" value="Default suite"/>
                <label name="testGroup" value="Default test"/>
                <label name="testClass" value="twc.Regression.TestCases.regressionTestCases"/>
                <label name="testMethod" value="Validate_Criteo_SDK_config_app_Call_cpId_parameter"/>
                <label name="host" value="AswinikumarsMBP.lan"/>
                <label name="thread" value="2280@AswinikumarsMBP.lan.main(1)"/>
            </labels>
        </test-case>
        <test-case start="1632980398150" stop="1632980398662" status="passed">
            <name>Validate_Criteo_SDK_config_app_Call_cpId_parameter</name>
            <description type="text">Validating 'cpId' parameter of Criteo SDK config app call</description>
            <steps>
                <step start="1632980398150" stop="1632980398150" status="passed">
                    <name>logStep[****** Validating 'cpId' parameter of Criteo SDK config app call]</name>
                    <title>****** Validating 'cpId' parameter of Criteo SDK config app call</title>
                    <attachments/>
                    <steps/>
                </step>
                <step start="1632980398466" stop="1632980398466" status="passed">
                    <name>logStep[bidder.criteo.com  call is present]</name>
                    <title>bidder.criteo.com  call is present</title>
                    <attachments/>
                    <steps/>
                </step>
                <step start="1632980398474" stop="1632980398474" status="passed">
                    <name>logStep[bidder.criteo.com/config/app call is present in Charles session]</name>
                    <title>bidder.criteo.com/config/app call is present in Charles session</title>
                    <attachments/>
                    <steps/>
                </step>
                <step start="1632980398648" stop="1632980398648" status="passed">
                    <name>logStep[bidder.criteo.com  call is present]</name>
                    <title>bidder.criteo.com  call is present</title>
                    <attachments/>
                    <steps/>
                </step>
                <step start="1632980398661" stop="1632980398661" status="passed">
                    <name>logStep[Custom Parameter :cpId value: B-051673 is matched with the expected value B-051673]</name>
                    <title>Custom Parameter :cpId value: B-051673 is matched with the expected value B-051673</title>
                    <attachments/>
                    <steps/>
                </step>
            </steps>
            <attachments/>
            <labels>
                <label name="testSuite" value="Default suite"/>
                <label name="testGroup" value="Default test"/>
                <label name="testClass" value="twc.Regression.TestCases.regressionTestCases"/>
                <label name="testMethod" value="Validate_Criteo_SDK_config_app_Call_cpId_parameter"/>
                <label name="host" value="AswinikumarsMBP.lan"/>
                <label name="thread" value="2280@AswinikumarsMBP.lan.main(1)"/>
            </labels>
        </test-case>
        <test-case start="1632980398665" stop="1632980399086" status="passed">
            <name>Validate_Criteo_SDK_config_app_Call_bundleId_parameter</name>
            <description type="text">Validating 'bundleId' parameter of Criteo SDK config app call </description>
            <steps>
                <step start="1632980398665" stop="1632980398665" status="passed">
                    <name>logStep[****** Validating 'bundleId' parameter of Criteo SDK config app call]</name>
                    <title>****** Validating 'bundleId' parameter of Criteo SDK config app call</title>
                    <attachments/>
                    <steps/>
                </step>
                <step start="1632980398908" stop="1632980398908" status="passed">
                    <name>logStep[bidder.criteo.com  call is present]</name>
                    <title>bidder.criteo.com  call is present</title>
                    <attachments/>
                    <steps/>
                </step>
                <step start="1632980398913" stop="1632980398913" status="passed">
                    <name>logStep[bidder.criteo.com/config/app call is present in Charles session]</name>
                    <title>bidder.criteo.com/config/app call is present in Charles session</title>
                    <attachments/>
                    <steps/>
                </step>
                <step start="1632980399081" stop="1632980399081" status="passed">
                    <name>logStep[bidder.criteo.com  call is present]</name>
                    <title>bidder.criteo.com  call is present</title>
                    <attachments/>
                    <steps/>
                </step>
                <step start="1632980399086" stop="1632980399086" status="passed">
                    <name>logStep[Custom Parameter :bundleId value: com.weather.Weather is matched with the expected value com.weather.Weather]</name>
                    <title>Custom Parameter :bundleId value: com.weather.Weather is matched with the expected value com.weather.Weather</title>
                    <attachments/>
                    <steps/>
                </step>
            </steps>
            <attachments/>
            <labels>
                <label name="testSuite" value="Default suite"/>
                <label name="testGroup" value="Default test"/>
                <label name="testClass" value="twc.Regression.TestCases.regressionTestCases"/>
                <label name="testMethod" value="Validate_Criteo_SDK_config_app_Call_bundleId_parameter"/>
                <label name="host" value="AswinikumarsMBP.lan"/>
                <label name="thread" value="2280@AswinikumarsMBP.lan.main(1)"/>
            </labels>
        </test-case>
        <test-case start="1632980398665" stop="1632980399086" status="passed">
            <name>Validate_Criteo_SDK_config_app_Call_bundleId_parameter</name>
            <description type="text">Validating 'bundleId' parameter of Criteo SDK config app call </description>
            <steps>
                <step start="1632980398665" stop="1632980398665" status="passed">
                    <name>logStep[****** Validating 'bundleId' parameter of Criteo SDK config app call]</name>
                    <title>****** Validating 'bundleId' parameter of Criteo SDK config app call</title>
                    <attachments/>
                    <steps/>
                </step>
                <step start="1632980398908" stop="1632980398908" status="passed">
                    <name>logStep[bidder.criteo.com  call is present]</name>
                    <title>bidder.criteo.com  call is present</title>
                    <attachments/>
                    <steps/>
                </step>
                <step start="1632980398913" stop="1632980398913" status="passed">
                    <name>logStep[bidder.criteo.com/config/app call is present in Charles session]</name>
                    <title>bidder.criteo.com/config/app call is present in Charles session</title>
                    <attachments/>
                    <steps/>
                </step>
                <step start="1632980399081" stop="1632980399081" status="passed">
                    <name>logStep[bidder.criteo.com  call is present]</name>
                    <title>bidder.criteo.com  call is present</title>
                    <attachments/>
                    <steps/>
                </step>
                <step start="1632980399086" stop="1632980399086" status="passed">
                    <name>logStep[Custom Parameter :bundleId value: com.weather.Weather is matched with the expected value com.weather.Weather]</name>
                    <title>Custom Parameter :bundleId value: com.weather.Weather is matched with the expected value com.weather.Weather</title>
                    <attachments/>
                    <steps/>
                </step>
            </steps>
            <attachments/>
            <labels>
                <label name="testSuite" value="Default suite"/>
                <label name="testGroup" value="Default test"/>
                <label name="testClass" value="twc.Regression.TestCases.regressionTestCases"/>
                <label name="testMethod" value="Validate_Criteo_SDK_config_app_Call_bundleId_parameter"/>
                <label name="host" value="AswinikumarsMBP.lan"/>
                <label name="thread" value="2280@AswinikumarsMBP.lan.main(1)"/>
            </labels>
        </test-case>
        <test-case start="1632980399089" stop="1632980399444" status="passed">
            <name>Validate_Criteo_SDK_config_app_Call_sdkVersion_parameter</name>
            <description type="text">Validating 'sdkVersion' parameter of Criteo SDK config app call </description>
            <steps>
                <step start="1632980399089" stop="1632980399089" status="passed">
                    <name>logStep[****** Validating 'sdkVersion' parameter of Criteo SDK config app call]</name>
                    <title>****** Validating 'sdkVersion' parameter of Criteo SDK config app call</title>
                    <attachments/>
                    <steps/>
                </step>
                <step start="1632980399288" stop="1632980399288" status="passed">
                    <name>logStep[bidder.criteo.com  call is present]</name>
                    <title>bidder.criteo.com  call is present</title>
                    <attachments/>
                    <steps/>
                </step>
                <step start="1632980399293" stop="1632980399293" status="passed">
                    <name>logStep[bidder.criteo.com/config/app call is present in Charles session]</name>
                    <title>bidder.criteo.com/config/app call is present in Charles session</title>
                    <attachments/>
                    <steps/>
                </step>
                <step start="1632980399439" stop="1632980399439" status="passed">
                    <name>logStep[bidder.criteo.com  call is present]</name>
                    <title>bidder.criteo.com  call is present</title>
                    <attachments/>
                    <steps/>
                </step>
                <step start="1632980399443" stop="1632980399443" status="passed">
                    <name>logStep[Custom Parameter :sdkVersion value: 4.4.0 is matched with the expected value 4.4.0]</name>
                    <title>Custom Parameter :sdkVersion value: 4.4.0 is matched with the expected value 4.4.0</title>
                    <attachments/>
                    <steps/>
                </step>
            </steps>
            <attachments/>
            <labels>
                <label name="testSuite" value="Default suite"/>
                <label name="testGroup" value="Default test"/>
                <label name="testClass" value="twc.Regression.TestCases.regressionTestCases"/>
                <label name="testMethod" value="Validate_Criteo_SDK_config_app_Call_sdkVersion_parameter"/>
                <label name="host" value="AswinikumarsMBP.lan"/>
                <label name="thread" value="2280@AswinikumarsMBP.lan.main(1)"/>
            </labels>
        </test-case>
        <test-case start="1632980399089" stop="1632980399444" status="passed">
            <name>Validate_Criteo_SDK_config_app_Call_sdkVersion_parameter</name>
            <description type="text">Validating 'sdkVersion' parameter of Criteo SDK config app call </description>
            <steps>
                <step start="1632980399089" stop="1632980399089" status="passed">
                    <name>logStep[****** Validating 'sdkVersion' parameter of Criteo SDK config app call]</name>
                    <title>****** Validating 'sdkVersion' parameter of Criteo SDK config app call</title>
                    <attachments/>
                    <steps/>
                </step>
                <step start="1632980399288" stop="1632980399288" status="passed">
                    <name>logStep[bidder.criteo.com  call is present]</name>
                    <title>bidder.criteo.com  call is present</title>
                    <attachments/>
                    <steps/>
                </step>
                <step start="1632980399293" stop="1632980399293" status="passed">
                    <name>logStep[bidder.criteo.com/config/app call is present in Charles session]</name>
                    <title>bidder.criteo.com/config/app call is present in Charles session</title>
                    <attachments/>
                    <steps/>
                </step>
                <step start="1632980399439" stop="1632980399439" status="passed">
                    <name>logStep[bidder.criteo.com  call is present]</name>
                    <title>bidder.criteo.com  call is present</title>
                    <attachments/>
                    <steps/>
                </step>
                <step start="1632980399443" stop="1632980399443" status="passed">
                    <name>logStep[Custom Parameter :sdkVersion value: 4.4.0 is matched with the expected value 4.4.0]</name>
                    <title>Custom Parameter :sdkVersion value: 4.4.0 is matched with the expected value 4.4.0</title>
                    <attachments/>
                    <steps/>
                </step>
            </steps>
            <attachments/>
            <labels>
                <label name="testSuite" value="Default suite"/>
                <label name="testGroup" value="Default test"/>
                <label name="testClass" value="twc.Regression.TestCases.regressionTestCases"/>
                <label name="testMethod" value="Validate_Criteo_SDK_config_app_Call_sdkVersion_parameter"/>
                <label name="host" value="AswinikumarsMBP.lan"/>
                <label name="thread" value="2280@AswinikumarsMBP.lan.main(1)"/>
            </labels>
        </test-case>
        <test-case start="1632980399446" stop="1632980399924" status="failed">
            <name>Validate_Criteo_SDK_Bidder_API_Call_Response_Code</name>
            <description type="text">Validating Criteo Bidder API (invapp v2) call response code</description>
            <failure>
                <message>AssertionError: bidder.criteo.com/config/app :API Call response code validation is failed</message>
                <stack-trace>java.lang.AssertionError: bidder.criteo.com/config/app :API Call response code validation is failed
	at org.testng.Assert.fail(Assert.java:94)
	at twc.Regression.General.Functions.verifyCriteo_inapp_v2_Call_ReponseStatusCode(Functions.java:5905)
	at twc.Regression.TestCases.regressionTestCases.Validate_Criteo_SDK_Bidder_API_Call_Response_Code(regressionTestCases.java:119)
	at sun.reflect.NativeMethodAccessorImpl.invoke0(Native Method)
	at sun.reflect.NativeMethodAccessorImpl.invoke(NativeMethodAccessorImpl.java:62)
	at sun.reflect.DelegatingMethodAccessorImpl.invoke(DelegatingMethodAccessorImpl.java:43)
	at java.lang.reflect.Method.invoke(Method.java:498)
	at org.testng.internal.MethodInvocationHelper.invokeMethod(MethodInvocationHelper.java:85)
	at org.testng.internal.Invoker.invokeMethod(Invoker.java:659)
	at org.testng.internal.Invoker.invokeTestMethod(Invoker.java:845)
	at org.testng.internal.Invoker.invokeTestMethods(Invoker.java:1153)
	at org.testng.internal.TestMethodWorker.invokeTestMethods(TestMethodWorker.java:125)
	at org.testng.internal.TestMethodWorker.run(TestMethodWorker.java:108)
	at org.testng.TestRunner.privateRun(TestRunner.java:771)
	at org.testng.TestRunner.run(TestRunner.java:621)
	at org.testng.SuiteRunner.runTest(SuiteRunner.java:357)
	at org.testng.SuiteRunner.runSequentially(SuiteRunner.java:352)
	at org.testng.SuiteRunner.privateRun(SuiteRunner.java:310)
	at org.testng.SuiteRunner.run(SuiteRunner.java:259)
	at org.testng.SuiteRunnerWorker.runSuite(SuiteRunnerWorker.java:52)
	at org.testng.SuiteRunnerWorker.run(SuiteRunnerWorker.java:86)
	at org.testng.TestNG.runSuitesSequentially(TestNG.java:1199)
	at org.testng.TestNG.runSuitesLocally(TestNG.java:1124)
	at org.testng.TestNG.run(TestNG.java:1032)
	at org.testng.remote.AbstractRemoteTestNG.run(AbstractRemoteTestNG.java:115)
	at org.testng.remote.RemoteTestNG.initAndRun(RemoteTestNG.java:251)
	at org.testng.remote.RemoteTestNG.main(RemoteTestNG.java:77)
</stack-trace>
            </failure>
            <steps>
                <step start="1632980399446" stop="1632980399446" status="passed">
                    <name>logStep[****** Validating Criteo Bidder API (invapp v2) Call Response Code]</name>
                    <title>****** Validating Criteo Bidder API (invapp v2) Call Response Code</title>
                </step>
                <step start="1632980399765" stop="1632980399765" status="passed">
                    <name>logStep[bidder.criteo.com  call is present]</name>
                    <title>bidder.criteo.com  call is present</title>
                </step>
                <step start="1632980399769" stop="1632980399769" status="passed">
                    <name>logStep[bidder.criteo.com/config/app call is present in Charles session]</name>
                    <title>bidder.criteo.com/config/app call is present in Charles session</title>
                </step>
                <step start="1632980399770" stop="1632980399770" status="passed">
                    <name>logStep[bidder.criteo.com/config/app :API Call Verification is successful]</name>
                    <title>bidder.criteo.com/config/app :API Call Verification is successful</title>
                </step>
                <step start="1632980399902" stop="1632980399902" status="passed">
                    <name>logStep[bidder.criteo.com  call is present]</name>
                    <title>bidder.criteo.com  call is present</title>
                </step>
                <step start="1632980399917" stop="1632980399917" status="passed">
                    <name>logStep[bidder.criteo.com/config/app call response not contains response code : Complete]</name>
                    <title>bidder.criteo.com/config/app call response not contains response code : Complete</title>
                </step>
                <step start="1632980399917" stop="1632980399917" status="passed">
                    <name>logStep[bidder.criteo.com/config/app :API Call response code validation is failed]</name>
                    <title>bidder.criteo.com/config/app :API Call response code validation is failed</title>
                </step>
            </steps>
            <attachments/>
            <labels>
                <label name="testSuite" value="Default suite"/>
                <label name="testGroup" value="Default test"/>
                <label name="testClass" value="twc.Regression.TestCases.regressionTestCases"/>
                <label name="testMethod" value="Validate_Criteo_SDK_Bidder_API_Call_Response_Code"/>
                <label name="host" value="AswinikumarsMBP.lan"/>
                <label name="thread" value="2280@AswinikumarsMBP.lan.main(1)"/>
            </labels>
        </test-case>
        <test-case start="1632980399446" stop="1632980399924" status="failed">
            <name>Validate_Criteo_SDK_Bidder_API_Call_Response_Code</name>
            <description type="text">Validating Criteo Bidder API (invapp v2) call response code</description>
            <failure>
                <message>AssertionError: bidder.criteo.com/config/app :API Call response code validation is failed</message>
                <stack-trace>java.lang.AssertionError: bidder.criteo.com/config/app :API Call response code validation is failed
	at org.testng.Assert.fail(Assert.java:94)
	at twc.Regression.General.Functions.verifyCriteo_inapp_v2_Call_ReponseStatusCode(Functions.java:5905)
	at twc.Regression.TestCases.regressionTestCases.Validate_Criteo_SDK_Bidder_API_Call_Response_Code(regressionTestCases.java:119)
	at sun.reflect.NativeMethodAccessorImpl.invoke0(Native Method)
	at sun.reflect.NativeMethodAccessorImpl.invoke(NativeMethodAccessorImpl.java:62)
	at sun.reflect.DelegatingMethodAccessorImpl.invoke(DelegatingMethodAccessorImpl.java:43)
	at java.lang.reflect.Method.invoke(Method.java:498)
	at org.testng.internal.MethodInvocationHelper.invokeMethod(MethodInvocationHelper.java:85)
	at org.testng.internal.Invoker.invokeMethod(Invoker.java:659)
	at org.testng.internal.Invoker.invokeTestMethod(Invoker.java:845)
	at org.testng.internal.Invoker.invokeTestMethods(Invoker.java:1153)
	at org.testng.internal.TestMethodWorker.invokeTestMethods(TestMethodWorker.java:125)
	at org.testng.internal.TestMethodWorker.run(TestMethodWorker.java:108)
	at org.testng.TestRunner.privateRun(TestRunner.java:771)
	at org.testng.TestRunner.run(TestRunner.java:621)
	at org.testng.SuiteRunner.runTest(SuiteRunner.java:357)
	at org.testng.SuiteRunner.runSequentially(SuiteRunner.java:352)
	at org.testng.SuiteRunner.privateRun(SuiteRunner.java:310)
	at org.testng.SuiteRunner.run(SuiteRunner.java:259)
	at org.testng.SuiteRunnerWorker.runSuite(SuiteRunnerWorker.java:52)
	at org.testng.SuiteRunnerWorker.run(SuiteRunnerWorker.java:86)
	at org.testng.TestNG.runSuitesSequentially(TestNG.java:1199)
	at org.testng.TestNG.runSuitesLocally(TestNG.java:1124)
	at org.testng.TestNG.run(TestNG.java:1032)
	at org.testng.remote.AbstractRemoteTestNG.run(AbstractRemoteTestNG.java:115)
	at org.testng.remote.RemoteTestNG.initAndRun(RemoteTestNG.java:251)
	at org.testng.remote.RemoteTestNG.main(RemoteTestNG.java:77)
</stack-trace>
            </failure>
            <steps>
                <step start="1632980399446" stop="1632980399446" status="passed">
                    <name>logStep[****** Validating Criteo Bidder API (invapp v2) Call Response Code]</name>
                    <title>****** Validating Criteo Bidder API (invapp v2) Call Response Code</title>
                </step>
                <step start="1632980399765" stop="1632980399765" status="passed">
                    <name>logStep[bidder.criteo.com  call is present]</name>
                    <title>bidder.criteo.com  call is present</title>
                </step>
                <step start="1632980399769" stop="1632980399769" status="passed">
                    <name>logStep[bidder.criteo.com/config/app call is present in Charles session]</name>
                    <title>bidder.criteo.com/config/app call is present in Charles session</title>
                </step>
                <step start="1632980399770" stop="1632980399770" status="passed">
                    <name>logStep[bidder.criteo.com/config/app :API Call Verification is successful]</name>
                    <title>bidder.criteo.com/config/app :API Call Verification is successful</title>
                </step>
                <step start="1632980399902" stop="1632980399902" status="passed">
                    <name>logStep[bidder.criteo.com  call is present]</name>
                    <title>bidder.criteo.com  call is present</title>
                </step>
                <step start="1632980399917" stop="1632980399917" status="passed">
                    <name>logStep[bidder.criteo.com/config/app call response not contains response code : Complete]</name>
                    <title>bidder.criteo.com/config/app call response not contains response code : Complete</title>
                </step>
                <step start="1632980399917" stop="1632980399917" status="passed">
                    <name>logStep[bidder.criteo.com/config/app :API Call response code validation is failed]</name>
                    <title>bidder.criteo.com/config/app :API Call response code validation is failed</title>
                </step>
            </steps>
            <attachments/>
            <labels>
                <label name="testSuite" value="Default suite"/>
                <label name="testGroup" value="Default test"/>
                <label name="testClass" value="twc.Regression.TestCases.regressionTestCases"/>
                <label name="testMethod" value="Validate_Criteo_SDK_Bidder_API_Call_Response_Code"/>
                <label name="host" value="AswinikumarsMBP.lan"/>
                <label name="thread" value="2280@AswinikumarsMBP.lan.main(1)"/>
            </labels>
        </test-case>
        <test-case start="1632980399927" stop="1632980400280" status="failed">
            <name>Validate_Criteo_SDK_Initialization_API_Call_Response_Code</name>
            <description type="text">Validating Criteo Initialization API (config app) call response code</description>
            <failure>
                <message>AssertionError: bidder.criteo.com/config/app :API Call response code validation is failed</message>
                <stack-trace>java.lang.AssertionError: bidder.criteo.com/config/app :API Call response code validation is failed
	at org.testng.Assert.fail(Assert.java:94)
	at twc.Regression.General.Functions.verifyCriteo_config_app_Call_ReponseStatusCode(Functions.java:6183)
	at twc.Regression.TestCases.regressionTestCases.Validate_Criteo_SDK_Initialization_API_Call_Response_Code(regressionTestCases.java:132)
	at sun.reflect.NativeMethodAccessorImpl.invoke0(Native Method)
	at sun.reflect.NativeMethodAccessorImpl.invoke(NativeMethodAccessorImpl.java:62)
	at sun.reflect.DelegatingMethodAccessorImpl.invoke(DelegatingMethodAccessorImpl.java:43)
	at java.lang.reflect.Method.invoke(Method.java:498)
	at org.testng.internal.MethodInvocationHelper.invokeMethod(MethodInvocationHelper.java:85)
	at org.testng.internal.Invoker.invokeMethod(Invoker.java:659)
	at org.testng.internal.Invoker.invokeTestMethod(Invoker.java:845)
	at org.testng.internal.Invoker.invokeTestMethods(Invoker.java:1153)
	at org.testng.internal.TestMethodWorker.invokeTestMethods(TestMethodWorker.java:125)
	at org.testng.internal.TestMethodWorker.run(TestMethodWorker.java:108)
	at org.testng.TestRunner.privateRun(TestRunner.java:771)
	at org.testng.TestRunner.run(TestRunner.java:621)
	at org.testng.SuiteRunner.runTest(SuiteRunner.java:357)
	at org.testng.SuiteRunner.runSequentially(SuiteRunner.java:352)
	at org.testng.SuiteRunner.privateRun(SuiteRunner.java:310)
	at org.testng.SuiteRunner.run(SuiteRunner.java:259)
	at org.testng.SuiteRunnerWorker.runSuite(SuiteRunnerWorker.java:52)
	at org.testng.SuiteRunnerWorker.run(SuiteRunnerWorker.java:86)
	at org.testng.TestNG.runSuitesSequentially(TestNG.java:1199)
	at org.testng.TestNG.runSuitesLocally(TestNG.java:1124)
	at org.testng.TestNG.run(TestNG.java:1032)
	at org.testng.remote.AbstractRemoteTestNG.run(AbstractRemoteTestNG.java:115)
	at org.testng.remote.RemoteTestNG.initAndRun(RemoteTestNG.java:251)
	at org.testng.remote.RemoteTestNG.main(RemoteTestNG.java:77)
</stack-trace>
            </failure>
            <steps>
                <step start="1632980399927" stop="1632980399927" status="passed">
                    <name>logStep[****** Validating Criteo Initialization API (config app) Call Response Code]</name>
                    <title>****** Validating Criteo Initialization API (config app) Call Response Code</title>
                </step>
                <step start="1632980400078" stop="1632980400078" status="passed">
                    <name>logStep[bidder.criteo.com  call is present]</name>
                    <title>bidder.criteo.com  call is present</title>
                </step>
                <step start="1632980400083" stop="1632980400083" status="passed">
                    <name>logStep[bidder.criteo.com/config/app call is present in Charles session]</name>
                    <title>bidder.criteo.com/config/app call is present in Charles session</title>
                </step>
                <step start="1632980400083" stop="1632980400083" status="passed">
                    <name>logStep[bidder.criteo.com/config/app :API Call Verification is successful]</name>
                    <title>bidder.criteo.com/config/app :API Call Verification is successful</title>
                </step>
                <step start="1632980400265" stop="1632980400265" status="passed">
                    <name>logStep[bidder.criteo.com  call is present]</name>
                    <title>bidder.criteo.com  call is present</title>
                </step>
                <step start="1632980400279" stop="1632980400279" status="passed">
                    <name>logStep[bidder.criteo.com/config/app call response not contains response code : Complete]</name>
                    <title>bidder.criteo.com/config/app call response not contains response code : Complete</title>
                </step>
                <step start="1632980400280" stop="1632980400280" status="passed">
                    <name>logStep[bidder.criteo.com/config/app :API Call response code validation is failed]</name>
                    <title>bidder.criteo.com/config/app :API Call response code validation is failed</title>
                </step>
            </steps>
            <attachments/>
            <labels>
                <label name="testSuite" value="Default suite"/>
                <label name="testGroup" value="Default test"/>
                <label name="testClass" value="twc.Regression.TestCases.regressionTestCases"/>
                <label name="testMethod" value="Validate_Criteo_SDK_Initialization_API_Call_Response_Code"/>
                <label name="host" value="AswinikumarsMBP.lan"/>
                <label name="thread" value="2280@AswinikumarsMBP.lan.main(1)"/>
            </labels>
        </test-case>
        <test-case start="1632980399927" stop="1632980400280" status="failed">
            <name>Validate_Criteo_SDK_Initialization_API_Call_Response_Code</name>
            <description type="text">Validating Criteo Initialization API (config app) call response code</description>
            <failure>
                <message>AssertionError: bidder.criteo.com/config/app :API Call response code validation is failed</message>
                <stack-trace>java.lang.AssertionError: bidder.criteo.com/config/app :API Call response code validation is failed
	at org.testng.Assert.fail(Assert.java:94)
	at twc.Regression.General.Functions.verifyCriteo_config_app_Call_ReponseStatusCode(Functions.java:6183)
	at twc.Regression.TestCases.regressionTestCases.Validate_Criteo_SDK_Initialization_API_Call_Response_Code(regressionTestCases.java:132)
	at sun.reflect.NativeMethodAccessorImpl.invoke0(Native Method)
	at sun.reflect.NativeMethodAccessorImpl.invoke(NativeMethodAccessorImpl.java:62)
	at sun.reflect.DelegatingMethodAccessorImpl.invoke(DelegatingMethodAccessorImpl.java:43)
	at java.lang.reflect.Method.invoke(Method.java:498)
	at org.testng.internal.MethodInvocationHelper.invokeMethod(MethodInvocationHelper.java:85)
	at org.testng.internal.Invoker.invokeMethod(Invoker.java:659)
	at org.testng.internal.Invoker.invokeTestMethod(Invoker.java:845)
	at org.testng.internal.Invoker.invokeTestMethods(Invoker.java:1153)
	at org.testng.internal.TestMethodWorker.invokeTestMethods(TestMethodWorker.java:125)
	at org.testng.internal.TestMethodWorker.run(TestMethodWorker.java:108)
	at org.testng.TestRunner.privateRun(TestRunner.java:771)
	at org.testng.TestRunner.run(TestRunner.java:621)
	at org.testng.SuiteRunner.runTest(SuiteRunner.java:357)
	at org.testng.SuiteRunner.runSequentially(SuiteRunner.java:352)
	at org.testng.SuiteRunner.privateRun(SuiteRunner.java:310)
	at org.testng.SuiteRunner.run(SuiteRunner.java:259)
	at org.testng.SuiteRunnerWorker.runSuite(SuiteRunnerWorker.java:52)
	at org.testng.SuiteRunnerWorker.run(SuiteRunnerWorker.java:86)
	at org.testng.TestNG.runSuitesSequentially(TestNG.java:1199)
	at org.testng.TestNG.runSuitesLocally(TestNG.java:1124)
	at org.testng.TestNG.run(TestNG.java:1032)
	at org.testng.remote.AbstractRemoteTestNG.run(AbstractRemoteTestNG.java:115)
	at org.testng.remote.RemoteTestNG.initAndRun(RemoteTestNG.java:251)
	at org.testng.remote.RemoteTestNG.main(RemoteTestNG.java:77)
</stack-trace>
            </failure>
            <steps>
                <step start="1632980399927" stop="1632980399927" status="passed">
                    <name>logStep[****** Validating Criteo Initialization API (config app) Call Response Code]</name>
                    <title>****** Validating Criteo Initialization API (config app) Call Response Code</title>
                </step>
                <step start="1632980400078" stop="1632980400078" status="passed">
                    <name>logStep[bidder.criteo.com  call is present]</name>
                    <title>bidder.criteo.com  call is present</title>
                </step>
                <step start="1632980400083" stop="1632980400083" status="passed">
                    <name>logStep[bidder.criteo.com/config/app call is present in Charles session]</name>
                    <title>bidder.criteo.com/config/app call is present in Charles session</title>
                </step>
                <step start="1632980400083" stop="1632980400083" status="passed">
                    <name>logStep[bidder.criteo.com/config/app :API Call Verification is successful]</name>
                    <title>bidder.criteo.com/config/app :API Call Verification is successful</title>
                </step>
                <step start="1632980400265" stop="1632980400265" status="passed">
                    <name>logStep[bidder.criteo.com  call is present]</name>
                    <title>bidder.criteo.com  call is present</title>
                </step>
                <step start="1632980400279" stop="1632980400279" status="passed">
                    <name>logStep[bidder.criteo.com/config/app call response not contains response code : Complete]</name>
                    <title>bidder.criteo.com/config/app call response not contains response code : Complete</title>
                </step>
                <step start="1632980400280" stop="1632980400280" status="passed">
                    <name>logStep[bidder.criteo.com/config/app :API Call response code validation is failed]</name>
                    <title>bidder.criteo.com/config/app :API Call response code validation is failed</title>
                </step>
            </steps>
            <attachments/>
            <labels>
                <label name="testSuite" value="Default suite"/>
                <label name="testGroup" value="Default test"/>
                <label name="testClass" value="twc.Regression.TestCases.regressionTestCases"/>
                <label name="testMethod" value="Validate_Criteo_SDK_Initialization_API_Call_Response_Code"/>
                <label name="host" value="AswinikumarsMBP.lan"/>
                <label name="thread" value="2280@AswinikumarsMBP.lan.main(1)"/>
            </labels>
        </test-case>
        <test-case start="1632980400283" stop="1632980400589" status="passed">
            <name>Validate_Criteo_SDK_Initialization_API_Call_Response_Parameter_csmEnabled</name>
            <description type="text">Validating Criteo Initialization API (config app) call response parameter 'csmEnabled' value</description>
            <steps>
                <step start="1632980400284" stop="1632980400284" status="passed">
                    <name>logStep[****** Validating csmEnabled parameter value in Criteo Initialization API (config app) Call Response]</name>
                    <title>****** Validating csmEnabled parameter value in Criteo Initialization API (config app) Call Response</title>
                    <attachments/>
                    <steps/>
                </step>
                <step start="1632980400436" stop="1632980400436" status="passed">
                    <name>logStep[bidder.criteo.com  call is present]</name>
                    <title>bidder.criteo.com  call is present</title>
                    <attachments/>
                    <steps/>
                </step>
                <step start="1632980400441" stop="1632980400441" status="passed">
                    <name>logStep[bidder.criteo.com/config/app call is present in Charles session]</name>
                    <title>bidder.criteo.com/config/app call is present in Charles session</title>
                    <attachments/>
                    <steps/>
                </step>
                <step start="1632980400584" stop="1632980400584" status="passed">
                    <name>logStep[bidder.criteo.com  call is present]</name>
                    <title>bidder.criteo.com  call is present</title>
                    <attachments/>
                    <steps/>
                </step>
                <step start="1632980400589" stop="1632980400589" status="passed">
                    <name>logStep[Custom Parameter :csmEnabled value: true is matched with the expected value true]</name>
                    <title>Custom Parameter :csmEnabled value: true is matched with the expected value true</title>
                    <attachments/>
                    <steps/>
                </step>
                <step start="1632980400589" stop="1632980400589" status="passed">
                    <name>logStep[Criteo parameter: csmEnabled validation is successful]</name>
                    <title>Criteo parameter: csmEnabled validation is successful</title>
                    <attachments/>
                    <steps/>
                </step>
            </steps>
            <attachments/>
            <labels>
                <label name="testSuite" value="Default suite"/>
                <label name="testGroup" value="Default test"/>
                <label name="testClass" value="twc.Regression.TestCases.regressionTestCases"/>
                <label name="testMethod" value="Validate_Criteo_SDK_Initialization_API_Call_Response_Parameter_csmEnabled"/>
                <label name="host" value="AswinikumarsMBP.lan"/>
                <label name="thread" value="2280@AswinikumarsMBP.lan.main(1)"/>
            </labels>
        </test-case>
        <test-case start="1632980400283" stop="1632980400589" status="passed">
            <name>Validate_Criteo_SDK_Initialization_API_Call_Response_Parameter_csmEnabled</name>
            <description type="text">Validating Criteo Initialization API (config app) call response parameter 'csmEnabled' value</description>
            <steps>
                <step start="1632980400284" stop="1632980400284" status="passed">
                    <name>logStep[****** Validating csmEnabled parameter value in Criteo Initialization API (config app) Call Response]</name>
                    <title>****** Validating csmEnabled parameter value in Criteo Initialization API (config app) Call Response</title>
                    <attachments/>
                    <steps/>
                </step>
                <step start="1632980400436" stop="1632980400436" status="passed">
                    <name>logStep[bidder.criteo.com  call is present]</name>
                    <title>bidder.criteo.com  call is present</title>
                    <attachments/>
                    <steps/>
                </step>
                <step start="1632980400441" stop="1632980400441" status="passed">
                    <name>logStep[bidder.criteo.com/config/app call is present in Charles session]</name>
                    <title>bidder.criteo.com/config/app call is present in Charles session</title>
                    <attachments/>
                    <steps/>
                </step>
                <step start="1632980400584" stop="1632980400584" status="passed">
                    <name>logStep[bidder.criteo.com  call is present]</name>
                    <title>bidder.criteo.com  call is present</title>
                    <attachments/>
                    <steps/>
                </step>
                <step start="1632980400589" stop="1632980400589" status="passed">
                    <name>logStep[Custom Parameter :csmEnabled value: true is matched with the expected value true]</name>
                    <title>Custom Parameter :csmEnabled value: true is matched with the expected value true</title>
                    <attachments/>
                    <steps/>
                </step>
                <step start="1632980400589" stop="1632980400589" status="passed">
                    <name>logStep[Criteo parameter: csmEnabled validation is successful]</name>
                    <title>Criteo parameter: csmEnabled validation is successful</title>
                    <attachments/>
                    <steps/>
                </step>
            </steps>
            <attachments/>
            <labels>
                <label name="testSuite" value="Default suite"/>
                <label name="testGroup" value="Default test"/>
                <label name="testClass" value="twc.Regression.TestCases.regressionTestCases"/>
                <label name="testMethod" value="Validate_Criteo_SDK_Initialization_API_Call_Response_Parameter_csmEnabled"/>
                <label name="host" value="AswinikumarsMBP.lan"/>
                <label name="thread" value="2280@AswinikumarsMBP.lan.main(1)"/>
            </labels>
        </test-case>
        <test-case start="1632980400591" stop="1632980400941" status="failed">
            <name>Validate_Criteo_SDK_Initialization_API_Call_Response_Parameter_liveBiddingEnabled</name>
            <description type="text">Validating Criteo Initialization API (config app) call response parameter 'liveBiddingEnabled' value</description>
            <failure>
                <message>AssertionError: Custom Parameter :liveBiddingEnabled value: false is not matched with the expected value 1000</message>
                <stack-trace>java.lang.AssertionError: Custom Parameter :liveBiddingEnabled value: false is not matched with the expected value 1000
	at org.testng.Assert.fail(Assert.java:94)
	at twc.Regression.General.Functions.validate_Criteo_SDK_config_app_call_response_parameter(Functions.java:5947)
	at twc.Regression.TestCases.regressionTestCases.Validate_Criteo_SDK_Initialization_API_Call_Response_Parameter_liveBiddingEnabled(regressionTestCases.java:160)
	at sun.reflect.NativeMethodAccessorImpl.invoke0(Native Method)
	at sun.reflect.NativeMethodAccessorImpl.invoke(NativeMethodAccessorImpl.java:62)
	at sun.reflect.DelegatingMethodAccessorImpl.invoke(DelegatingMethodAccessorImpl.java:43)
	at java.lang.reflect.Method.invoke(Method.java:498)
	at org.testng.internal.MethodInvocationHelper.invokeMethod(MethodInvocationHelper.java:85)
	at org.testng.internal.Invoker.invokeMethod(Invoker.java:659)
	at org.testng.internal.Invoker.invokeTestMethod(Invoker.java:845)
	at org.testng.internal.Invoker.invokeTestMethods(Invoker.java:1153)
	at org.testng.internal.TestMethodWorker.invokeTestMethods(TestMethodWorker.java:125)
	at org.testng.internal.TestMethodWorker.run(TestMethodWorker.java:108)
	at org.testng.TestRunner.privateRun(TestRunner.java:771)
	at org.testng.TestRunner.run(TestRunner.java:621)
	at org.testng.SuiteRunner.runTest(SuiteRunner.java:357)
	at org.testng.SuiteRunner.runSequentially(SuiteRunner.java:352)
	at org.testng.SuiteRunner.privateRun(SuiteRunner.java:310)
	at org.testng.SuiteRunner.run(SuiteRunner.java:259)
	at org.testng.SuiteRunnerWorker.runSuite(SuiteRunnerWorker.java:52)
	at org.testng.SuiteRunnerWorker.run(SuiteRunnerWorker.java:86)
	at org.testng.TestNG.runSuitesSequentially(TestNG.java:1199)
	at org.testng.TestNG.runSuitesLocally(TestNG.java:1124)
	at org.testng.TestNG.run(TestNG.java:1032)
	at org.testng.remote.AbstractRemoteTestNG.run(AbstractRemoteTestNG.java:115)
	at org.testng.remote.RemoteTestNG.initAndRun(RemoteTestNG.java:251)
	at org.testng.remote.RemoteTestNG.main(RemoteTestNG.java:77)
</stack-trace>
            </failure>
            <steps>
                <step start="1632980400592" stop="1632980400592" status="passed">
                    <name>logStep[****** Validating liveBiddingEnabled parameter value in Criteo Initialization API (config app) Call Response]</name>
                    <title>****** Validating liveBiddingEnabled parameter value in Criteo Initialization API (config app) Call Response</title>
                </step>
                <step start="1632980400778" stop="1632980400778" status="passed">
                    <name>logStep[bidder.criteo.com  call is present]</name>
                    <title>bidder.criteo.com  call is present</title>
                </step>
                <step start="1632980400783" stop="1632980400783" status="passed">
                    <name>logStep[bidder.criteo.com/config/app call is present in Charles session]</name>
                    <title>bidder.criteo.com/config/app call is present in Charles session</title>
                </step>
                <step start="1632980400935" stop="1632980400935" status="passed">
                    <name>logStep[bidder.criteo.com  call is present]</name>
                    <title>bidder.criteo.com  call is present</title>
                </step>
                <step start="1632980400940" stop="1632980400940" status="passed">
                    <name>logStep[Custom Parameter :liveBiddingEnabled value: false is not matched with the expected value 1000]</name>
                    <title>Custom Parameter :liveBiddingEnabled value: false is not matched with the expected value 1000</title>
                </step>
                <step start="1632980400940" stop="1632980400940" status="passed">
                    <name>logStep[Criteo parameter: liveBiddingEnabled validation is failed]</name>
                    <title>Criteo parameter: liveBiddingEnabled validation is failed</title>
                </step>
            </steps>
            <attachments/>
            <labels>
                <label name="testSuite" value="Default suite"/>
                <label name="testGroup" value="Default test"/>
                <label name="testClass" value="twc.Regression.TestCases.regressionTestCases"/>
                <label name="testMethod" value="Validate_Criteo_SDK_Initialization_API_Call_Response_Parameter_liveBiddingEnabled"/>
                <label name="host" value="AswinikumarsMBP.lan"/>
                <label name="thread" value="2280@AswinikumarsMBP.lan.main(1)"/>
            </labels>
        </test-case>
        <test-case start="1632980400591" stop="1632980400941" status="failed">
            <name>Validate_Criteo_SDK_Initialization_API_Call_Response_Parameter_liveBiddingEnabled</name>
            <description type="text">Validating Criteo Initialization API (config app) call response parameter 'liveBiddingEnabled' value</description>
            <failure>
                <message>AssertionError: Custom Parameter :liveBiddingEnabled value: false is not matched with the expected value 1000</message>
                <stack-trace>java.lang.AssertionError: Custom Parameter :liveBiddingEnabled value: false is not matched with the expected value 1000
	at org.testng.Assert.fail(Assert.java:94)
	at twc.Regression.General.Functions.validate_Criteo_SDK_config_app_call_response_parameter(Functions.java:5947)
	at twc.Regression.TestCases.regressionTestCases.Validate_Criteo_SDK_Initialization_API_Call_Response_Parameter_liveBiddingEnabled(regressionTestCases.java:160)
	at sun.reflect.NativeMethodAccessorImpl.invoke0(Native Method)
	at sun.reflect.NativeMethodAccessorImpl.invoke(NativeMethodAccessorImpl.java:62)
	at sun.reflect.DelegatingMethodAccessorImpl.invoke(DelegatingMethodAccessorImpl.java:43)
	at java.lang.reflect.Method.invoke(Method.java:498)
	at org.testng.internal.MethodInvocationHelper.invokeMethod(MethodInvocationHelper.java:85)
	at org.testng.internal.Invoker.invokeMethod(Invoker.java:659)
	at org.testng.internal.Invoker.invokeTestMethod(Invoker.java:845)
	at org.testng.internal.Invoker.invokeTestMethods(Invoker.java:1153)
	at org.testng.internal.TestMethodWorker.invokeTestMethods(TestMethodWorker.java:125)
	at org.testng.internal.TestMethodWorker.run(TestMethodWorker.java:108)
	at org.testng.TestRunner.privateRun(TestRunner.java:771)
	at org.testng.TestRunner.run(TestRunner.java:621)
	at org.testng.SuiteRunner.runTest(SuiteRunner.java:357)
	at org.testng.SuiteRunner.runSequentially(SuiteRunner.java:352)
	at org.testng.SuiteRunner.privateRun(SuiteRunner.java:310)
	at org.testng.SuiteRunner.run(SuiteRunner.java:259)
	at org.testng.SuiteRunnerWorker.runSuite(SuiteRunnerWorker.java:52)
	at org.testng.SuiteRunnerWorker.run(SuiteRunnerWorker.java:86)
	at org.testng.TestNG.runSuitesSequentially(TestNG.java:1199)
	at org.testng.TestNG.runSuitesLocally(TestNG.java:1124)
	at org.testng.TestNG.run(TestNG.java:1032)
	at org.testng.remote.AbstractRemoteTestNG.run(AbstractRemoteTestNG.java:115)
	at org.testng.remote.RemoteTestNG.initAndRun(RemoteTestNG.java:251)
	at org.testng.remote.RemoteTestNG.main(RemoteTestNG.java:77)
</stack-trace>
            </failure>
            <steps>
                <step start="1632980400592" stop="1632980400592" status="passed">
                    <name>logStep[****** Validating liveBiddingEnabled parameter value in Criteo Initialization API (config app) Call Response]</name>
                    <title>****** Validating liveBiddingEnabled parameter value in Criteo Initialization API (config app) Call Response</title>
                </step>
                <step start="1632980400778" stop="1632980400778" status="passed">
                    <name>logStep[bidder.criteo.com  call is present]</name>
                    <title>bidder.criteo.com  call is present</title>
                </step>
                <step start="1632980400783" stop="1632980400783" status="passed">
                    <name>logStep[bidder.criteo.com/config/app call is present in Charles session]</name>
                    <title>bidder.criteo.com/config/app call is present in Charles session</title>
                </step>
                <step start="1632980400935" stop="1632980400935" status="passed">
                    <name>logStep[bidder.criteo.com  call is present]</name>
                    <title>bidder.criteo.com  call is present</title>
                </step>
                <step start="1632980400940" stop="1632980400940" status="passed">
                    <name>logStep[Custom Parameter :liveBiddingEnabled value: false is not matched with the expected value 1000]</name>
                    <title>Custom Parameter :liveBiddingEnabled value: false is not matched with the expected value 1000</title>
                </step>
                <step start="1632980400940" stop="1632980400940" status="passed">
                    <name>logStep[Criteo parameter: liveBiddingEnabled validation is failed]</name>
                    <title>Criteo parameter: liveBiddingEnabled validation is failed</title>
                </step>
            </steps>
            <attachments/>
            <labels>
                <label name="testSuite" value="Default suite"/>
                <label name="testGroup" value="Default test"/>
                <label name="testClass" value="twc.Regression.TestCases.regressionTestCases"/>
                <label name="testMethod" value="Validate_Criteo_SDK_Initialization_API_Call_Response_Parameter_liveBiddingEnabled"/>
                <label name="host" value="AswinikumarsMBP.lan"/>
                <label name="thread" value="2280@AswinikumarsMBP.lan.main(1)"/>
            </labels>
        </test-case>
    </test-cases>
    <labels>
        <label name="framework" value="TestNG"/>
        <label name="language" value="JAVA"/>
    </labels>
</ns2:test-suite>
