<?xml version="1.0" encoding="UTF-8"?>
<testng-results skipped="0" failed="10" total="87" passed="77">
  <reporter-output>
  </reporter-output>
  <suite name="Default suite" duration-ms="13933" started-at="2022-01-24T14:39:25Z" finished-at="2022-01-24T14:39:39Z">
    <groups>
    </groups>
    <test name="Default test" duration-ms="13933" started-at="2022-01-24T14:39:25Z" finished-at="2022-01-24T14:39:39Z">
      <class name="twc.Regression.TestCases.Criteo_Amazon_Testcases">
        <test-method status="PASS" signature="Validate_Amazon_SDK_adsdk_parameter()[pri:0, instance:twc.Regression.TestCases.Criteo_Amazon_Testcases@5871a482]" name="Validate_Amazon_SDK_adsdk_parameter" duration-ms="1204" started-at="2022-01-24T20:09:25Z" finished-at="2022-01-24T20:09:26Z">
          <reporter-output>
          </reporter-output>
        </test-method> <!-- Validate_Amazon_SDK_adsdk_parameter -->
        <test-method status="PASS" signature="Verifying_amazon_slotId_for_AlertsCenter()[pri:0, instance:twc.Regression.TestCases.Criteo_Amazon_Testcases@5871a482]" name="Verifying_amazon_slotId_for_AlertsCenter" duration-ms="106" started-at="2022-01-24T20:09:26Z" finished-at="2022-01-24T20:09:26Z">
          <reporter-output>
          </reporter-output>
        </test-method> <!-- Verifying_amazon_slotId_for_AlertsCenter -->
        <test-method status="PASS" signature="Verify_amazon_aaxSlot_feed1_adCall()[pri:0, instance:twc.Regression.TestCases.Criteo_Amazon_Testcases@5871a482]" name="Verify_amazon_aaxSlot_feed1_adCall" duration-ms="116" started-at="2022-01-24T20:09:26Z" finished-at="2022-01-24T20:09:26Z">
          <reporter-output>
          </reporter-output>
        </test-method> <!-- Verify_amazon_aaxSlot_feed1_adCall -->
        <test-method status="PASS" signature="Verify_amazon_aaxSlot_feed2_adcall()[pri:0, instance:twc.Regression.TestCases.Criteo_Amazon_Testcases@5871a482]" name="Verify_amazon_aaxSlot_feed2_adcall" duration-ms="118" started-at="2022-01-24T20:09:26Z" finished-at="2022-01-24T20:09:27Z">
          <reporter-output>
          </reporter-output>
        </test-method> <!-- Verify_amazon_aaxSlot_feed2_adcall -->
        <test-method status="PASS" signature="Smoke_Test_amazon_aaxSlot_feed3_adcall()[pri:0, instance:twc.Regression.TestCases.Criteo_Amazon_Testcases@5871a482]" name="Smoke_Test_amazon_aaxSlot_feed3_adcall" duration-ms="121" started-at="2022-01-24T20:09:27Z" finished-at="2022-01-24T20:09:27Z">
          <reporter-output>
          </reporter-output>
        </test-method> <!-- Smoke_Test_amazon_aaxSlot_feed3_adcall -->
        <test-method status="PASS" signature="Verify_amazon_aaxSlot_feed4_adcall()[pri:0, instance:twc.Regression.TestCases.Criteo_Amazon_Testcases@5871a482]" name="Verify_amazon_aaxSlot_feed4_adcall" duration-ms="90" started-at="2022-01-24T20:09:27Z" finished-at="2022-01-24T20:09:27Z">
          <reporter-output>
          </reporter-output>
        </test-method> <!-- Verify_amazon_aaxSlot_feed4_adcall -->
        <test-method status="PASS" signature="Verify_amazon_aaxSlot_feed5_adcall()[pri:0, instance:twc.Regression.TestCases.Criteo_Amazon_Testcases@5871a482]" name="Verify_amazon_aaxSlot_feed5_adcall" duration-ms="78" started-at="2022-01-24T20:09:27Z" finished-at="2022-01-24T20:09:27Z">
          <reporter-output>
          </reporter-output>
        </test-method> <!-- Verify_amazon_aaxSlot_feed5_adcall -->
        <test-method status="PASS" signature="Verify_amazon_aax_mapsdetails_adcall()[pri:0, instance:twc.Regression.TestCases.Criteo_Amazon_Testcases@5871a482]" name="Verify_amazon_aax_mapsdetails_adcall" duration-ms="83" started-at="2022-01-24T20:09:27Z" finished-at="2022-01-24T20:09:27Z">
          <reporter-output>
          </reporter-output>
        </test-method> <!-- Verify_amazon_aax_mapsdetails_adcall -->
        <test-method status="PASS" signature="Smoke_Test_amazon_aax_today_deatailcard()[pri:0, instance:twc.Regression.TestCases.Criteo_Amazon_Testcases@5871a482]" name="Smoke_Test_amazon_aax_today_deatailcard" duration-ms="77" started-at="2022-01-24T20:09:27Z" finished-at="2022-01-24T20:09:27Z">
          <reporter-output>
          </reporter-output>
        </test-method> <!-- Smoke_Test_amazon_aax_today_deatailcard -->
        <test-method status="PASS" signature="Smoke_Test_amazon_aax_Airquality_deatailcard()[pri:0, instance:twc.Regression.TestCases.Criteo_Amazon_Testcases@5871a482]" name="Smoke_Test_amazon_aax_Airquality_deatailcard" duration-ms="91" started-at="2022-01-24T20:09:27Z" finished-at="2022-01-24T20:09:27Z">
          <reporter-output>
          </reporter-output>
        </test-method> <!-- Smoke_Test_amazon_aax_Airquality_deatailcard -->
        <test-method status="PASS" signature="Smoke_Test_Verify_amazon_SlotId_Running_Bigbanner_ad()[pri:0, instance:twc.Regression.TestCases.Criteo_Amazon_Testcases@5871a482]" name="Smoke_Test_Verify_amazon_SlotId_Running_Bigbanner_ad" duration-ms="75" started-at="2022-01-24T20:09:27Z" finished-at="2022-01-24T20:09:27Z">
          <reporter-output>
          </reporter-output>
        </test-method> <!-- Smoke_Test_Verify_amazon_SlotId_Running_Bigbanner_ad -->
        <test-method status="PASS" signature="Verify_amazon_SlotId_Boat_Beach_Bigbanner_ad()[pri:0, instance:twc.Regression.TestCases.Criteo_Amazon_Testcases@5871a482]" name="Verify_amazon_SlotId_Boat_Beach_Bigbanner_ad" duration-ms="95" started-at="2022-01-24T20:09:27Z" finished-at="2022-01-24T20:09:27Z">
          <reporter-output>
          </reporter-output>
        </test-method> <!-- Verify_amazon_SlotId_Boat_Beach_Bigbanner_ad -->
        <test-method status="PASS" signature="Verify_amazon_SlotId_outdoor_details()[pri:0, instance:twc.Regression.TestCases.Criteo_Amazon_Testcases@5871a482]" name="Verify_amazon_SlotId_outdoor_details" duration-ms="69" started-at="2022-01-24T20:09:27Z" finished-at="2022-01-24T20:09:27Z">
          <reporter-output>
          </reporter-output>
        </test-method> <!-- Verify_amazon_SlotId_outdoor_details -->
        <test-method status="PASS" signature="Verify_amazon_aax_preload_Hourly_details_adcall()[pri:0, instance:twc.Regression.TestCases.Criteo_Amazon_Testcases@5871a482]" name="Verify_amazon_aax_preload_Hourly_details_adcall" duration-ms="67" started-at="2022-01-24T20:09:27Z" finished-at="2022-01-24T20:09:27Z">
          <reporter-output>
          </reporter-output>
        </test-method> <!-- Verify_amazon_aax_preload_Hourly_details_adcall -->
        <test-method status="PASS" signature="Verify_amazon_aax_preload_Hourly1_details_adcall()[pri:0, instance:twc.Regression.TestCases.Criteo_Amazon_Testcases@5871a482]" name="Verify_amazon_aax_preload_Hourly1_details_adcall" duration-ms="69" started-at="2022-01-24T20:09:27Z" finished-at="2022-01-24T20:09:27Z">
          <reporter-output>
          </reporter-output>
        </test-method> <!-- Verify_amazon_aax_preload_Hourly1_details_adcall -->
        <test-method status="PASS" signature="Verify_amazon_aax_preload_Hourly2_details_adcall()[pri:0, instance:twc.Regression.TestCases.Criteo_Amazon_Testcases@5871a482]" name="Verify_amazon_aax_preload_Hourly2_details_adcall" duration-ms="69" started-at="2022-01-24T20:09:27Z" finished-at="2022-01-24T20:09:28Z">
          <reporter-output>
          </reporter-output>
        </test-method> <!-- Verify_amazon_aax_preload_Hourly2_details_adcall -->
        <test-method status="PASS" signature="Verify_amazon_aax_preload_Hourly3_details_adcall()[pri:0, instance:twc.Regression.TestCases.Criteo_Amazon_Testcases@5871a482]" name="Verify_amazon_aax_preload_Hourly3_details_adcall" duration-ms="66" started-at="2022-01-24T20:09:28Z" finished-at="2022-01-24T20:09:28Z">
          <reporter-output>
          </reporter-output>
        </test-method> <!-- Verify_amazon_aax_preload_Hourly3_details_adcall -->
        <test-method status="FAIL" signature="Verify_AlertCenter_ad_call_amazon_bid_id()[pri:0, instance:twc.Regression.TestCases.Criteo_Amazon_Testcases@5871a482]" name="Verify_AlertCenter_ad_call_amazon_bid_id" duration-ms="224" started-at="2022-01-24T20:09:28Z" finished-at="2022-01-24T20:09:28Z">
          <exception class="java.lang.AssertionError">
            <message>
              <![CDATA[Ad Call :iu=%2F7646%2Fapp_android_us%2Fdb_display%2Fdetails%2Falerts%2Fcenter not contains the Custom Parameter: amzn_b, hence Custom Parameter: amzn_b validation failed]]>
            </message>
            <full-stacktrace>
              <![CDATA[java.lang.AssertionError: Ad Call :iu=%2F7646%2Fapp_android_us%2Fdb_display%2Fdetails%2Falerts%2Fcenter not contains the Custom Parameter: amzn_b, hence Custom Parameter: amzn_b validation failed
	at org.testng.Assert.fail(Assert.java:94)
	at twc.Regression.General.Functions.validate_aax_bid_value_with_gampad_bid_value(Functions.java:5538)
	at twc.Regression.TestCases.Criteo_Amazon_Testcases.Verify_AlertCenter_ad_call_amazon_bid_id(Criteo_Amazon_Testcases.java:268)
	at sun.reflect.NativeMethodAccessorImpl.invoke0(Native Method)
	at sun.reflect.NativeMethodAccessorImpl.invoke(NativeMethodAccessorImpl.java:62)
	at sun.reflect.DelegatingMethodAccessorImpl.invoke(DelegatingMethodAccessorImpl.java:43)
	at java.lang.reflect.Method.invoke(Method.java:498)
	at org.testng.internal.MethodInvocationHelper.invokeMethod(MethodInvocationHelper.java:85)
	at org.testng.internal.Invoker.invokeMethod(Invoker.java:659)
	at org.testng.internal.Invoker.invokeTestMethod(Invoker.java:845)
	at org.testng.internal.Invoker.invokeTestMethods(Invoker.java:1153)
	at org.testng.internal.TestMethodWorker.invokeTestMethods(TestMethodWorker.java:125)
	at org.testng.internal.TestMethodWorker.run(TestMethodWorker.java:108)
	at org.testng.TestRunner.privateRun(TestRunner.java:771)
	at org.testng.TestRunner.run(TestRunner.java:621)
	at org.testng.SuiteRunner.runTest(SuiteRunner.java:357)
	at org.testng.SuiteRunner.runSequentially(SuiteRunner.java:352)
	at org.testng.SuiteRunner.privateRun(SuiteRunner.java:310)
	at org.testng.SuiteRunner.run(SuiteRunner.java:259)
	at org.testng.SuiteRunnerWorker.runSuite(SuiteRunnerWorker.java:52)
	at org.testng.SuiteRunnerWorker.run(SuiteRunnerWorker.java:86)
	at org.testng.TestNG.runSuitesSequentially(TestNG.java:1199)
	at org.testng.TestNG.runSuitesLocally(TestNG.java:1124)
	at org.testng.TestNG.run(TestNG.java:1032)
	at org.testng.remote.AbstractRemoteTestNG.run(AbstractRemoteTestNG.java:115)
	at org.testng.remote.RemoteTestNG.initAndRun(RemoteTestNG.java:251)
	at org.testng.remote.RemoteTestNG.main(RemoteTestNG.java:77)
]]>
            </full-stacktrace>
          </exception> <!-- java.lang.AssertionError -->
          <reporter-output>
          </reporter-output>
        </test-method> <!-- Verify_AlertCenter_ad_call_amazon_bid_id -->
        <test-method status="PASS" signature="Smoke_Test_amazon_aax_Daily_details_Day1_adcall()[pri:0, instance:twc.Regression.TestCases.Criteo_Amazon_Testcases@5871a482]" name="Smoke_Test_amazon_aax_Daily_details_Day1_adcall" duration-ms="73" started-at="2022-01-24T20:09:28Z" finished-at="2022-01-24T20:09:28Z">
          <reporter-output>
          </reporter-output>
        </test-method> <!-- Smoke_Test_amazon_aax_Daily_details_Day1_adcall -->
        <test-method status="FAIL" signature="Verify_Feed1_ad_call_amazon_bid_id()[pri:0, instance:twc.Regression.TestCases.Criteo_Amazon_Testcases@5871a482]" name="Verify_Feed1_ad_call_amazon_bid_id" duration-ms="237" started-at="2022-01-24T20:09:28Z" finished-at="2022-01-24T20:09:28Z">
          <exception class="java.lang.AssertionError">
            <message>
              <![CDATA[Ad Call :iu=%2F7646%2Fapp_android_us%2Fdb_display%2Ffeed%2Ffeed_1 not contains the Custom Parameter: amzn_b, hence Custom Parameter: amzn_b validation failed]]>
            </message>
            <full-stacktrace>
              <![CDATA[java.lang.AssertionError: Ad Call :iu=%2F7646%2Fapp_android_us%2Fdb_display%2Ffeed%2Ffeed_1 not contains the Custom Parameter: amzn_b, hence Custom Parameter: amzn_b validation failed
	at org.testng.Assert.fail(Assert.java:94)
	at twc.Regression.General.Functions.validate_aax_bid_value_with_gampad_bid_value(Functions.java:5538)
	at twc.Regression.TestCases.Criteo_Amazon_Testcases.Verify_Feed1_ad_call_amazon_bid_id(Criteo_Amazon_Testcases.java:289)
	at sun.reflect.NativeMethodAccessorImpl.invoke0(Native Method)
	at sun.reflect.NativeMethodAccessorImpl.invoke(NativeMethodAccessorImpl.java:62)
	at sun.reflect.DelegatingMethodAccessorImpl.invoke(DelegatingMethodAccessorImpl.java:43)
	at java.lang.reflect.Method.invoke(Method.java:498)
	at org.testng.internal.MethodInvocationHelper.invokeMethod(MethodInvocationHelper.java:85)
	at org.testng.internal.Invoker.invokeMethod(Invoker.java:659)
	at org.testng.internal.Invoker.invokeTestMethod(Invoker.java:845)
	at org.testng.internal.Invoker.invokeTestMethods(Invoker.java:1153)
	at org.testng.internal.TestMethodWorker.invokeTestMethods(TestMethodWorker.java:125)
	at org.testng.internal.TestMethodWorker.run(TestMethodWorker.java:108)
	at org.testng.TestRunner.privateRun(TestRunner.java:771)
	at org.testng.TestRunner.run(TestRunner.java:621)
	at org.testng.SuiteRunner.runTest(SuiteRunner.java:357)
	at org.testng.SuiteRunner.runSequentially(SuiteRunner.java:352)
	at org.testng.SuiteRunner.privateRun(SuiteRunner.java:310)
	at org.testng.SuiteRunner.run(SuiteRunner.java:259)
	at org.testng.SuiteRunnerWorker.runSuite(SuiteRunnerWorker.java:52)
	at org.testng.SuiteRunnerWorker.run(SuiteRunnerWorker.java:86)
	at org.testng.TestNG.runSuitesSequentially(TestNG.java:1199)
	at org.testng.TestNG.runSuitesLocally(TestNG.java:1124)
	at org.testng.TestNG.run(TestNG.java:1032)
	at org.testng.remote.AbstractRemoteTestNG.run(AbstractRemoteTestNG.java:115)
	at org.testng.remote.RemoteTestNG.initAndRun(RemoteTestNG.java:251)
	at org.testng.remote.RemoteTestNG.main(RemoteTestNG.java:77)
]]>
            </full-stacktrace>
          </exception> <!-- java.lang.AssertionError -->
          <reporter-output>
          </reporter-output>
        </test-method> <!-- Verify_Feed1_ad_call_amazon_bid_id -->
        <test-method status="PASS" signature="Verify_Feed2_ad_call_amazon_bid_id()[pri:0, instance:twc.Regression.TestCases.Criteo_Amazon_Testcases@5871a482]" name="Verify_Feed2_ad_call_amazon_bid_id" duration-ms="214" started-at="2022-01-24T20:09:28Z" finished-at="2022-01-24T20:09:28Z">
          <reporter-output>
          </reporter-output>
        </test-method> <!-- Verify_Feed2_ad_call_amazon_bid_id -->
        <test-method status="FAIL" signature="Verify_Feed3_ad_call_amazon_bid_id()[pri:0, instance:twc.Regression.TestCases.Criteo_Amazon_Testcases@5871a482]" name="Verify_Feed3_ad_call_amazon_bid_id" duration-ms="142" started-at="2022-01-24T20:09:28Z" finished-at="2022-01-24T20:09:29Z">
          <exception class="java.lang.AssertionError">
            <message>
              <![CDATA[Ad Call :iu=%2F7646%2Fapp_android_us%2Fdb_display%2Ffeed%2Ffeed_3 not contains the Custom Parameter: amzn_b, hence Custom Parameter: amzn_b validation failed]]>
            </message>
            <full-stacktrace>
              <![CDATA[java.lang.AssertionError: Ad Call :iu=%2F7646%2Fapp_android_us%2Fdb_display%2Ffeed%2Ffeed_3 not contains the Custom Parameter: amzn_b, hence Custom Parameter: amzn_b validation failed
	at org.testng.Assert.fail(Assert.java:94)
	at twc.Regression.General.Functions.validate_aax_bid_value_with_gampad_bid_value(Functions.java:5538)
	at twc.Regression.TestCases.Criteo_Amazon_Testcases.Verify_Feed3_ad_call_amazon_bid_id(Criteo_Amazon_Testcases.java:310)
	at sun.reflect.NativeMethodAccessorImpl.invoke0(Native Method)
	at sun.reflect.NativeMethodAccessorImpl.invoke(NativeMethodAccessorImpl.java:62)
	at sun.reflect.DelegatingMethodAccessorImpl.invoke(DelegatingMethodAccessorImpl.java:43)
	at java.lang.reflect.Method.invoke(Method.java:498)
	at org.testng.internal.MethodInvocationHelper.invokeMethod(MethodInvocationHelper.java:85)
	at org.testng.internal.Invoker.invokeMethod(Invoker.java:659)
	at org.testng.internal.Invoker.invokeTestMethod(Invoker.java:845)
	at org.testng.internal.Invoker.invokeTestMethods(Invoker.java:1153)
	at org.testng.internal.TestMethodWorker.invokeTestMethods(TestMethodWorker.java:125)
	at org.testng.internal.TestMethodWorker.run(TestMethodWorker.java:108)
	at org.testng.TestRunner.privateRun(TestRunner.java:771)
	at org.testng.TestRunner.run(TestRunner.java:621)
	at org.testng.SuiteRunner.runTest(SuiteRunner.java:357)
	at org.testng.SuiteRunner.runSequentially(SuiteRunner.java:352)
	at org.testng.SuiteRunner.privateRun(SuiteRunner.java:310)
	at org.testng.SuiteRunner.run(SuiteRunner.java:259)
	at org.testng.SuiteRunnerWorker.runSuite(SuiteRunnerWorker.java:52)
	at org.testng.SuiteRunnerWorker.run(SuiteRunnerWorker.java:86)
	at org.testng.TestNG.runSuitesSequentially(TestNG.java:1199)
	at org.testng.TestNG.runSuitesLocally(TestNG.java:1124)
	at org.testng.TestNG.run(TestNG.java:1032)
	at org.testng.remote.AbstractRemoteTestNG.run(AbstractRemoteTestNG.java:115)
	at org.testng.remote.RemoteTestNG.initAndRun(RemoteTestNG.java:251)
	at org.testng.remote.RemoteTestNG.main(RemoteTestNG.java:77)
]]>
            </full-stacktrace>
          </exception> <!-- java.lang.AssertionError -->
          <reporter-output>
          </reporter-output>
        </test-method> <!-- Verify_Feed3_ad_call_amazon_bid_id -->
        <test-method status="PASS" signature="Verify_Feed4_ad_call_amazon_bid_id()[pri:0, instance:twc.Regression.TestCases.Criteo_Amazon_Testcases@5871a482]" name="Verify_Feed4_ad_call_amazon_bid_id" duration-ms="74" started-at="2022-01-24T20:09:29Z" finished-at="2022-01-24T20:09:29Z">
          <reporter-output>
          </reporter-output>
        </test-method> <!-- Verify_Feed4_ad_call_amazon_bid_id -->
        <test-method status="PASS" signature="Verify_Feed5_ad_call_amazon_bid_id()[pri:0, instance:twc.Regression.TestCases.Criteo_Amazon_Testcases@5871a482]" name="Verify_Feed5_ad_call_amazon_bid_id" duration-ms="73" started-at="2022-01-24T20:09:29Z" finished-at="2022-01-24T20:09:29Z">
          <reporter-output>
          </reporter-output>
        </test-method> <!-- Verify_Feed5_ad_call_amazon_bid_id -->
        <test-method status="PASS" signature="Verify_Map_Details_ad_call_amazon_bid_id()[pri:0, instance:twc.Regression.TestCases.Criteo_Amazon_Testcases@5871a482]" name="Verify_Map_Details_ad_call_amazon_bid_id" duration-ms="155" started-at="2022-01-24T20:09:29Z" finished-at="2022-01-24T20:09:29Z">
          <reporter-output>
          </reporter-output>
        </test-method> <!-- Verify_Map_Details_ad_call_amazon_bid_id -->
        <test-method status="FAIL" signature="Verify_Today_Details_ad_call_amazon_bid_id()[pri:0, instance:twc.Regression.TestCases.Criteo_Amazon_Testcases@5871a482]" name="Verify_Today_Details_ad_call_amazon_bid_id" duration-ms="151" started-at="2022-01-24T20:09:29Z" finished-at="2022-01-24T20:09:29Z">
          <exception class="java.lang.AssertionError">
            <message>
              <![CDATA[Ad Call :iu=%2F7646%2Fapp_android_us%2Fdb_display%2Fdetails%2Ftoday not contains the Custom Parameter: amzn_b, hence Custom Parameter: amzn_b validation failed]]>
            </message>
            <full-stacktrace>
              <![CDATA[java.lang.AssertionError: Ad Call :iu=%2F7646%2Fapp_android_us%2Fdb_display%2Fdetails%2Ftoday not contains the Custom Parameter: amzn_b, hence Custom Parameter: amzn_b validation failed
	at org.testng.Assert.fail(Assert.java:94)
	at twc.Regression.General.Functions.validate_aax_bid_value_with_gampad_bid_value(Functions.java:5538)
	at twc.Regression.TestCases.Criteo_Amazon_Testcases.Verify_Today_Details_ad_call_amazon_bid_id(Criteo_Amazon_Testcases.java:354)
	at sun.reflect.NativeMethodAccessorImpl.invoke0(Native Method)
	at sun.reflect.NativeMethodAccessorImpl.invoke(NativeMethodAccessorImpl.java:62)
	at sun.reflect.DelegatingMethodAccessorImpl.invoke(DelegatingMethodAccessorImpl.java:43)
	at java.lang.reflect.Method.invoke(Method.java:498)
	at org.testng.internal.MethodInvocationHelper.invokeMethod(MethodInvocationHelper.java:85)
	at org.testng.internal.Invoker.invokeMethod(Invoker.java:659)
	at org.testng.internal.Invoker.invokeTestMethod(Invoker.java:845)
	at org.testng.internal.Invoker.invokeTestMethods(Invoker.java:1153)
	at org.testng.internal.TestMethodWorker.invokeTestMethods(TestMethodWorker.java:125)
	at org.testng.internal.TestMethodWorker.run(TestMethodWorker.java:108)
	at org.testng.TestRunner.privateRun(TestRunner.java:771)
	at org.testng.TestRunner.run(TestRunner.java:621)
	at org.testng.SuiteRunner.runTest(SuiteRunner.java:357)
	at org.testng.SuiteRunner.runSequentially(SuiteRunner.java:352)
	at org.testng.SuiteRunner.privateRun(SuiteRunner.java:310)
	at org.testng.SuiteRunner.run(SuiteRunner.java:259)
	at org.testng.SuiteRunnerWorker.runSuite(SuiteRunnerWorker.java:52)
	at org.testng.SuiteRunnerWorker.run(SuiteRunnerWorker.java:86)
	at org.testng.TestNG.runSuitesSequentially(TestNG.java:1199)
	at org.testng.TestNG.runSuitesLocally(TestNG.java:1124)
	at org.testng.TestNG.run(TestNG.java:1032)
	at org.testng.remote.AbstractRemoteTestNG.run(AbstractRemoteTestNG.java:115)
	at org.testng.remote.RemoteTestNG.initAndRun(RemoteTestNG.java:251)
	at org.testng.remote.RemoteTestNG.main(RemoteTestNG.java:77)
]]>
            </full-stacktrace>
          </exception> <!-- java.lang.AssertionError -->
          <reporter-output>
          </reporter-output>
        </test-method> <!-- Verify_Today_Details_ad_call_amazon_bid_id -->
        <test-method status="PASS" signature="Verify_AQ_Details_ad_call_amazon_bid_id()[pri:0, instance:twc.Regression.TestCases.Criteo_Amazon_Testcases@5871a482]" name="Verify_AQ_Details_ad_call_amazon_bid_id" duration-ms="70" started-at="2022-01-24T20:09:29Z" finished-at="2022-01-24T20:09:29Z">
          <reporter-output>
          </reporter-output>
        </test-method> <!-- Verify_AQ_Details_ad_call_amazon_bid_id -->
        <test-method status="FAIL" signature="Verify_Health_BoatAndBeach_Details_ad_call_amazon_bid_id()[pri:0, instance:twc.Regression.TestCases.Criteo_Amazon_Testcases@5871a482]" name="Verify_Health_BoatAndBeach_Details_ad_call_amazon_bid_id" duration-ms="155" started-at="2022-01-24T20:09:29Z" finished-at="2022-01-24T20:09:29Z">
          <exception class="java.lang.AssertionError">
            <message>
              <![CDATA[Ad Call :iu=%2F7646%2Fapp_android_us%2Fdb_display%2Fcontent%2Fboat_beach not contains the Custom Parameter: amzn_b, hence Custom Parameter: amzn_b validation failed]]>
            </message>
            <full-stacktrace>
              <![CDATA[java.lang.AssertionError: Ad Call :iu=%2F7646%2Fapp_android_us%2Fdb_display%2Fcontent%2Fboat_beach not contains the Custom Parameter: amzn_b, hence Custom Parameter: amzn_b validation failed
	at org.testng.Assert.fail(Assert.java:94)
	at twc.Regression.General.Functions.validate_aax_bid_value_with_gampad_bid_value(Functions.java:5538)
	at twc.Regression.TestCases.Criteo_Amazon_Testcases.Verify_Health_BoatAndBeach_Details_ad_call_amazon_bid_id(Criteo_Amazon_Testcases.java:376)
	at sun.reflect.NativeMethodAccessorImpl.invoke0(Native Method)
	at sun.reflect.NativeMethodAccessorImpl.invoke(NativeMethodAccessorImpl.java:62)
	at sun.reflect.DelegatingMethodAccessorImpl.invoke(DelegatingMethodAccessorImpl.java:43)
	at java.lang.reflect.Method.invoke(Method.java:498)
	at org.testng.internal.MethodInvocationHelper.invokeMethod(MethodInvocationHelper.java:85)
	at org.testng.internal.Invoker.invokeMethod(Invoker.java:659)
	at org.testng.internal.Invoker.invokeTestMethod(Invoker.java:845)
	at org.testng.internal.Invoker.invokeTestMethods(Invoker.java:1153)
	at org.testng.internal.TestMethodWorker.invokeTestMethods(TestMethodWorker.java:125)
	at org.testng.internal.TestMethodWorker.run(TestMethodWorker.java:108)
	at org.testng.TestRunner.privateRun(TestRunner.java:771)
	at org.testng.TestRunner.run(TestRunner.java:621)
	at org.testng.SuiteRunner.runTest(SuiteRunner.java:357)
	at org.testng.SuiteRunner.runSequentially(SuiteRunner.java:352)
	at org.testng.SuiteRunner.privateRun(SuiteRunner.java:310)
	at org.testng.SuiteRunner.run(SuiteRunner.java:259)
	at org.testng.SuiteRunnerWorker.runSuite(SuiteRunnerWorker.java:52)
	at org.testng.SuiteRunnerWorker.run(SuiteRunnerWorker.java:86)
	at org.testng.TestNG.runSuitesSequentially(TestNG.java:1199)
	at org.testng.TestNG.runSuitesLocally(TestNG.java:1124)
	at org.testng.TestNG.run(TestNG.java:1032)
	at org.testng.remote.AbstractRemoteTestNG.run(AbstractRemoteTestNG.java:115)
	at org.testng.remote.RemoteTestNG.initAndRun(RemoteTestNG.java:251)
	at org.testng.remote.RemoteTestNG.main(RemoteTestNG.java:77)
]]>
            </full-stacktrace>
          </exception> <!-- java.lang.AssertionError -->
          <reporter-output>
          </reporter-output>
        </test-method> <!-- Verify_Health_BoatAndBeach_Details_ad_call_amazon_bid_id -->
        <test-method status="FAIL" signature="Verify_Health_Running_Details_ad_call_amazon_bid_id()[pri:0, instance:twc.Regression.TestCases.Criteo_Amazon_Testcases@5871a482]" name="Verify_Health_Running_Details_ad_call_amazon_bid_id" duration-ms="137" started-at="2022-01-24T20:09:29Z" finished-at="2022-01-24T20:09:29Z">
          <exception class="java.lang.AssertionError">
            <message>
              <![CDATA[Ad Call :iu=%2F7646%2Fapp_android_us%2Fdb_display%2Fcontent%2Frunning not contains the Custom Parameter: amzn_b, hence Custom Parameter: amzn_b validation failed]]>
            </message>
            <full-stacktrace>
              <![CDATA[java.lang.AssertionError: Ad Call :iu=%2F7646%2Fapp_android_us%2Fdb_display%2Fcontent%2Frunning not contains the Custom Parameter: amzn_b, hence Custom Parameter: amzn_b validation failed
	at org.testng.Assert.fail(Assert.java:94)
	at twc.Regression.General.Functions.validate_aax_bid_value_with_gampad_bid_value(Functions.java:5538)
	at twc.Regression.TestCases.Criteo_Amazon_Testcases.Verify_Health_Running_Details_ad_call_amazon_bid_id(Criteo_Amazon_Testcases.java:388)
	at sun.reflect.NativeMethodAccessorImpl.invoke0(Native Method)
	at sun.reflect.NativeMethodAccessorImpl.invoke(NativeMethodAccessorImpl.java:62)
	at sun.reflect.DelegatingMethodAccessorImpl.invoke(DelegatingMethodAccessorImpl.java:43)
	at java.lang.reflect.Method.invoke(Method.java:498)
	at org.testng.internal.MethodInvocationHelper.invokeMethod(MethodInvocationHelper.java:85)
	at org.testng.internal.Invoker.invokeMethod(Invoker.java:659)
	at org.testng.internal.Invoker.invokeTestMethod(Invoker.java:845)
	at org.testng.internal.Invoker.invokeTestMethods(Invoker.java:1153)
	at org.testng.internal.TestMethodWorker.invokeTestMethods(TestMethodWorker.java:125)
	at org.testng.internal.TestMethodWorker.run(TestMethodWorker.java:108)
	at org.testng.TestRunner.privateRun(TestRunner.java:771)
	at org.testng.TestRunner.run(TestRunner.java:621)
	at org.testng.SuiteRunner.runTest(SuiteRunner.java:357)
	at org.testng.SuiteRunner.runSequentially(SuiteRunner.java:352)
	at org.testng.SuiteRunner.privateRun(SuiteRunner.java:310)
	at org.testng.SuiteRunner.run(SuiteRunner.java:259)
	at org.testng.SuiteRunnerWorker.runSuite(SuiteRunnerWorker.java:52)
	at org.testng.SuiteRunnerWorker.run(SuiteRunnerWorker.java:86)
	at org.testng.TestNG.runSuitesSequentially(TestNG.java:1199)
	at org.testng.TestNG.runSuitesLocally(TestNG.java:1124)
	at org.testng.TestNG.run(TestNG.java:1032)
	at org.testng.remote.AbstractRemoteTestNG.run(AbstractRemoteTestNG.java:115)
	at org.testng.remote.RemoteTestNG.initAndRun(RemoteTestNG.java:251)
	at org.testng.remote.RemoteTestNG.main(RemoteTestNG.java:77)
]]>
            </full-stacktrace>
          </exception> <!-- java.lang.AssertionError -->
          <reporter-output>
          </reporter-output>
        </test-method> <!-- Verify_Health_Running_Details_ad_call_amazon_bid_id -->
        <test-method status="PASS" signature="Verify_amazon_aax_SeasonalHub_details_adcall()[pri:0, instance:twc.Regression.TestCases.Criteo_Amazon_Testcases@5871a482]" name="Verify_amazon_aax_SeasonalHub_details_adcall" duration-ms="62" started-at="2022-01-24T20:09:29Z" finished-at="2022-01-24T20:09:29Z">
          <reporter-output>
          </reporter-output>
        </test-method> <!-- Verify_amazon_aax_SeasonalHub_details_adcall -->
        <test-method status="PASS" signature="Verify_Hourly1_Details_ad_call_amazon_bid_id()[pri:0, instance:twc.Regression.TestCases.Criteo_Amazon_Testcases@5871a482]" name="Verify_Hourly1_Details_ad_call_amazon_bid_id" duration-ms="137" started-at="2022-01-24T20:09:29Z" finished-at="2022-01-24T20:09:30Z">
          <reporter-output>
          </reporter-output>
        </test-method> <!-- Verify_Hourly1_Details_ad_call_amazon_bid_id -->
        <test-method status="PASS" signature="Verify_Hourly2_Details_ad_call_amazon_bid_id()[pri:0, instance:twc.Regression.TestCases.Criteo_Amazon_Testcases@5871a482]" name="Verify_Hourly2_Details_ad_call_amazon_bid_id" duration-ms="138" started-at="2022-01-24T20:09:30Z" finished-at="2022-01-24T20:09:30Z">
          <reporter-output>
          </reporter-output>
        </test-method> <!-- Verify_Hourly2_Details_ad_call_amazon_bid_id -->
        <test-method status="PASS" signature="Verify_Hourly3_Details_ad_call_amazon_bid_id()[pri:0, instance:twc.Regression.TestCases.Criteo_Amazon_Testcases@5871a482]" name="Verify_Hourly3_Details_ad_call_amazon_bid_id" duration-ms="142" started-at="2022-01-24T20:09:30Z" finished-at="2022-01-24T20:09:30Z">
          <reporter-output>
          </reporter-output>
        </test-method> <!-- Verify_Hourly3_Details_ad_call_amazon_bid_id -->
        <test-method status="FAIL" signature="Verify_Daily_Details_ad_call_amazon_bid_id()[pri:0, instance:twc.Regression.TestCases.Criteo_Amazon_Testcases@5871a482]" name="Verify_Daily_Details_ad_call_amazon_bid_id" duration-ms="159" started-at="2022-01-24T20:09:30Z" finished-at="2022-01-24T20:09:30Z">
          <exception class="java.lang.AssertionError">
            <message>
              <![CDATA[Ad Call :iu=%2F7646%2Fapp_android_us%2Fdb_display%2Fdetails%2F10day_ not found in charles session, hence Custom Parameter: amzn_b validation failed]]>
            </message>
            <full-stacktrace>
              <![CDATA[java.lang.AssertionError: Ad Call :iu=%2F7646%2Fapp_android_us%2Fdb_display%2Fdetails%2F10day_ not found in charles session, hence Custom Parameter: amzn_b validation failed
	at org.testng.Assert.fail(Assert.java:94)
	at twc.Regression.General.Functions.validate_aax_bid_value_with_gampad_bid_value(Functions.java:5531)
	at twc.Regression.TestCases.Criteo_Amazon_Testcases.Verify_Daily_Details_ad_call_amazon_bid_id(Criteo_Amazon_Testcases.java:445)
	at sun.reflect.NativeMethodAccessorImpl.invoke0(Native Method)
	at sun.reflect.NativeMethodAccessorImpl.invoke(NativeMethodAccessorImpl.java:62)
	at sun.reflect.DelegatingMethodAccessorImpl.invoke(DelegatingMethodAccessorImpl.java:43)
	at java.lang.reflect.Method.invoke(Method.java:498)
	at org.testng.internal.MethodInvocationHelper.invokeMethod(MethodInvocationHelper.java:85)
	at org.testng.internal.Invoker.invokeMethod(Invoker.java:659)
	at org.testng.internal.Invoker.invokeTestMethod(Invoker.java:845)
	at org.testng.internal.Invoker.invokeTestMethods(Invoker.java:1153)
	at org.testng.internal.TestMethodWorker.invokeTestMethods(TestMethodWorker.java:125)
	at org.testng.internal.TestMethodWorker.run(TestMethodWorker.java:108)
	at org.testng.TestRunner.privateRun(TestRunner.java:771)
	at org.testng.TestRunner.run(TestRunner.java:621)
	at org.testng.SuiteRunner.runTest(SuiteRunner.java:357)
	at org.testng.SuiteRunner.runSequentially(SuiteRunner.java:352)
	at org.testng.SuiteRunner.privateRun(SuiteRunner.java:310)
	at org.testng.SuiteRunner.run(SuiteRunner.java:259)
	at org.testng.SuiteRunnerWorker.runSuite(SuiteRunnerWorker.java:52)
	at org.testng.SuiteRunnerWorker.run(SuiteRunnerWorker.java:86)
	at org.testng.TestNG.runSuitesSequentially(TestNG.java:1199)
	at org.testng.TestNG.runSuitesLocally(TestNG.java:1124)
	at org.testng.TestNG.run(TestNG.java:1032)
	at org.testng.remote.AbstractRemoteTestNG.run(AbstractRemoteTestNG.java:115)
	at org.testng.remote.RemoteTestNG.initAndRun(RemoteTestNG.java:251)
	at org.testng.remote.RemoteTestNG.main(RemoteTestNG.java:77)
]]>
            </full-stacktrace>
          </exception> <!-- java.lang.AssertionError -->
          <reporter-output>
          </reporter-output>
        </test-method> <!-- Verify_Daily_Details_ad_call_amazon_bid_id -->
        <test-method status="PASS" signature="Verify_Criteo_SDK_config_app_Call()[pri:0, instance:twc.Regression.TestCases.Criteo_Amazon_Testcases@5871a482]" name="Verify_Criteo_SDK_config_app_Call" duration-ms="124" started-at="2022-01-24T20:09:30Z" finished-at="2022-01-24T20:09:30Z">
          <reporter-output>
          </reporter-output>
        </test-method> <!-- Verify_Criteo_SDK_config_app_Call -->
        <test-method status="PASS" signature="Verify_Criteo_SDK_inapp_v2_Call()[pri:0, instance:twc.Regression.TestCases.Criteo_Amazon_Testcases@5871a482]" name="Verify_Criteo_SDK_inapp_v2_Call" duration-ms="126" started-at="2022-01-24T20:09:30Z" finished-at="2022-01-24T20:09:30Z">
          <reporter-output>
          </reporter-output>
        </test-method> <!-- Verify_Criteo_SDK_inapp_v2_Call -->
        <test-method status="PASS" signature="Validate_Criteo_SDK_config_app_Call_cpId_parameter()[pri:0, instance:twc.Regression.TestCases.Criteo_Amazon_Testcases@5871a482]" name="Validate_Criteo_SDK_config_app_Call_cpId_parameter" duration-ms="241" started-at="2022-01-24T20:09:30Z" finished-at="2022-01-24T20:09:30Z">
          <reporter-output>
          </reporter-output>
        </test-method> <!-- Validate_Criteo_SDK_config_app_Call_cpId_parameter -->
        <test-method status="PASS" signature="Validate_Criteo_SDK_config_app_Call_bundleId_parameter()[pri:0, instance:twc.Regression.TestCases.Criteo_Amazon_Testcases@5871a482]" name="Validate_Criteo_SDK_config_app_Call_bundleId_parameter" duration-ms="153" started-at="2022-01-24T20:09:30Z" finished-at="2022-01-24T20:09:31Z">
          <reporter-output>
          </reporter-output>
        </test-method> <!-- Validate_Criteo_SDK_config_app_Call_bundleId_parameter -->
        <test-method status="PASS" signature="Validate_Criteo_SDK_config_app_Call_sdkVersion_parameter()[pri:0, instance:twc.Regression.TestCases.Criteo_Amazon_Testcases@5871a482]" name="Validate_Criteo_SDK_config_app_Call_sdkVersion_parameter" duration-ms="163" started-at="2022-01-24T20:09:31Z" finished-at="2022-01-24T20:09:31Z">
          <reporter-output>
          </reporter-output>
        </test-method> <!-- Validate_Criteo_SDK_config_app_Call_sdkVersion_parameter -->
        <test-method status="PASS" signature="Verify_Criteo_SDK_inapp_v2_Call_cpm_parameter_with_Feed1_gampad_call()[pri:0, instance:twc.Regression.TestCases.Criteo_Amazon_Testcases@5871a482]" name="Verify_Criteo_SDK_inapp_v2_Call_cpm_parameter_with_Feed1_gampad_call" duration-ms="153" started-at="2022-01-24T20:09:31Z" finished-at="2022-01-24T20:09:31Z">
          <reporter-output>
          </reporter-output>
        </test-method> <!-- Verify_Criteo_SDK_inapp_v2_Call_cpm_parameter_with_Feed1_gampad_call -->
        <test-method status="PASS" signature="Verify_Criteo_SDK_inapp_v2_Call_size_parameter_with_Feed1_gampad_call()[pri:0, instance:twc.Regression.TestCases.Criteo_Amazon_Testcases@5871a482]" name="Verify_Criteo_SDK_inapp_v2_Call_size_parameter_with_Feed1_gampad_call" duration-ms="155" started-at="2022-01-24T20:09:31Z" finished-at="2022-01-24T20:09:31Z">
          <reporter-output>
          </reporter-output>
        </test-method> <!-- Verify_Criteo_SDK_inapp_v2_Call_size_parameter_with_Feed1_gampad_call -->
        <test-method status="PASS" signature="Verify_Criteo_SDK_inapp_v2_Call_displayUrl_parameter_with_Feed1_gampad_call()[pri:0, instance:twc.Regression.TestCases.Criteo_Amazon_Testcases@5871a482]" name="Verify_Criteo_SDK_inapp_v2_Call_displayUrl_parameter_with_Feed1_gampad_call" duration-ms="150" started-at="2022-01-24T20:09:31Z" finished-at="2022-01-24T20:09:31Z">
          <reporter-output>
          </reporter-output>
        </test-method> <!-- Verify_Criteo_SDK_inapp_v2_Call_displayUrl_parameter_with_Feed1_gampad_call -->
        <test-method status="PASS" signature="Verify_Criteo_SDK_inapp_v2_Call_cpm_parameter_with_Feed2_gampad_call()[pri:0, instance:twc.Regression.TestCases.Criteo_Amazon_Testcases@5871a482]" name="Verify_Criteo_SDK_inapp_v2_Call_cpm_parameter_with_Feed2_gampad_call" duration-ms="161" started-at="2022-01-24T20:09:31Z" finished-at="2022-01-24T20:09:31Z">
          <reporter-output>
          </reporter-output>
        </test-method> <!-- Verify_Criteo_SDK_inapp_v2_Call_cpm_parameter_with_Feed2_gampad_call -->
        <test-method status="PASS" signature="Verify_Criteo_SDK_inapp_v2_Call_size_parameter_with_Feed2_gampad_call()[pri:0, instance:twc.Regression.TestCases.Criteo_Amazon_Testcases@5871a482]" name="Verify_Criteo_SDK_inapp_v2_Call_size_parameter_with_Feed2_gampad_call" duration-ms="200" started-at="2022-01-24T20:09:31Z" finished-at="2022-01-24T20:09:32Z">
          <reporter-output>
          </reporter-output>
        </test-method> <!-- Verify_Criteo_SDK_inapp_v2_Call_size_parameter_with_Feed2_gampad_call -->
        <test-method status="PASS" signature="Verify_Criteo_SDK_inapp_v2_Call_displayUrl_parameter_with_Feed2_gampad_call()[pri:0, instance:twc.Regression.TestCases.Criteo_Amazon_Testcases@5871a482]" name="Verify_Criteo_SDK_inapp_v2_Call_displayUrl_parameter_with_Feed2_gampad_call" duration-ms="154" started-at="2022-01-24T20:09:32Z" finished-at="2022-01-24T20:09:32Z">
          <reporter-output>
          </reporter-output>
        </test-method> <!-- Verify_Criteo_SDK_inapp_v2_Call_displayUrl_parameter_with_Feed2_gampad_call -->
        <test-method status="PASS" signature="Verify_Criteo_SDK_inapp_v2_Call_cpm_parameter_with_Feed3_gampad_call()[pri:0, instance:twc.Regression.TestCases.Criteo_Amazon_Testcases@5871a482]" name="Verify_Criteo_SDK_inapp_v2_Call_cpm_parameter_with_Feed3_gampad_call" duration-ms="150" started-at="2022-01-24T20:09:32Z" finished-at="2022-01-24T20:09:32Z">
          <reporter-output>
          </reporter-output>
        </test-method> <!-- Verify_Criteo_SDK_inapp_v2_Call_cpm_parameter_with_Feed3_gampad_call -->
        <test-method status="PASS" signature="Verify_Criteo_SDK_inapp_v2_Call_size_parameter_with_Feed3_gampad_call()[pri:0, instance:twc.Regression.TestCases.Criteo_Amazon_Testcases@5871a482]" name="Verify_Criteo_SDK_inapp_v2_Call_size_parameter_with_Feed3_gampad_call" duration-ms="161" started-at="2022-01-24T20:09:32Z" finished-at="2022-01-24T20:09:32Z">
          <reporter-output>
          </reporter-output>
        </test-method> <!-- Verify_Criteo_SDK_inapp_v2_Call_size_parameter_with_Feed3_gampad_call -->
        <test-method status="PASS" signature="Verify_Criteo_SDK_inapp_v2_Call_displayUrl_parameter_with_Feed3_gampad_call()[pri:0, instance:twc.Regression.TestCases.Criteo_Amazon_Testcases@5871a482]" name="Verify_Criteo_SDK_inapp_v2_Call_displayUrl_parameter_with_Feed3_gampad_call" duration-ms="151" started-at="2022-01-24T20:09:32Z" finished-at="2022-01-24T20:09:32Z">
          <reporter-output>
          </reporter-output>
        </test-method> <!-- Verify_Criteo_SDK_inapp_v2_Call_displayUrl_parameter_with_Feed3_gampad_call -->
        <test-method status="PASS" signature="Verify_Criteo_SDK_inapp_v2_Call_cpm_parameter_with_Feed4_gampad_call()[pri:0, instance:twc.Regression.TestCases.Criteo_Amazon_Testcases@5871a482]" name="Verify_Criteo_SDK_inapp_v2_Call_cpm_parameter_with_Feed4_gampad_call" duration-ms="158" started-at="2022-01-24T20:09:32Z" finished-at="2022-01-24T20:09:32Z">
          <reporter-output>
          </reporter-output>
        </test-method> <!-- Verify_Criteo_SDK_inapp_v2_Call_cpm_parameter_with_Feed4_gampad_call -->
        <test-method status="PASS" signature="Verify_Criteo_SDK_inapp_v2_Call_size_parameter_with_Feed4_gampad_call()[pri:0, instance:twc.Regression.TestCases.Criteo_Amazon_Testcases@5871a482]" name="Verify_Criteo_SDK_inapp_v2_Call_size_parameter_with_Feed4_gampad_call" duration-ms="155" started-at="2022-01-24T20:09:32Z" finished-at="2022-01-24T20:09:33Z">
          <reporter-output>
          </reporter-output>
        </test-method> <!-- Verify_Criteo_SDK_inapp_v2_Call_size_parameter_with_Feed4_gampad_call -->
        <test-method status="PASS" signature="Verify_Criteo_SDK_inapp_v2_Call_displayUrl_parameter_with_Feed4_gampad_call()[pri:0, instance:twc.Regression.TestCases.Criteo_Amazon_Testcases@5871a482]" name="Verify_Criteo_SDK_inapp_v2_Call_displayUrl_parameter_with_Feed4_gampad_call" duration-ms="158" started-at="2022-01-24T20:09:33Z" finished-at="2022-01-24T20:09:33Z">
          <reporter-output>
          </reporter-output>
        </test-method> <!-- Verify_Criteo_SDK_inapp_v2_Call_displayUrl_parameter_with_Feed4_gampad_call -->
        <test-method status="PASS" signature="Verify_Criteo_SDK_inapp_v2_Call_cpm_parameter_with_Feed5_gampad_call()[pri:0, instance:twc.Regression.TestCases.Criteo_Amazon_Testcases@5871a482]" name="Verify_Criteo_SDK_inapp_v2_Call_cpm_parameter_with_Feed5_gampad_call" duration-ms="200" started-at="2022-01-24T20:09:33Z" finished-at="2022-01-24T20:09:33Z">
          <reporter-output>
          </reporter-output>
        </test-method> <!-- Verify_Criteo_SDK_inapp_v2_Call_cpm_parameter_with_Feed5_gampad_call -->
        <test-method status="PASS" signature="Verify_Criteo_SDK_inapp_v2_Call_size_parameter_with_Feed5_gampad_call()[pri:0, instance:twc.Regression.TestCases.Criteo_Amazon_Testcases@5871a482]" name="Verify_Criteo_SDK_inapp_v2_Call_size_parameter_with_Feed5_gampad_call" duration-ms="246" started-at="2022-01-24T20:09:33Z" finished-at="2022-01-24T20:09:33Z">
          <reporter-output>
          </reporter-output>
        </test-method> <!-- Verify_Criteo_SDK_inapp_v2_Call_size_parameter_with_Feed5_gampad_call -->
        <test-method status="PASS" signature="Verify_Criteo_SDK_inapp_v2_Call_displayUrl_parameter_with_Feed5_gampad_call()[pri:0, instance:twc.Regression.TestCases.Criteo_Amazon_Testcases@5871a482]" name="Verify_Criteo_SDK_inapp_v2_Call_displayUrl_parameter_with_Feed5_gampad_call" duration-ms="255" started-at="2022-01-24T20:09:33Z" finished-at="2022-01-24T20:09:33Z">
          <reporter-output>
          </reporter-output>
        </test-method> <!-- Verify_Criteo_SDK_inapp_v2_Call_displayUrl_parameter_with_Feed5_gampad_call -->
        <test-method status="PASS" signature="Verify_Criteo_SDK_inapp_v2_Call_cpm_parameter_with_map_details_gampad_call()[pri:0, instance:twc.Regression.TestCases.Criteo_Amazon_Testcases@5871a482]" name="Verify_Criteo_SDK_inapp_v2_Call_cpm_parameter_with_map_details_gampad_call" duration-ms="241" started-at="2022-01-24T20:09:33Z" finished-at="2022-01-24T20:09:34Z">
          <reporter-output>
          </reporter-output>
        </test-method> <!-- Verify_Criteo_SDK_inapp_v2_Call_cpm_parameter_with_map_details_gampad_call -->
        <test-method status="PASS" signature="Verify_Criteo_SDK_inapp_v2_Call_size_parameter_with_map_details_gampad_call()[pri:0, instance:twc.Regression.TestCases.Criteo_Amazon_Testcases@5871a482]" name="Verify_Criteo_SDK_inapp_v2_Call_size_parameter_with_map_details_gampad_call" duration-ms="334" started-at="2022-01-24T20:09:34Z" finished-at="2022-01-24T20:09:34Z">
          <reporter-output>
          </reporter-output>
        </test-method> <!-- Verify_Criteo_SDK_inapp_v2_Call_size_parameter_with_map_details_gampad_call -->
        <test-method status="PASS" signature="Verify_Criteo_SDK_inapp_v2_Call_displayUrl_parameter_with_map_details_gampad_call()[pri:0, instance:twc.Regression.TestCases.Criteo_Amazon_Testcases@5871a482]" name="Verify_Criteo_SDK_inapp_v2_Call_displayUrl_parameter_with_map_details_gampad_call" duration-ms="149" started-at="2022-01-24T20:09:34Z" finished-at="2022-01-24T20:09:34Z">
          <reporter-output>
          </reporter-output>
        </test-method> <!-- Verify_Criteo_SDK_inapp_v2_Call_displayUrl_parameter_with_map_details_gampad_call -->
        <test-method status="PASS" signature="Verify_Criteo_SDK_inapp_v2_Call_cpm_parameter_with_today_details_gampad_call()[pri:0, instance:twc.Regression.TestCases.Criteo_Amazon_Testcases@5871a482]" name="Verify_Criteo_SDK_inapp_v2_Call_cpm_parameter_with_today_details_gampad_call" duration-ms="156" started-at="2022-01-24T20:09:34Z" finished-at="2022-01-24T20:09:34Z">
          <reporter-output>
          </reporter-output>
        </test-method> <!-- Verify_Criteo_SDK_inapp_v2_Call_cpm_parameter_with_today_details_gampad_call -->
        <test-method status="PASS" signature="Verify_Criteo_SDK_inapp_v2_Call_size_parameter_with_today_details_gampad_call()[pri:0, instance:twc.Regression.TestCases.Criteo_Amazon_Testcases@5871a482]" name="Verify_Criteo_SDK_inapp_v2_Call_size_parameter_with_today_details_gampad_call" duration-ms="205" started-at="2022-01-24T20:09:34Z" finished-at="2022-01-24T20:09:35Z">
          <reporter-output>
          </reporter-output>
        </test-method> <!-- Verify_Criteo_SDK_inapp_v2_Call_size_parameter_with_today_details_gampad_call -->
        <test-method status="PASS" signature="Verify_Criteo_SDK_inapp_v2_Call_displayUrl_parameter_with_today_details_gampad_call()[pri:0, instance:twc.Regression.TestCases.Criteo_Amazon_Testcases@5871a482]" name="Verify_Criteo_SDK_inapp_v2_Call_displayUrl_parameter_with_today_details_gampad_call" duration-ms="145" started-at="2022-01-24T20:09:35Z" finished-at="2022-01-24T20:09:35Z">
          <reporter-output>
          </reporter-output>
        </test-method> <!-- Verify_Criteo_SDK_inapp_v2_Call_displayUrl_parameter_with_today_details_gampad_call -->
        <test-method status="PASS" signature="Verify_Criteo_SDK_inapp_v2_Call_cpm_parameter_with_aq_details_gampad_call()[pri:0, instance:twc.Regression.TestCases.Criteo_Amazon_Testcases@5871a482]" name="Verify_Criteo_SDK_inapp_v2_Call_cpm_parameter_with_aq_details_gampad_call" duration-ms="149" started-at="2022-01-24T20:09:35Z" finished-at="2022-01-24T20:09:35Z">
          <reporter-output>
          </reporter-output>
        </test-method> <!-- Verify_Criteo_SDK_inapp_v2_Call_cpm_parameter_with_aq_details_gampad_call -->
        <test-method status="PASS" signature="Verify_Criteo_SDK_inapp_v2_Call_size_parameter_with_aq_details_gampad_call()[pri:0, instance:twc.Regression.TestCases.Criteo_Amazon_Testcases@5871a482]" name="Verify_Criteo_SDK_inapp_v2_Call_size_parameter_with_aq_details_gampad_call" duration-ms="140" started-at="2022-01-24T20:09:35Z" finished-at="2022-01-24T20:09:35Z">
          <reporter-output>
          </reporter-output>
        </test-method> <!-- Verify_Criteo_SDK_inapp_v2_Call_size_parameter_with_aq_details_gampad_call -->
        <test-method status="PASS" signature="Verify_Criteo_SDK_inapp_v2_Call_displayUrl_parameter_with_aq_details_gampad_call()[pri:0, instance:twc.Regression.TestCases.Criteo_Amazon_Testcases@5871a482]" name="Verify_Criteo_SDK_inapp_v2_Call_displayUrl_parameter_with_aq_details_gampad_call" duration-ms="279" started-at="2022-01-24T20:09:35Z" finished-at="2022-01-24T20:09:35Z">
          <reporter-output>
          </reporter-output>
        </test-method> <!-- Verify_Criteo_SDK_inapp_v2_Call_displayUrl_parameter_with_aq_details_gampad_call -->
        <test-method status="PASS" signature="Verify_Criteo_SDK_inapp_v2_Call_cpm_parameter_with_boatAndBeach_details_gampad_call()[pri:0, instance:twc.Regression.TestCases.Criteo_Amazon_Testcases@5871a482]" name="Verify_Criteo_SDK_inapp_v2_Call_cpm_parameter_with_boatAndBeach_details_gampad_call" duration-ms="153" started-at="2022-01-24T20:09:35Z" finished-at="2022-01-24T20:09:35Z">
          <reporter-output>
          </reporter-output>
        </test-method> <!-- Verify_Criteo_SDK_inapp_v2_Call_cpm_parameter_with_boatAndBeach_details_gampad_call -->
        <test-method status="PASS" signature="Verify_Criteo_SDK_inapp_v2_Call_size_parameter_with_boatAndBeach_details_gampad_call()[pri:0, instance:twc.Regression.TestCases.Criteo_Amazon_Testcases@5871a482]" name="Verify_Criteo_SDK_inapp_v2_Call_size_parameter_with_boatAndBeach_details_gampad_call" duration-ms="148" started-at="2022-01-24T20:09:35Z" finished-at="2022-01-24T20:09:36Z">
          <reporter-output>
          </reporter-output>
        </test-method> <!-- Verify_Criteo_SDK_inapp_v2_Call_size_parameter_with_boatAndBeach_details_gampad_call -->
        <test-method status="PASS" signature="Verify_Criteo_SDK_inapp_v2_Call_displayUrl_parameter_with_boatAndBeach_details_gampad_call()[pri:0, instance:twc.Regression.TestCases.Criteo_Amazon_Testcases@5871a482]" name="Verify_Criteo_SDK_inapp_v2_Call_displayUrl_parameter_with_boatAndBeach_details_gampad_call" duration-ms="148" started-at="2022-01-24T20:09:36Z" finished-at="2022-01-24T20:09:36Z">
          <reporter-output>
          </reporter-output>
        </test-method> <!-- Verify_Criteo_SDK_inapp_v2_Call_displayUrl_parameter_with_boatAndBeach_details_gampad_call -->
        <test-method status="PASS" signature="Verify_Criteo_SDK_inapp_v2_Call_cpm_parameter_with_Running_details_gampad_call()[pri:0, instance:twc.Regression.TestCases.Criteo_Amazon_Testcases@5871a482]" name="Verify_Criteo_SDK_inapp_v2_Call_cpm_parameter_with_Running_details_gampad_call" duration-ms="142" started-at="2022-01-24T20:09:36Z" finished-at="2022-01-24T20:09:36Z">
          <reporter-output>
          </reporter-output>
        </test-method> <!-- Verify_Criteo_SDK_inapp_v2_Call_cpm_parameter_with_Running_details_gampad_call -->
        <test-method status="PASS" signature="Verify_Criteo_SDK_inapp_v2_Call_size_parameter_with_Running_details_gampad_call()[pri:0, instance:twc.Regression.TestCases.Criteo_Amazon_Testcases@5871a482]" name="Verify_Criteo_SDK_inapp_v2_Call_size_parameter_with_Running_details_gampad_call" duration-ms="166" started-at="2022-01-24T20:09:36Z" finished-at="2022-01-24T20:09:36Z">
          <reporter-output>
          </reporter-output>
        </test-method> <!-- Verify_Criteo_SDK_inapp_v2_Call_size_parameter_with_Running_details_gampad_call -->
        <test-method status="PASS" signature="Verify_Criteo_SDK_inapp_v2_Call_displayUrl_parameter_with_Running_details_gampad_call()[pri:0, instance:twc.Regression.TestCases.Criteo_Amazon_Testcases@5871a482]" name="Verify_Criteo_SDK_inapp_v2_Call_displayUrl_parameter_with_Running_details_gampad_call" duration-ms="187" started-at="2022-01-24T20:09:36Z" finished-at="2022-01-24T20:09:36Z">
          <reporter-output>
          </reporter-output>
        </test-method> <!-- Verify_Criteo_SDK_inapp_v2_Call_displayUrl_parameter_with_Running_details_gampad_call -->
        <test-method status="PASS" signature="Verify_Criteo_SDK_inapp_v2_Call_cpm_parameter_with_SeasonalHub_details_gampad_call()[pri:0, instance:twc.Regression.TestCases.Criteo_Amazon_Testcases@5871a482]" name="Verify_Criteo_SDK_inapp_v2_Call_cpm_parameter_with_SeasonalHub_details_gampad_call" duration-ms="163" started-at="2022-01-24T20:09:36Z" finished-at="2022-01-24T20:09:36Z">
          <reporter-output>
          </reporter-output>
        </test-method> <!-- Verify_Criteo_SDK_inapp_v2_Call_cpm_parameter_with_SeasonalHub_details_gampad_call -->
        <test-method status="PASS" signature="Verify_Criteo_SDK_inapp_v2_Call_size_parameter_with_SeasonalHub_details_gampad_call()[pri:0, instance:twc.Regression.TestCases.Criteo_Amazon_Testcases@5871a482]" name="Verify_Criteo_SDK_inapp_v2_Call_size_parameter_with_SeasonalHub_details_gampad_call" duration-ms="181" started-at="2022-01-24T20:09:36Z" finished-at="2022-01-24T20:09:37Z">
          <reporter-output>
          </reporter-output>
        </test-method> <!-- Verify_Criteo_SDK_inapp_v2_Call_size_parameter_with_SeasonalHub_details_gampad_call -->
        <test-method status="PASS" signature="Verify_Criteo_SDK_inapp_v2_Call_displayUrl_parameter_with_SeasonalHub_details_gampad_call()[pri:0, instance:twc.Regression.TestCases.Criteo_Amazon_Testcases@5871a482]" name="Verify_Criteo_SDK_inapp_v2_Call_displayUrl_parameter_with_SeasonalHub_details_gampad_call" duration-ms="163" started-at="2022-01-24T20:09:37Z" finished-at="2022-01-24T20:09:37Z">
          <reporter-output>
          </reporter-output>
        </test-method> <!-- Verify_Criteo_SDK_inapp_v2_Call_displayUrl_parameter_with_SeasonalHub_details_gampad_call -->
        <test-method status="FAIL" signature="Verify_Criteo_SDK_inapp_v2_Call_cpm_parameter_with_daily_details_gampad_call()[pri:0, instance:twc.Regression.TestCases.Criteo_Amazon_Testcases@5871a482]" name="Verify_Criteo_SDK_inapp_v2_Call_cpm_parameter_with_daily_details_gampad_call" duration-ms="155" started-at="2022-01-24T20:09:37Z" finished-at="2022-01-24T20:09:37Z">
          <exception class="java.lang.AssertionError">
            <message>
              <![CDATA[Ad Call :iu=%2F7646%2Fapp_android_us%2Fdb_display%2Fdetails%2F10day_ not found in charles session, hence Custom Parameter: cpm validation failed]]>
            </message>
            <full-stacktrace>
              <![CDATA[java.lang.AssertionError: Ad Call :iu=%2F7646%2Fapp_android_us%2Fdb_display%2Fdetails%2F10day_ not found in charles session, hence Custom Parameter: cpm validation failed
	at org.testng.Assert.fail(Assert.java:94)
	at twc.Regression.General.Functions.validate_Criteo_SDK_inapp_v2_call_param_value_with_gampad_param_value(Functions.java:7217)
	at twc.Regression.TestCases.Criteo_Amazon_Testcases.Verify_Criteo_SDK_inapp_v2_Call_cpm_parameter_with_daily_details_gampad_call(Criteo_Amazon_Testcases.java:928)
	at sun.reflect.NativeMethodAccessorImpl.invoke0(Native Method)
	at sun.reflect.NativeMethodAccessorImpl.invoke(NativeMethodAccessorImpl.java:62)
	at sun.reflect.DelegatingMethodAccessorImpl.invoke(DelegatingMethodAccessorImpl.java:43)
	at java.lang.reflect.Method.invoke(Method.java:498)
	at org.testng.internal.MethodInvocationHelper.invokeMethod(MethodInvocationHelper.java:85)
	at org.testng.internal.Invoker.invokeMethod(Invoker.java:659)
	at org.testng.internal.Invoker.invokeTestMethod(Invoker.java:845)
	at org.testng.internal.Invoker.invokeTestMethods(Invoker.java:1153)
	at org.testng.internal.TestMethodWorker.invokeTestMethods(TestMethodWorker.java:125)
	at org.testng.internal.TestMethodWorker.run(TestMethodWorker.java:108)
	at org.testng.TestRunner.privateRun(TestRunner.java:771)
	at org.testng.TestRunner.run(TestRunner.java:621)
	at org.testng.SuiteRunner.runTest(SuiteRunner.java:357)
	at org.testng.SuiteRunner.runSequentially(SuiteRunner.java:352)
	at org.testng.SuiteRunner.privateRun(SuiteRunner.java:310)
	at org.testng.SuiteRunner.run(SuiteRunner.java:259)
	at org.testng.SuiteRunnerWorker.runSuite(SuiteRunnerWorker.java:52)
	at org.testng.SuiteRunnerWorker.run(SuiteRunnerWorker.java:86)
	at org.testng.TestNG.runSuitesSequentially(TestNG.java:1199)
	at org.testng.TestNG.runSuitesLocally(TestNG.java:1124)
	at org.testng.TestNG.run(TestNG.java:1032)
	at org.testng.remote.AbstractRemoteTestNG.run(AbstractRemoteTestNG.java:115)
	at org.testng.remote.RemoteTestNG.initAndRun(RemoteTestNG.java:251)
	at org.testng.remote.RemoteTestNG.main(RemoteTestNG.java:77)
]]>
            </full-stacktrace>
          </exception> <!-- java.lang.AssertionError -->
          <reporter-output>
          </reporter-output>
        </test-method> <!-- Verify_Criteo_SDK_inapp_v2_Call_cpm_parameter_with_daily_details_gampad_call -->
        <test-method status="FAIL" signature="Verify_Criteo_SDK_inapp_v2_Call_size_parameter_with_daily_details_gampad_call()[pri:0, instance:twc.Regression.TestCases.Criteo_Amazon_Testcases@5871a482]" name="Verify_Criteo_SDK_inapp_v2_Call_size_parameter_with_daily_details_gampad_call" duration-ms="158" started-at="2022-01-24T20:09:37Z" finished-at="2022-01-24T20:09:37Z">
          <exception class="java.lang.AssertionError">
            <message>
              <![CDATA[Ad Call :iu=%2F7646%2Fapp_android_us%2Fdb_display%2Fdetails%2F10day_ not found in charles session, hence Custom Parameter: size validation failed]]>
            </message>
            <full-stacktrace>
              <![CDATA[java.lang.AssertionError: Ad Call :iu=%2F7646%2Fapp_android_us%2Fdb_display%2Fdetails%2F10day_ not found in charles session, hence Custom Parameter: size validation failed
	at org.testng.Assert.fail(Assert.java:94)
	at twc.Regression.General.Functions.validate_Criteo_SDK_inapp_v2_call_param_value_with_gampad_param_value(Functions.java:7217)
	at twc.Regression.TestCases.Criteo_Amazon_Testcases.Verify_Criteo_SDK_inapp_v2_Call_size_parameter_with_daily_details_gampad_call(Criteo_Amazon_Testcases.java:941)
	at sun.reflect.NativeMethodAccessorImpl.invoke0(Native Method)
	at sun.reflect.NativeMethodAccessorImpl.invoke(NativeMethodAccessorImpl.java:62)
	at sun.reflect.DelegatingMethodAccessorImpl.invoke(DelegatingMethodAccessorImpl.java:43)
	at java.lang.reflect.Method.invoke(Method.java:498)
	at org.testng.internal.MethodInvocationHelper.invokeMethod(MethodInvocationHelper.java:85)
	at org.testng.internal.Invoker.invokeMethod(Invoker.java:659)
	at org.testng.internal.Invoker.invokeTestMethod(Invoker.java:845)
	at org.testng.internal.Invoker.invokeTestMethods(Invoker.java:1153)
	at org.testng.internal.TestMethodWorker.invokeTestMethods(TestMethodWorker.java:125)
	at org.testng.internal.TestMethodWorker.run(TestMethodWorker.java:108)
	at org.testng.TestRunner.privateRun(TestRunner.java:771)
	at org.testng.TestRunner.run(TestRunner.java:621)
	at org.testng.SuiteRunner.runTest(SuiteRunner.java:357)
	at org.testng.SuiteRunner.runSequentially(SuiteRunner.java:352)
	at org.testng.SuiteRunner.privateRun(SuiteRunner.java:310)
	at org.testng.SuiteRunner.run(SuiteRunner.java:259)
	at org.testng.SuiteRunnerWorker.runSuite(SuiteRunnerWorker.java:52)
	at org.testng.SuiteRunnerWorker.run(SuiteRunnerWorker.java:86)
	at org.testng.TestNG.runSuitesSequentially(TestNG.java:1199)
	at org.testng.TestNG.runSuitesLocally(TestNG.java:1124)
	at org.testng.TestNG.run(TestNG.java:1032)
	at org.testng.remote.AbstractRemoteTestNG.run(AbstractRemoteTestNG.java:115)
	at org.testng.remote.RemoteTestNG.initAndRun(RemoteTestNG.java:251)
	at org.testng.remote.RemoteTestNG.main(RemoteTestNG.java:77)
]]>
            </full-stacktrace>
          </exception> <!-- java.lang.AssertionError -->
          <reporter-output>
          </reporter-output>
        </test-method> <!-- Verify_Criteo_SDK_inapp_v2_Call_size_parameter_with_daily_details_gampad_call -->
        <test-method status="FAIL" signature="Verify_Criteo_SDK_inapp_v2_Call_displayUrl_parameter_with_daily_details_gampad_call()[pri:0, instance:twc.Regression.TestCases.Criteo_Amazon_Testcases@5871a482]" name="Verify_Criteo_SDK_inapp_v2_Call_displayUrl_parameter_with_daily_details_gampad_call" duration-ms="156" started-at="2022-01-24T20:09:37Z" finished-at="2022-01-24T20:09:37Z">
          <exception class="java.lang.AssertionError">
            <message>
              <![CDATA[Ad Call :iu=%2F7646%2Fapp_android_us%2Fdb_display%2Fdetails%2F10day_ not found in charles session, hence Custom Parameter: displayurl validation failed]]>
            </message>
            <full-stacktrace>
              <![CDATA[java.lang.AssertionError: Ad Call :iu=%2F7646%2Fapp_android_us%2Fdb_display%2Fdetails%2F10day_ not found in charles session, hence Custom Parameter: displayurl validation failed
	at org.testng.Assert.fail(Assert.java:94)
	at twc.Regression.General.Functions.validate_Criteo_SDK_inapp_v2_call_param_value_with_gampad_param_value(Functions.java:7217)
	at twc.Regression.TestCases.Criteo_Amazon_Testcases.Verify_Criteo_SDK_inapp_v2_Call_displayUrl_parameter_with_daily_details_gampad_call(Criteo_Amazon_Testcases.java:954)
	at sun.reflect.NativeMethodAccessorImpl.invoke0(Native Method)
	at sun.reflect.NativeMethodAccessorImpl.invoke(NativeMethodAccessorImpl.java:62)
	at sun.reflect.DelegatingMethodAccessorImpl.invoke(DelegatingMethodAccessorImpl.java:43)
	at java.lang.reflect.Method.invoke(Method.java:498)
	at org.testng.internal.MethodInvocationHelper.invokeMethod(MethodInvocationHelper.java:85)
	at org.testng.internal.Invoker.invokeMethod(Invoker.java:659)
	at org.testng.internal.Invoker.invokeTestMethod(Invoker.java:845)
	at org.testng.internal.Invoker.invokeTestMethods(Invoker.java:1153)
	at org.testng.internal.TestMethodWorker.invokeTestMethods(TestMethodWorker.java:125)
	at org.testng.internal.TestMethodWorker.run(TestMethodWorker.java:108)
	at org.testng.TestRunner.privateRun(TestRunner.java:771)
	at org.testng.TestRunner.run(TestRunner.java:621)
	at org.testng.SuiteRunner.runTest(SuiteRunner.java:357)
	at org.testng.SuiteRunner.runSequentially(SuiteRunner.java:352)
	at org.testng.SuiteRunner.privateRun(SuiteRunner.java:310)
	at org.testng.SuiteRunner.run(SuiteRunner.java:259)
	at org.testng.SuiteRunnerWorker.runSuite(SuiteRunnerWorker.java:52)
	at org.testng.SuiteRunnerWorker.run(SuiteRunnerWorker.java:86)
	at org.testng.TestNG.runSuitesSequentially(TestNG.java:1199)
	at org.testng.TestNG.runSuitesLocally(TestNG.java:1124)
	at org.testng.TestNG.run(TestNG.java:1032)
	at org.testng.remote.AbstractRemoteTestNG.run(AbstractRemoteTestNG.java:115)
	at org.testng.remote.RemoteTestNG.initAndRun(RemoteTestNG.java:251)
	at org.testng.remote.RemoteTestNG.main(RemoteTestNG.java:77)
]]>
            </full-stacktrace>
          </exception> <!-- java.lang.AssertionError -->
          <reporter-output>
          </reporter-output>
        </test-method> <!-- Verify_Criteo_SDK_inapp_v2_Call_displayUrl_parameter_with_daily_details_gampad_call -->
        <test-method status="PASS" signature="Verify_Criteo_SDK_inapp_v2_Call_cpm_parameter_with_hourly_details_gampad_call()[pri:0, instance:twc.Regression.TestCases.Criteo_Amazon_Testcases@5871a482]" name="Verify_Criteo_SDK_inapp_v2_Call_cpm_parameter_with_hourly_details_gampad_call" duration-ms="144" started-at="2022-01-24T20:09:37Z" finished-at="2022-01-24T20:09:37Z">
          <reporter-output>
          </reporter-output>
        </test-method> <!-- Verify_Criteo_SDK_inapp_v2_Call_cpm_parameter_with_hourly_details_gampad_call -->
        <test-method status="PASS" signature="Verify_Criteo_SDK_inapp_v2_Call_size_parameter_with_hourly_details_gampad_call()[pri:0, instance:twc.Regression.TestCases.Criteo_Amazon_Testcases@5871a482]" name="Verify_Criteo_SDK_inapp_v2_Call_size_parameter_with_hourly_details_gampad_call" duration-ms="147" started-at="2022-01-24T20:09:37Z" finished-at="2022-01-24T20:09:37Z">
          <reporter-output>
          </reporter-output>
        </test-method> <!-- Verify_Criteo_SDK_inapp_v2_Call_size_parameter_with_hourly_details_gampad_call -->
        <test-method status="PASS" signature="Verify_Criteo_SDK_inapp_v2_Call_displayUrl_parameter_with_hourly_details_gampad_call()[pri:0, instance:twc.Regression.TestCases.Criteo_Amazon_Testcases@5871a482]" name="Verify_Criteo_SDK_inapp_v2_Call_displayUrl_parameter_with_hourly_details_gampad_call" duration-ms="147" started-at="2022-01-24T20:09:37Z" finished-at="2022-01-24T20:09:38Z">
          <reporter-output>
          </reporter-output>
        </test-method> <!-- Verify_Criteo_SDK_inapp_v2_Call_displayUrl_parameter_with_hourly_details_gampad_call -->
        <test-method status="PASS" signature="Verify_Criteo_SDK_inapp_v2_Call_cpm_parameter_with_hourly1_details_gampad_call()[pri:0, instance:twc.Regression.TestCases.Criteo_Amazon_Testcases@5871a482]" name="Verify_Criteo_SDK_inapp_v2_Call_cpm_parameter_with_hourly1_details_gampad_call" duration-ms="134" started-at="2022-01-24T20:09:38Z" finished-at="2022-01-24T20:09:38Z">
          <reporter-output>
          </reporter-output>
        </test-method> <!-- Verify_Criteo_SDK_inapp_v2_Call_cpm_parameter_with_hourly1_details_gampad_call -->
        <test-method status="PASS" signature="Verify_Criteo_SDK_inapp_v2_Call_size_parameter_with_hourly1_details_gampad_call()[pri:0, instance:twc.Regression.TestCases.Criteo_Amazon_Testcases@5871a482]" name="Verify_Criteo_SDK_inapp_v2_Call_size_parameter_with_hourly1_details_gampad_call" duration-ms="137" started-at="2022-01-24T20:09:38Z" finished-at="2022-01-24T20:09:38Z">
          <reporter-output>
          </reporter-output>
        </test-method> <!-- Verify_Criteo_SDK_inapp_v2_Call_size_parameter_with_hourly1_details_gampad_call -->
        <test-method status="PASS" signature="Verify_Criteo_SDK_inapp_v2_Call_displayUrl_parameter_with_hourly1_details_gampad_call()[pri:0, instance:twc.Regression.TestCases.Criteo_Amazon_Testcases@5871a482]" name="Verify_Criteo_SDK_inapp_v2_Call_displayUrl_parameter_with_hourly1_details_gampad_call" duration-ms="141" started-at="2022-01-24T20:09:38Z" finished-at="2022-01-24T20:09:38Z">
          <reporter-output>
          </reporter-output>
        </test-method> <!-- Verify_Criteo_SDK_inapp_v2_Call_displayUrl_parameter_with_hourly1_details_gampad_call -->
        <test-method status="PASS" signature="Verify_Criteo_SDK_inapp_v2_Call_cpm_parameter_with_hourly2_details_gampad_call()[pri:0, instance:twc.Regression.TestCases.Criteo_Amazon_Testcases@5871a482]" name="Verify_Criteo_SDK_inapp_v2_Call_cpm_parameter_with_hourly2_details_gampad_call" duration-ms="156" started-at="2022-01-24T20:09:38Z" finished-at="2022-01-24T20:09:38Z">
          <reporter-output>
          </reporter-output>
        </test-method> <!-- Verify_Criteo_SDK_inapp_v2_Call_cpm_parameter_with_hourly2_details_gampad_call -->
        <test-method status="PASS" signature="Verify_Criteo_SDK_inapp_v2_Call_size_parameter_with_hourly2_details_gampad_call()[pri:0, instance:twc.Regression.TestCases.Criteo_Amazon_Testcases@5871a482]" name="Verify_Criteo_SDK_inapp_v2_Call_size_parameter_with_hourly2_details_gampad_call" duration-ms="139" started-at="2022-01-24T20:09:38Z" finished-at="2022-01-24T20:09:38Z">
          <reporter-output>
          </reporter-output>
        </test-method> <!-- Verify_Criteo_SDK_inapp_v2_Call_size_parameter_with_hourly2_details_gampad_call -->
        <test-method status="PASS" signature="Verify_Criteo_SDK_inapp_v2_Call_displayUrl_parameter_with_hourly2_details_gampad_call()[pri:0, instance:twc.Regression.TestCases.Criteo_Amazon_Testcases@5871a482]" name="Verify_Criteo_SDK_inapp_v2_Call_displayUrl_parameter_with_hourly2_details_gampad_call" duration-ms="162" started-at="2022-01-24T20:09:38Z" finished-at="2022-01-24T20:09:38Z">
          <reporter-output>
          </reporter-output>
        </test-method> <!-- Verify_Criteo_SDK_inapp_v2_Call_displayUrl_parameter_with_hourly2_details_gampad_call -->
        <test-method status="PASS" signature="Verify_Criteo_SDK_inapp_v2_Call_cpm_parameter_with_hourly3_details_gampad_call()[pri:0, instance:twc.Regression.TestCases.Criteo_Amazon_Testcases@5871a482]" name="Verify_Criteo_SDK_inapp_v2_Call_cpm_parameter_with_hourly3_details_gampad_call" duration-ms="143" started-at="2022-01-24T20:09:38Z" finished-at="2022-01-24T20:09:39Z">
          <reporter-output>
          </reporter-output>
        </test-method> <!-- Verify_Criteo_SDK_inapp_v2_Call_cpm_parameter_with_hourly3_details_gampad_call -->
        <test-method status="PASS" signature="Verify_Criteo_SDK_inapp_v2_Call_size_parameter_with_hourly3_details_gampad_call()[pri:0, instance:twc.Regression.TestCases.Criteo_Amazon_Testcases@5871a482]" name="Verify_Criteo_SDK_inapp_v2_Call_size_parameter_with_hourly3_details_gampad_call" duration-ms="147" started-at="2022-01-24T20:09:39Z" finished-at="2022-01-24T20:09:39Z">
          <reporter-output>
          </reporter-output>
        </test-method> <!-- Verify_Criteo_SDK_inapp_v2_Call_size_parameter_with_hourly3_details_gampad_call -->
        <test-method status="PASS" signature="Verify_Criteo_SDK_inapp_v2_Call_displayUrl_parameter_with_hourly3_details_gampad_call()[pri:0, instance:twc.Regression.TestCases.Criteo_Amazon_Testcases@5871a482]" name="Verify_Criteo_SDK_inapp_v2_Call_displayUrl_parameter_with_hourly3_details_gampad_call" duration-ms="151" started-at="2022-01-24T20:09:39Z" finished-at="2022-01-24T20:09:39Z">
          <reporter-output>
          </reporter-output>
        </test-method> <!-- Verify_Criteo_SDK_inapp_v2_Call_displayUrl_parameter_with_hourly3_details_gampad_call -->
      </class> <!-- twc.Regression.TestCases.Criteo_Amazon_Testcases -->
    </test> <!-- Default test -->
  </suite> <!-- Default suite -->
</testng-results>
