<?xml version="1.0" encoding="UTF-8"?>
<!-- Generated by org.testng.reporters.JUnitReportReporter -->
<testsuite hostname="Aswinikumars-MacBook-Pro.local" name="twc.Regression.TestCases.regressionTestCases" tests="34" failures="12" timestamp="6 Jan 2022 15:25:26 GMT" time="25.360" errors="0">
  <testcase name="Verify_amazon_aax_preload_Hourly_details_adcall" time="0.358" classname="twc.Regression.TestCases.regressionTestCases"/>
  <testcase name="Verify_amazon_aaxSlot_feed1_adCall" time="0.329" classname="twc.Regression.TestCases.regressionTestCases"/>
  <testcase name="Smoke_Test_amazon_aax_Airquality_deatailcard" time="0.489" classname="twc.Regression.TestCases.regressionTestCases"/>
  <testcase name="Verify_amazon_aax_preload_Hourly3_details_adcall" time="0.341" classname="twc.Regression.TestCases.regressionTestCases"/>
  <testcase name="Verify_Hourly1_Details_ad_call_amazon_bid_id" time="1.073" classname="twc.Regression.TestCases.regressionTestCases">
    <failure type="java.lang.AssertionError" message="Ad Call :iu=%2F7646%2Fapp_android_us%2Fdb_display%2Fdetails%2Fhourly1 not found in charles session, hence Custom Parameter: amzn_b validation failed">
      <![CDATA[java.lang.AssertionError: Ad Call :iu=%2F7646%2Fapp_android_us%2Fdb_display%2Fdetails%2Fhourly1 not found in charles session, hence Custom Parameter: amzn_b validation failed
	at org.testng.Assert.fail(Assert.java:94)
	at twc.Regression.General.Functions.validate_aax_bid_value_with_gampad_bid_value(Functions.java:5531)
	at twc.Regression.TestCases.regressionTestCases.Verify_Hourly1_Details_ad_call_amazon_bid_id(regressionTestCases.java:394)
	at sun.reflect.NativeMethodAccessorImpl.invoke0(Native Method)
	at sun.reflect.NativeMethodAccessorImpl.invoke(NativeMethodAccessorImpl.java:62)
	at sun.reflect.DelegatingMethodAccessorImpl.invoke(DelegatingMethodAccessorImpl.java:43)
	at java.lang.reflect.Method.invoke(Method.java:498)
	at org.testng.internal.MethodInvocationHelper.invokeMethod(MethodInvocationHelper.java:85)
	at org.testng.internal.Invoker.invokeMethod(Invoker.java:659)
	at org.testng.internal.Invoker.invokeTestMethod(Invoker.java:845)
	at org.testng.internal.Invoker.invokeTestMethods(Invoker.java:1153)
	at org.testng.internal.TestMethodWorker.invokeTestMethods(TestMethodWorker.java:125)
	at org.testng.internal.TestMethodWorker.run(TestMethodWorker.java:108)
	at org.testng.TestRunner.privateRun(TestRunner.java:771)
	at org.testng.TestRunner.run(TestRunner.java:621)
	at org.testng.SuiteRunner.runTest(SuiteRunner.java:357)
	at org.testng.SuiteRunner.runSequentially(SuiteRunner.java:352)
	at org.testng.SuiteRunner.privateRun(SuiteRunner.java:310)
	at org.testng.SuiteRunner.run(SuiteRunner.java:259)
	at org.testng.SuiteRunnerWorker.runSuite(SuiteRunnerWorker.java:52)
	at org.testng.SuiteRunnerWorker.run(SuiteRunnerWorker.java:86)
	at org.testng.TestNG.runSuitesSequentially(TestNG.java:1199)
	at org.testng.TestNG.runSuitesLocally(TestNG.java:1124)
	at org.testng.TestNG.run(TestNG.java:1032)
	at org.testng.remote.AbstractRemoteTestNG.run(AbstractRemoteTestNG.java:115)
	at org.testng.remote.RemoteTestNG.initAndRun(RemoteTestNG.java:251)
	at org.testng.remote.RemoteTestNG.main(RemoteTestNG.java:77)
]]>
    </failure>
  </testcase> <!-- Verify_Hourly1_Details_ad_call_amazon_bid_id -->
  <testcase name="Verify_amazon_SlotId_Boat_Beach_Bigbanner_ad" time="0.359" classname="twc.Regression.TestCases.regressionTestCases"/>
  <testcase name="Verify_Feed3_ad_call_amazon_bid_id" time="1.009" classname="twc.Regression.TestCases.regressionTestCases">
    <failure type="java.lang.AssertionError" message="Ad Call :iu=%2F7646%2Fapp_android_us%2Fdb_display%2Ffeed%2Ffeed_3 not contains the Custom Parameter: amzn_b, hence Custom Parameter: amzn_b validation failed">
      <![CDATA[java.lang.AssertionError: Ad Call :iu=%2F7646%2Fapp_android_us%2Fdb_display%2Ffeed%2Ffeed_3 not contains the Custom Parameter: amzn_b, hence Custom Parameter: amzn_b validation failed
	at org.testng.Assert.fail(Assert.java:94)
	at twc.Regression.General.Functions.validate_aax_bid_value_with_gampad_bid_value(Functions.java:5538)
	at twc.Regression.TestCases.regressionTestCases.Verify_Feed3_ad_call_amazon_bid_id(regressionTestCases.java:294)
	at sun.reflect.NativeMethodAccessorImpl.invoke0(Native Method)
	at sun.reflect.NativeMethodAccessorImpl.invoke(NativeMethodAccessorImpl.java:62)
	at sun.reflect.DelegatingMethodAccessorImpl.invoke(DelegatingMethodAccessorImpl.java:43)
	at java.lang.reflect.Method.invoke(Method.java:498)
	at org.testng.internal.MethodInvocationHelper.invokeMethod(MethodInvocationHelper.java:85)
	at org.testng.internal.Invoker.invokeMethod(Invoker.java:659)
	at org.testng.internal.Invoker.invokeTestMethod(Invoker.java:845)
	at org.testng.internal.Invoker.invokeTestMethods(Invoker.java:1153)
	at org.testng.internal.TestMethodWorker.invokeTestMethods(TestMethodWorker.java:125)
	at org.testng.internal.TestMethodWorker.run(TestMethodWorker.java:108)
	at org.testng.TestRunner.privateRun(TestRunner.java:771)
	at org.testng.TestRunner.run(TestRunner.java:621)
	at org.testng.SuiteRunner.runTest(SuiteRunner.java:357)
	at org.testng.SuiteRunner.runSequentially(SuiteRunner.java:352)
	at org.testng.SuiteRunner.privateRun(SuiteRunner.java:310)
	at org.testng.SuiteRunner.run(SuiteRunner.java:259)
	at org.testng.SuiteRunnerWorker.runSuite(SuiteRunnerWorker.java:52)
	at org.testng.SuiteRunnerWorker.run(SuiteRunnerWorker.java:86)
	at org.testng.TestNG.runSuitesSequentially(TestNG.java:1199)
	at org.testng.TestNG.runSuitesLocally(TestNG.java:1124)
	at org.testng.TestNG.run(TestNG.java:1032)
	at org.testng.remote.AbstractRemoteTestNG.run(AbstractRemoteTestNG.java:115)
	at org.testng.remote.RemoteTestNG.initAndRun(RemoteTestNG.java:251)
	at org.testng.remote.RemoteTestNG.main(RemoteTestNG.java:77)
]]>
    </failure>
  </testcase> <!-- Verify_Feed3_ad_call_amazon_bid_id -->
  <testcase name="Verifying_amazon_slotId_for_AlertsCenter" time="0.610" classname="twc.Regression.TestCases.regressionTestCases"/>
  <testcase name="Verify_amazon_aax_preload_Hourly1_details_adcall" time="0.330" classname="twc.Regression.TestCases.regressionTestCases"/>
  <testcase name="Verify_Feed4_ad_call_amazon_bid_id" time="1.101" classname="twc.Regression.TestCases.regressionTestCases">
    <failure type="java.lang.AssertionError" message="Ad Call :iu=%2F7646%2Fapp_android_us%2Fdb_display%2Ffeed%2Ffeed_4 not contains the Custom Parameter: amzn_b, hence Custom Parameter: amzn_b validation failed">
      <![CDATA[java.lang.AssertionError: Ad Call :iu=%2F7646%2Fapp_android_us%2Fdb_display%2Ffeed%2Ffeed_4 not contains the Custom Parameter: amzn_b, hence Custom Parameter: amzn_b validation failed
	at org.testng.Assert.fail(Assert.java:94)
	at twc.Regression.General.Functions.validate_aax_bid_value_with_gampad_bid_value(Functions.java:5538)
	at twc.Regression.TestCases.regressionTestCases.Verify_Feed4_ad_call_amazon_bid_id(regressionTestCases.java:305)
	at sun.reflect.NativeMethodAccessorImpl.invoke0(Native Method)
	at sun.reflect.NativeMethodAccessorImpl.invoke(NativeMethodAccessorImpl.java:62)
	at sun.reflect.DelegatingMethodAccessorImpl.invoke(DelegatingMethodAccessorImpl.java:43)
	at java.lang.reflect.Method.invoke(Method.java:498)
	at org.testng.internal.MethodInvocationHelper.invokeMethod(MethodInvocationHelper.java:85)
	at org.testng.internal.Invoker.invokeMethod(Invoker.java:659)
	at org.testng.internal.Invoker.invokeTestMethod(Invoker.java:845)
	at org.testng.internal.Invoker.invokeTestMethods(Invoker.java:1153)
	at org.testng.internal.TestMethodWorker.invokeTestMethods(TestMethodWorker.java:125)
	at org.testng.internal.TestMethodWorker.run(TestMethodWorker.java:108)
	at org.testng.TestRunner.privateRun(TestRunner.java:771)
	at org.testng.TestRunner.run(TestRunner.java:621)
	at org.testng.SuiteRunner.runTest(SuiteRunner.java:357)
	at org.testng.SuiteRunner.runSequentially(SuiteRunner.java:352)
	at org.testng.SuiteRunner.privateRun(SuiteRunner.java:310)
	at org.testng.SuiteRunner.run(SuiteRunner.java:259)
	at org.testng.SuiteRunnerWorker.runSuite(SuiteRunnerWorker.java:52)
	at org.testng.SuiteRunnerWorker.run(SuiteRunnerWorker.java:86)
	at org.testng.TestNG.runSuitesSequentially(TestNG.java:1199)
	at org.testng.TestNG.runSuitesLocally(TestNG.java:1124)
	at org.testng.TestNG.run(TestNG.java:1032)
	at org.testng.remote.AbstractRemoteTestNG.run(AbstractRemoteTestNG.java:115)
	at org.testng.remote.RemoteTestNG.initAndRun(RemoteTestNG.java:251)
	at org.testng.remote.RemoteTestNG.main(RemoteTestNG.java:77)
]]>
    </failure>
  </testcase> <!-- Verify_Feed4_ad_call_amazon_bid_id -->
  <testcase name="Verify_Health_Running_Details_ad_call_amazon_bid_id" time="0.856" classname="twc.Regression.TestCases.regressionTestCases">
    <failure type="java.lang.AssertionError" message="Ad Call :iu=%2F7646%2Fapp_android_us%2Fdb_display%2Fcontent%2Frunning not contains the Custom Parameter: amzn_b, hence Custom Parameter: amzn_b validation failed">
      <![CDATA[java.lang.AssertionError: Ad Call :iu=%2F7646%2Fapp_android_us%2Fdb_display%2Fcontent%2Frunning not contains the Custom Parameter: amzn_b, hence Custom Parameter: amzn_b validation failed
	at org.testng.Assert.fail(Assert.java:94)
	at twc.Regression.General.Functions.validate_aax_bid_value_with_gampad_bid_value(Functions.java:5538)
	at twc.Regression.TestCases.regressionTestCases.Verify_Health_Running_Details_ad_call_amazon_bid_id(regressionTestCases.java:372)
	at sun.reflect.NativeMethodAccessorImpl.invoke0(Native Method)
	at sun.reflect.NativeMethodAccessorImpl.invoke(NativeMethodAccessorImpl.java:62)
	at sun.reflect.DelegatingMethodAccessorImpl.invoke(DelegatingMethodAccessorImpl.java:43)
	at java.lang.reflect.Method.invoke(Method.java:498)
	at org.testng.internal.MethodInvocationHelper.invokeMethod(MethodInvocationHelper.java:85)
	at org.testng.internal.Invoker.invokeMethod(Invoker.java:659)
	at org.testng.internal.Invoker.invokeTestMethod(Invoker.java:845)
	at org.testng.internal.Invoker.invokeTestMethods(Invoker.java:1153)
	at org.testng.internal.TestMethodWorker.invokeTestMethods(TestMethodWorker.java:125)
	at org.testng.internal.TestMethodWorker.run(TestMethodWorker.java:108)
	at org.testng.TestRunner.privateRun(TestRunner.java:771)
	at org.testng.TestRunner.run(TestRunner.java:621)
	at org.testng.SuiteRunner.runTest(SuiteRunner.java:357)
	at org.testng.SuiteRunner.runSequentially(SuiteRunner.java:352)
	at org.testng.SuiteRunner.privateRun(SuiteRunner.java:310)
	at org.testng.SuiteRunner.run(SuiteRunner.java:259)
	at org.testng.SuiteRunnerWorker.runSuite(SuiteRunnerWorker.java:52)
	at org.testng.SuiteRunnerWorker.run(SuiteRunnerWorker.java:86)
	at org.testng.TestNG.runSuitesSequentially(TestNG.java:1199)
	at org.testng.TestNG.runSuitesLocally(TestNG.java:1124)
	at org.testng.TestNG.run(TestNG.java:1032)
	at org.testng.remote.AbstractRemoteTestNG.run(AbstractRemoteTestNG.java:115)
	at org.testng.remote.RemoteTestNG.initAndRun(RemoteTestNG.java:251)
	at org.testng.remote.RemoteTestNG.main(RemoteTestNG.java:77)
]]>
    </failure>
  </testcase> <!-- Verify_Health_Running_Details_ad_call_amazon_bid_id -->
  <testcase name="Smoke_Test_amazon_aax_today_deatailcard" time="0.370" classname="twc.Regression.TestCases.regressionTestCases"/>
  <testcase name="Verify_Daily_Details_ad_call_amazon_bid_id" time="0.967" classname="twc.Regression.TestCases.regressionTestCases">
    <failure type="java.lang.AssertionError" message="Ad Call :iu=%2F7646%2Fapp_android_us%2Fdb_display%2Fdetails%2F10day_ not found in charles session, hence Custom Parameter: amzn_b validation failed">
      <![CDATA[java.lang.AssertionError: Ad Call :iu=%2F7646%2Fapp_android_us%2Fdb_display%2Fdetails%2F10day_ not found in charles session, hence Custom Parameter: amzn_b validation failed
	at org.testng.Assert.fail(Assert.java:94)
	at twc.Regression.General.Functions.validate_aax_bid_value_with_gampad_bid_value(Functions.java:5531)
	at twc.Regression.TestCases.regressionTestCases.Verify_Daily_Details_ad_call_amazon_bid_id(regressionTestCases.java:429)
	at sun.reflect.NativeMethodAccessorImpl.invoke0(Native Method)
	at sun.reflect.NativeMethodAccessorImpl.invoke(NativeMethodAccessorImpl.java:62)
	at sun.reflect.DelegatingMethodAccessorImpl.invoke(DelegatingMethodAccessorImpl.java:43)
	at java.lang.reflect.Method.invoke(Method.java:498)
	at org.testng.internal.MethodInvocationHelper.invokeMethod(MethodInvocationHelper.java:85)
	at org.testng.internal.Invoker.invokeMethod(Invoker.java:659)
	at org.testng.internal.Invoker.invokeTestMethod(Invoker.java:845)
	at org.testng.internal.Invoker.invokeTestMethods(Invoker.java:1153)
	at org.testng.internal.TestMethodWorker.invokeTestMethods(TestMethodWorker.java:125)
	at org.testng.internal.TestMethodWorker.run(TestMethodWorker.java:108)
	at org.testng.TestRunner.privateRun(TestRunner.java:771)
	at org.testng.TestRunner.run(TestRunner.java:621)
	at org.testng.SuiteRunner.runTest(SuiteRunner.java:357)
	at org.testng.SuiteRunner.runSequentially(SuiteRunner.java:352)
	at org.testng.SuiteRunner.privateRun(SuiteRunner.java:310)
	at org.testng.SuiteRunner.run(SuiteRunner.java:259)
	at org.testng.SuiteRunnerWorker.runSuite(SuiteRunnerWorker.java:52)
	at org.testng.SuiteRunnerWorker.run(SuiteRunnerWorker.java:86)
	at org.testng.TestNG.runSuitesSequentially(TestNG.java:1199)
	at org.testng.TestNG.runSuitesLocally(TestNG.java:1124)
	at org.testng.TestNG.run(TestNG.java:1032)
	at org.testng.remote.AbstractRemoteTestNG.run(AbstractRemoteTestNG.java:115)
	at org.testng.remote.RemoteTestNG.initAndRun(RemoteTestNG.java:251)
	at org.testng.remote.RemoteTestNG.main(RemoteTestNG.java:77)
]]>
    </failure>
  </testcase> <!-- Verify_Daily_Details_ad_call_amazon_bid_id -->
  <testcase name="Verify_amazon_aax_SeasonalHub_details_adcall" time="1.176" classname="twc.Regression.TestCases.regressionTestCases">
    <failure type="java.lang.AssertionError" message="Ad Call :iu=%2F7646%2Fapp_android_us%2Fdb_display%2Fdetails%2Fseason not contains the Custom Parameter: amzn_b, hence Custom Parameter: amzn_b validation failed">
      <![CDATA[java.lang.AssertionError: Ad Call :iu=%2F7646%2Fapp_android_us%2Fdb_display%2Fdetails%2Fseason not contains the Custom Parameter: amzn_b, hence Custom Parameter: amzn_b validation failed
	at org.testng.Assert.fail(Assert.java:94)
	at twc.Regression.General.Functions.validate_aax_bid_value_with_gampad_bid_value(Functions.java:5538)
	at twc.Regression.TestCases.regressionTestCases.Verify_amazon_aax_SeasonalHub_details_adcall(regressionTestCases.java:383)
	at sun.reflect.NativeMethodAccessorImpl.invoke0(Native Method)
	at sun.reflect.NativeMethodAccessorImpl.invoke(NativeMethodAccessorImpl.java:62)
	at sun.reflect.DelegatingMethodAccessorImpl.invoke(DelegatingMethodAccessorImpl.java:43)
	at java.lang.reflect.Method.invoke(Method.java:498)
	at org.testng.internal.MethodInvocationHelper.invokeMethod(MethodInvocationHelper.java:85)
	at org.testng.internal.Invoker.invokeMethod(Invoker.java:659)
	at org.testng.internal.Invoker.invokeTestMethod(Invoker.java:845)
	at org.testng.internal.Invoker.invokeTestMethods(Invoker.java:1153)
	at org.testng.internal.TestMethodWorker.invokeTestMethods(TestMethodWorker.java:125)
	at org.testng.internal.TestMethodWorker.run(TestMethodWorker.java:108)
	at org.testng.TestRunner.privateRun(TestRunner.java:771)
	at org.testng.TestRunner.run(TestRunner.java:621)
	at org.testng.SuiteRunner.runTest(SuiteRunner.java:357)
	at org.testng.SuiteRunner.runSequentially(SuiteRunner.java:352)
	at org.testng.SuiteRunner.privateRun(SuiteRunner.java:310)
	at org.testng.SuiteRunner.run(SuiteRunner.java:259)
	at org.testng.SuiteRunnerWorker.runSuite(SuiteRunnerWorker.java:52)
	at org.testng.SuiteRunnerWorker.run(SuiteRunnerWorker.java:86)
	at org.testng.TestNG.runSuitesSequentially(TestNG.java:1199)
	at org.testng.TestNG.runSuitesLocally(TestNG.java:1124)
	at org.testng.TestNG.run(TestNG.java:1032)
	at org.testng.remote.AbstractRemoteTestNG.run(AbstractRemoteTestNG.java:115)
	at org.testng.remote.RemoteTestNG.initAndRun(RemoteTestNG.java:251)
	at org.testng.remote.RemoteTestNG.main(RemoteTestNG.java:77)
]]>
    </failure>
  </testcase> <!-- Verify_amazon_aax_SeasonalHub_details_adcall -->
  <testcase name="Verify_amazon_aaxSlot_feed4_adcall" time="0.376" classname="twc.Regression.TestCases.regressionTestCases"/>
  <testcase name="Smoke_Test_Verify_amazon_SlotId_Running_Bigbanner_ad" time="0.714" classname="twc.Regression.TestCases.regressionTestCases"/>
  <testcase name="Verify_amazon_aax_mapsdetails_adcall" time="0.727" classname="twc.Regression.TestCases.regressionTestCases"/>
  <testcase name="Verify_Hourly3_Details_ad_call_amazon_bid_id" time="0.886" classname="twc.Regression.TestCases.regressionTestCases">
    <failure type="java.lang.AssertionError" message="Ad Call :iu=%2F7646%2Fapp_android_us%2Fdb_display%2Fdetails%2Fhourly3 not found in charles session, hence Custom Parameter: amzn_b validation failed">
      <![CDATA[java.lang.AssertionError: Ad Call :iu=%2F7646%2Fapp_android_us%2Fdb_display%2Fdetails%2Fhourly3 not found in charles session, hence Custom Parameter: amzn_b validation failed
	at org.testng.Assert.fail(Assert.java:94)
	at twc.Regression.General.Functions.validate_aax_bid_value_with_gampad_bid_value(Functions.java:5531)
	at twc.Regression.TestCases.regressionTestCases.Verify_Hourly3_Details_ad_call_amazon_bid_id(regressionTestCases.java:417)
	at sun.reflect.NativeMethodAccessorImpl.invoke0(Native Method)
	at sun.reflect.NativeMethodAccessorImpl.invoke(NativeMethodAccessorImpl.java:62)
	at sun.reflect.DelegatingMethodAccessorImpl.invoke(DelegatingMethodAccessorImpl.java:43)
	at java.lang.reflect.Method.invoke(Method.java:498)
	at org.testng.internal.MethodInvocationHelper.invokeMethod(MethodInvocationHelper.java:85)
	at org.testng.internal.Invoker.invokeMethod(Invoker.java:659)
	at org.testng.internal.Invoker.invokeTestMethod(Invoker.java:845)
	at org.testng.internal.Invoker.invokeTestMethods(Invoker.java:1153)
	at org.testng.internal.TestMethodWorker.invokeTestMethods(TestMethodWorker.java:125)
	at org.testng.internal.TestMethodWorker.run(TestMethodWorker.java:108)
	at org.testng.TestRunner.privateRun(TestRunner.java:771)
	at org.testng.TestRunner.run(TestRunner.java:621)
	at org.testng.SuiteRunner.runTest(SuiteRunner.java:357)
	at org.testng.SuiteRunner.runSequentially(SuiteRunner.java:352)
	at org.testng.SuiteRunner.privateRun(SuiteRunner.java:310)
	at org.testng.SuiteRunner.run(SuiteRunner.java:259)
	at org.testng.SuiteRunnerWorker.runSuite(SuiteRunnerWorker.java:52)
	at org.testng.SuiteRunnerWorker.run(SuiteRunnerWorker.java:86)
	at org.testng.TestNG.runSuitesSequentially(TestNG.java:1199)
	at org.testng.TestNG.runSuitesLocally(TestNG.java:1124)
	at org.testng.TestNG.run(TestNG.java:1032)
	at org.testng.remote.AbstractRemoteTestNG.run(AbstractRemoteTestNG.java:115)
	at org.testng.remote.RemoteTestNG.initAndRun(RemoteTestNG.java:251)
	at org.testng.remote.RemoteTestNG.main(RemoteTestNG.java:77)
]]>
    </failure>
  </testcase> <!-- Verify_Hourly3_Details_ad_call_amazon_bid_id -->
  <testcase name="Verify_amazon_aaxSlot_feed2_adcall" time="0.329" classname="twc.Regression.TestCases.regressionTestCases"/>
  <testcase name="Verify_AlertCenter_ad_call_amazon_bid_id" time="0.845" classname="twc.Regression.TestCases.regressionTestCases"/>
  <testcase name="Verify_Feed5_ad_call_amazon_bid_id" time="0.887" classname="twc.Regression.TestCases.regressionTestCases">
    <failure type="java.lang.AssertionError" message="Ad Call :iu=%2F7646%2Fapp_android_us%2Fdb_display%2Ffeed%2Ffeed_5 not contains the Custom Parameter: amzn_b, hence Custom Parameter: amzn_b validation failed">
      <![CDATA[java.lang.AssertionError: Ad Call :iu=%2F7646%2Fapp_android_us%2Fdb_display%2Ffeed%2Ffeed_5 not contains the Custom Parameter: amzn_b, hence Custom Parameter: amzn_b validation failed
	at org.testng.Assert.fail(Assert.java:94)
	at twc.Regression.General.Functions.validate_aax_bid_value_with_gampad_bid_value(Functions.java:5538)
	at twc.Regression.TestCases.regressionTestCases.Verify_Feed5_ad_call_amazon_bid_id(regressionTestCases.java:316)
	at sun.reflect.NativeMethodAccessorImpl.invoke0(Native Method)
	at sun.reflect.NativeMethodAccessorImpl.invoke(NativeMethodAccessorImpl.java:62)
	at sun.reflect.DelegatingMethodAccessorImpl.invoke(DelegatingMethodAccessorImpl.java:43)
	at java.lang.reflect.Method.invoke(Method.java:498)
	at org.testng.internal.MethodInvocationHelper.invokeMethod(MethodInvocationHelper.java:85)
	at org.testng.internal.Invoker.invokeMethod(Invoker.java:659)
	at org.testng.internal.Invoker.invokeTestMethod(Invoker.java:845)
	at org.testng.internal.Invoker.invokeTestMethods(Invoker.java:1153)
	at org.testng.internal.TestMethodWorker.invokeTestMethods(TestMethodWorker.java:125)
	at org.testng.internal.TestMethodWorker.run(TestMethodWorker.java:108)
	at org.testng.TestRunner.privateRun(TestRunner.java:771)
	at org.testng.TestRunner.run(TestRunner.java:621)
	at org.testng.SuiteRunner.runTest(SuiteRunner.java:357)
	at org.testng.SuiteRunner.runSequentially(SuiteRunner.java:352)
	at org.testng.SuiteRunner.privateRun(SuiteRunner.java:310)
	at org.testng.SuiteRunner.run(SuiteRunner.java:259)
	at org.testng.SuiteRunnerWorker.runSuite(SuiteRunnerWorker.java:52)
	at org.testng.SuiteRunnerWorker.run(SuiteRunnerWorker.java:86)
	at org.testng.TestNG.runSuitesSequentially(TestNG.java:1199)
	at org.testng.TestNG.runSuitesLocally(TestNG.java:1124)
	at org.testng.TestNG.run(TestNG.java:1032)
	at org.testng.remote.AbstractRemoteTestNG.run(AbstractRemoteTestNG.java:115)
	at org.testng.remote.RemoteTestNG.initAndRun(RemoteTestNG.java:251)
	at org.testng.remote.RemoteTestNG.main(RemoteTestNG.java:77)
]]>
    </failure>
  </testcase> <!-- Verify_Feed5_ad_call_amazon_bid_id -->
  <testcase name="Verify_Health_BoatAndBeach_Details_ad_call_amazon_bid_id" time="0.909" classname="twc.Regression.TestCases.regressionTestCases">
    <failure type="java.lang.AssertionError" message="Ad Call :iu=%2F7646%2Fapp_android_us%2Fdb_display%2Fcontent%2Fboat_beach not contains the Custom Parameter: amzn_b, hence Custom Parameter: amzn_b validation failed">
      <![CDATA[java.lang.AssertionError: Ad Call :iu=%2F7646%2Fapp_android_us%2Fdb_display%2Fcontent%2Fboat_beach not contains the Custom Parameter: amzn_b, hence Custom Parameter: amzn_b validation failed
	at org.testng.Assert.fail(Assert.java:94)
	at twc.Regression.General.Functions.validate_aax_bid_value_with_gampad_bid_value(Functions.java:5538)
	at twc.Regression.TestCases.regressionTestCases.Verify_Health_BoatAndBeach_Details_ad_call_amazon_bid_id(regressionTestCases.java:360)
	at sun.reflect.NativeMethodAccessorImpl.invoke0(Native Method)
	at sun.reflect.NativeMethodAccessorImpl.invoke(NativeMethodAccessorImpl.java:62)
	at sun.reflect.DelegatingMethodAccessorImpl.invoke(DelegatingMethodAccessorImpl.java:43)
	at java.lang.reflect.Method.invoke(Method.java:498)
	at org.testng.internal.MethodInvocationHelper.invokeMethod(MethodInvocationHelper.java:85)
	at org.testng.internal.Invoker.invokeMethod(Invoker.java:659)
	at org.testng.internal.Invoker.invokeTestMethod(Invoker.java:845)
	at org.testng.internal.Invoker.invokeTestMethods(Invoker.java:1153)
	at org.testng.internal.TestMethodWorker.invokeTestMethods(TestMethodWorker.java:125)
	at org.testng.internal.TestMethodWorker.run(TestMethodWorker.java:108)
	at org.testng.TestRunner.privateRun(TestRunner.java:771)
	at org.testng.TestRunner.run(TestRunner.java:621)
	at org.testng.SuiteRunner.runTest(SuiteRunner.java:357)
	at org.testng.SuiteRunner.runSequentially(SuiteRunner.java:352)
	at org.testng.SuiteRunner.privateRun(SuiteRunner.java:310)
	at org.testng.SuiteRunner.run(SuiteRunner.java:259)
	at org.testng.SuiteRunnerWorker.runSuite(SuiteRunnerWorker.java:52)
	at org.testng.SuiteRunnerWorker.run(SuiteRunnerWorker.java:86)
	at org.testng.TestNG.runSuitesSequentially(TestNG.java:1199)
	at org.testng.TestNG.runSuitesLocally(TestNG.java:1124)
	at org.testng.TestNG.run(TestNG.java:1032)
	at org.testng.remote.AbstractRemoteTestNG.run(AbstractRemoteTestNG.java:115)
	at org.testng.remote.RemoteTestNG.initAndRun(RemoteTestNG.java:251)
	at org.testng.remote.RemoteTestNG.main(RemoteTestNG.java:77)
]]>
    </failure>
  </testcase> <!-- Verify_Health_BoatAndBeach_Details_ad_call_amazon_bid_id -->
  <testcase name="Verify_Today_Details_ad_call_amazon_bid_id" time="0.896" classname="twc.Regression.TestCases.regressionTestCases">
    <failure type="java.lang.AssertionError" message="Ad Call :iu=%2F7646%2Fapp_android_us%2Fdb_display%2Fdetails%2Ftoday not contains the Custom Parameter: amzn_b, hence Custom Parameter: amzn_b validation failed">
      <![CDATA[java.lang.AssertionError: Ad Call :iu=%2F7646%2Fapp_android_us%2Fdb_display%2Fdetails%2Ftoday not contains the Custom Parameter: amzn_b, hence Custom Parameter: amzn_b validation failed
	at org.testng.Assert.fail(Assert.java:94)
	at twc.Regression.General.Functions.validate_aax_bid_value_with_gampad_bid_value(Functions.java:5538)
	at twc.Regression.TestCases.regressionTestCases.Verify_Today_Details_ad_call_amazon_bid_id(regressionTestCases.java:338)
	at sun.reflect.NativeMethodAccessorImpl.invoke0(Native Method)
	at sun.reflect.NativeMethodAccessorImpl.invoke(NativeMethodAccessorImpl.java:62)
	at sun.reflect.DelegatingMethodAccessorImpl.invoke(DelegatingMethodAccessorImpl.java:43)
	at java.lang.reflect.Method.invoke(Method.java:498)
	at org.testng.internal.MethodInvocationHelper.invokeMethod(MethodInvocationHelper.java:85)
	at org.testng.internal.Invoker.invokeMethod(Invoker.java:659)
	at org.testng.internal.Invoker.invokeTestMethod(Invoker.java:845)
	at org.testng.internal.Invoker.invokeTestMethods(Invoker.java:1153)
	at org.testng.internal.TestMethodWorker.invokeTestMethods(TestMethodWorker.java:125)
	at org.testng.internal.TestMethodWorker.run(TestMethodWorker.java:108)
	at org.testng.TestRunner.privateRun(TestRunner.java:771)
	at org.testng.TestRunner.run(TestRunner.java:621)
	at org.testng.SuiteRunner.runTest(SuiteRunner.java:357)
	at org.testng.SuiteRunner.runSequentially(SuiteRunner.java:352)
	at org.testng.SuiteRunner.privateRun(SuiteRunner.java:310)
	at org.testng.SuiteRunner.run(SuiteRunner.java:259)
	at org.testng.SuiteRunnerWorker.runSuite(SuiteRunnerWorker.java:52)
	at org.testng.SuiteRunnerWorker.run(SuiteRunnerWorker.java:86)
	at org.testng.TestNG.runSuitesSequentially(TestNG.java:1199)
	at org.testng.TestNG.runSuitesLocally(TestNG.java:1124)
	at org.testng.TestNG.run(TestNG.java:1032)
	at org.testng.remote.AbstractRemoteTestNG.run(AbstractRemoteTestNG.java:115)
	at org.testng.remote.RemoteTestNG.initAndRun(RemoteTestNG.java:251)
	at org.testng.remote.RemoteTestNG.main(RemoteTestNG.java:77)
]]>
    </failure>
  </testcase> <!-- Verify_Today_Details_ad_call_amazon_bid_id -->
  <testcase name="Validate_Amazon_SDK_adsdk_parameter" time="3.277" classname="twc.Regression.TestCases.regressionTestCases"/>
  <testcase name="Verify_Map_Details_ad_call_amazon_bid_id" time="0.880" classname="twc.Regression.TestCases.regressionTestCases"/>
  <testcase name="Verify_Feed1_ad_call_amazon_bid_id" time="0.856" classname="twc.Regression.TestCases.regressionTestCases"/>
  <testcase name="Smoke_Test_amazon_aax_Daily_details_Day1_adcall" time="0.336" classname="twc.Regression.TestCases.regressionTestCases"/>
  <testcase name="Verify_AQ_Details_ad_call_amazon_bid_id" time="0.842" classname="twc.Regression.TestCases.regressionTestCases">
    <failure type="java.lang.AssertionError" message="Ad Call :iu=%2F7646%2Fapp_android_us%2Fdb_display%2Fcontent%2Faq not contains the Custom Parameter: amzn_b, hence Custom Parameter: amzn_b validation failed">
      <![CDATA[java.lang.AssertionError: Ad Call :iu=%2F7646%2Fapp_android_us%2Fdb_display%2Fcontent%2Faq not contains the Custom Parameter: amzn_b, hence Custom Parameter: amzn_b validation failed
	at org.testng.Assert.fail(Assert.java:94)
	at twc.Regression.General.Functions.validate_aax_bid_value_with_gampad_bid_value(Functions.java:5538)
	at twc.Regression.TestCases.regressionTestCases.Verify_AQ_Details_ad_call_amazon_bid_id(regressionTestCases.java:348)
	at sun.reflect.NativeMethodAccessorImpl.invoke0(Native Method)
	at sun.reflect.NativeMethodAccessorImpl.invoke(NativeMethodAccessorImpl.java:62)
	at sun.reflect.DelegatingMethodAccessorImpl.invoke(DelegatingMethodAccessorImpl.java:43)
	at java.lang.reflect.Method.invoke(Method.java:498)
	at org.testng.internal.MethodInvocationHelper.invokeMethod(MethodInvocationHelper.java:85)
	at org.testng.internal.Invoker.invokeMethod(Invoker.java:659)
	at org.testng.internal.Invoker.invokeTestMethod(Invoker.java:845)
	at org.testng.internal.Invoker.invokeTestMethods(Invoker.java:1153)
	at org.testng.internal.TestMethodWorker.invokeTestMethods(TestMethodWorker.java:125)
	at org.testng.internal.TestMethodWorker.run(TestMethodWorker.java:108)
	at org.testng.TestRunner.privateRun(TestRunner.java:771)
	at org.testng.TestRunner.run(TestRunner.java:621)
	at org.testng.SuiteRunner.runTest(SuiteRunner.java:357)
	at org.testng.SuiteRunner.runSequentially(SuiteRunner.java:352)
	at org.testng.SuiteRunner.privateRun(SuiteRunner.java:310)
	at org.testng.SuiteRunner.run(SuiteRunner.java:259)
	at org.testng.SuiteRunnerWorker.runSuite(SuiteRunnerWorker.java:52)
	at org.testng.SuiteRunnerWorker.run(SuiteRunnerWorker.java:86)
	at org.testng.TestNG.runSuitesSequentially(TestNG.java:1199)
	at org.testng.TestNG.runSuitesLocally(TestNG.java:1124)
	at org.testng.TestNG.run(TestNG.java:1032)
	at org.testng.remote.AbstractRemoteTestNG.run(AbstractRemoteTestNG.java:115)
	at org.testng.remote.RemoteTestNG.initAndRun(RemoteTestNG.java:251)
	at org.testng.remote.RemoteTestNG.main(RemoteTestNG.java:77)
]]>
    </failure>
  </testcase> <!-- Verify_AQ_Details_ad_call_amazon_bid_id -->
  <testcase name="Verify_amazon_aaxSlot_feed5_adcall" time="0.373" classname="twc.Regression.TestCases.regressionTestCases"/>
  <testcase name="Verify_amazon_SlotId_outdoor_details" time="0.365" classname="twc.Regression.TestCases.regressionTestCases"/>
  <testcase name="Verify_amazon_aax_preload_Hourly2_details_adcall" time="0.317" classname="twc.Regression.TestCases.regressionTestCases"/>
  <testcase name="Smoke_Test_amazon_aaxSlot_feed3_adcall" time="0.451" classname="twc.Regression.TestCases.regressionTestCases"/>
  <testcase name="Verify_Feed2_ad_call_amazon_bid_id" time="0.889" classname="twc.Regression.TestCases.regressionTestCases"/>
  <testcase name="Verify_Hourly2_Details_ad_call_amazon_bid_id" time="0.837" classname="twc.Regression.TestCases.regressionTestCases">
    <failure type="java.lang.AssertionError" message="Ad Call :iu=%2F7646%2Fapp_android_us%2Fdb_display%2Fdetails%2Fhourly2 not found in charles session, hence Custom Parameter: amzn_b validation failed">
      <![CDATA[java.lang.AssertionError: Ad Call :iu=%2F7646%2Fapp_android_us%2Fdb_display%2Fdetails%2Fhourly2 not found in charles session, hence Custom Parameter: amzn_b validation failed
	at org.testng.Assert.fail(Assert.java:94)
	at twc.Regression.General.Functions.validate_aax_bid_value_with_gampad_bid_value(Functions.java:5531)
	at twc.Regression.TestCases.regressionTestCases.Verify_Hourly2_Details_ad_call_amazon_bid_id(regressionTestCases.java:406)
	at sun.reflect.NativeMethodAccessorImpl.invoke0(Native Method)
	at sun.reflect.NativeMethodAccessorImpl.invoke(NativeMethodAccessorImpl.java:62)
	at sun.reflect.DelegatingMethodAccessorImpl.invoke(DelegatingMethodAccessorImpl.java:43)
	at java.lang.reflect.Method.invoke(Method.java:498)
	at org.testng.internal.MethodInvocationHelper.invokeMethod(MethodInvocationHelper.java:85)
	at org.testng.internal.Invoker.invokeMethod(Invoker.java:659)
	at org.testng.internal.Invoker.invokeTestMethod(Invoker.java:845)
	at org.testng.internal.Invoker.invokeTestMethods(Invoker.java:1153)
	at org.testng.internal.TestMethodWorker.invokeTestMethods(TestMethodWorker.java:125)
	at org.testng.internal.TestMethodWorker.run(TestMethodWorker.java:108)
	at org.testng.TestRunner.privateRun(TestRunner.java:771)
	at org.testng.TestRunner.run(TestRunner.java:621)
	at org.testng.SuiteRunner.runTest(SuiteRunner.java:357)
	at org.testng.SuiteRunner.runSequentially(SuiteRunner.java:352)
	at org.testng.SuiteRunner.privateRun(SuiteRunner.java:310)
	at org.testng.SuiteRunner.run(SuiteRunner.java:259)
	at org.testng.SuiteRunnerWorker.runSuite(SuiteRunnerWorker.java:52)
	at org.testng.SuiteRunnerWorker.run(SuiteRunnerWorker.java:86)
	at org.testng.TestNG.runSuitesSequentially(TestNG.java:1199)
	at org.testng.TestNG.runSuitesLocally(TestNG.java:1124)
	at org.testng.TestNG.run(TestNG.java:1032)
	at org.testng.remote.AbstractRemoteTestNG.run(AbstractRemoteTestNG.java:115)
	at org.testng.remote.RemoteTestNG.initAndRun(RemoteTestNG.java:251)
	at org.testng.remote.RemoteTestNG.main(RemoteTestNG.java:77)
]]>
    </failure>
  </testcase> <!-- Verify_Hourly2_Details_ad_call_amazon_bid_id -->
</testsuite> <!-- twc.Regression.TestCases.regressionTestCases -->
